joannezhao, 57467, Tue May 27 13:48:43 EDT 2014


Sent AM_AVATAR_READY signal with AvatarID: 1
Sent AM_AVATAR_READY signal with AvatarID: 0
[Avatar 0] Turn 0: (85, 19) AM_AVATAR_MOVE Direction: NULL
[Avatar 1] Turn 1: (90, 98) AM_AVATAR_MOVE Direction: NORTH
[Avatar 0] Turn 2: (85, 19) AM_AVATAR_MOVE Direction: NULL
[Avatar 1] Turn 3: (90, 97) AM_AVATAR_MOVE Direction: NORTH
[Avatar 0] Turn 4: (85, 19) AM_AVATAR_MOVE Direction: NULL
[Avatar 1] Turn 5: (90, 96) AM_AVATAR_MOVE Direction: NORTH
[Avatar 0] Turn 6: (85, 19) AM_AVATAR_MOVE Direction: NULL
[Avatar 1] Turn 7: (90, 96) AM_AVATAR_MOVE Direction: WEST
[Avatar 0] Turn 8: (85, 19) AM_AVATAR_MOVE Direction: NULL
[Avatar 1] Turn 9: (90, 96) AM_AVATAR_MOVE Direction: EAST
[Avatar 0] Turn 10: (85, 19) AM_AVATAR_MOVE Direction: NULL
[Avatar 1] Turn 11: (91, 96) AM_AVATAR_MOVE Direction: NORTH
[Avatar 0] Turn 12: (85, 19) AM_AVATAR_MOVE Direction: NULL
[Avatar 1] Turn 13: (91, 96) AM_AVATAR_MOVE Direction: EAST
[Avatar 0] Turn 14: (85, 19) AM_AVATAR_MOVE Direction: NULL
[Avatar 1] Turn 15: (92, 96) AM_AVATAR_MOVE Direction: NORTH
[Avatar 0] Turn 16: (85, 19) AM_AVATAR_MOVE Direction: NULL
[Avatar 1] Turn 17: (92, 95) AM_AVATAR_MOVE Direction: NORTH
[Avatar 0] Turn 18: (85, 19) AM_AVATAR_MOVE Direction: NULL
[Avatar 1] Turn 19: (92, 95) AM_AVATAR_MOVE Direction: WEST
[Avatar 0] Turn 20: (85, 19) AM_AVATAR_MOVE Direction: NULL
[Avatar 1] Turn 21: (91, 95) AM_AVATAR_MOVE Direction: NORTH
[Avatar 0] Turn 22: (85, 19) AM_AVATAR_MOVE Direction: NULL
[Avatar 1] Turn 23: (91, 94) AM_AVATAR_MOVE Direction: NORTH
[Avatar 0] Turn 24: (85, 19) AM_AVATAR_MOVE Direction: NULL
[Avatar 1] Turn 25: (91, 93) AM_AVATAR_MOVE Direction: NORTH
[Avatar 0] Turn 26: (85, 19) AM_AVATAR_MOVE Direction: NULL
[Avatar 1] Turn 27: (91, 93) AM_AVATAR_MOVE Direction: WEST
[Avatar 0] Turn 28: (85, 19) AM_AVATAR_MOVE Direction: NULL
[Avatar 1] Turn 29: (91, 93) AM_AVATAR_MOVE Direction: EAST
[Avatar 0] Turn 30: (85, 19) AM_AVATAR_MOVE Direction: NULL
[Avatar 1] Turn 31: (92, 93) AM_AVATAR_MOVE Direction: NORTH
[Avatar 0] Turn 32: (85, 19) AM_AVATAR_MOVE Direction: NULL
[Avatar 1] Turn 33: (92, 93) AM_AVATAR_MOVE Direction: EAST
[Avatar 0] Turn 34: (85, 19) AM_AVATAR_MOVE Direction: NULL
[Avatar 1] Turn 35: (92, 93) AM_AVATAR_MOVE Direction: SOUTH
[Avatar 0] Turn 36: (85, 19) AM_AVATAR_MOVE Direction: NULL
[Avatar 1] Turn 37: (92, 94) AM_AVATAR_MOVE Direction: EAST
[Avatar 0] Turn 38: (85, 19) AM_AVATAR_MOVE Direction: NULL
[Avatar 1] Turn 39: (93, 94) AM_AVATAR_MOVE Direction: NORTH
[Avatar 0] Turn 40: (85, 19) AM_AVATAR_MOVE Direction: NULL
[Avatar 1] Turn 41: (93, 93) AM_AVATAR_MOVE Direction: NORTH
[Avatar 0] Turn 42: (85, 19) AM_AVATAR_MOVE Direction: NULL
[Avatar 1] Turn 43: (93, 92) AM_AVATAR_MOVE Direction: NORTH
[Avatar 0] Turn 44: (85, 19) AM_AVATAR_MOVE Direction: NULL
[Avatar 1] Turn 45: (93, 92) AM_AVATAR_MOVE Direction: WEST
[Avatar 0] Turn 46: (85, 19) AM_AVATAR_MOVE Direction: NULL
[Avatar 1] Turn 47: (93, 92) AM_AVATAR_MOVE Direction: EAST
[Avatar 0] Turn 48: (85, 19) AM_AVATAR_MOVE Direction: NULL
[Avatar 1] Turn 49: (94, 92) AM_AVATAR_MOVE Direction: NORTH
[Avatar 0] Turn 50: (85, 19) AM_AVATAR_MOVE Direction: NULL
[Avatar 1] Turn 51: (94, 91) AM_AVATAR_MOVE Direction: NORTH
[Avatar 0] Turn 52: (85, 19) AM_AVATAR_MOVE Direction: NULL
[Avatar 1] Turn 53: (94, 91) AM_AVATAR_MOVE Direction: WEST
[Avatar 0] Turn 54: (85, 19) AM_AVATAR_MOVE Direction: NULL
[Avatar 1] Turn 55: (93, 91) AM_AVATAR_MOVE Direction: NORTH
[Avatar 0] Turn 56: (85, 19) AM_AVATAR_MOVE Direction: NULL
[Avatar 1] Turn 57: (93, 90) AM_AVATAR_MOVE Direction: NORTH
[Avatar 0] Turn 58: (85, 19) AM_AVATAR_MOVE Direction: NULL
[Avatar 1] Turn 59: (93, 90) AM_AVATAR_MOVE Direction: WEST
[Avatar 0] Turn 60: (85, 19) AM_AVATAR_MOVE Direction: NULL
[Avatar 1] Turn 61: (92, 90) AM_AVATAR_MOVE Direction: NORTH
[Avatar 0] Turn 62: (85, 19) AM_AVATAR_MOVE Direction: NULL
[Avatar 1] Turn 63: (92, 90) AM_AVATAR_MOVE Direction: WEST
[Avatar 0] Turn 64: (85, 19) AM_AVATAR_MOVE Direction: NULL
[Avatar 1] Turn 65: (91, 90) AM_AVATAR_MOVE Direction: NORTH
[Avatar 0] Turn 66: (85, 19) AM_AVATAR_MOVE Direction: NULL
[Avatar 1] Turn 67: (91, 89) AM_AVATAR_MOVE Direction: NORTH
[Avatar 0] Turn 68: (85, 19) AM_AVATAR_MOVE Direction: NULL
[Avatar 1] Turn 69: (91, 88) AM_AVATAR_MOVE Direction: NORTH
[Avatar 0] Turn 70: (85, 19) AM_AVATAR_MOVE Direction: NULL
[Avatar 1] Turn 71: (91, 88) AM_AVATAR_MOVE Direction: WEST
[Avatar 0] Turn 72: (85, 19) AM_AVATAR_MOVE Direction: NULL
[Avatar 1] Turn 73: (91, 88) AM_AVATAR_MOVE Direction: EAST
[Avatar 0] Turn 74: (85, 19) AM_AVATAR_MOVE Direction: NULL
[Avatar 1] Turn 75: (91, 88) AM_AVATAR_MOVE Direction: SOUTH
[Avatar 0] Turn 76: (85, 19) AM_AVATAR_MOVE Direction: NULL
[Avatar 1] Turn 77: (91, 89) AM_AVATAR_MOVE Direction: WEST
[Avatar 0] Turn 78: (85, 19) AM_AVATAR_MOVE Direction: NULL
[Avatar 1] Turn 79: (91, 89) AM_AVATAR_MOVE Direction: EAST
[Avatar 0] Turn 80: (85, 19) AM_AVATAR_MOVE Direction: NULL
[Avatar 1] Turn 81: (91, 89) AM_AVATAR_MOVE Direction: SOUTH
[Avatar 0] Turn 82: (85, 19) AM_AVATAR_MOVE Direction: NULL
[Avatar 1] Turn 83: (91, 90) AM_AVATAR_MOVE Direction: WEST
[Avatar 0] Turn 84: (85, 19) AM_AVATAR_MOVE Direction: NULL
[Avatar 1] Turn 85: (91, 90) AM_AVATAR_MOVE Direction: SOUTH
[Avatar 0] Turn 86: (85, 19) AM_AVATAR_MOVE Direction: NULL
[Avatar 1] Turn 87: (91, 91) AM_AVATAR_MOVE Direction: WEST
[Avatar 0] Turn 88: (85, 19) AM_AVATAR_MOVE Direction: NULL
[Avatar 1] Turn 89: (90, 91) AM_AVATAR_MOVE Direction: NORTH
[Avatar 0] Turn 90: (85, 19) AM_AVATAR_MOVE Direction: NULL
[Avatar 1] Turn 91: (90, 91) AM_AVATAR_MOVE Direction: WEST
[Avatar 0] Turn 92: (85, 19) AM_AVATAR_MOVE Direction: NULL
[Avatar 1] Turn 93: (90, 91) AM_AVATAR_MOVE Direction: SOUTH
[Avatar 0] Turn 94: (85, 19) AM_AVATAR_MOVE Direction: NULL
[Avatar 1] Turn 95: (90, 91) AM_AVATAR_MOVE Direction: EAST
[Avatar 0] Turn 96: (85, 19) AM_AVATAR_MOVE Direction: NULL
[Avatar 1] Turn 97: (91, 91) AM_AVATAR_MOVE Direction: EAST
[Avatar 0] Turn 98: (85, 19) AM_AVATAR_MOVE Direction: NULL
[Avatar 1] Turn 99: (91, 91) AM_AVATAR_MOVE Direction: SOUTH
[Avatar 0] Turn 100: (85, 19) AM_AVATAR_MOVE Direction: NULL
[Avatar 1] Turn 101: (91, 91) AM_AVATAR_MOVE Direction: NORTH
[Avatar 0] Turn 102: (85, 19) AM_AVATAR_MOVE Direction: NULL
[Avatar 1] Turn 103: (91, 90) AM_AVATAR_MOVE Direction: EAST
[Avatar 0] Turn 104: (85, 19) AM_AVATAR_MOVE Direction: NULL
[Avatar 1] Turn 105: (92, 90) AM_AVATAR_MOVE Direction: SOUTH
[Avatar 0] Turn 106: (85, 19) AM_AVATAR_MOVE Direction: NULL
[Avatar 1] Turn 107: (92, 91) AM_AVATAR_MOVE Direction: SOUTH
[Avatar 0] Turn 108: (85, 19) AM_AVATAR_MOVE Direction: NULL
[Avatar 1] Turn 109: (92, 92) AM_AVATAR_MOVE Direction: WEST
[Avatar 0] Turn 110: (85, 19) AM_AVATAR_MOVE Direction: NULL
[Avatar 1] Turn 111: (91, 92) AM_AVATAR_MOVE Direction: WEST
[Avatar 0] Turn 112: (85, 19) AM_AVATAR_MOVE Direction: NULL
[Avatar 1] Turn 113: (90, 92) AM_AVATAR_MOVE Direction: WEST
[Avatar 0] Turn 114: (85, 19) AM_AVATAR_MOVE Direction: NULL
[Avatar 1] Turn 115: (90, 92) AM_AVATAR_MOVE Direction: SOUTH
[Avatar 0] Turn 116: (85, 19) AM_AVATAR_MOVE Direction: NULL
[Avatar 1] Turn 117: (90, 93) AM_AVATAR_MOVE Direction: WEST
[Avatar 0] Turn 118: (85, 19) AM_AVATAR_MOVE Direction: NULL
[Avatar 1] Turn 119: (89, 93) AM_AVATAR_MOVE Direction: NORTH
[Avatar 0] Turn 120: (85, 19) AM_AVATAR_MOVE Direction: NULL
[Avatar 1] Turn 121: (89, 93) AM_AVATAR_MOVE Direction: WEST
[Avatar 0] Turn 122: (85, 19) AM_AVATAR_MOVE Direction: NULL
[Avatar 1] Turn 123: (88, 93) AM_AVATAR_MOVE Direction: NORTH
[Avatar 0] Turn 124: (85, 19) AM_AVATAR_MOVE Direction: NULL
[Avatar 1] Turn 125: (88, 93) AM_AVATAR_MOVE Direction: WEST
[Avatar 0] Turn 126: (85, 19) AM_AVATAR_MOVE Direction: NULL
[Avatar 1] Turn 127: (88, 93) AM_AVATAR_MOVE Direction: SOUTH
[Avatar 0] Turn 128: (85, 19) AM_AVATAR_MOVE Direction: NULL
[Avatar 1] Turn 129: (88, 93) AM_AVATAR_MOVE Direction: EAST
[Avatar 0] Turn 130: (85, 19) AM_AVATAR_MOVE Direction: NULL
[Avatar 1] Turn 131: (89, 93) AM_AVATAR_MOVE Direction: SOUTH
[Avatar 0] Turn 132: (85, 19) AM_AVATAR_MOVE Direction: NULL
[Avatar 1] Turn 133: (89, 93) AM_AVATAR_MOVE Direction: EAST
[Avatar 0] Turn 134: (85, 19) AM_AVATAR_MOVE Direction: NULL
[Avatar 1] Turn 135: (90, 93) AM_AVATAR_MOVE Direction: SOUTH
[Avatar 0] Turn 136: (85, 19) AM_AVATAR_MOVE Direction: NULL
[Avatar 1] Turn 137: (90, 94) AM_AVATAR_MOVE Direction: WEST
[Avatar 0] Turn 138: (85, 19) AM_AVATAR_MOVE Direction: NULL
[Avatar 1] Turn 139: (89, 94) AM_AVATAR_MOVE Direction: WEST
[Avatar 0] Turn 140: (85, 19) AM_AVATAR_MOVE Direction: NULL
[Avatar 1] Turn 141: (88, 94) AM_AVATAR_MOVE Direction: WEST
[Avatar 0] Turn 142: (85, 19) AM_AVATAR_MOVE Direction: NULL
[Avatar 1] Turn 143: (87, 94) AM_AVATAR_MOVE Direction: NORTH
[Avatar 0] Turn 144: (85, 19) AM_AVATAR_MOVE Direction: NULL
[Avatar 1] Turn 145: (87, 93) AM_AVATAR_MOVE Direction: NORTH
[Avatar 0] Turn 146: (85, 19) AM_AVATAR_MOVE Direction: NULL
[Avatar 1] Turn 147: (87, 92) AM_AVATAR_MOVE Direction: NORTH
[Avatar 0] Turn 148: (85, 19) AM_AVATAR_MOVE Direction: NULL
[Avatar 1] Turn 149: (87, 92) AM_AVATAR_MOVE Direction: WEST
[Avatar 0] Turn 150: (85, 19) AM_AVATAR_MOVE Direction: NULL
[Avatar 1] Turn 151: (86, 92) AM_AVATAR_MOVE Direction: NORTH
[Avatar 0] Turn 152: (85, 19) AM_AVATAR_MOVE Direction: NULL
[Avatar 1] Turn 153: (86, 92) AM_AVATAR_MOVE Direction: WEST
[Avatar 0] Turn 154: (85, 19) AM_AVATAR_MOVE Direction: NULL
[Avatar 1] Turn 155: (86, 92) AM_AVATAR_MOVE Direction: SOUTH
[Avatar 0] Turn 156: (85, 19) AM_AVATAR_MOVE Direction: NULL
[Avatar 1] Turn 157: (86, 93) AM_AVATAR_MOVE Direction: WEST
[Avatar 0] Turn 158: (85, 19) AM_AVATAR_MOVE Direction: NULL
[Avatar 1] Turn 159: (85, 93) AM_AVATAR_MOVE Direction: NORTH
[Avatar 0] Turn 160: (85, 19) AM_AVATAR_MOVE Direction: NULL
[Avatar 1] Turn 161: (85, 93) AM_AVATAR_MOVE Direction: WEST
[Avatar 0] Turn 162: (85, 19) AM_AVATAR_MOVE Direction: NULL
[Avatar 1] Turn 163: (85, 93) AM_AVATAR_MOVE Direction: SOUTH
[Avatar 0] Turn 164: (85, 19) AM_AVATAR_MOVE Direction: NULL
[Avatar 1] Turn 165: (85, 94) AM_AVATAR_MOVE Direction: EAST
[Avatar 0] Turn 166: (85, 19) AM_AVATAR_MOVE Direction: NULL
[Avatar 1] Turn 167: (85, 94) AM_AVATAR_MOVE Direction: WEST
[Avatar 0] Turn 168: (85, 19) AM_AVATAR_MOVE Direction: NULL
[Avatar 1] Turn 169: (85, 94) AM_AVATAR_MOVE Direction: SOUTH
[Avatar 0] Turn 170: (85, 19) AM_AVATAR_MOVE Direction: NULL
[Avatar 1] Turn 171: (85, 94) AM_AVATAR_MOVE Direction: NORTH
[Avatar 0] Turn 172: (85, 19) AM_AVATAR_MOVE Direction: NULL
[Avatar 1] Turn 173: (85, 93) AM_AVATAR_MOVE Direction: EAST
[Avatar 0] Turn 174: (85, 19) AM_AVATAR_MOVE Direction: NULL
[Avatar 1] Turn 175: (86, 93) AM_AVATAR_MOVE Direction: SOUTH
[Avatar 0] Turn 176: (85, 19) AM_AVATAR_MOVE Direction: NULL
[Avatar 1] Turn 177: (86, 94) AM_AVATAR_MOVE Direction: SOUTH
[Avatar 0] Turn 178: (85, 19) AM_AVATAR_MOVE Direction: NULL
[Avatar 1] Turn 179: (86, 95) AM_AVATAR_MOVE Direction: WEST
[Avatar 0] Turn 180: (85, 19) AM_AVATAR_MOVE Direction: NULL
[Avatar 1] Turn 181: (85, 95) AM_AVATAR_MOVE Direction: WEST
[Avatar 0] Turn 182: (85, 19) AM_AVATAR_MOVE Direction: NULL
[Avatar 1] Turn 183: (84, 95) AM_AVATAR_MOVE Direction: NORTH
[Avatar 0] Turn 184: (85, 19) AM_AVATAR_MOVE Direction: NULL
[Avatar 1] Turn 185: (84, 95) AM_AVATAR_MOVE Direction: WEST
[Avatar 0] Turn 186: (85, 19) AM_AVATAR_MOVE Direction: NULL
[Avatar 1] Turn 187: (84, 95) AM_AVATAR_MOVE Direction: SOUTH
[Avatar 0] Turn 188: (85, 19) AM_AVATAR_MOVE Direction: NULL
[Avatar 1] Turn 189: (84, 96) AM_AVATAR_MOVE Direction: EAST
[Avatar 0] Turn 190: (85, 19) AM_AVATAR_MOVE Direction: NULL
[Avatar 1] Turn 191: (84, 96) AM_AVATAR_MOVE Direction: WEST
[Avatar 0] Turn 192: (85, 19) AM_AVATAR_MOVE Direction: NULL
[Avatar 1] Turn 193: (84, 96) AM_AVATAR_MOVE Direction: SOUTH
[Avatar 0] Turn 194: (85, 19) AM_AVATAR_MOVE Direction: NULL
[Avatar 1] Turn 195: (84, 96) AM_AVATAR_MOVE Direction: NORTH
[Avatar 0] Turn 196: (85, 19) AM_AVATAR_MOVE Direction: NULL
[Avatar 1] Turn 197: (84, 95) AM_AVATAR_MOVE Direction: EAST
[Avatar 0] Turn 198: (85, 19) AM_AVATAR_MOVE Direction: NULL
[Avatar 1] Turn 199: (85, 95) AM_AVATAR_MOVE Direction: SOUTH
[Avatar 0] Turn 200: (85, 19) AM_AVATAR_MOVE Direction: NULL
[Avatar 1] Turn 201: (85, 96) AM_AVATAR_MOVE Direction: EAST
[Avatar 0] Turn 202: (85, 19) AM_AVATAR_MOVE Direction: NULL
[Avatar 1] Turn 203: (86, 96) AM_AVATAR_MOVE Direction: EAST
[Avatar 0] Turn 204: (85, 19) AM_AVATAR_MOVE Direction: NULL
[Avatar 1] Turn 205: (86, 96) AM_AVATAR_MOVE Direction: SOUTH
[Avatar 0] Turn 206: (85, 19) AM_AVATAR_MOVE Direction: NULL
[Avatar 1] Turn 207: (86, 97) AM_AVATAR_MOVE Direction: WEST
[Avatar 0] Turn 208: (85, 19) AM_AVATAR_MOVE Direction: NULL
[Avatar 1] Turn 209: (86, 97) AM_AVATAR_MOVE Direction: EAST
[Avatar 0] Turn 210: (85, 19) AM_AVATAR_MOVE Direction: NULL
[Avatar 1] Turn 211: (86, 97) AM_AVATAR_MOVE Direction: SOUTH
[Avatar 0] Turn 212: (85, 19) AM_AVATAR_MOVE Direction: NULL
[Avatar 1] Turn 213: (86, 98) AM_AVATAR_MOVE Direction: WEST
[Avatar 0] Turn 214: (85, 19) AM_AVATAR_MOVE Direction: NULL
[Avatar 1] Turn 215: (85, 98) AM_AVATAR_MOVE Direction: NORTH
[Avatar 0] Turn 216: (85, 19) AM_AVATAR_MOVE Direction: NULL
[Avatar 1] Turn 217: (85, 97) AM_AVATAR_MOVE Direction: WEST
[Avatar 0] Turn 218: (85, 19) AM_AVATAR_MOVE Direction: NULL
[Avatar 1] Turn 219: (84, 97) AM_AVATAR_MOVE Direction: WEST
[Avatar 0] Turn 220: (85, 19) AM_AVATAR_MOVE Direction: NULL
[Avatar 1] Turn 221: (83, 97) AM_AVATAR_MOVE Direction: NORTH
[Avatar 0] Turn 222: (85, 19) AM_AVATAR_MOVE Direction: NULL
[Avatar 1] Turn 223: (83, 96) AM_AVATAR_MOVE Direction: NORTH
[Avatar 0] Turn 224: (85, 19) AM_AVATAR_MOVE Direction: NULL
[Avatar 1] Turn 225: (83, 95) AM_AVATAR_MOVE Direction: NORTH
[Avatar 0] Turn 226: (85, 19) AM_AVATAR_MOVE Direction: NULL
[Avatar 1] Turn 227: (83, 95) AM_AVATAR_MOVE Direction: WEST
[Avatar 0] Turn 228: (85, 19) AM_AVATAR_MOVE Direction: NULL
[Avatar 1] Turn 229: (82, 95) AM_AVATAR_MOVE Direction: NORTH
[Avatar 0] Turn 230: (85, 19) AM_AVATAR_MOVE Direction: NULL
[Avatar 1] Turn 231: (82, 95) AM_AVATAR_MOVE Direction: WEST
[Avatar 0] Turn 232: (85, 19) AM_AVATAR_MOVE Direction: NULL
[Avatar 1] Turn 233: (82, 95) AM_AVATAR_MOVE Direction: SOUTH
[Avatar 0] Turn 234: (85, 19) AM_AVATAR_MOVE Direction: NULL
[Avatar 1] Turn 235: (82, 96) AM_AVATAR_MOVE Direction: WEST
[Avatar 0] Turn 236: (85, 19) AM_AVATAR_MOVE Direction: NULL
[Avatar 1] Turn 237: (81, 96) AM_AVATAR_MOVE Direction: NORTH
[Avatar 0] Turn 238: (85, 19) AM_AVATAR_MOVE Direction: NULL
[Avatar 1] Turn 239: (81, 96) AM_AVATAR_MOVE Direction: WEST
[Avatar 0] Turn 240: (85, 19) AM_AVATAR_MOVE Direction: NULL
[Avatar 1] Turn 241: (80, 96) AM_AVATAR_MOVE Direction: NORTH
[Avatar 0] Turn 242: (85, 19) AM_AVATAR_MOVE Direction: NULL
[Avatar 1] Turn 243: (80, 96) AM_AVATAR_MOVE Direction: WEST
[Avatar 0] Turn 244: (85, 19) AM_AVATAR_MOVE Direction: NULL
[Avatar 1] Turn 245: (79, 96) AM_AVATAR_MOVE Direction: NORTH
[Avatar 0] Turn 246: (85, 19) AM_AVATAR_MOVE Direction: NULL
[Avatar 1] Turn 247: (79, 96) AM_AVATAR_MOVE Direction: WEST
[Avatar 0] Turn 248: (85, 19) AM_AVATAR_MOVE Direction: NULL
[Avatar 1] Turn 249: (79, 96) AM_AVATAR_MOVE Direction: SOUTH
[Avatar 0] Turn 250: (85, 19) AM_AVATAR_MOVE Direction: NULL
[Avatar 1] Turn 251: (79, 97) AM_AVATAR_MOVE Direction: EAST
[Avatar 0] Turn 252: (85, 19) AM_AVATAR_MOVE Direction: NULL
[Avatar 1] Turn 253: (79, 97) AM_AVATAR_MOVE Direction: WEST
[Avatar 0] Turn 254: (85, 19) AM_AVATAR_MOVE Direction: NULL
[Avatar 1] Turn 255: (78, 97) AM_AVATAR_MOVE Direction: NORTH
[Avatar 0] Turn 256: (85, 19) AM_AVATAR_MOVE Direction: NULL
[Avatar 1] Turn 257: (78, 97) AM_AVATAR_MOVE Direction: WEST
[Avatar 0] Turn 258: (85, 19) AM_AVATAR_MOVE Direction: NULL
[Avatar 1] Turn 259: (78, 97) AM_AVATAR_MOVE Direction: SOUTH
[Avatar 0] Turn 260: (85, 19) AM_AVATAR_MOVE Direction: NULL
[Avatar 1] Turn 261: (78, 98) AM_AVATAR_MOVE Direction: EAST
[Avatar 0] Turn 262: (85, 19) AM_AVATAR_MOVE Direction: NULL
[Avatar 1] Turn 263: (78, 98) AM_AVATAR_MOVE Direction: WEST
[Avatar 0] Turn 264: (85, 19) AM_AVATAR_MOVE Direction: NULL
[Avatar 1] Turn 265: (77, 98) AM_AVATAR_MOVE Direction: NORTH
[Avatar 0] Turn 266: (85, 19) AM_AVATAR_MOVE Direction: NULL
[Avatar 1] Turn 267: (77, 97) AM_AVATAR_MOVE Direction: NORTH
[Avatar 0] Turn 268: (85, 19) AM_AVATAR_MOVE Direction: NULL
[Avatar 1] Turn 269: (77, 96) AM_AVATAR_MOVE Direction: NORTH
[Avatar 0] Turn 270: (85, 19) AM_AVATAR_MOVE Direction: NULL
[Avatar 1] Turn 271: (77, 95) AM_AVATAR_MOVE Direction: NORTH
[Avatar 0] Turn 272: (85, 19) AM_AVATAR_MOVE Direction: NULL
[Avatar 1] Turn 273: (77, 94) AM_AVATAR_MOVE Direction: NORTH
[Avatar 0] Turn 274: (85, 19) AM_AVATAR_MOVE Direction: NULL
[Avatar 1] Turn 275: (77, 94) AM_AVATAR_MOVE Direction: EAST
[Avatar 0] Turn 276: (85, 19) AM_AVATAR_MOVE Direction: NULL
[Avatar 1] Turn 277: (77, 94) AM_AVATAR_MOVE Direction: WEST
[Avatar 0] Turn 278: (85, 19) AM_AVATAR_MOVE Direction: NULL
[Avatar 1] Turn 279: (76, 94) AM_AVATAR_MOVE Direction: NORTH
[Avatar 0] Turn 280: (85, 19) AM_AVATAR_MOVE Direction: NULL
[Avatar 1] Turn 281: (76, 93) AM_AVATAR_MOVE Direction: NORTH
[Avatar 0] Turn 282: (85, 19) AM_AVATAR_MOVE Direction: NULL
[Avatar 1] Turn 283: (76, 93) AM_AVATAR_MOVE Direction: EAST
[Avatar 0] Turn 284: (85, 19) AM_AVATAR_MOVE Direction: NULL
[Avatar 1] Turn 285: (77, 93) AM_AVATAR_MOVE Direction: NORTH
[Avatar 0] Turn 286: (85, 19) AM_AVATAR_MOVE Direction: NULL
[Avatar 1] Turn 287: (77, 93) AM_AVATAR_MOVE Direction: EAST
[Avatar 0] Turn 288: (85, 19) AM_AVATAR_MOVE Direction: NULL
[Avatar 1] Turn 289: (77, 93) AM_AVATAR_MOVE Direction: WEST
[Avatar 0] Turn 290: (85, 19) AM_AVATAR_MOVE Direction: NULL
[Avatar 1] Turn 291: (76, 93) AM_AVATAR_MOVE Direction: WEST
[Avatar 0] Turn 292: (85, 19) AM_AVATAR_MOVE Direction: NULL
[Avatar 1] Turn 293: (75, 93) AM_AVATAR_MOVE Direction: NORTH
[Avatar 0] Turn 294: (85, 19) AM_AVATAR_MOVE Direction: NULL
[Avatar 1] Turn 295: (75, 93) AM_AVATAR_MOVE Direction: WEST
[Avatar 0] Turn 296: (85, 19) AM_AVATAR_MOVE Direction: NULL
[Avatar 1] Turn 297: (74, 93) AM_AVATAR_MOVE Direction: NORTH
[Avatar 0] Turn 298: (85, 19) AM_AVATAR_MOVE Direction: NULL
[Avatar 1] Turn 299: (74, 93) AM_AVATAR_MOVE Direction: WEST
[Avatar 0] Turn 300: (85, 19) AM_AVATAR_MOVE Direction: NULL
[Avatar 1] Turn 301: (74, 93) AM_AVATAR_MOVE Direction: SOUTH
[Avatar 0] Turn 302: (85, 19) AM_AVATAR_MOVE Direction: NULL
[Avatar 1] Turn 303: (74, 94) AM_AVATAR_MOVE Direction: EAST
[Avatar 0] Turn 304: (85, 19) AM_AVATAR_MOVE Direction: NULL
[Avatar 1] Turn 305: (74, 94) AM_AVATAR_MOVE Direction: WEST
[Avatar 0] Turn 306: (85, 19) AM_AVATAR_MOVE Direction: NULL
[Avatar 1] Turn 307: (73, 94) AM_AVATAR_MOVE Direction: NORTH
[Avatar 0] Turn 308: (85, 19) AM_AVATAR_MOVE Direction: NULL
[Avatar 1] Turn 309: (73, 93) AM_AVATAR_MOVE Direction: NORTH
[Avatar 0] Turn 310: (85, 19) AM_AVATAR_MOVE Direction: NULL
[Avatar 1] Turn 311: (73, 93) AM_AVATAR_MOVE Direction: WEST
[Avatar 0] Turn 312: (85, 19) AM_AVATAR_MOVE Direction: NULL
[Avatar 1] Turn 313: (72, 93) AM_AVATAR_MOVE Direction: NORTH
[Avatar 0] Turn 314: (85, 19) AM_AVATAR_MOVE Direction: NULL
[Avatar 1] Turn 315: (72, 93) AM_AVATAR_MOVE Direction: WEST
[Avatar 0] Turn 316: (85, 19) AM_AVATAR_MOVE Direction: NULL
[Avatar 1] Turn 317: (71, 93) AM_AVATAR_MOVE Direction: NORTH
[Avatar 0] Turn 318: (85, 19) AM_AVATAR_MOVE Direction: NULL
[Avatar 1] Turn 319: (71, 92) AM_AVATAR_MOVE Direction: NORTH
[Avatar 0] Turn 320: (85, 19) AM_AVATAR_MOVE Direction: NULL
[Avatar 1] Turn 321: (71, 92) AM_AVATAR_MOVE Direction: EAST
[Avatar 0] Turn 322: (85, 19) AM_AVATAR_MOVE Direction: NULL
[Avatar 1] Turn 323: (72, 92) AM_AVATAR_MOVE Direction: NORTH
[Avatar 0] Turn 324: (85, 19) AM_AVATAR_MOVE Direction: NULL
[Avatar 1] Turn 325: (72, 91) AM_AVATAR_MOVE Direction: NORTH
[Avatar 0] Turn 326: (85, 19) AM_AVATAR_MOVE Direction: NULL
[Avatar 1] Turn 327: (72, 91) AM_AVATAR_MOVE Direction: EAST
[Avatar 0] Turn 328: (85, 19) AM_AVATAR_MOVE Direction: NULL
[Avatar 1] Turn 329: (72, 91) AM_AVATAR_MOVE Direction: WEST
[Avatar 0] Turn 330: (85, 19) AM_AVATAR_MOVE Direction: NULL
[Avatar 1] Turn 331: (72, 91) AM_AVATAR_MOVE Direction: SOUTH
[Avatar 0] Turn 332: (85, 19) AM_AVATAR_MOVE Direction: NULL
[Avatar 1] Turn 333: (72, 92) AM_AVATAR_MOVE Direction: EAST
[Avatar 0] Turn 334: (85, 19) AM_AVATAR_MOVE Direction: NULL
[Avatar 1] Turn 335: (73, 92) AM_AVATAR_MOVE Direction: NORTH
[Avatar 0] Turn 336: (85, 19) AM_AVATAR_MOVE Direction: NULL
[Avatar 1] Turn 337: (73, 92) AM_AVATAR_MOVE Direction: EAST
[Avatar 0] Turn 338: (85, 19) AM_AVATAR_MOVE Direction: NULL
[Avatar 1] Turn 339: (73, 92) AM_AVATAR_MOVE Direction: WEST
[Avatar 0] Turn 340: (85, 19) AM_AVATAR_MOVE Direction: NULL
[Avatar 1] Turn 341: (72, 92) AM_AVATAR_MOVE Direction: WEST
[Avatar 0] Turn 342: (85, 19) AM_AVATAR_MOVE Direction: NULL
[Avatar 1] Turn 343: (71, 92) AM_AVATAR_MOVE Direction: WEST
[Avatar 0] Turn 344: (85, 19) AM_AVATAR_MOVE Direction: NULL
[Avatar 1] Turn 345: (71, 92) AM_AVATAR_MOVE Direction: SOUTH
[Avatar 0] Turn 346: (85, 19) AM_AVATAR_MOVE Direction: NULL
[Avatar 1] Turn 347: (71, 93) AM_AVATAR_MOVE Direction: WEST
[Avatar 0] Turn 348: (85, 19) AM_AVATAR_MOVE Direction: NULL
[Avatar 1] Turn 349: (71, 93) AM_AVATAR_MOVE Direction: SOUTH
[Avatar 0] Turn 350: (85, 19) AM_AVATAR_MOVE Direction: NULL
[Avatar 1] Turn 351: (71, 94) AM_AVATAR_MOVE Direction: EAST
[Avatar 0] Turn 352: (85, 19) AM_AVATAR_MOVE Direction: NULL
[Avatar 1] Turn 353: (72, 94) AM_AVATAR_MOVE Direction: SOUTH
[Avatar 0] Turn 354: (85, 19) AM_AVATAR_MOVE Direction: NULL
[Avatar 1] Turn 355: (72, 95) AM_AVATAR_MOVE Direction: EAST
[Avatar 0] Turn 356: (85, 19) AM_AVATAR_MOVE Direction: NULL
[Avatar 1] Turn 357: (73, 95) AM_AVATAR_MOVE Direction: EAST
[Avatar 0] Turn 358: (85, 19) AM_AVATAR_MOVE Direction: NULL
[Avatar 1] Turn 359: (74, 95) AM_AVATAR_MOVE Direction: EAST
[Avatar 0] Turn 360: (85, 19) AM_AVATAR_MOVE Direction: NULL
[Avatar 1] Turn 361: (74, 95) AM_AVATAR_MOVE Direction: SOUTH
[Avatar 0] Turn 362: (85, 19) AM_AVATAR_MOVE Direction: NULL
[Avatar 1] Turn 363: (74, 96) AM_AVATAR_MOVE Direction: EAST
[Avatar 0] Turn 364: (85, 19) AM_AVATAR_MOVE Direction: NULL
[Avatar 1] Turn 365: (74, 96) AM_AVATAR_MOVE Direction: WEST
[Avatar 0] Turn 366: (85, 19) AM_AVATAR_MOVE Direction: NULL
[Avatar 1] Turn 367: (74, 96) AM_AVATAR_MOVE Direction: SOUTH
[Avatar 0] Turn 368: (85, 19) AM_AVATAR_MOVE Direction: NULL
[Avatar 1] Turn 369: (74, 97) AM_AVATAR_MOVE Direction: EAST
[Avatar 0] Turn 370: (85, 19) AM_AVATAR_MOVE Direction: NULL
[Avatar 1] Turn 371: (75, 97) AM_AVATAR_MOVE Direction: NORTH
[Avatar 0] Turn 372: (85, 19) AM_AVATAR_MOVE Direction: NULL
[Avatar 1] Turn 373: (75, 97) AM_AVATAR_MOVE Direction: EAST
[Avatar 0] Turn 374: (85, 19) AM_AVATAR_MOVE Direction: NULL
[Avatar 1] Turn 375: (75, 97) AM_AVATAR_MOVE Direction: SOUTH
[Avatar 0] Turn 376: (85, 19) AM_AVATAR_MOVE Direction: NULL
[Avatar 1] Turn 377: (75, 98) AM_AVATAR_MOVE Direction: EAST
[Avatar 0] Turn 378: (85, 19) AM_AVATAR_MOVE Direction: NULL
[Avatar 1] Turn 379: (76, 98) AM_AVATAR_MOVE Direction: NORTH
[Avatar 0] Turn 380: (85, 19) AM_AVATAR_MOVE Direction: NULL
[Avatar 1] Turn 381: (76, 97) AM_AVATAR_MOVE Direction: NORTH
[Avatar 0] Turn 382: (85, 19) AM_AVATAR_MOVE Direction: NULL
[Avatar 1] Turn 383: (76, 96) AM_AVATAR_MOVE Direction: NORTH
[Avatar 0] Turn 384: (85, 19) AM_AVATAR_MOVE Direction: NULL
[Avatar 1] Turn 385: (76, 96) AM_AVATAR_MOVE Direction: WEST
[Avatar 0] Turn 386: (85, 19) AM_AVATAR_MOVE Direction: NULL
[Avatar 1] Turn 387: (75, 96) AM_AVATAR_MOVE Direction: NORTH
[Avatar 0] Turn 388: (85, 19) AM_AVATAR_MOVE Direction: NULL
[Avatar 1] Turn 389: (75, 95) AM_AVATAR_MOVE Direction: NORTH
[Avatar 0] Turn 390: (85, 19) AM_AVATAR_MOVE Direction: NULL
[Avatar 1] Turn 391: (75, 94) AM_AVATAR_MOVE Direction: NORTH
[Avatar 0] Turn 392: (85, 19) AM_AVATAR_MOVE Direction: NULL
[Avatar 1] Turn 393: (75, 94) AM_AVATAR_MOVE Direction: EAST
[Avatar 0] Turn 394: (85, 19) AM_AVATAR_MOVE Direction: NULL
[Avatar 1] Turn 395: (75, 94) AM_AVATAR_MOVE Direction: SOUTH
[Avatar 0] Turn 396: (85, 19) AM_AVATAR_MOVE Direction: NULL
[Avatar 1] Turn 397: (75, 95) AM_AVATAR_MOVE Direction: EAST
[Avatar 0] Turn 398: (85, 19) AM_AVATAR_MOVE Direction: NULL
[Avatar 1] Turn 399: (76, 95) AM_AVATAR_MOVE Direction: NORTH
[Avatar 0] Turn 400: (85, 19) AM_AVATAR_MOVE Direction: NULL
[Avatar 1] Turn 401: (76, 95) AM_AVATAR_MOVE Direction: EAST
[Avatar 0] Turn 402: (85, 19) AM_AVATAR_MOVE Direction: NULL
[Avatar 1] Turn 403: (76, 95) AM_AVATAR_MOVE Direction: WEST
[Avatar 0] Turn 404: (85, 19) AM_AVATAR_MOVE Direction: NULL
[Avatar 1] Turn 405: (75, 95) AM_AVATAR_MOVE Direction: SOUTH
[Avatar 0] Turn 406: (85, 19) AM_AVATAR_MOVE Direction: NULL
[Avatar 1] Turn 407: (75, 96) AM_AVATAR_MOVE Direction: EAST
[Avatar 0] Turn 408: (85, 19) AM_AVATAR_MOVE Direction: NULL
[Avatar 1] Turn 409: (76, 96) AM_AVATAR_MOVE Direction: EAST
[Avatar 0] Turn 410: (85, 19) AM_AVATAR_MOVE Direction: NULL
[Avatar 1] Turn 411: (76, 96) AM_AVATAR_MOVE Direction: SOUTH
[Avatar 0] Turn 412: (85, 19) AM_AVATAR_MOVE Direction: NULL
[Avatar 1] Turn 413: (76, 97) AM_AVATAR_MOVE Direction: EAST
[Avatar 0] Turn 414: (85, 19) AM_AVATAR_MOVE Direction: NULL
[Avatar 1] Turn 415: (76, 97) AM_AVATAR_MOVE Direction: SOUTH
[Avatar 0] Turn 416: (85, 19) AM_AVATAR_MOVE Direction: NULL
[Avatar 1] Turn 417: (76, 98) AM_AVATAR_MOVE Direction: SOUTH
[Avatar 0] Turn 418: (85, 19) AM_AVATAR_MOVE Direction: NULL
[Avatar 1] Turn 419: (76, 98) AM_AVATAR_MOVE Direction: EAST
[Avatar 0] Turn 420: (85, 19) AM_AVATAR_MOVE Direction: NULL
[Avatar 1] Turn 421: (76, 98) AM_AVATAR_MOVE Direction: WEST
[Avatar 0] Turn 422: (85, 19) AM_AVATAR_MOVE Direction: NULL
[Avatar 1] Turn 423: (75, 98) AM_AVATAR_MOVE Direction: WEST
[Avatar 0] Turn 424: (85, 19) AM_AVATAR_MOVE Direction: NULL
[Avatar 1] Turn 425: (74, 98) AM_AVATAR_MOVE Direction: WEST
[Avatar 0] Turn 426: (85, 19) AM_AVATAR_MOVE Direction: NULL
[Avatar 1] Turn 427: (73, 98) AM_AVATAR_MOVE Direction: NORTH
[Avatar 0] Turn 428: (85, 19) AM_AVATAR_MOVE Direction: NULL
[Avatar 1] Turn 429: (73, 97) AM_AVATAR_MOVE Direction: NORTH
[Avatar 0] Turn 430: (85, 19) AM_AVATAR_MOVE Direction: NULL
[Avatar 1] Turn 431: (73, 96) AM_AVATAR_MOVE Direction: WEST
[Avatar 0] Turn 432: (85, 19) AM_AVATAR_MOVE Direction: NULL
[Avatar 1] Turn 433: (73, 96) AM_AVATAR_MOVE Direction: NORTH
[Avatar 0] Turn 434: (85, 19) AM_AVATAR_MOVE Direction: NULL
[Avatar 1] Turn 435: (73, 96) AM_AVATAR_MOVE Direction: SOUTH
[Avatar 0] Turn 436: (85, 19) AM_AVATAR_MOVE Direction: NULL
[Avatar 1] Turn 437: (73, 97) AM_AVATAR_MOVE Direction: WEST
[Avatar 0] Turn 438: (85, 19) AM_AVATAR_MOVE Direction: NULL
[Avatar 1] Turn 439: (73, 97) AM_AVATAR_MOVE Direction: EAST
[Avatar 0] Turn 440: (85, 19) AM_AVATAR_MOVE Direction: NULL
[Avatar 1] Turn 441: (73, 97) AM_AVATAR_MOVE Direction: SOUTH
[Avatar 0] Turn 442: (85, 19) AM_AVATAR_MOVE Direction: NULL
[Avatar 1] Turn 443: (73, 98) AM_AVATAR_MOVE Direction: WEST
[Avatar 0] Turn 444: (85, 19) AM_AVATAR_MOVE Direction: NULL
[Avatar 1] Turn 445: (73, 98) AM_AVATAR_MOVE Direction: SOUTH
[Avatar 0] Turn 446: (85, 19) AM_AVATAR_MOVE Direction: NULL
[Avatar 1] Turn 447: (73, 98) AM_AVATAR_MOVE Direction: EAST
[Avatar 0] Turn 448: (85, 19) AM_AVATAR_MOVE Direction: NULL
[Avatar 1] Turn 449: (74, 98) AM_AVATAR_MOVE Direction: SOUTH
[Avatar 0] Turn 450: (85, 19) AM_AVATAR_MOVE Direction: NULL
[Avatar 1] Turn 451: (74, 98) AM_AVATAR_MOVE Direction: NORTH
[Avatar 0] Turn 452: (85, 19) AM_AVATAR_MOVE Direction: NULL
[Avatar 1] Turn 453: (74, 98) AM_AVATAR_MOVE Direction: EAST
[Avatar 0] Turn 454: (85, 19) AM_AVATAR_MOVE Direction: NULL
[Avatar 1] Turn 455: (75, 98) AM_AVATAR_MOVE Direction: SOUTH
[Avatar 0] Turn 456: (85, 19) AM_AVATAR_MOVE Direction: NULL
[Avatar 1] Turn 457: (75, 98) AM_AVATAR_MOVE Direction: NORTH
[Avatar 0] Turn 458: (85, 19) AM_AVATAR_MOVE Direction: NULL
[Avatar 1] Turn 459: (75, 97) AM_AVATAR_MOVE Direction: WEST
[Avatar 0] Turn 460: (85, 19) AM_AVATAR_MOVE Direction: NULL
[Avatar 1] Turn 461: (74, 97) AM_AVATAR_MOVE Direction: NORTH
[Avatar 0] Turn 462: (85, 19) AM_AVATAR_MOVE Direction: NULL
[Avatar 1] Turn 463: (74, 96) AM_AVATAR_MOVE Direction: NORTH
[Avatar 0] Turn 464: (85, 19) AM_AVATAR_MOVE Direction: NULL
[Avatar 1] Turn 465: (74, 95) AM_AVATAR_MOVE Direction: NORTH
[Avatar 0] Turn 466: (85, 19) AM_AVATAR_MOVE Direction: NULL
[Avatar 1] Turn 467: (74, 95) AM_AVATAR_MOVE Direction: WEST
[Avatar 0] Turn 468: (85, 19) AM_AVATAR_MOVE Direction: NULL
[Avatar 1] Turn 469: (73, 95) AM_AVATAR_MOVE Direction: NORTH
[Avatar 0] Turn 470: (85, 19) AM_AVATAR_MOVE Direction: NULL
[Avatar 1] Turn 471: (73, 95) AM_AVATAR_MOVE Direction: WEST
[Avatar 0] Turn 472: (85, 19) AM_AVATAR_MOVE Direction: NULL
[Avatar 1] Turn 473: (72, 95) AM_AVATAR_MOVE Direction: WEST
[Avatar 0] Turn 474: (85, 19) AM_AVATAR_MOVE Direction: NULL
[Avatar 1] Turn 475: (72, 95) AM_AVATAR_MOVE Direction: SOUTH
[Avatar 0] Turn 476: (85, 19) AM_AVATAR_MOVE Direction: NULL
[Avatar 1] Turn 477: (72, 95) AM_AVATAR_MOVE Direction: NORTH
[Avatar 0] Turn 478: (85, 19) AM_AVATAR_MOVE Direction: NULL
[Avatar 1] Turn 479: (72, 94) AM_AVATAR_MOVE Direction: NORTH
[Avatar 0] Turn 480: (85, 19) AM_AVATAR_MOVE Direction: NULL
[Avatar 1] Turn 481: (72, 94) AM_AVATAR_MOVE Direction: EAST
[Avatar 0] Turn 482: (85, 19) AM_AVATAR_MOVE Direction: NULL
[Avatar 1] Turn 483: (72, 94) AM_AVATAR_MOVE Direction: WEST
[Avatar 0] Turn 484: (85, 19) AM_AVATAR_MOVE Direction: NULL
[Avatar 1] Turn 485: (71, 94) AM_AVATAR_MOVE Direction: WEST
[Avatar 0] Turn 486: (85, 19) AM_AVATAR_MOVE Direction: NULL
[Avatar 1] Turn 487: (71, 94) AM_AVATAR_MOVE Direction: SOUTH
[Avatar 0] Turn 488: (85, 19) AM_AVATAR_MOVE Direction: NULL
[Avatar 1] Turn 489: (71, 94) AM_AVATAR_MOVE Direction: NORTH
[Avatar 0] Turn 490: (85, 19) AM_AVATAR_MOVE Direction: NULL
[Avatar 1] Turn 491: (71, 93) AM_AVATAR_MOVE Direction: EAST
[Avatar 0] Turn 492: (85, 19) AM_AVATAR_MOVE Direction: NULL
[Avatar 1] Turn 493: (72, 93) AM_AVATAR_MOVE Direction: EAST
[Avatar 0] Turn 494: (85, 19) AM_AVATAR_MOVE Direction: NULL
[Avatar 1] Turn 495: (73, 93) AM_AVATAR_MOVE Direction: SOUTH
[Avatar 0] Turn 496: (85, 19) AM_AVATAR_MOVE Direction: NULL
[Avatar 1] Turn 497: (73, 94) AM_AVATAR_MOVE Direction: EAST
[Avatar 0] Turn 498: (85, 19) AM_AVATAR_MOVE Direction: NULL
[Avatar 1] Turn 499: (74, 94) AM_AVATAR_MOVE Direction: NORTH
[Avatar 0] Turn 500: (85, 19) AM_AVATAR_MOVE Direction: NULL
[Avatar 1] Turn 501: (74, 93) AM_AVATAR_MOVE Direction: EAST
[Avatar 0] Turn 502: (85, 19) AM_AVATAR_MOVE Direction: NULL
[Avatar 1] Turn 503: (75, 93) AM_AVATAR_MOVE Direction: EAST
[Avatar 0] Turn 504: (85, 19) AM_AVATAR_MOVE Direction: NULL
[Avatar 1] Turn 505: (76, 93) AM_AVATAR_MOVE Direction: SOUTH
[Avatar 0] Turn 506: (85, 19) AM_AVATAR_MOVE Direction: NULL
[Avatar 1] Turn 507: (76, 94) AM_AVATAR_MOVE Direction: EAST
[Avatar 0] Turn 508: (85, 19) AM_AVATAR_MOVE Direction: NULL
[Avatar 1] Turn 509: (77, 94) AM_AVATAR_MOVE Direction: SOUTH
[Avatar 0] Turn 510: (85, 19) AM_AVATAR_MOVE Direction: NULL
[Avatar 1] Turn 511: (77, 95) AM_AVATAR_MOVE Direction: EAST
[Avatar 0] Turn 512: (85, 19) AM_AVATAR_MOVE Direction: NULL
[Avatar 1] Turn 513: (77, 95) AM_AVATAR_MOVE Direction: SOUTH
[Avatar 0] Turn 514: (85, 19) AM_AVATAR_MOVE Direction: NULL
[Avatar 1] Turn 515: (77, 96) AM_AVATAR_MOVE Direction: EAST
[Avatar 0] Turn 516: (85, 19) AM_AVATAR_MOVE Direction: NULL
[Avatar 1] Turn 517: (78, 96) AM_AVATAR_MOVE Direction: NORTH
[Avatar 0] Turn 518: (85, 19) AM_AVATAR_MOVE Direction: NULL
[Avatar 1] Turn 519: (78, 96) AM_AVATAR_MOVE Direction: WEST
[Avatar 0] Turn 520: (85, 19) AM_AVATAR_MOVE Direction: NULL
[Avatar 1] Turn 521: (77, 96) AM_AVATAR_MOVE Direction: SOUTH
[Avatar 0] Turn 522: (85, 19) AM_AVATAR_MOVE Direction: NULL
[Avatar 1] Turn 523: (77, 97) AM_AVATAR_MOVE Direction: SOUTH
[Avatar 0] Turn 524: (85, 19) AM_AVATAR_MOVE Direction: NULL
[Avatar 1] Turn 525: (77, 98) AM_AVATAR_MOVE Direction: SOUTH
[Avatar 0] Turn 526: (85, 19) AM_AVATAR_MOVE Direction: NULL
[Avatar 1] Turn 527: (77, 98) AM_AVATAR_MOVE Direction: EAST
[Avatar 0] Turn 528: (85, 19) AM_AVATAR_MOVE Direction: NULL
[Avatar 1] Turn 529: (78, 98) AM_AVATAR_MOVE Direction: SOUTH
[Avatar 0] Turn 530: (85, 19) AM_AVATAR_MOVE Direction: NULL
[Avatar 1] Turn 531: (78, 98) AM_AVATAR_MOVE Direction: NORTH
[Avatar 0] Turn 532: (85, 19) AM_AVATAR_MOVE Direction: NULL
[Avatar 1] Turn 533: (78, 97) AM_AVATAR_MOVE Direction: EAST
[Avatar 0] Turn 534: (85, 19) AM_AVATAR_MOVE Direction: NULL
[Avatar 1] Turn 535: (79, 97) AM_AVATAR_MOVE Direction: SOUTH
[Avatar 0] Turn 536: (85, 19) AM_AVATAR_MOVE Direction: NULL
[Avatar 1] Turn 537: (79, 97) AM_AVATAR_MOVE Direction: NORTH
[Avatar 0] Turn 538: (85, 19) AM_AVATAR_MOVE Direction: NULL
[Avatar 1] Turn 539: (79, 96) AM_AVATAR_MOVE Direction: EAST
[Avatar 0] Turn 540: (85, 19) AM_AVATAR_MOVE Direction: NULL
[Avatar 1] Turn 541: (80, 96) AM_AVATAR_MOVE Direction: SOUTH
[Avatar 0] Turn 542: (85, 19) AM_AVATAR_MOVE Direction: NULL
[Avatar 1] Turn 543: (80, 96) AM_AVATAR_MOVE Direction: EAST
[Avatar 0] Turn 544: (85, 19) AM_AVATAR_MOVE Direction: NULL
[Avatar 1] Turn 545: (81, 96) AM_AVATAR_MOVE Direction: SOUTH
[Avatar 0] Turn 546: (85, 19) AM_AVATAR_MOVE Direction: NULL
[Avatar 1] Turn 547: (81, 97) AM_AVATAR_MOVE Direction: EAST
[Avatar 0] Turn 548: (85, 19) AM_AVATAR_MOVE Direction: NULL
[Avatar 1] Turn 549: (81, 97) AM_AVATAR_MOVE Direction: WEST
[Avatar 0] Turn 550: (85, 19) AM_AVATAR_MOVE Direction: NULL
[Avatar 1] Turn 551: (80, 97) AM_AVATAR_MOVE Direction: SOUTH
[Avatar 0] Turn 552: (85, 19) AM_AVATAR_MOVE Direction: NULL
[Avatar 1] Turn 553: (80, 98) AM_AVATAR_MOVE Direction: EAST
[Avatar 0] Turn 554: (85, 19) AM_AVATAR_MOVE Direction: NULL
[Avatar 1] Turn 555: (80, 98) AM_AVATAR_MOVE Direction: WEST
[Avatar 0] Turn 556: (85, 19) AM_AVATAR_MOVE Direction: NULL
[Avatar 1] Turn 557: (79, 98) AM_AVATAR_MOVE Direction: SOUTH
[Avatar 0] Turn 558: (85, 19) AM_AVATAR_MOVE Direction: NULL
[Avatar 1] Turn 559: (79, 99) AM_AVATAR_MOVE Direction: EAST
[Avatar 0] Turn 560: (85, 19) AM_AVATAR_MOVE Direction: NULL
[Avatar 1] Turn 561: (79, 99) AM_AVATAR_MOVE Direction: WEST
[Avatar 0] Turn 562: (85, 19) AM_AVATAR_MOVE Direction: NULL
[Avatar 1] Turn 563: (78, 99) AM_AVATAR_MOVE Direction: WEST
[Avatar 0] Turn 564: (85, 19) AM_AVATAR_MOVE Direction: NULL
[Avatar 1] Turn 565: (77, 99) AM_AVATAR_MOVE Direction: WEST
[Avatar 0] Turn 566: (85, 19) AM_AVATAR_MOVE Direction: NULL
[Avatar 1] Turn 567: (76, 99) AM_AVATAR_MOVE Direction: WEST
[Avatar 0] Turn 568: (85, 19) AM_AVATAR_MOVE Direction: NULL
[Avatar 1] Turn 569: (75, 99) AM_AVATAR_MOVE Direction: WEST
[Avatar 0] Turn 570: (85, 19) AM_AVATAR_MOVE Direction: NULL
[Avatar 1] Turn 571: (74, 99) AM_AVATAR_MOVE Direction: WEST
[Avatar 0] Turn 572: (85, 19) AM_AVATAR_MOVE Direction: NULL
[Avatar 1] Turn 573: (73, 99) AM_AVATAR_MOVE Direction: WEST
[Avatar 0] Turn 574: (85, 19) AM_AVATAR_MOVE Direction: NULL
[Avatar 1] Turn 575: (72, 99) AM_AVATAR_MOVE Direction: NORTH
[Avatar 0] Turn 576: (85, 19) AM_AVATAR_MOVE Direction: NULL
[Avatar 1] Turn 577: (72, 98) AM_AVATAR_MOVE Direction: NORTH
[Avatar 0] Turn 578: (85, 19) AM_AVATAR_MOVE Direction: NULL
[Avatar 1] Turn 579: (72, 98) AM_AVATAR_MOVE Direction: WEST
[Avatar 0] Turn 580: (85, 19) AM_AVATAR_MOVE Direction: NULL
[Avatar 1] Turn 581: (71, 98) AM_AVATAR_MOVE Direction: NORTH
[Avatar 0] Turn 582: (85, 19) AM_AVATAR_MOVE Direction: NULL
[Avatar 1] Turn 583: (71, 98) AM_AVATAR_MOVE Direction: WEST
[Avatar 0] Turn 584: (85, 19) AM_AVATAR_MOVE Direction: NULL
[Avatar 1] Turn 585: (71, 98) AM_AVATAR_MOVE Direction: SOUTH
[Avatar 0] Turn 586: (85, 19) AM_AVATAR_MOVE Direction: NULL
[Avatar 1] Turn 587: (71, 99) AM_AVATAR_MOVE Direction: WEST
[Avatar 0] Turn 588: (85, 19) AM_AVATAR_MOVE Direction: NULL
[Avatar 1] Turn 589: (70, 99) AM_AVATAR_MOVE Direction: NORTH
[Avatar 0] Turn 590: (85, 19) AM_AVATAR_MOVE Direction: NULL
[Avatar 1] Turn 591: (70, 98) AM_AVATAR_MOVE Direction: NORTH
[Avatar 0] Turn 592: (85, 19) AM_AVATAR_MOVE Direction: NULL
[Avatar 1] Turn 593: (70, 97) AM_AVATAR_MOVE Direction: NORTH
[Avatar 0] Turn 594: (85, 19) AM_AVATAR_MOVE Direction: NULL
[Avatar 1] Turn 595: (70, 97) AM_AVATAR_MOVE Direction: EAST
[Avatar 0] Turn 596: (85, 19) AM_AVATAR_MOVE Direction: NULL
[Avatar 1] Turn 597: (71, 97) AM_AVATAR_MOVE Direction: NORTH
[Avatar 0] Turn 598: (85, 19) AM_AVATAR_MOVE Direction: NULL
[Avatar 1] Turn 599: (71, 97) AM_AVATAR_MOVE Direction: EAST
[Avatar 0] Turn 600: (85, 19) AM_AVATAR_MOVE Direction: NULL
[Avatar 1] Turn 601: (72, 97) AM_AVATAR_MOVE Direction: NORTH
[Avatar 0] Turn 602: (85, 19) AM_AVATAR_MOVE Direction: NULL
[Avatar 1] Turn 603: (72, 96) AM_AVATAR_MOVE Direction: WEST
[Avatar 0] Turn 604: (85, 19) AM_AVATAR_MOVE Direction: NULL
[Avatar 1] Turn 605: (71, 96) AM_AVATAR_MOVE Direction: NORTH
[Avatar 0] Turn 606: (85, 19) AM_AVATAR_MOVE Direction: NULL
[Avatar 1] Turn 607: (71, 95) AM_AVATAR_MOVE Direction: WEST
[Avatar 0] Turn 608: (85, 19) AM_AVATAR_MOVE Direction: NULL
[Avatar 1] Turn 609: (70, 95) AM_AVATAR_MOVE Direction: NORTH
[Avatar 0] Turn 610: (85, 19) AM_AVATAR_MOVE Direction: NULL
[Avatar 1] Turn 611: (70, 94) AM_AVATAR_MOVE Direction: NORTH
[Avatar 0] Turn 612: (85, 19) AM_AVATAR_MOVE Direction: NULL
[Avatar 1] Turn 613: (70, 93) AM_AVATAR_MOVE Direction: NORTH
[Avatar 0] Turn 614: (85, 19) AM_AVATAR_MOVE Direction: NULL
[Avatar 1] Turn 615: (70, 92) AM_AVATAR_MOVE Direction: NORTH
[Avatar 0] Turn 616: (85, 19) AM_AVATAR_MOVE Direction: NULL
[Avatar 1] Turn 617: (70, 92) AM_AVATAR_MOVE Direction: WEST
[Avatar 0] Turn 618: (85, 19) AM_AVATAR_MOVE Direction: NULL
[Avatar 1] Turn 619: (69, 92) AM_AVATAR_MOVE Direction: NORTH
[Avatar 0] Turn 620: (85, 19) AM_AVATAR_MOVE Direction: NULL
[Avatar 1] Turn 621: (69, 91) AM_AVATAR_MOVE Direction: NORTH
[Avatar 0] Turn 622: (85, 19) AM_AVATAR_MOVE Direction: NULL
[Avatar 1] Turn 623: (69, 91) AM_AVATAR_MOVE Direction: EAST
[Avatar 0] Turn 624: (85, 19) AM_AVATAR_MOVE Direction: NULL
[Avatar 1] Turn 625: (70, 91) AM_AVATAR_MOVE Direction: NORTH
[Avatar 0] Turn 626: (85, 19) AM_AVATAR_MOVE Direction: NULL
[Avatar 1] Turn 627: (70, 91) AM_AVATAR_MOVE Direction: EAST
[Avatar 0] Turn 628: (85, 19) AM_AVATAR_MOVE Direction: NULL
[Avatar 1] Turn 629: (71, 91) AM_AVATAR_MOVE Direction: NORTH
[Avatar 0] Turn 630: (85, 19) AM_AVATAR_MOVE Direction: NULL
[Avatar 1] Turn 631: (71, 90) AM_AVATAR_MOVE Direction: NORTH
[Avatar 0] Turn 632: (85, 19) AM_AVATAR_MOVE Direction: NULL
[Avatar 1] Turn 633: (71, 89) AM_AVATAR_MOVE Direction: NORTH
[Avatar 0] Turn 634: (85, 19) AM_AVATAR_MOVE Direction: NULL
[Avatar 1] Turn 635: (71, 88) AM_AVATAR_MOVE Direction: NORTH
[Avatar 0] Turn 636: (85, 19) AM_AVATAR_MOVE Direction: NULL
[Avatar 1] Turn 637: (71, 87) AM_AVATAR_MOVE Direction: NORTH
[Avatar 0] Turn 638: (85, 19) AM_AVATAR_MOVE Direction: NULL
[Avatar 1] Turn 639: (71, 87) AM_AVATAR_MOVE Direction: EAST
[Avatar 0] Turn 640: (85, 19) AM_AVATAR_MOVE Direction: NULL
[Avatar 1] Turn 641: (72, 87) AM_AVATAR_MOVE Direction: NORTH
[Avatar 0] Turn 642: (85, 19) AM_AVATAR_MOVE Direction: NULL
[Avatar 1] Turn 643: (72, 87) AM_AVATAR_MOVE Direction: EAST
[Avatar 0] Turn 644: (85, 19) AM_AVATAR_MOVE Direction: NULL
[Avatar 1] Turn 645: (72, 87) AM_AVATAR_MOVE Direction: SOUTH
[Avatar 0] Turn 646: (85, 19) AM_AVATAR_MOVE Direction: NULL
[Avatar 1] Turn 647: (72, 88) AM_AVATAR_MOVE Direction: EAST
[Avatar 0] Turn 648: (85, 19) AM_AVATAR_MOVE Direction: NULL
[Avatar 1] Turn 649: (73, 88) AM_AVATAR_MOVE Direction: NORTH
[Avatar 0] Turn 650: (85, 19) AM_AVATAR_MOVE Direction: NULL
[Avatar 1] Turn 651: (73, 88) AM_AVATAR_MOVE Direction: EAST
[Avatar 0] Turn 652: (85, 19) AM_AVATAR_MOVE Direction: NULL
[Avatar 1] Turn 653: (73, 88) AM_AVATAR_MOVE Direction: SOUTH
[Avatar 0] Turn 654: (85, 19) AM_AVATAR_MOVE Direction: NULL
[Avatar 1] Turn 655: (73, 88) AM_AVATAR_MOVE Direction: WEST
[Avatar 0] Turn 656: (85, 19) AM_AVATAR_MOVE Direction: NULL
[Avatar 1] Turn 657: (72, 88) AM_AVATAR_MOVE Direction: SOUTH
[Avatar 0] Turn 658: (85, 19) AM_AVATAR_MOVE Direction: NULL
[Avatar 1] Turn 659: (72, 88) AM_AVATAR_MOVE Direction: NORTH
[Avatar 0] Turn 660: (85, 19) AM_AVATAR_MOVE Direction: NULL
[Avatar 1] Turn 661: (72, 87) AM_AVATAR_MOVE Direction: WEST
[Avatar 0] Turn 662: (85, 19) AM_AVATAR_MOVE Direction: NULL
[Avatar 1] Turn 663: (71, 87) AM_AVATAR_MOVE Direction: WEST
[Avatar 0] Turn 664: (85, 19) AM_AVATAR_MOVE Direction: NULL
[Avatar 1] Turn 665: (70, 87) AM_AVATAR_MOVE Direction: NORTH
[Avatar 0] Turn 666: (85, 19) AM_AVATAR_MOVE Direction: NULL
[Avatar 1] Turn 667: (70, 87) AM_AVATAR_MOVE Direction: WEST
[Avatar 0] Turn 668: (85, 19) AM_AVATAR_MOVE Direction: NULL
[Avatar 1] Turn 669: (70, 87) AM_AVATAR_MOVE Direction: SOUTH
[Avatar 0] Turn 670: (85, 19) AM_AVATAR_MOVE Direction: NULL
[Avatar 1] Turn 671: (70, 88) AM_AVATAR_MOVE Direction: WEST
[Avatar 0] Turn 672: (85, 19) AM_AVATAR_MOVE Direction: NULL
[Avatar 1] Turn 673: (70, 88) AM_AVATAR_MOVE Direction: SOUTH
[Avatar 0] Turn 674: (85, 19) AM_AVATAR_MOVE Direction: NULL
[Avatar 1] Turn 675: (70, 88) AM_AVATAR_MOVE Direction: NORTH
[Avatar 0] Turn 676: (85, 19) AM_AVATAR_MOVE Direction: NULL
[Avatar 1] Turn 677: (70, 87) AM_AVATAR_MOVE Direction: EAST
[Avatar 0] Turn 678: (85, 19) AM_AVATAR_MOVE Direction: NULL
[Avatar 1] Turn 679: (71, 87) AM_AVATAR_MOVE Direction: SOUTH
[Avatar 0] Turn 680: (85, 19) AM_AVATAR_MOVE Direction: NULL
[Avatar 1] Turn 681: (71, 88) AM_AVATAR_MOVE Direction: WEST
[Avatar 0] Turn 682: (85, 19) AM_AVATAR_MOVE Direction: NULL
[Avatar 1] Turn 683: (71, 88) AM_AVATAR_MOVE Direction: SOUTH
[Avatar 0] Turn 684: (85, 19) AM_AVATAR_MOVE Direction: NULL
[Avatar 1] Turn 685: (71, 89) AM_AVATAR_MOVE Direction: EAST
[Avatar 0] Turn 686: (85, 19) AM_AVATAR_MOVE Direction: NULL
[Avatar 1] Turn 687: (71, 89) AM_AVATAR_MOVE Direction: WEST
[Avatar 0] Turn 688: (85, 19) AM_AVATAR_MOVE Direction: NULL
[Avatar 1] Turn 689: (71, 89) AM_AVATAR_MOVE Direction: SOUTH
[Avatar 0] Turn 690: (85, 19) AM_AVATAR_MOVE Direction: NULL
[Avatar 1] Turn 691: (71, 90) AM_AVATAR_MOVE Direction: EAST
[Avatar 0] Turn 692: (85, 19) AM_AVATAR_MOVE Direction: NULL
[Avatar 1] Turn 693: (72, 90) AM_AVATAR_MOVE Direction: NORTH
[Avatar 0] Turn 694: (85, 19) AM_AVATAR_MOVE Direction: NULL
[Avatar 1] Turn 695: (72, 89) AM_AVATAR_MOVE Direction: EAST
[Avatar 0] Turn 696: (85, 19) AM_AVATAR_MOVE Direction: NULL
[Avatar 1] Turn 697: (73, 89) AM_AVATAR_MOVE Direction: EAST
[Avatar 0] Turn 698: (85, 19) AM_AVATAR_MOVE Direction: NULL
[Avatar 1] Turn 699: (74, 89) AM_AVATAR_MOVE Direction: NORTH
[Avatar 0] Turn 700: (85, 19) AM_AVATAR_MOVE Direction: NULL
[Avatar 1] Turn 701: (74, 89) AM_AVATAR_MOVE Direction: EAST
[Avatar 0] Turn 702: (85, 19) AM_AVATAR_MOVE Direction: NULL
[Avatar 1] Turn 703: (75, 89) AM_AVATAR_MOVE Direction: NORTH
[Avatar 0] Turn 704: (85, 19) AM_AVATAR_MOVE Direction: NULL
[Avatar 1] Turn 705: (75, 89) AM_AVATAR_MOVE Direction: EAST
[Avatar 0] Turn 706: (85, 19) AM_AVATAR_MOVE Direction: NULL
[Avatar 1] Turn 707: (75, 89) AM_AVATAR_MOVE Direction: SOUTH
[Avatar 0] Turn 708: (85, 19) AM_AVATAR_MOVE Direction: NULL
[Avatar 1] Turn 709: (75, 89) AM_AVATAR_MOVE Direction: WEST
[Avatar 0] Turn 710: (85, 19) AM_AVATAR_MOVE Direction: NULL
[Avatar 1] Turn 711: (74, 89) AM_AVATAR_MOVE Direction: SOUTH
[Avatar 0] Turn 712: (85, 19) AM_AVATAR_MOVE Direction: NULL
[Avatar 1] Turn 713: (74, 90) AM_AVATAR_MOVE Direction: EAST
[Avatar 0] Turn 714: (85, 19) AM_AVATAR_MOVE Direction: NULL
[Avatar 1] Turn 715: (74, 90) AM_AVATAR_MOVE Direction: WEST
[Avatar 0] Turn 716: (85, 19) AM_AVATAR_MOVE Direction: NULL
[Avatar 1] Turn 717: (74, 90) AM_AVATAR_MOVE Direction: SOUTH
[Avatar 0] Turn 718: (85, 19) AM_AVATAR_MOVE Direction: NULL
[Avatar 1] Turn 719: (74, 90) AM_AVATAR_MOVE Direction: NORTH
[Avatar 0] Turn 720: (85, 19) AM_AVATAR_MOVE Direction: NULL
[Avatar 1] Turn 721: (74, 89) AM_AVATAR_MOVE Direction: WEST
[Avatar 0] Turn 722: (85, 19) AM_AVATAR_MOVE Direction: NULL
[Avatar 1] Turn 723: (73, 89) AM_AVATAR_MOVE Direction: SOUTH
[Avatar 0] Turn 724: (85, 19) AM_AVATAR_MOVE Direction: NULL
[Avatar 1] Turn 725: (73, 90) AM_AVATAR_MOVE Direction: SOUTH
[Avatar 0] Turn 726: (85, 19) AM_AVATAR_MOVE Direction: NULL
[Avatar 1] Turn 727: (73, 91) AM_AVATAR_MOVE Direction: EAST
[Avatar 0] Turn 728: (85, 19) AM_AVATAR_MOVE Direction: NULL
[Avatar 1] Turn 729: (74, 91) AM_AVATAR_MOVE Direction: EAST
[Avatar 0] Turn 730: (85, 19) AM_AVATAR_MOVE Direction: NULL
[Avatar 1] Turn 731: (74, 91) AM_AVATAR_MOVE Direction: SOUTH
[Avatar 0] Turn 732: (85, 19) AM_AVATAR_MOVE Direction: NULL
[Avatar 1] Turn 733: (74, 92) AM_AVATAR_MOVE Direction: EAST
[Avatar 0] Turn 734: (85, 19) AM_AVATAR_MOVE Direction: NULL
[Avatar 1] Turn 735: (75, 92) AM_AVATAR_MOVE Direction: NORTH
[Avatar 0] Turn 736: (85, 19) AM_AVATAR_MOVE Direction: NULL
[Avatar 1] Turn 737: (75, 92) AM_AVATAR_MOVE Direction: EAST
[Avatar 0] Turn 738: (85, 19) AM_AVATAR_MOVE Direction: NULL
[Avatar 1] Turn 739: (76, 92) AM_AVATAR_MOVE Direction: NORTH
[Avatar 0] Turn 740: (85, 19) AM_AVATAR_MOVE Direction: NULL
[Avatar 1] Turn 741: (76, 91) AM_AVATAR_MOVE Direction: NORTH
[Avatar 0] Turn 742: (85, 19) AM_AVATAR_MOVE Direction: NULL
[Avatar 1] Turn 743: (76, 91) AM_AVATAR_MOVE Direction: EAST
[Avatar 0] Turn 744: (85, 19) AM_AVATAR_MOVE Direction: NULL
[Avatar 1] Turn 745: (76, 91) AM_AVATAR_MOVE Direction: WEST
[Avatar 0] Turn 746: (85, 19) AM_AVATAR_MOVE Direction: NULL
[Avatar 1] Turn 747: (75, 91) AM_AVATAR_MOVE Direction: NORTH
[Avatar 0] Turn 748: (85, 19) AM_AVATAR_MOVE Direction: NULL
[Avatar 1] Turn 749: (75, 90) AM_AVATAR_MOVE Direction: EAST
[Avatar 0] Turn 750: (85, 19) AM_AVATAR_MOVE Direction: NULL
[Avatar 1] Turn 751: (76, 90) AM_AVATAR_MOVE Direction: NORTH
[Avatar 0] Turn 752: (85, 19) AM_AVATAR_MOVE Direction: NULL
[Avatar 1] Turn 753: (76, 89) AM_AVATAR_MOVE Direction: NORTH
[Avatar 0] Turn 754: (85, 19) AM_AVATAR_MOVE Direction: NULL
[Avatar 1] Turn 755: (76, 88) AM_AVATAR_MOVE Direction: NORTH
[Avatar 0] Turn 756: (85, 19) AM_AVATAR_MOVE Direction: NULL
[Avatar 1] Turn 757: (76, 88) AM_AVATAR_MOVE Direction: EAST
[Avatar 0] Turn 758: (85, 19) AM_AVATAR_MOVE Direction: NULL
[Avatar 1] Turn 759: (76, 88) AM_AVATAR_MOVE Direction: WEST
[Avatar 0] Turn 760: (85, 19) AM_AVATAR_MOVE Direction: NULL
[Avatar 1] Turn 761: (75, 88) AM_AVATAR_MOVE Direction: NORTH
[Avatar 0] Turn 762: (85, 19) AM_AVATAR_MOVE Direction: NULL
[Avatar 1] Turn 763: (75, 88) AM_AVATAR_MOVE Direction: WEST
[Avatar 0] Turn 764: (85, 19) AM_AVATAR_MOVE Direction: NULL
[Avatar 1] Turn 765: (74, 88) AM_AVATAR_MOVE Direction: NORTH
[Avatar 0] Turn 766: (85, 19) AM_AVATAR_MOVE Direction: NULL
[Avatar 1] Turn 767: (74, 87) AM_AVATAR_MOVE Direction: NORTH
[Avatar 0] Turn 768: (85, 19) AM_AVATAR_MOVE Direction: NULL
[Avatar 1] Turn 769: (74, 87) AM_AVATAR_MOVE Direction: EAST
[Avatar 0] Turn 770: (85, 19) AM_AVATAR_MOVE Direction: NULL
[Avatar 1] Turn 771: (74, 87) AM_AVATAR_MOVE Direction: WEST
[Avatar 0] Turn 772: (85, 19) AM_AVATAR_MOVE Direction: NULL
[Avatar 1] Turn 773: (73, 87) AM_AVATAR_MOVE Direction: NORTH
[Avatar 0] Turn 774: (85, 19) AM_AVATAR_MOVE Direction: NULL
[Avatar 1] Turn 775: (73, 86) AM_AVATAR_MOVE Direction: NORTH
[Avatar 0] Turn 776: (85, 19) AM_AVATAR_MOVE Direction: NULL
[Avatar 1] Turn 777: (73, 86) AM_AVATAR_MOVE Direction: EAST
[Avatar 0] Turn 778: (85, 19) AM_AVATAR_MOVE Direction: NULL
[Avatar 1] Turn 779: (74, 86) AM_AVATAR_MOVE Direction: NORTH
[Avatar 0] Turn 780: (85, 19) AM_AVATAR_MOVE Direction: NULL
[Avatar 1] Turn 781: (74, 86) AM_AVATAR_MOVE Direction: EAST
[Avatar 0] Turn 782: (85, 19) AM_AVATAR_MOVE Direction: NULL
[Avatar 1] Turn 783: (75, 86) AM_AVATAR_MOVE Direction: NORTH
[Avatar 0] Turn 784: (85, 19) AM_AVATAR_MOVE Direction: NULL
[Avatar 1] Turn 785: (75, 86) AM_AVATAR_MOVE Direction: EAST
[Avatar 0] Turn 786: (85, 19) AM_AVATAR_MOVE Direction: NULL
[Avatar 1] Turn 787: (75, 86) AM_AVATAR_MOVE Direction: SOUTH
[Avatar 0] Turn 788: (85, 19) AM_AVATAR_MOVE Direction: NULL
[Avatar 1] Turn 789: (75, 87) AM_AVATAR_MOVE Direction: EAST
[Avatar 0] Turn 790: (85, 19) AM_AVATAR_MOVE Direction: NULL
[Avatar 1] Turn 791: (76, 87) AM_AVATAR_MOVE Direction: NORTH
[Avatar 0] Turn 792: (85, 19) AM_AVATAR_MOVE Direction: NULL
[Avatar 1] Turn 793: (76, 86) AM_AVATAR_MOVE Direction: NORTH
[Avatar 0] Turn 794: (85, 19) AM_AVATAR_MOVE Direction: NULL
[Avatar 1] Turn 795: (76, 85) AM_AVATAR_MOVE Direction: NORTH
[Avatar 0] Turn 796: (85, 19) AM_AVATAR_MOVE Direction: NULL
[Avatar 1] Turn 797: (76, 84) AM_AVATAR_MOVE Direction: NORTH
[Avatar 0] Turn 798: (85, 19) AM_AVATAR_MOVE Direction: NULL
[Avatar 1] Turn 799: (76, 83) AM_AVATAR_MOVE Direction: NORTH
[Avatar 0] Turn 800: (85, 19) AM_AVATAR_MOVE Direction: NULL
[Avatar 1] Turn 801: (76, 82) AM_AVATAR_MOVE Direction: NORTH
[Avatar 0] Turn 802: (85, 19) AM_AVATAR_MOVE Direction: NULL
[Avatar 1] Turn 803: (76, 81) AM_AVATAR_MOVE Direction: NORTH
[Avatar 0] Turn 804: (85, 19) AM_AVATAR_MOVE Direction: NULL
[Avatar 1] Turn 805: (76, 80) AM_AVATAR_MOVE Direction: NORTH
[Avatar 0] Turn 806: (85, 19) AM_AVATAR_MOVE Direction: NULL
[Avatar 1] Turn 807: (76, 79) AM_AVATAR_MOVE Direction: NORTH
[Avatar 0] Turn 808: (85, 19) AM_AVATAR_MOVE Direction: NULL
[Avatar 1] Turn 809: (76, 79) AM_AVATAR_MOVE Direction: EAST
[Avatar 0] Turn 810: (85, 19) AM_AVATAR_MOVE Direction: NULL
[Avatar 1] Turn 811: (77, 79) AM_AVATAR_MOVE Direction: NORTH
[Avatar 0] Turn 812: (85, 19) AM_AVATAR_MOVE Direction: NULL
[Avatar 1] Turn 813: (77, 78) AM_AVATAR_MOVE Direction: NORTH
[Avatar 0] Turn 814: (85, 19) AM_AVATAR_MOVE Direction: NULL
[Avatar 1] Turn 815: (77, 78) AM_AVATAR_MOVE Direction: EAST
[Avatar 0] Turn 816: (85, 19) AM_AVATAR_MOVE Direction: NULL
[Avatar 1] Turn 817: (78, 78) AM_AVATAR_MOVE Direction: NORTH
[Avatar 0] Turn 818: (85, 19) AM_AVATAR_MOVE Direction: NULL
[Avatar 1] Turn 819: (78, 78) AM_AVATAR_MOVE Direction: EAST
[Avatar 0] Turn 820: (85, 19) AM_AVATAR_MOVE Direction: NULL
[Avatar 1] Turn 821: (79, 78) AM_AVATAR_MOVE Direction: NORTH
[Avatar 0] Turn 822: (85, 19) AM_AVATAR_MOVE Direction: NULL
[Avatar 1] Turn 823: (79, 77) AM_AVATAR_MOVE Direction: NORTH
[Avatar 0] Turn 824: (85, 19) AM_AVATAR_MOVE Direction: NULL
[Avatar 1] Turn 825: (79, 77) AM_AVATAR_MOVE Direction: EAST
[Avatar 0] Turn 826: (85, 19) AM_AVATAR_MOVE Direction: NULL
[Avatar 1] Turn 827: (80, 77) AM_AVATAR_MOVE Direction: NORTH
[Avatar 0] Turn 828: (85, 19) AM_AVATAR_MOVE Direction: NULL
[Avatar 1] Turn 829: (80, 77) AM_AVATAR_MOVE Direction: EAST
[Avatar 0] Turn 830: (85, 19) AM_AVATAR_MOVE Direction: NULL
[Avatar 1] Turn 831: (80, 77) AM_AVATAR_MOVE Direction: SOUTH
[Avatar 0] Turn 832: (85, 19) AM_AVATAR_MOVE Direction: NULL
[Avatar 1] Turn 833: (80, 78) AM_AVATAR_MOVE Direction: EAST
[Avatar 0] Turn 834: (85, 19) AM_AVATAR_MOVE Direction: NULL
[Avatar 1] Turn 835: (80, 78) AM_AVATAR_MOVE Direction: SOUTH
[Avatar 0] Turn 836: (85, 19) AM_AVATAR_MOVE Direction: NULL
[Avatar 1] Turn 837: (80, 79) AM_AVATAR_MOVE Direction: EAST
[Avatar 0] Turn 838: (85, 19) AM_AVATAR_MOVE Direction: NULL
[Avatar 1] Turn 839: (80, 79) AM_AVATAR_MOVE Direction: WEST
[Avatar 0] Turn 840: (85, 19) AM_AVATAR_MOVE Direction: NULL
[Avatar 1] Turn 841: (79, 79) AM_AVATAR_MOVE Direction: WEST
[Avatar 0] Turn 842: (85, 19) AM_AVATAR_MOVE Direction: NULL
[Avatar 1] Turn 843: (78, 79) AM_AVATAR_MOVE Direction: SOUTH
[Avatar 0] Turn 844: (85, 19) AM_AVATAR_MOVE Direction: NULL
[Avatar 1] Turn 845: (78, 80) AM_AVATAR_MOVE Direction: EAST
[Avatar 0] Turn 846: (85, 19) AM_AVATAR_MOVE Direction: NULL
[Avatar 1] Turn 847: (79, 80) AM_AVATAR_MOVE Direction: EAST
[Avatar 0] Turn 848: (85, 19) AM_AVATAR_MOVE Direction: NULL
[Avatar 1] Turn 849: (80, 80) AM_AVATAR_MOVE Direction: EAST
[Avatar 0] Turn 850: (85, 19) AM_AVATAR_MOVE Direction: NULL
[Avatar 1] Turn 851: (81, 80) AM_AVATAR_MOVE Direction: NORTH
[Avatar 0] Turn 852: (85, 19) AM_AVATAR_MOVE Direction: NULL
[Avatar 1] Turn 853: (81, 80) AM_AVATAR_MOVE Direction: EAST
[Avatar 0] Turn 854: (85, 19) AM_AVATAR_MOVE Direction: NULL
[Avatar 1] Turn 855: (81, 80) AM_AVATAR_MOVE Direction: SOUTH
[Avatar 0] Turn 856: (85, 19) AM_AVATAR_MOVE Direction: NULL
[Avatar 1] Turn 857: (81, 81) AM_AVATAR_MOVE Direction: EAST
[Avatar 0] Turn 858: (85, 19) AM_AVATAR_MOVE Direction: NULL
[Avatar 1] Turn 859: (81, 81) AM_AVATAR_MOVE Direction: WEST
[Avatar 0] Turn 860: (85, 19) AM_AVATAR_MOVE Direction: NULL
[Avatar 1] Turn 861: (81, 81) AM_AVATAR_MOVE Direction: SOUTH
[Avatar 0] Turn 862: (85, 19) AM_AVATAR_MOVE Direction: NULL
[Avatar 1] Turn 863: (81, 82) AM_AVATAR_MOVE Direction: EAST
[Avatar 0] Turn 864: (85, 19) AM_AVATAR_MOVE Direction: NULL
[Avatar 1] Turn 865: (81, 82) AM_AVATAR_MOVE Direction: WEST
[Avatar 0] Turn 866: (85, 19) AM_AVATAR_MOVE Direction: NULL
[Avatar 1] Turn 867: (80, 82) AM_AVATAR_MOVE Direction: NORTH
[Avatar 0] Turn 868: (85, 19) AM_AVATAR_MOVE Direction: NULL
[Avatar 1] Turn 869: (80, 82) AM_AVATAR_MOVE Direction: WEST
[Avatar 0] Turn 870: (85, 19) AM_AVATAR_MOVE Direction: NULL
[Avatar 1] Turn 871: (80, 82) AM_AVATAR_MOVE Direction: SOUTH
[Avatar 0] Turn 872: (85, 19) AM_AVATAR_MOVE Direction: NULL
[Avatar 1] Turn 873: (80, 83) AM_AVATAR_MOVE Direction: EAST
[Avatar 0] Turn 874: (85, 19) AM_AVATAR_MOVE Direction: NULL
[Avatar 1] Turn 875: (81, 83) AM_AVATAR_MOVE Direction: EAST
[Avatar 0] Turn 876: (85, 19) AM_AVATAR_MOVE Direction: NULL
[Avatar 1] Turn 877: (81, 83) AM_AVATAR_MOVE Direction: SOUTH
[Avatar 0] Turn 878: (85, 19) AM_AVATAR_MOVE Direction: NULL
[Avatar 1] Turn 879: (81, 84) AM_AVATAR_MOVE Direction: EAST
[Avatar 0] Turn 880: (85, 19) AM_AVATAR_MOVE Direction: NULL
[Avatar 1] Turn 881: (82, 84) AM_AVATAR_MOVE Direction: NORTH
[Avatar 0] Turn 882: (85, 19) AM_AVATAR_MOVE Direction: NULL
[Avatar 1] Turn 883: (82, 83) AM_AVATAR_MOVE Direction: NORTH
[Avatar 0] Turn 884: (85, 19) AM_AVATAR_MOVE Direction: NULL
[Avatar 1] Turn 885: (82, 82) AM_AVATAR_MOVE Direction: NORTH
[Avatar 0] Turn 886: (85, 19) AM_AVATAR_MOVE Direction: NULL
[Avatar 1] Turn 887: (82, 81) AM_AVATAR_MOVE Direction: NORTH
[Avatar 0] Turn 888: (85, 19) AM_AVATAR_MOVE Direction: NULL
[Avatar 1] Turn 889: (82, 80) AM_AVATAR_MOVE Direction: NORTH
[Avatar 0] Turn 890: (85, 19) AM_AVATAR_MOVE Direction: NULL
[Avatar 1] Turn 891: (82, 80) AM_AVATAR_MOVE Direction: EAST
[Avatar 0] Turn 892: (85, 19) AM_AVATAR_MOVE Direction: NULL
[Avatar 1] Turn 893: (83, 80) AM_AVATAR_MOVE Direction: NORTH
[Avatar 0] Turn 894: (85, 19) AM_AVATAR_MOVE Direction: NULL
[Avatar 1] Turn 895: (83, 80) AM_AVATAR_MOVE Direction: EAST
[Avatar 0] Turn 896: (85, 19) AM_AVATAR_MOVE Direction: NULL
[Avatar 1] Turn 897: (83, 80) AM_AVATAR_MOVE Direction: SOUTH
[Avatar 0] Turn 898: (85, 19) AM_AVATAR_MOVE Direction: NULL
[Avatar 1] Turn 899: (83, 81) AM_AVATAR_MOVE Direction: EAST
[Avatar 0] Turn 900: (85, 19) AM_AVATAR_MOVE Direction: NULL
[Avatar 1] Turn 901: (83, 81) AM_AVATAR_MOVE Direction: SOUTH
[Avatar 0] Turn 902: (85, 19) AM_AVATAR_MOVE Direction: NULL
[Avatar 1] Turn 903: (83, 82) AM_AVATAR_MOVE Direction: EAST
[Avatar 0] Turn 904: (85, 19) AM_AVATAR_MOVE Direction: NULL
[Avatar 1] Turn 905: (84, 82) AM_AVATAR_MOVE Direction: NORTH
[Avatar 0] Turn 906: (85, 19) AM_AVATAR_MOVE Direction: NULL
[Avatar 1] Turn 907: (84, 82) AM_AVATAR_MOVE Direction: EAST
[Avatar 0] Turn 908: (85, 19) AM_AVATAR_MOVE Direction: NULL
[Avatar 1] Turn 909: (85, 82) AM_AVATAR_MOVE Direction: NORTH
[Avatar 0] Turn 910: (85, 19) AM_AVATAR_MOVE Direction: NULL
[Avatar 1] Turn 911: (85, 82) AM_AVATAR_MOVE Direction: EAST
[Avatar 0] Turn 912: (85, 19) AM_AVATAR_MOVE Direction: NULL
[Avatar 1] Turn 913: (86, 82) AM_AVATAR_MOVE Direction: NORTH
[Avatar 0] Turn 914: (85, 19) AM_AVATAR_MOVE Direction: NULL
[Avatar 1] Turn 915: (86, 81) AM_AVATAR_MOVE Direction: NORTH
[Avatar 0] Turn 916: (85, 19) AM_AVATAR_MOVE Direction: NULL
[Avatar 1] Turn 917: (86, 81) AM_AVATAR_MOVE Direction: WEST
[Avatar 0] Turn 918: (85, 19) AM_AVATAR_MOVE Direction: NULL
[Avatar 1] Turn 919: (85, 81) AM_AVATAR_MOVE Direction: NORTH
[Avatar 0] Turn 920: (85, 19) AM_AVATAR_MOVE Direction: NULL
[Avatar 1] Turn 921: (85, 80) AM_AVATAR_MOVE Direction: NORTH
[Avatar 0] Turn 922: (85, 19) AM_AVATAR_MOVE Direction: NULL
[Avatar 1] Turn 923: (85, 80) AM_AVATAR_MOVE Direction: EAST
[Avatar 0] Turn 924: (85, 19) AM_AVATAR_MOVE Direction: NULL
[Avatar 1] Turn 925: (86, 80) AM_AVATAR_MOVE Direction: NORTH
[Avatar 0] Turn 926: (85, 19) AM_AVATAR_MOVE Direction: NULL
[Avatar 1] Turn 927: (86, 79) AM_AVATAR_MOVE Direction: NORTH
[Avatar 0] Turn 928: (85, 19) AM_AVATAR_MOVE Direction: NULL
[Avatar 1] Turn 929: (86, 79) AM_AVATAR_MOVE Direction: WEST
[Avatar 0] Turn 930: (85, 19) AM_AVATAR_MOVE Direction: NULL
[Avatar 1] Turn 931: (85, 79) AM_AVATAR_MOVE Direction: NORTH
[Avatar 0] Turn 932: (85, 19) AM_AVATAR_MOVE Direction: NULL
[Avatar 1] Turn 933: (85, 79) AM_AVATAR_MOVE Direction: WEST
[Avatar 0] Turn 934: (85, 19) AM_AVATAR_MOVE Direction: NULL
[Avatar 1] Turn 935: (84, 79) AM_AVATAR_MOVE Direction: NORTH
[Avatar 0] Turn 936: (85, 19) AM_AVATAR_MOVE Direction: NULL
[Avatar 1] Turn 937: (84, 78) AM_AVATAR_MOVE Direction: NORTH
[Avatar 0] Turn 938: (85, 19) AM_AVATAR_MOVE Direction: NULL
[Avatar 1] Turn 939: (84, 78) AM_AVATAR_MOVE Direction: EAST
[Avatar 0] Turn 940: (85, 19) AM_AVATAR_MOVE Direction: NULL
[Avatar 1] Turn 941: (84, 78) AM_AVATAR_MOVE Direction: WEST
[Avatar 0] Turn 942: (85, 19) AM_AVATAR_MOVE Direction: NULL
[Avatar 1] Turn 943: (83, 78) AM_AVATAR_MOVE Direction: NORTH
[Avatar 0] Turn 944: (85, 19) AM_AVATAR_MOVE Direction: NULL
[Avatar 1] Turn 945: (83, 78) AM_AVATAR_MOVE Direction: WEST
[Avatar 0] Turn 946: (85, 19) AM_AVATAR_MOVE Direction: NULL
[Avatar 1] Turn 947: (83, 78) AM_AVATAR_MOVE Direction: SOUTH
[Avatar 0] Turn 948: (85, 19) AM_AVATAR_MOVE Direction: NULL
[Avatar 1] Turn 949: (83, 79) AM_AVATAR_MOVE Direction: WEST
[Avatar 0] Turn 950: (85, 19) AM_AVATAR_MOVE Direction: NULL
[Avatar 1] Turn 951: (83, 79) AM_AVATAR_MOVE Direction: NORTH
[Avatar 0] Turn 952: (85, 19) AM_AVATAR_MOVE Direction: NULL
[Avatar 1] Turn 953: (83, 78) AM_AVATAR_MOVE Direction: EAST
[Avatar 0] Turn 954: (85, 19) AM_AVATAR_MOVE Direction: NULL
[Avatar 1] Turn 955: (84, 78) AM_AVATAR_MOVE Direction: SOUTH
[Avatar 0] Turn 956: (85, 19) AM_AVATAR_MOVE Direction: NULL
[Avatar 1] Turn 957: (84, 79) AM_AVATAR_MOVE Direction: SOUTH
[Avatar 0] Turn 958: (85, 19) AM_AVATAR_MOVE Direction: NULL
[Avatar 1] Turn 959: (84, 80) AM_AVATAR_MOVE Direction: SOUTH
[Avatar 0] Turn 960: (85, 19) AM_AVATAR_MOVE Direction: NULL
[Avatar 1] Turn 961: (84, 81) AM_AVATAR_MOVE Direction: NORTH
[Avatar 0] Turn 962: (85, 19) AM_AVATAR_MOVE Direction: NULL
[Avatar 1] Turn 963: (84, 80) AM_AVATAR_MOVE Direction: NORTH
[Avatar 0] Turn 964: (85, 19) AM_AVATAR_MOVE Direction: NULL
[Avatar 1] Turn 965: (84, 79) AM_AVATAR_MOVE Direction: EAST
[Avatar 0] Turn 966: (85, 19) AM_AVATAR_MOVE Direction: NULL
[Avatar 1] Turn 967: (85, 79) AM_AVATAR_MOVE Direction: EAST
[Avatar 0] Turn 968: (85, 19) AM_AVATAR_MOVE Direction: NULL
[Avatar 1] Turn 969: (86, 79) AM_AVATAR_MOVE Direction: EAST
[Avatar 0] Turn 970: (85, 19) AM_AVATAR_MOVE Direction: NULL
[Avatar 1] Turn 971: (86, 79) AM_AVATAR_MOVE Direction: SOUTH
[Avatar 0] Turn 972: (85, 19) AM_AVATAR_MOVE Direction: NULL
[Avatar 1] Turn 973: (86, 80) AM_AVATAR_MOVE Direction: EAST
[Avatar 0] Turn 974: (85, 19) AM_AVATAR_MOVE Direction: NULL
[Avatar 1] Turn 975: (86, 80) AM_AVATAR_MOVE Direction: WEST
[Avatar 0] Turn 976: (85, 19) AM_AVATAR_MOVE Direction: NULL
[Avatar 1] Turn 977: (85, 80) AM_AVATAR_MOVE Direction: SOUTH
[Avatar 0] Turn 978: (85, 19) AM_AVATAR_MOVE Direction: NULL
[Avatar 1] Turn 979: (85, 81) AM_AVATAR_MOVE Direction: EAST
[Avatar 0] Turn 980: (85, 19) AM_AVATAR_MOVE Direction: NULL
[Avatar 1] Turn 981: (86, 81) AM_AVATAR_MOVE Direction: EAST
[Avatar 0] Turn 982: (85, 19) AM_AVATAR_MOVE Direction: NULL
[Avatar 1] Turn 983: (86, 81) AM_AVATAR_MOVE Direction: SOUTH
[Avatar 0] Turn 984: (85, 19) AM_AVATAR_MOVE Direction: NULL
[Avatar 1] Turn 985: (86, 82) AM_AVATAR_MOVE Direction: EAST
[Avatar 0] Turn 986: (85, 19) AM_AVATAR_MOVE Direction: NULL
[Avatar 1] Turn 987: (86, 82) AM_AVATAR_MOVE Direction: SOUTH
[Avatar 0] Turn 988: (85, 19) AM_AVATAR_MOVE Direction: NULL
[Avatar 1] Turn 989: (86, 83) AM_AVATAR_MOVE Direction: WEST
[Avatar 0] Turn 990: (85, 19) AM_AVATAR_MOVE Direction: NULL
[Avatar 1] Turn 991: (85, 83) AM_AVATAR_MOVE Direction: WEST
[Avatar 0] Turn 992: (85, 19) AM_AVATAR_MOVE Direction: NULL
[Avatar 1] Turn 993: (84, 83) AM_AVATAR_MOVE Direction: WEST
[Avatar 0] Turn 994: (85, 19) AM_AVATAR_MOVE Direction: NULL
[Avatar 1] Turn 995: (83, 83) AM_AVATAR_MOVE Direction: SOUTH
[Avatar 0] Turn 996: (85, 19) AM_AVATAR_MOVE Direction: NULL
[Avatar 1] Turn 997: (83, 83) AM_AVATAR_MOVE Direction: NORTH
[Avatar 0] Turn 998: (85, 19) AM_AVATAR_MOVE Direction: NULL
[Avatar 1] Turn 999: (83, 83) AM_AVATAR_MOVE Direction: EAST
[Avatar 0] Turn 1000: (85, 19) AM_AVATAR_MOVE Direction: NULL
[Avatar 1] Turn 1001: (84, 83) AM_AVATAR_MOVE Direction: SOUTH
[Avatar 0] Turn 1002: (85, 19) AM_AVATAR_MOVE Direction: NULL
[Avatar 1] Turn 1003: (84, 83) AM_AVATAR_MOVE Direction: NORTH
[Avatar 0] Turn 1004: (85, 19) AM_AVATAR_MOVE Direction: NULL
[Avatar 1] Turn 1005: (84, 83) AM_AVATAR_MOVE Direction: EAST
[Avatar 0] Turn 1006: (85, 19) AM_AVATAR_MOVE Direction: NULL
[Avatar 1] Turn 1007: (85, 83) AM_AVATAR_MOVE Direction: SOUTH
[Avatar 0] Turn 1008: (85, 19) AM_AVATAR_MOVE Direction: NULL
[Avatar 1] Turn 1009: (85, 84) AM_AVATAR_MOVE Direction: EAST
[Avatar 0] Turn 1010: (85, 19) AM_AVATAR_MOVE Direction: NULL
[Avatar 1] Turn 1011: (86, 84) AM_AVATAR_MOVE Direction: EAST
[Avatar 0] Turn 1012: (85, 19) AM_AVATAR_MOVE Direction: NULL
[Avatar 1] Turn 1013: (87, 84) AM_AVATAR_MOVE Direction: NORTH
[Avatar 0] Turn 1014: (85, 19) AM_AVATAR_MOVE Direction: NULL
[Avatar 1] Turn 1015: (87, 84) AM_AVATAR_MOVE Direction: EAST
[Avatar 0] Turn 1016: (85, 19) AM_AVATAR_MOVE Direction: NULL
[Avatar 1] Turn 1017: (87, 84) AM_AVATAR_MOVE Direction: SOUTH
[Avatar 0] Turn 1018: (85, 19) AM_AVATAR_MOVE Direction: NULL
[Avatar 1] Turn 1019: (87, 85) AM_AVATAR_MOVE Direction: WEST
[Avatar 0] Turn 1020: (85, 19) AM_AVATAR_MOVE Direction: NULL
[Avatar 1] Turn 1021: (86, 85) AM_AVATAR_MOVE Direction: WEST
[Avatar 0] Turn 1022: (85, 19) AM_AVATAR_MOVE Direction: NULL
[Avatar 1] Turn 1023: (85, 85) AM_AVATAR_MOVE Direction: WEST
[Avatar 0] Turn 1024: (85, 19) AM_AVATAR_MOVE Direction: NULL
[Avatar 1] Turn 1025: (85, 85) AM_AVATAR_MOVE Direction: SOUTH
[Avatar 0] Turn 1026: (85, 19) AM_AVATAR_MOVE Direction: NULL
[Avatar 1] Turn 1027: (85, 86) AM_AVATAR_MOVE Direction: EAST
[Avatar 0] Turn 1028: (85, 19) AM_AVATAR_MOVE Direction: NULL
[Avatar 1] Turn 1029: (86, 86) AM_AVATAR_MOVE Direction: EAST
[Avatar 0] Turn 1030: (85, 19) AM_AVATAR_MOVE Direction: NULL
[Avatar 1] Turn 1031: (87, 86) AM_AVATAR_MOVE Direction: EAST
[Avatar 0] Turn 1032: (85, 19) AM_AVATAR_MOVE Direction: NULL
[Avatar 1] Turn 1033: (87, 86) AM_AVATAR_MOVE Direction: SOUTH
[Avatar 0] Turn 1034: (85, 19) AM_AVATAR_MOVE Direction: NULL
[Avatar 1] Turn 1035: (87, 87) AM_AVATAR_MOVE Direction: WEST
[Avatar 0] Turn 1036: (85, 19) AM_AVATAR_MOVE Direction: NULL
[Avatar 1] Turn 1037: (86, 87) AM_AVATAR_MOVE Direction: WEST
[Avatar 0] Turn 1038: (85, 19) AM_AVATAR_MOVE Direction: NULL
[Avatar 1] Turn 1039: (85, 87) AM_AVATAR_MOVE Direction: WEST
[Avatar 0] Turn 1040: (85, 19) AM_AVATAR_MOVE Direction: NULL
[Avatar 1] Turn 1041: (85, 87) AM_AVATAR_MOVE Direction: SOUTH
[Avatar 0] Turn 1042: (85, 19) AM_AVATAR_MOVE Direction: NULL
[Avatar 1] Turn 1043: (85, 87) AM_AVATAR_MOVE Direction: NORTH
[Avatar 0] Turn 1044: (85, 19) AM_AVATAR_MOVE Direction: NULL
[Avatar 1] Turn 1045: (85, 87) AM_AVATAR_MOVE Direction: EAST
[Avatar 0] Turn 1046: (85, 19) AM_AVATAR_MOVE Direction: NULL
[Avatar 1] Turn 1047: (86, 87) AM_AVATAR_MOVE Direction: SOUTH
[Avatar 0] Turn 1048: (85, 19) AM_AVATAR_MOVE Direction: NULL
[Avatar 1] Turn 1049: (86, 87) AM_AVATAR_MOVE Direction: NORTH
[Avatar 0] Turn 1050: (85, 19) AM_AVATAR_MOVE Direction: NULL
[Avatar 1] Turn 1051: (86, 87) AM_AVATAR_MOVE Direction: EAST
[Avatar 0] Turn 1052: (85, 19) AM_AVATAR_MOVE Direction: NULL
[Avatar 1] Turn 1053: (87, 87) AM_AVATAR_MOVE Direction: EAST
[Avatar 0] Turn 1054: (85, 19) AM_AVATAR_MOVE Direction: NULL
[Avatar 1] Turn 1055: (87, 87) AM_AVATAR_MOVE Direction: SOUTH
[Avatar 0] Turn 1056: (85, 19) AM_AVATAR_MOVE Direction: NULL
[Avatar 1] Turn 1057: (87, 87) AM_AVATAR_MOVE Direction: NORTH
[Avatar 0] Turn 1058: (85, 19) AM_AVATAR_MOVE Direction: NULL
[Avatar 1] Turn 1059: (87, 86) AM_AVATAR_MOVE Direction: NORTH
[Avatar 0] Turn 1060: (85, 19) AM_AVATAR_MOVE Direction: NULL
[Avatar 1] Turn 1061: (87, 86) AM_AVATAR_MOVE Direction: WEST
[Avatar 0] Turn 1062: (85, 19) AM_AVATAR_MOVE Direction: NULL
[Avatar 1] Turn 1063: (86, 86) AM_AVATAR_MOVE Direction: NORTH
[Avatar 0] Turn 1064: (85, 19) AM_AVATAR_MOVE Direction: NULL
[Avatar 1] Turn 1065: (86, 86) AM_AVATAR_MOVE Direction: WEST
[Avatar 0] Turn 1066: (85, 19) AM_AVATAR_MOVE Direction: NULL
[Avatar 1] Turn 1067: (85, 86) AM_AVATAR_MOVE Direction: WEST
[Avatar 0] Turn 1068: (85, 19) AM_AVATAR_MOVE Direction: NULL
[Avatar 1] Turn 1069: (85, 86) AM_AVATAR_MOVE Direction: NORTH
[Avatar 0] Turn 1070: (85, 19) AM_AVATAR_MOVE Direction: NULL
[Avatar 1] Turn 1071: (85, 85) AM_AVATAR_MOVE Direction: NORTH
[Avatar 0] Turn 1072: (85, 19) AM_AVATAR_MOVE Direction: NULL
[Avatar 1] Turn 1073: (85, 85) AM_AVATAR_MOVE Direction: EAST
[Avatar 0] Turn 1074: (85, 19) AM_AVATAR_MOVE Direction: NULL
[Avatar 1] Turn 1075: (86, 85) AM_AVATAR_MOVE Direction: NORTH
[Avatar 0] Turn 1076: (85, 19) AM_AVATAR_MOVE Direction: NULL
[Avatar 1] Turn 1077: (86, 85) AM_AVATAR_MOVE Direction: EAST
[Avatar 0] Turn 1078: (85, 19) AM_AVATAR_MOVE Direction: NULL
[Avatar 1] Turn 1079: (87, 85) AM_AVATAR_MOVE Direction: EAST
[Avatar 0] Turn 1080: (85, 19) AM_AVATAR_MOVE Direction: NULL
[Avatar 1] Turn 1081: (88, 85) AM_AVATAR_MOVE Direction: NORTH
[Avatar 0] Turn 1082: (85, 19) AM_AVATAR_MOVE Direction: NULL
[Avatar 1] Turn 1083: (88, 85) AM_AVATAR_MOVE Direction: EAST
[Avatar 0] Turn 1084: (85, 19) AM_AVATAR_MOVE Direction: NULL
[Avatar 1] Turn 1085: (88, 85) AM_AVATAR_MOVE Direction: SOUTH
[Avatar 0] Turn 1086: (85, 19) AM_AVATAR_MOVE Direction: NULL
[Avatar 1] Turn 1087: (88, 85) AM_AVATAR_MOVE Direction: WEST
[Avatar 0] Turn 1088: (85, 19) AM_AVATAR_MOVE Direction: NULL
[Avatar 1] Turn 1089: (87, 85) AM_AVATAR_MOVE Direction: NORTH
[Avatar 0] Turn 1090: (85, 19) AM_AVATAR_MOVE Direction: NULL
[Avatar 1] Turn 1091: (87, 84) AM_AVATAR_MOVE Direction: WEST
[Avatar 0] Turn 1092: (85, 19) AM_AVATAR_MOVE Direction: NULL
[Avatar 1] Turn 1093: (86, 84) AM_AVATAR_MOVE Direction: NORTH
[Avatar 0] Turn 1094: (85, 19) AM_AVATAR_MOVE Direction: NULL
[Avatar 1] Turn 1095: (86, 84) AM_AVATAR_MOVE Direction: WEST
[Avatar 0] Turn 1096: (85, 19) AM_AVATAR_MOVE Direction: NULL
[Avatar 1] Turn 1097: (85, 84) AM_AVATAR_MOVE Direction: WEST
[Avatar 0] Turn 1098: (85, 19) AM_AVATAR_MOVE Direction: NULL
[Avatar 1] Turn 1099: (85, 84) AM_AVATAR_MOVE Direction: NORTH
[Avatar 0] Turn 1100: (85, 19) AM_AVATAR_MOVE Direction: NULL
[Avatar 1] Turn 1101: (85, 83) AM_AVATAR_MOVE Direction: NORTH
[Avatar 0] Turn 1102: (85, 19) AM_AVATAR_MOVE Direction: NULL
[Avatar 1] Turn 1103: (85, 83) AM_AVATAR_MOVE Direction: EAST
[Avatar 0] Turn 1104: (85, 19) AM_AVATAR_MOVE Direction: NULL
[Avatar 1] Turn 1105: (86, 83) AM_AVATAR_MOVE Direction: EAST
[Avatar 0] Turn 1106: (85, 19) AM_AVATAR_MOVE Direction: NULL
[Avatar 1] Turn 1107: (86, 83) AM_AVATAR_MOVE Direction: NORTH
[Avatar 0] Turn 1108: (85, 19) AM_AVATAR_MOVE Direction: NULL
[Avatar 1] Turn 1109: (86, 82) AM_AVATAR_MOVE Direction: WEST
[Avatar 0] Turn 1110: (85, 19) AM_AVATAR_MOVE Direction: NULL
[Avatar 1] Turn 1111: (85, 82) AM_AVATAR_MOVE Direction: WEST
[Avatar 0] Turn 1112: (85, 19) AM_AVATAR_MOVE Direction: NULL
[Avatar 1] Turn 1113: (84, 82) AM_AVATAR_MOVE Direction: WEST
[Avatar 0] Turn 1114: (85, 19) AM_AVATAR_MOVE Direction: NULL
[Avatar 1] Turn 1115: (83, 82) AM_AVATAR_MOVE Direction: NORTH
[Avatar 0] Turn 1116: (85, 19) AM_AVATAR_MOVE Direction: NULL
[Avatar 1] Turn 1117: (83, 81) AM_AVATAR_MOVE Direction: NORTH
[Avatar 0] Turn 1118: (85, 19) AM_AVATAR_MOVE Direction: NULL
[Avatar 1] Turn 1119: (83, 80) AM_AVATAR_MOVE Direction: WEST
[Avatar 0] Turn 1120: (85, 19) AM_AVATAR_MOVE Direction: NULL
[Avatar 1] Turn 1121: (82, 80) AM_AVATAR_MOVE Direction: SOUTH
[Avatar 0] Turn 1122: (85, 19) AM_AVATAR_MOVE Direction: NULL
[Avatar 1] Turn 1123: (82, 81) AM_AVATAR_MOVE Direction: SOUTH
[Avatar 0] Turn 1124: (85, 19) AM_AVATAR_MOVE Direction: NULL
[Avatar 1] Turn 1125: (82, 82) AM_AVATAR_MOVE Direction: SOUTH
[Avatar 0] Turn 1126: (85, 19) AM_AVATAR_MOVE Direction: NULL
[Avatar 1] Turn 1127: (82, 83) AM_AVATAR_MOVE Direction: EAST
[Avatar 0] Turn 1128: (85, 19) AM_AVATAR_MOVE Direction: NULL
[Avatar 1] Turn 1129: (82, 83) AM_AVATAR_MOVE Direction: SOUTH
[Avatar 0] Turn 1130: (85, 19) AM_AVATAR_MOVE Direction: NULL
[Avatar 1] Turn 1131: (82, 84) AM_AVATAR_MOVE Direction: EAST
[Avatar 0] Turn 1132: (85, 19) AM_AVATAR_MOVE Direction: NULL
[Avatar 1] Turn 1133: (82, 84) AM_AVATAR_MOVE Direction: SOUTH
[Avatar 0] Turn 1134: (85, 19) AM_AVATAR_MOVE Direction: NULL
[Avatar 1] Turn 1135: (82, 84) AM_AVATAR_MOVE Direction: WEST
[Avatar 0] Turn 1136: (85, 19) AM_AVATAR_MOVE Direction: NULL
[Avatar 1] Turn 1137: (81, 84) AM_AVATAR_MOVE Direction: WEST
[Avatar 0] Turn 1138: (85, 19) AM_AVATAR_MOVE Direction: NULL
[Avatar 1] Turn 1139: (81, 84) AM_AVATAR_MOVE Direction: SOUTH
[Avatar 0] Turn 1140: (85, 19) AM_AVATAR_MOVE Direction: NULL
[Avatar 1] Turn 1141: (81, 84) AM_AVATAR_MOVE Direction: NORTH
[Avatar 0] Turn 1142: (85, 19) AM_AVATAR_MOVE Direction: NULL
[Avatar 1] Turn 1143: (81, 83) AM_AVATAR_MOVE Direction: NORTH
[Avatar 0] Turn 1144: (85, 19) AM_AVATAR_MOVE Direction: NULL
[Avatar 1] Turn 1145: (81, 83) AM_AVATAR_MOVE Direction: WEST
[Avatar 0] Turn 1146: (85, 19) AM_AVATAR_MOVE Direction: NULL
[Avatar 1] Turn 1147: (80, 83) AM_AVATAR_MOVE Direction: WEST
[Avatar 0] Turn 1148: (85, 19) AM_AVATAR_MOVE Direction: NULL
[Avatar 1] Turn 1149: (79, 83) AM_AVATAR_MOVE Direction: NORTH
[Avatar 0] Turn 1150: (85, 19) AM_AVATAR_MOVE Direction: NULL
[Avatar 1] Turn 1151: (79, 82) AM_AVATAR_MOVE Direction: NORTH
[Avatar 0] Turn 1152: (85, 19) AM_AVATAR_MOVE Direction: NULL
[Avatar 1] Turn 1153: (79, 81) AM_AVATAR_MOVE Direction: EAST
[Avatar 0] Turn 1154: (85, 19) AM_AVATAR_MOVE Direction: NULL
[Avatar 1] Turn 1155: (80, 81) AM_AVATAR_MOVE Direction: NORTH
[Avatar 0] Turn 1156: (85, 19) AM_AVATAR_MOVE Direction: NULL
[Avatar 1] Turn 1157: (80, 81) AM_AVATAR_MOVE Direction: WEST
[Avatar 0] Turn 1158: (85, 19) AM_AVATAR_MOVE Direction: NULL
[Avatar 1] Turn 1159: (79, 81) AM_AVATAR_MOVE Direction: WEST
[Avatar 0] Turn 1160: (85, 19) AM_AVATAR_MOVE Direction: NULL
[Avatar 1] Turn 1161: (79, 81) AM_AVATAR_MOVE Direction: NORTH
[Avatar 0] Turn 1162: (85, 19) AM_AVATAR_MOVE Direction: NULL
[Avatar 1] Turn 1163: (79, 81) AM_AVATAR_MOVE Direction: SOUTH
[Avatar 0] Turn 1164: (85, 19) AM_AVATAR_MOVE Direction: NULL
[Avatar 1] Turn 1165: (79, 82) AM_AVATAR_MOVE Direction: WEST
[Avatar 0] Turn 1166: (85, 19) AM_AVATAR_MOVE Direction: NULL
[Avatar 1] Turn 1167: (79, 82) AM_AVATAR_MOVE Direction: SOUTH
[Avatar 0] Turn 1168: (85, 19) AM_AVATAR_MOVE Direction: NULL
[Avatar 1] Turn 1169: (79, 83) AM_AVATAR_MOVE Direction: WEST
[Avatar 0] Turn 1170: (85, 19) AM_AVATAR_MOVE Direction: NULL
[Avatar 1] Turn 1171: (79, 83) AM_AVATAR_MOVE Direction: SOUTH
[Avatar 0] Turn 1172: (85, 19) AM_AVATAR_MOVE Direction: NULL
[Avatar 1] Turn 1173: (79, 83) AM_AVATAR_MOVE Direction: EAST
[Avatar 0] Turn 1174: (85, 19) AM_AVATAR_MOVE Direction: NULL
[Avatar 1] Turn 1175: (80, 83) AM_AVATAR_MOVE Direction: SOUTH
[Avatar 0] Turn 1176: (85, 19) AM_AVATAR_MOVE Direction: NULL
[Avatar 1] Turn 1177: (80, 83) AM_AVATAR_MOVE Direction: NORTH
[Avatar 0] Turn 1178: (85, 19) AM_AVATAR_MOVE Direction: NULL
[Avatar 1] Turn 1179: (80, 82) AM_AVATAR_MOVE Direction: EAST
[Avatar 0] Turn 1180: (85, 19) AM_AVATAR_MOVE Direction: NULL
[Avatar 1] Turn 1181: (81, 82) AM_AVATAR_MOVE Direction: NORTH
[Avatar 0] Turn 1182: (85, 19) AM_AVATAR_MOVE Direction: NULL
[Avatar 1] Turn 1183: (81, 81) AM_AVATAR_MOVE Direction: NORTH
[Avatar 0] Turn 1184: (85, 19) AM_AVATAR_MOVE Direction: NULL
[Avatar 1] Turn 1185: (81, 80) AM_AVATAR_MOVE Direction: WEST
[Avatar 0] Turn 1186: (85, 19) AM_AVATAR_MOVE Direction: NULL
[Avatar 1] Turn 1187: (80, 80) AM_AVATAR_MOVE Direction: NORTH
[Avatar 0] Turn 1188: (85, 19) AM_AVATAR_MOVE Direction: NULL
[Avatar 1] Turn 1189: (80, 80) AM_AVATAR_MOVE Direction: WEST
[Avatar 0] Turn 1190: (85, 19) AM_AVATAR_MOVE Direction: NULL
[Avatar 1] Turn 1191: (79, 80) AM_AVATAR_MOVE Direction: NORTH
[Avatar 0] Turn 1192: (85, 19) AM_AVATAR_MOVE Direction: NULL
[Avatar 1] Turn 1193: (79, 80) AM_AVATAR_MOVE Direction: WEST
[Avatar 0] Turn 1194: (85, 19) AM_AVATAR_MOVE Direction: NULL
[Avatar 1] Turn 1195: (78, 80) AM_AVATAR_MOVE Direction: WEST
[Avatar 0] Turn 1196: (85, 19) AM_AVATAR_MOVE Direction: NULL
[Avatar 1] Turn 1197: (77, 80) AM_AVATAR_MOVE Direction: SOUTH
[Avatar 0] Turn 1198: (85, 19) AM_AVATAR_MOVE Direction: NULL
[Avatar 1] Turn 1199: (77, 80) AM_AVATAR_MOVE Direction: NORTH
[Avatar 0] Turn 1200: (85, 19) AM_AVATAR_MOVE Direction: NULL
[Avatar 1] Turn 1201: (77, 80) AM_AVATAR_MOVE Direction: EAST
[Avatar 0] Turn 1202: (85, 19) AM_AVATAR_MOVE Direction: NULL
[Avatar 1] Turn 1203: (78, 80) AM_AVATAR_MOVE Direction: SOUTH
[Avatar 0] Turn 1204: (85, 19) AM_AVATAR_MOVE Direction: NULL
[Avatar 1] Turn 1205: (78, 80) AM_AVATAR_MOVE Direction: NORTH
[Avatar 0] Turn 1206: (85, 19) AM_AVATAR_MOVE Direction: NULL
[Avatar 1] Turn 1207: (78, 79) AM_AVATAR_MOVE Direction: NORTH
[Avatar 0] Turn 1208: (85, 19) AM_AVATAR_MOVE Direction: NULL
[Avatar 1] Turn 1209: (78, 79) AM_AVATAR_MOVE Direction: EAST
[Avatar 0] Turn 1210: (85, 19) AM_AVATAR_MOVE Direction: NULL
[Avatar 1] Turn 1211: (79, 79) AM_AVATAR_MOVE Direction: NORTH
[Avatar 0] Turn 1212: (85, 19) AM_AVATAR_MOVE Direction: NULL
[Avatar 1] Turn 1213: (79, 79) AM_AVATAR_MOVE Direction: EAST
[Avatar 0] Turn 1214: (85, 19) AM_AVATAR_MOVE Direction: NULL
[Avatar 1] Turn 1215: (80, 79) AM_AVATAR_MOVE Direction: NORTH
[Avatar 0] Turn 1216: (85, 19) AM_AVATAR_MOVE Direction: NULL
[Avatar 1] Turn 1217: (80, 78) AM_AVATAR_MOVE Direction: NORTH
[Avatar 0] Turn 1218: (85, 19) AM_AVATAR_MOVE Direction: NULL
[Avatar 1] Turn 1219: (80, 77) AM_AVATAR_MOVE Direction: WEST
[Avatar 0] Turn 1220: (85, 19) AM_AVATAR_MOVE Direction: NULL
[Avatar 1] Turn 1221: (79, 77) AM_AVATAR_MOVE Direction: WEST
[Avatar 0] Turn 1222: (85, 19) AM_AVATAR_MOVE Direction: NULL
[Avatar 1] Turn 1223: (79, 77) AM_AVATAR_MOVE Direction: SOUTH
[Avatar 0] Turn 1224: (85, 19) AM_AVATAR_MOVE Direction: NULL
[Avatar 1] Turn 1225: (79, 78) AM_AVATAR_MOVE Direction: WEST
[Avatar 0] Turn 1226: (85, 19) AM_AVATAR_MOVE Direction: NULL
[Avatar 1] Turn 1227: (78, 78) AM_AVATAR_MOVE Direction: WEST
[Avatar 0] Turn 1228: (85, 19) AM_AVATAR_MOVE Direction: NULL
[Avatar 1] Turn 1229: (77, 78) AM_AVATAR_MOVE Direction: WEST
[Avatar 0] Turn 1230: (85, 19) AM_AVATAR_MOVE Direction: NULL
[Avatar 1] Turn 1231: (77, 78) AM_AVATAR_MOVE Direction: SOUTH
[Avatar 0] Turn 1232: (85, 19) AM_AVATAR_MOVE Direction: NULL
[Avatar 1] Turn 1233: (77, 79) AM_AVATAR_MOVE Direction: WEST
[Avatar 0] Turn 1234: (85, 19) AM_AVATAR_MOVE Direction: NULL
[Avatar 1] Turn 1235: (76, 79) AM_AVATAR_MOVE Direction: WEST
[Avatar 0] Turn 1236: (85, 19) AM_AVATAR_MOVE Direction: NULL
[Avatar 1] Turn 1237: (76, 79) AM_AVATAR_MOVE Direction: SOUTH
[Avatar 0] Turn 1238: (85, 19) AM_AVATAR_MOVE Direction: NULL
[Avatar 1] Turn 1239: (76, 80) AM_AVATAR_MOVE Direction: WEST
[Avatar 0] Turn 1240: (85, 19) AM_AVATAR_MOVE Direction: NULL
[Avatar 1] Turn 1241: (76, 80) AM_AVATAR_MOVE Direction: EAST
[Avatar 0] Turn 1242: (85, 19) AM_AVATAR_MOVE Direction: NULL
[Avatar 1] Turn 1243: (76, 80) AM_AVATAR_MOVE Direction: SOUTH
[Avatar 0] Turn 1244: (85, 19) AM_AVATAR_MOVE Direction: NULL
[Avatar 1] Turn 1245: (76, 81) AM_AVATAR_MOVE Direction: EAST
[Avatar 0] Turn 1246: (85, 19) AM_AVATAR_MOVE Direction: NULL
[Avatar 1] Turn 1247: (77, 81) AM_AVATAR_MOVE Direction: EAST