joannezhao, 37849, Wed May 28 20:48:34 EDT 2014


Sent AM_AVATAR_READY signal with AvatarID: 0

Sent AM_AVATAR_READY signal with AvatarID: 5
Sent AM_AVATAR_READY signal with AvatarID: 4
Sent AM_AVATAR_READY signal with AvatarID: 3Sent AM_AVATAR_READY signal with AvatarID: 1
Sent AM_AVATAR_READY signal with AvatarID: 2
[Avatar 0] Turn 0: (0, 2) AM_AVATAR_MOVE Direction: NULL
[Avatar 3] Turn 3: (2, 2) AM_AVATAR_MOVE Direction: WEST
[Avatar 2] Turn 2: (0, 4) AM_AVATAR_MOVE Direction: NORTH
[Avatar 5] Turn 5: (2, 3) AM_AVATAR_MOVE Direction: WEST

[Avatar 4] Turn 4: (3, 4) AM_AVATAR_MOVE Direction: WEST[Avatar 1] Turn 1: (3, 2) AM_AVATAR_MOVE Direction: WEST
[Avatar 0] Turn 6: (0, 2) AM_AVATAR_MOVE Direction: NULL
[Avatar 1] Turn 7: (3, 2) AM_AVATAR_MOVE Direction: NORTH
[Avatar 2] Turn 8: (0, 3) AM_AVATAR_MOVE Direction: NORTH

[Avatar 3] Turn 9: (1, 2) AM_AVATAR_MOVE Direction: WEST[Avatar 4] Turn 10: (2, 4) AM_AVATAR_MOVE Direction: WEST
[Avatar 5] Turn 11: (2, 3) AM_AVATAR_MOVE Direction: NORTH
[Avatar 0] Turn 12: (0, 2) AM_AVATAR_MOVE Direction: NULL
[Avatar 1] Turn 13: (3, 1) AM_AVATAR_MOVE Direction: WEST
[Avatar 2] Turn 14: (0, 2) AM_AVATAR_MOVE Direction: NULL
[Avatar 4] Turn 16: (1, 4) AM_AVATAR_MOVE Direction: NORTH
[Avatar 3] Turn 15: (0, 2) AM_AVATAR_MOVE Direction: NULL
[Avatar 5] Turn 17: (2, 3) AM_AVATAR_MOVE Direction: SOUTH
[Avatar 0] Turn 18: (0, 2) AM_AVATAR_MOVE Direction: NULL
[Avatar 1] Turn 19: (3, 1) AM_AVATAR_MOVE Direction: NORTH
[Avatar 3] Turn 21: (0, 2) AM_AVATAR_MOVE Direction: NULL

[Avatar 4] Turn 22: (1, 3) AM_AVATAR_MOVE Direction: WEST[Avatar 2] Turn 20: (0, 2) AM_AVATAR_MOVE Direction: NULL
[Avatar 5] Turn 23: (2, 4) AM_AVATAR_MOVE Direction: WEST
[Avatar 0] Turn 24: (0, 2) AM_AVATAR_MOVE Direction: NULL
[Avatar 1] Turn 25: (3, 1) AM_AVATAR_MOVE Direction: EAST

[Avatar 3] Turn 27: (0, 2) AM_AVATAR_MOVE Direction: NULL[Avatar 2] Turn 26: (0, 2) AM_AVATAR_MOVE Direction: NULL
[Avatar 4] Turn 28: (0, 3) AM_AVATAR_MOVE Direction: NORTH
[Avatar 5] Turn 29: (1, 4) AM_AVATAR_MOVE Direction: NORTH
[Avatar 0] Turn 30: (0, 2) AM_AVATAR_MOVE Direction: NULL
[Avatar 2] Turn 32: (0, 2) AM_AVATAR_MOVE Direction: NULL
[Avatar 3] Turn 33: (0, 2) AM_AVATAR_MOVE Direction: NULL
[Avatar 4] Turn 34: (0, 2) AM_AVATAR_MOVE Direction: NULL
[Avatar 1] Turn 31: (3, 1) AM_AVATAR_MOVE Direction: SOUTH
[Avatar 5] Turn 35: (1, 3) AM_AVATAR_MOVE Direction: WEST
[Avatar 0] Turn 36: (0, 2) AM_AVATAR_MOVE Direction: NULL
[Avatar 2] Turn 38: (0, 2) AM_AVATAR_MOVE Direction: NULL
[Avatar 3] Turn 39: (0, 2) AM_AVATAR_MOVE Direction: NULL

[Avatar 4] Turn 40: (0, 2) AM_AVATAR_MOVE Direction: NULL[Avatar 1] Turn 37: (3, 2) AM_AVATAR_MOVE Direction: SOUTH
[Avatar 5] Turn 41: (0, 3) AM_AVATAR_MOVE Direction: NORTH
[Avatar 0] Turn 42: (0, 2) AM_AVATAR_MOVE Direction: NULL
[Avatar 1] Turn 43: (3, 2) AM_AVATAR_MOVE Direction: EAST
[Avatar 3] Turn 45: (0, 2) AM_AVATAR_MOVE Direction: NULL
[Avatar 4] Turn 46: (0, 2) AM_AVATAR_MOVE Direction: NULL
[Avatar 2] Turn 44: (0, 2) AM_AVATAR_MOVE Direction: NULL
[Avatar 5] Turn 47: (0, 2) AM_AVATAR_MOVE Direction: NULL
[Avatar 0] Turn 48: (0, 2) AM_AVATAR_MOVE Direction: NULL
[Avatar 1] Turn 49: (4, 2) AM_AVATAR_MOVE Direction: NORTH
[Avatar 2] Turn 50: (0, 2) AM_AVATAR_MOVE Direction: NULL

[Avatar 4] Turn 52: (0, 2) AM_AVATAR_MOVE Direction: NULL[Avatar 3] Turn 51: (0, 2) AM_AVATAR_MOVE Direction: NULL
[Avatar 5] Turn 53: (0, 2) AM_AVATAR_MOVE Direction: NULL
[Avatar 0] Turn 54: (0, 2) AM_AVATAR_MOVE Direction: NULL
[Avatar 1] Turn 55: (4, 2) AM_AVATAR_MOVE Direction: SOUTH
[Avatar 2] Turn 56: (0, 2) AM_AVATAR_MOVE Direction: NULL

[Avatar 4] Turn 58: (0, 2) AM_AVATAR_MOVE Direction: NULL[Avatar 3] Turn 57: (0, 2) AM_AVATAR_MOVE Direction: NULL
[Avatar 5] Turn 59: (0, 2) AM_AVATAR_MOVE Direction: NULL
[Avatar 0] Turn 60: (0, 2) AM_AVATAR_MOVE Direction: NULL
[Avatar 1] Turn 61: (4, 3) AM_AVATAR_MOVE Direction: WEST
[Avatar 2] Turn 62: (0, 2) AM_AVATAR_MOVE Direction: NULL

[Avatar 4] Turn 64: (0, 2) AM_AVATAR_MOVE Direction: NULL[Avatar 3] Turn 63: (0, 2) AM_AVATAR_MOVE Direction: NULL
[Avatar 5] Turn 65: (0, 2) AM_AVATAR_MOVE Direction: NULL
[Avatar 0] Turn 66: (0, 2) AM_AVATAR_MOVE Direction: NULL
[Avatar 1] Turn 67: (3, 3) AM_AVATAR_MOVE Direction: WEST
[Avatar 3] Turn 69: (0, 2) AM_AVATAR_MOVE Direction: NULL
[Avatar 2] Turn 68: (0, 2) AM_AVATAR_MOVE Direction: NULL
[Avatar 4] Turn 70: (0, 2) AM_AVATAR_MOVE Direction: NULL
[Avatar 5] Turn 71: (0, 2) AM_AVATAR_MOVE Direction: NULL
[Avatar 0] Turn 72: (0, 2) AM_AVATAR_MOVE Direction: NULL
[Avatar 1] Turn 73: (2, 3) AM_AVATAR_MOVE Direction: SOUTH
[Avatar 4] Turn 76: (0, 2) AM_AVATAR_MOVE Direction: NULL

[Avatar 2] Turn 74: (0, 2) AM_AVATAR_MOVE Direction: NULL[Avatar 3] Turn 75: (0, 2) AM_AVATAR_MOVE Direction: NULL
[Avatar 5] Turn 77: (0, 2) AM_AVATAR_MOVE Direction: NULL
[Avatar 0] Turn 78: (0, 2) AM_AVATAR_MOVE Direction: NULL
[Avatar 1] Turn 79: (2, 4) AM_AVATAR_MOVE Direction: WEST
[Avatar 3] Turn 81: (0, 2) AM_AVATAR_MOVE Direction: NULL
[Avatar 2] Turn 80: (0, 2) AM_AVATAR_MOVE Direction: NULL
[Avatar 4] Turn 82: (0, 2) AM_AVATAR_MOVE Direction: NULL
[Avatar 5] Turn 83: (0, 2) AM_AVATAR_MOVE Direction: NULL
[Avatar 0] Turn 84: (0, 2) AM_AVATAR_MOVE Direction: NULL
[Avatar 1] Turn 85: (1, 4) AM_AVATAR_MOVE Direction: NORTH
[Avatar 2] Turn 86: (0, 2) AM_AVATAR_MOVE Direction: NULL

[Avatar 4] Turn 88: (0, 2) AM_AVATAR_MOVE Direction: NULL[Avatar 3] Turn 87: (0, 2) AM_AVATAR_MOVE Direction: NULL
[Avatar 5] Turn 89: (0, 2) AM_AVATAR_MOVE Direction: NULL
[Avatar 0] Turn 90: (0, 2) AM_AVATAR_MOVE Direction: NULL
[Avatar 1] Turn 91: (1, 3) AM_AVATAR_MOVE Direction: WEST
[Avatar 2] Turn 92: (0, 2) AM_AVATAR_MOVE Direction: NULL

[Avatar 4] Turn 94: (0, 2) AM_AVATAR_MOVE Direction: NULL[Avatar 3] Turn 93: (0, 2) AM_AVATAR_MOVE Direction: NULL
[Avatar 5] Turn 95: (0, 2) AM_AVATAR_MOVE Direction: NULL
[Avatar 0] Turn 96: (0, 2) AM_AVATAR_MOVE Direction: NULL
[Avatar 1] Turn 97: (0, 3) AM_AVATAR_MOVE Direction: NORTH
Maze solved in 98 turns
Hash: 434938953l
