joannezhao, 48251, Wed May 28 20:49:57 EDT 2014


Sent AM_AVATAR_READY signal with AvatarID: 0

Sent AM_AVATAR_READY signal with AvatarID: 2Sent AM_AVATAR_READY signal with AvatarID: 1
[Avatar 0] Turn 0: (8, 9) AM_AVATAR_MOVE Direction: NULL
[Avatar 1] Turn 1: (12, 8) AM_AVATAR_MOVE Direction: WEST
[Avatar 2] Turn 2: (18, 18) AM_AVATAR_MOVE Direction: WEST
[Avatar 0] Turn 3: (8, 9) AM_AVATAR_MOVE Direction: NULL
[Avatar 1] Turn 4: (12, 8) AM_AVATAR_MOVE Direction: SOUTH
[Avatar 2] Turn 5: (17, 18) AM_AVATAR_MOVE Direction: WEST
[Avatar 0] Turn 6: (8, 9) AM_AVATAR_MOVE Direction: NULL
[Avatar 1] Turn 7: (12, 9) AM_AVATAR_MOVE Direction: WEST
[Avatar 2] Turn 8: (17, 18) AM_AVATAR_MOVE Direction: NORTH
[Avatar 0] Turn 9: (8, 9) AM_AVATAR_MOVE Direction: NULL
[Avatar 1] Turn 10: (12, 9) AM_AVATAR_MOVE Direction: SOUTH
[Avatar 2] Turn 11: (17, 18) AM_AVATAR_MOVE Direction: SOUTH
[Avatar 0] Turn 12: (8, 9) AM_AVATAR_MOVE Direction: NULL
[Avatar 1] Turn 13: (12, 9) AM_AVATAR_MOVE Direction: EAST
[Avatar 2] Turn 14: (17, 19) AM_AVATAR_MOVE Direction: WEST
[Avatar 0] Turn 15: (8, 9) AM_AVATAR_MOVE Direction: NULL
[Avatar 1] Turn 16: (13, 9) AM_AVATAR_MOVE Direction: NORTH
[Avatar 2] Turn 17: (16, 19) AM_AVATAR_MOVE Direction: NORTH
[Avatar 0] Turn 18: (8, 9) AM_AVATAR_MOVE Direction: NULL
[Avatar 1] Turn 19: (13, 9) AM_AVATAR_MOVE Direction: SOUTH
[Avatar 2] Turn 20: (16, 18) AM_AVATAR_MOVE Direction: NORTH
[Avatar 0] Turn 21: (8, 9) AM_AVATAR_MOVE Direction: NULL
[Avatar 1] Turn 22: (13, 10) AM_AVATAR_MOVE Direction: WEST
[Avatar 2] Turn 23: (16, 17) AM_AVATAR_MOVE Direction: WEST
[Avatar 0] Turn 24: (8, 9) AM_AVATAR_MOVE Direction: NULL
[Avatar 1] Turn 25: (12, 10) AM_AVATAR_MOVE Direction: WEST
[Avatar 2] Turn 26: (16, 17) AM_AVATAR_MOVE Direction: NORTH
[Avatar 0] Turn 27: (8, 9) AM_AVATAR_MOVE Direction: NULL
[Avatar 1] Turn 28: (12, 10) AM_AVATAR_MOVE Direction: SOUTH
[Avatar 2] Turn 29: (16, 17) AM_AVATAR_MOVE Direction: EAST
[Avatar 0] Turn 30: (8, 9) AM_AVATAR_MOVE Direction: NULL
[Avatar 1] Turn 31: (12, 11) AM_AVATAR_MOVE Direction: WEST
[Avatar 2] Turn 32: (17, 17) AM_AVATAR_MOVE Direction: NORTH
[Avatar 0] Turn 33: (8, 9) AM_AVATAR_MOVE Direction: NULL
[Avatar 1] Turn 34: (11, 11) AM_AVATAR_MOVE Direction: WEST
[Avatar 2] Turn 35: (17, 17) AM_AVATAR_MOVE Direction: EAST
[Avatar 0] Turn 36: (8, 9) AM_AVATAR_MOVE Direction: NULL
[Avatar 1] Turn 37: (10, 11) AM_AVATAR_MOVE Direction: WEST
[Avatar 2] Turn 38: (17, 17) AM_AVATAR_MOVE Direction: WEST
[Avatar 0] Turn 39: (8, 9) AM_AVATAR_MOVE Direction: NULL
[Avatar 1] Turn 40: (10, 11) AM_AVATAR_MOVE Direction: NORTH
[Avatar 2] Turn 41: (16, 17) AM_AVATAR_MOVE Direction: SOUTH
[Avatar 0] Turn 42: (8, 9) AM_AVATAR_MOVE Direction: NULL
[Avatar 1] Turn 43: (10, 10) AM_AVATAR_MOVE Direction: WEST
[Avatar 2] Turn 44: (16, 18) AM_AVATAR_MOVE Direction: WEST
[Avatar 0] Turn 45: (8, 9) AM_AVATAR_MOVE Direction: NULL
[Avatar 1] Turn 46: (10, 10) AM_AVATAR_MOVE Direction: NORTH
[Avatar 2] Turn 47: (16, 18) AM_AVATAR_MOVE Direction: SOUTH
[Avatar 0] Turn 48: (8, 9) AM_AVATAR_MOVE Direction: NULL
[Avatar 1] Turn 49: (10, 9) AM_AVATAR_MOVE Direction: WEST
[Avatar 2] Turn 50: (16, 19) AM_AVATAR_MOVE Direction: WEST
[Avatar 0] Turn 51: (8, 9) AM_AVATAR_MOVE Direction: NULL
[Avatar 1] Turn 52: (9, 9) AM_AVATAR_MOVE Direction: WEST
[Avatar 2] Turn 53: (16, 19) AM_AVATAR_MOVE Direction: SOUTH
[Avatar 0] Turn 54: (8, 9) AM_AVATAR_MOVE Direction: NULL
[Avatar 1] Turn 55: (9, 9) AM_AVATAR_MOVE Direction: NORTH
[Avatar 2] Turn 56: (16, 19) AM_AVATAR_MOVE Direction: EAST
[Avatar 0] Turn 57: (8, 9) AM_AVATAR_MOVE Direction: NULL
[Avatar 1] Turn 58: (9, 8) AM_AVATAR_MOVE Direction: WEST
[Avatar 2] Turn 59: (17, 19) AM_AVATAR_MOVE Direction: EAST
[Avatar 0] Turn 60: (8, 9) AM_AVATAR_MOVE Direction: NULL
[Avatar 1] Turn 61: (9, 8) AM_AVATAR_MOVE Direction: NORTH
[Avatar 2] Turn 62: (18, 19) AM_AVATAR_MOVE Direction: SOUTH
[Avatar 0] Turn 63: (8, 9) AM_AVATAR_MOVE Direction: NULL
[Avatar 1] Turn 64: (9, 8) AM_AVATAR_MOVE Direction: EAST
[Avatar 2] Turn 65: (18, 19) AM_AVATAR_MOVE Direction: EAST
[Avatar 0] Turn 66: (8, 9) AM_AVATAR_MOVE Direction: NULL
[Avatar 1] Turn 67: (10, 8) AM_AVATAR_MOVE Direction: NORTH
[Avatar 2] Turn 68: (19, 19) AM_AVATAR_MOVE Direction: NORTH
[Avatar 0] Turn 69: (8, 9) AM_AVATAR_MOVE Direction: NULL
[Avatar 1] Turn 70: (10, 7) AM_AVATAR_MOVE Direction: WEST
[Avatar 2] Turn 71: (19, 18) AM_AVATAR_MOVE Direction: NORTH
[Avatar 0] Turn 72: (8, 9) AM_AVATAR_MOVE Direction: NULL
[Avatar 1] Turn 73: (9, 7) AM_AVATAR_MOVE Direction: WEST
[Avatar 2] Turn 74: (19, 17) AM_AVATAR_MOVE Direction: WEST
[Avatar 0] Turn 75: (8, 9) AM_AVATAR_MOVE Direction: NULL
[Avatar 1] Turn 76: (9, 7) AM_AVATAR_MOVE Direction: NORTH
[Avatar 2] Turn 77: (19, 17) AM_AVATAR_MOVE Direction: NORTH
[Avatar 0] Turn 78: (8, 9) AM_AVATAR_MOVE Direction: NULL
[Avatar 1] Turn 79: (9, 6) AM_AVATAR_MOVE Direction: WEST
[Avatar 2] Turn 80: (19, 16) AM_AVATAR_MOVE Direction: WEST
[Avatar 0] Turn 81: (8, 9) AM_AVATAR_MOVE Direction: NULL
[Avatar 1] Turn 82: (9, 6) AM_AVATAR_MOVE Direction: EAST
[Avatar 2] Turn 83: (19, 16) AM_AVATAR_MOVE Direction: NORTH
[Avatar 0] Turn 84: (8, 9) AM_AVATAR_MOVE Direction: NULL
[Avatar 1] Turn 85: (10, 6) AM_AVATAR_MOVE Direction: EAST
[Avatar 2] Turn 86: (19, 15) AM_AVATAR_MOVE Direction: WEST
[Avatar 0] Turn 87: (8, 9) AM_AVATAR_MOVE Direction: NULL
[Avatar 1] Turn 88: (11, 6) AM_AVATAR_MOVE Direction: SOUTH
[Avatar 2] Turn 89: (19, 15) AM_AVATAR_MOVE Direction: NORTH
[Avatar 0] Turn 90: (8, 9) AM_AVATAR_MOVE Direction: NULL
[Avatar 1] Turn 91: (11, 7) AM_AVATAR_MOVE Direction: SOUTH
[Avatar 2] Turn 92: (19, 14) AM_AVATAR_MOVE Direction: WEST
[Avatar 0] Turn 93: (8, 9) AM_AVATAR_MOVE Direction: NULL
[Avatar 1] Turn 94: (11, 8) AM_AVATAR_MOVE Direction: SOUTH
[Avatar 2] Turn 95: (19, 14) AM_AVATAR_MOVE Direction: NORTH
[Avatar 0] Turn 96: (8, 9) AM_AVATAR_MOVE Direction: NULL
[Avatar 1] Turn 97: (11, 9) AM_AVATAR_MOVE Direction: SOUTH
[Avatar 2] Turn 98: (19, 13) AM_AVATAR_MOVE Direction: WEST
[Avatar 0] Turn 99: (8, 9) AM_AVATAR_MOVE Direction: NULL
[Avatar 1] Turn 100: (11, 10) AM_AVATAR_MOVE Direction: WEST
[Avatar 2] Turn 101: (18, 13) AM_AVATAR_MOVE Direction: WEST
[Avatar 0] Turn 102: (8, 9) AM_AVATAR_MOVE Direction: NULL
[Avatar 1] Turn 103: (11, 10) AM_AVATAR_MOVE Direction: NORTH
[Avatar 2] Turn 104: (18, 13) AM_AVATAR_MOVE Direction: NORTH
[Avatar 0] Turn 105: (8, 9) AM_AVATAR_MOVE Direction: NULL
[Avatar 1] Turn 106: (11, 9) AM_AVATAR_MOVE Direction: WEST
[Avatar 2] Turn 107: (18, 12) AM_AVATAR_MOVE Direction: WEST
[Avatar 0] Turn 108: (8, 9) AM_AVATAR_MOVE Direction: NULL
[Avatar 1] Turn 109: (11, 9) AM_AVATAR_MOVE Direction: NORTH
[Avatar 2] Turn 110: (18, 12) AM_AVATAR_MOVE Direction: NORTH
[Avatar 0] Turn 111: (8, 9) AM_AVATAR_MOVE Direction: NULL
[Avatar 1] Turn 112: (11, 8) AM_AVATAR_MOVE Direction: WEST
[Avatar 2] Turn 113: (18, 11) AM_AVATAR_MOVE Direction: WEST
[Avatar 0] Turn 114: (8, 9) AM_AVATAR_MOVE Direction: NULL
[Avatar 1] Turn 115: (11, 8) AM_AVATAR_MOVE Direction: NORTH
[Avatar 2] Turn 116: (17, 11) AM_AVATAR_MOVE Direction: WEST
[Avatar 0] Turn 117: (8, 9) AM_AVATAR_MOVE Direction: NULL
[Avatar 1] Turn 118: (11, 7) AM_AVATAR_MOVE Direction: EAST
[Avatar 2] Turn 119: (16, 11) AM_AVATAR_MOVE Direction: WEST
[Avatar 0] Turn 120: (8, 9) AM_AVATAR_MOVE Direction: NULL
[Avatar 1] Turn 121: (12, 7) AM_AVATAR_MOVE Direction: NORTH
[Avatar 2] Turn 122: (16, 11) AM_AVATAR_MOVE Direction: NORTH
[Avatar 0] Turn 123: (8, 9) AM_AVATAR_MOVE Direction: NULL
[Avatar 1] Turn 124: (12, 7) AM_AVATAR_MOVE Direction: EAST
[Avatar 2] Turn 125: (16, 10) AM_AVATAR_MOVE Direction: WEST
[Avatar 0] Turn 126: (8, 9) AM_AVATAR_MOVE Direction: NULL
[Avatar 1] Turn 127: (13, 7) AM_AVATAR_MOVE Direction: SOUTH
[Avatar 2] Turn 128: (15, 10) AM_AVATAR_MOVE Direction: WEST
[Avatar 0] Turn 129: (8, 9) AM_AVATAR_MOVE Direction: NULL
[Avatar 1] Turn 130: (13, 7) AM_AVATAR_MOVE Direction: NORTH
[Avatar 2] Turn 131: (14, 10) AM_AVATAR_MOVE Direction: WEST
[Avatar 0] Turn 132: (8, 9) AM_AVATAR_MOVE Direction: NULL
[Avatar 1] Turn 133: (13, 6) AM_AVATAR_MOVE Direction: WEST
[Avatar 2] Turn 134: (14, 10) AM_AVATAR_MOVE Direction: NORTH
[Avatar 0] Turn 135: (8, 9) AM_AVATAR_MOVE Direction: NULL
[Avatar 1] Turn 136: (12, 6) AM_AVATAR_MOVE Direction: NORTH
[Avatar 2] Turn 137: (14, 9) AM_AVATAR_MOVE Direction: WEST
[Avatar 0] Turn 138: (8, 9) AM_AVATAR_MOVE Direction: NULL
[Avatar 1] Turn 139: (12, 5) AM_AVATAR_MOVE Direction: WEST
[Avatar 2] Turn 140: (14, 9) AM_AVATAR_MOVE Direction: NORTH
[Avatar 0] Turn 141: (8, 9) AM_AVATAR_MOVE Direction: NULL
[Avatar 1] Turn 142: (12, 5) AM_AVATAR_MOVE Direction: NORTH
[Avatar 2] Turn 143: (14, 9) AM_AVATAR_MOVE Direction: EAST
[Avatar 0] Turn 144: (8, 9) AM_AVATAR_MOVE Direction: NULL
[Avatar 1] Turn 145: (12, 5) AM_AVATAR_MOVE Direction: EAST
[Avatar 2] Turn 146: (15, 9) AM_AVATAR_MOVE Direction: NORTH
[Avatar 0] Turn 147: (8, 9) AM_AVATAR_MOVE Direction: NULL
[Avatar 1] Turn 148: (13, 5) AM_AVATAR_MOVE Direction: NORTH
[Avatar 2] Turn 149: (15, 8) AM_AVATAR_MOVE Direction: WEST
[Avatar 0] Turn 150: (8, 9) AM_AVATAR_MOVE Direction: NULL
[Avatar 1] Turn 151: (13, 5) AM_AVATAR_MOVE Direction: EAST
[Avatar 2] Turn 152: (15, 8) AM_AVATAR_MOVE Direction: NORTH
[Avatar 0] Turn 153: (8, 9) AM_AVATAR_MOVE Direction: NULL
[Avatar 1] Turn 154: (13, 5) AM_AVATAR_MOVE Direction: WEST
[Avatar 2] Turn 155: (15, 8) AM_AVATAR_MOVE Direction: EAST
[Avatar 0] Turn 156: (8, 9) AM_AVATAR_MOVE Direction: NULL
[Avatar 1] Turn 157: (12, 5) AM_AVATAR_MOVE Direction: SOUTH
[Avatar 2] Turn 158: (16, 8) AM_AVATAR_MOVE Direction: SOUTH
[Avatar 0] Turn 159: (8, 9) AM_AVATAR_MOVE Direction: NULL
[Avatar 1] Turn 160: (12, 6) AM_AVATAR_MOVE Direction: WEST
[Avatar 2] Turn 161: (16, 9) AM_AVATAR_MOVE Direction: EAST
[Avatar 0] Turn 162: (8, 9) AM_AVATAR_MOVE Direction: NULL
[Avatar 1] Turn 163: (12, 6) AM_AVATAR_MOVE Direction: EAST
[Avatar 2] Turn 164: (17, 9) AM_AVATAR_MOVE Direction: NORTH
[Avatar 0] Turn 165: (8, 9) AM_AVATAR_MOVE Direction: NULL
[Avatar 1] Turn 166: (13, 6) AM_AVATAR_MOVE Direction: EAST
[Avatar 2] Turn 167: (17, 8) AM_AVATAR_MOVE Direction: NORTH
[Avatar 0] Turn 168: (8, 9) AM_AVATAR_MOVE Direction: NULL
[Avatar 1] Turn 169: (13, 6) AM_AVATAR_MOVE Direction: NORTH
[Avatar 2] Turn 170: (17, 8) AM_AVATAR_MOVE Direction: EAST
[Avatar 0] Turn 171: (8, 9) AM_AVATAR_MOVE Direction: NULL
[Avatar 1] Turn 172: (13, 6) AM_AVATAR_MOVE Direction: SOUTH
[Avatar 2] Turn 173: (18, 8) AM_AVATAR_MOVE Direction: SOUTH
[Avatar 0] Turn 174: (8, 9) AM_AVATAR_MOVE Direction: NULL
[Avatar 1] Turn 175: (13, 7) AM_AVATAR_MOVE Direction: EAST
[Avatar 2] Turn 176: (18, 9) AM_AVATAR_MOVE Direction: SOUTH
[Avatar 0] Turn 177: (8, 9) AM_AVATAR_MOVE Direction: NULL
[Avatar 1] Turn 178: (13, 7) AM_AVATAR_MOVE Direction: WEST
[Avatar 2] Turn 179: (18, 9) AM_AVATAR_MOVE Direction: EAST
[Avatar 0] Turn 180: (8, 9) AM_AVATAR_MOVE Direction: NULL
[Avatar 1] Turn 181: (12, 7) AM_AVATAR_MOVE Direction: WEST
[Avatar 2] Turn 182: (19, 9) AM_AVATAR_MOVE Direction: NORTH
[Avatar 0] Turn 183: (8, 9) AM_AVATAR_MOVE Direction: NULL
[Avatar 1] Turn 184: (11, 7) AM_AVATAR_MOVE Direction: WEST
[Avatar 2] Turn 185: (19, 8) AM_AVATAR_MOVE Direction: NORTH
[Avatar 0] Turn 186: (8, 9) AM_AVATAR_MOVE Direction: NULL
[Avatar 1] Turn 187: (11, 7) AM_AVATAR_MOVE Direction: NORTH
[Avatar 2] Turn 188: (19, 7) AM_AVATAR_MOVE Direction: WEST
[Avatar 0] Turn 189: (8, 9) AM_AVATAR_MOVE Direction: NULL
[Avatar 1] Turn 190: (11, 6) AM_AVATAR_MOVE Direction: NORTH
[Avatar 2] Turn 191: (18, 7) AM_AVATAR_MOVE Direction: WEST
[Avatar 0] Turn 192: (8, 9) AM_AVATAR_MOVE Direction: NULL
[Avatar 1] Turn 193: (11, 6) AM_AVATAR_MOVE Direction: WEST
[Avatar 2] Turn 194: (17, 7) AM_AVATAR_MOVE Direction: WEST
[Avatar 0] Turn 195: (8, 9) AM_AVATAR_MOVE Direction: NULL
[Avatar 1] Turn 196: (10, 6) AM_AVATAR_MOVE Direction: NORTH
[Avatar 2] Turn 197: (17, 7) AM_AVATAR_MOVE Direction: NORTH
[Avatar 0] Turn 198: (8, 9) AM_AVATAR_MOVE Direction: NULL
[Avatar 1] Turn 199: (10, 6) AM_AVATAR_MOVE Direction: WEST
[Avatar 2] Turn 200: (17, 6) AM_AVATAR_MOVE Direction: WEST
[Avatar 0] Turn 201: (8, 9) AM_AVATAR_MOVE Direction: NULL
[Avatar 1] Turn 202: (9, 6) AM_AVATAR_MOVE Direction: NORTH
[Avatar 2] Turn 203: (16, 6) AM_AVATAR_MOVE Direction: WEST
[Avatar 0] Turn 204: (8, 9) AM_AVATAR_MOVE Direction: NULL
[Avatar 1] Turn 205: (9, 6) AM_AVATAR_MOVE Direction: SOUTH
[Avatar 2] Turn 206: (16, 6) AM_AVATAR_MOVE Direction: SOUTH
[Avatar 0] Turn 207: (8, 9) AM_AVATAR_MOVE Direction: NULL
[Avatar 1] Turn 208: (9, 7) AM_AVATAR_MOVE Direction: EAST
[Avatar 2] Turn 209: (16, 7) AM_AVATAR_MOVE Direction: WEST
[Avatar 0] Turn 210: (8, 9) AM_AVATAR_MOVE Direction: NULL
[Avatar 1] Turn 211: (10, 7) AM_AVATAR_MOVE Direction: SOUTH
[Avatar 2] Turn 212: (15, 7) AM_AVATAR_MOVE Direction: WEST
[Avatar 0] Turn 213: (8, 9) AM_AVATAR_MOVE Direction: NULL
[Avatar 1] Turn 214: (10, 8) AM_AVATAR_MOVE Direction: WEST
[Avatar 2] Turn 215: (15, 7) AM_AVATAR_MOVE Direction: NORTH
[Avatar 0] Turn 216: (8, 9) AM_AVATAR_MOVE Direction: NULL
[Avatar 1] Turn 217: (9, 8) AM_AVATAR_MOVE Direction: SOUTH
[Avatar 2] Turn 218: (15, 6) AM_AVATAR_MOVE Direction: WEST
[Avatar 0] Turn 219: (8, 9) AM_AVATAR_MOVE Direction: NULL
[Avatar 1] Turn 220: (9, 9) AM_AVATAR_MOVE Direction: SOUTH
[Avatar 2] Turn 221: (15, 6) AM_AVATAR_MOVE Direction: NORTH
[Avatar 0] Turn 222: (8, 9) AM_AVATAR_MOVE Direction: NULL
[Avatar 1] Turn 223: (9, 10) AM_AVATAR_MOVE Direction: WEST
[Avatar 2] Turn 224: (15, 5) AM_AVATAR_MOVE Direction: WEST
[Avatar 0] Turn 225: (8, 9) AM_AVATAR_MOVE Direction: NULL
[Avatar 1] Turn 226: (9, 10) AM_AVATAR_MOVE Direction: SOUTH
[Avatar 2] Turn 227: (15, 5) AM_AVATAR_MOVE Direction: NORTH
[Avatar 0] Turn 228: (8, 9) AM_AVATAR_MOVE Direction: NULL
[Avatar 1] Turn 229: (9, 10) AM_AVATAR_MOVE Direction: NORTH
[Avatar 2] Turn 230: (15, 4) AM_AVATAR_MOVE Direction: WEST
[Avatar 0] Turn 231: (8, 9) AM_AVATAR_MOVE Direction: NULL
[Avatar 1] Turn 232: (9, 9) AM_AVATAR_MOVE Direction: EAST
[Avatar 2] Turn 233: (14, 4) AM_AVATAR_MOVE Direction: WEST
[Avatar 0] Turn 234: (8, 9) AM_AVATAR_MOVE Direction: NULL
[Avatar 1] Turn 235: (10, 9) AM_AVATAR_MOVE Direction: SOUTH
[Avatar 2] Turn 236: (14, 4) AM_AVATAR_MOVE Direction: SOUTH
[Avatar 0] Turn 237: (8, 9) AM_AVATAR_MOVE Direction: NULL
[Avatar 1] Turn 238: (10, 10) AM_AVATAR_MOVE Direction: SOUTH
[Avatar 2] Turn 239: (14, 5) AM_AVATAR_MOVE Direction: SOUTH
[Avatar 0] Turn 240: (8, 9) AM_AVATAR_MOVE Direction: NULL
[Avatar 1] Turn 241: (10, 11) AM_AVATAR_MOVE Direction: SOUTH
[Avatar 2] Turn 242: (14, 6) AM_AVATAR_MOVE Direction: SOUTH
[Avatar 0] Turn 243: (8, 9) AM_AVATAR_MOVE Direction: NULL
[Avatar 1] Turn 244: (10, 11) AM_AVATAR_MOVE Direction: EAST
[Avatar 2] Turn 245: (14, 7) AM_AVATAR_MOVE Direction: SOUTH
[Avatar 0] Turn 246: (8, 9) AM_AVATAR_MOVE Direction: NULL
[Avatar 1] Turn 247: (11, 11) AM_AVATAR_MOVE Direction: SOUTH
[Avatar 2] Turn 248: (14, 8) AM_AVATAR_MOVE Direction: WEST
[Avatar 0] Turn 249: (8, 9) AM_AVATAR_MOVE Direction: NULL
[Avatar 1] Turn 250: (11, 12) AM_AVATAR_MOVE Direction: WEST
[Avatar 2] Turn 251: (13, 8) AM_AVATAR_MOVE Direction: WEST
[Avatar 0] Turn 252: (8, 9) AM_AVATAR_MOVE Direction: NULL
[Avatar 1] Turn 253: (11, 12) AM_AVATAR_MOVE Direction: SOUTH
[Avatar 2] Turn 254: (12, 8) AM_AVATAR_MOVE Direction: SOUTH
[Avatar 0] Turn 255: (8, 9) AM_AVATAR_MOVE Direction: NULL
[Avatar 1] Turn 256: (11, 12) AM_AVATAR_MOVE Direction: EAST
[Avatar 2] Turn 257: (12, 9) AM_AVATAR_MOVE Direction: EAST
[Avatar 0] Turn 258: (8, 9) AM_AVATAR_MOVE Direction: NULL
[Avatar 1] Turn 259: (11, 12) AM_AVATAR_MOVE Direction: NORTH
[Avatar 2] Turn 260: (13, 9) AM_AVATAR_MOVE Direction: SOUTH
[Avatar 0] Turn 261: (8, 9) AM_AVATAR_MOVE Direction: NULL
[Avatar 1] Turn 262: (11, 11) AM_AVATAR_MOVE Direction: NORTH
[Avatar 2] Turn 263: (13, 10) AM_AVATAR_MOVE Direction: WEST
[Avatar 0] Turn 264: (8, 9) AM_AVATAR_MOVE Direction: NULL
[Avatar 1] Turn 265: (11, 11) AM_AVATAR_MOVE Direction: EAST
[Avatar 2] Turn 266: (12, 10) AM_AVATAR_MOVE Direction: SOUTH
[Avatar 0] Turn 267: (8, 9) AM_AVATAR_MOVE Direction: NULL
[Avatar 1] Turn 268: (12, 11) AM_AVATAR_MOVE Direction: SOUTH
[Avatar 2] Turn 269: (12, 11) AM_AVATAR_MOVE Direction: WEST
[Avatar 0] Turn 270: (8, 9) AM_AVATAR_MOVE Direction: NULL
[Avatar 1] Turn 271: (12, 11) AM_AVATAR_MOVE Direction: EAST
[Avatar 2] Turn 272: (11, 11) AM_AVATAR_MOVE Direction: WEST
[Avatar 0] Turn 273: (8, 9) AM_AVATAR_MOVE Direction: NULL
[Avatar 1] Turn 274: (13, 11) AM_AVATAR_MOVE Direction: SOUTH
[Avatar 2] Turn 275: (10, 11) AM_AVATAR_MOVE Direction: NORTH
[Avatar 0] Turn 276: (8, 9) AM_AVATAR_MOVE Direction: NULL
[Avatar 1] Turn 277: (13, 11) AM_AVATAR_MOVE Direction: EAST
[Avatar 2] Turn 278: (10, 10) AM_AVATAR_MOVE Direction: NORTH
[Avatar 0] Turn 279: (8, 9) AM_AVATAR_MOVE Direction: NULL
[Avatar 1] Turn 280: (14, 11) AM_AVATAR_MOVE Direction: NORTH
[Avatar 2] Turn 281: (10, 9) AM_AVATAR_MOVE Direction: WEST
[Avatar 0] Turn 282: (8, 9) AM_AVATAR_MOVE Direction: NULL
[Avatar 1] Turn 283: (14, 11) AM_AVATAR_MOVE Direction: SOUTH
[Avatar 2] Turn 284: (9, 9) AM_AVATAR_MOVE Direction: NORTH
[Avatar 0] Turn 285: (8, 9) AM_AVATAR_MOVE Direction: NULL
[Avatar 1] Turn 286: (14, 11) AM_AVATAR_MOVE Direction: EAST
[Avatar 2] Turn 287: (9, 8) AM_AVATAR_MOVE Direction: EAST
[Avatar 0] Turn 288: (8, 9) AM_AVATAR_MOVE Direction: NULL
[Avatar 1] Turn 289: (15, 11) AM_AVATAR_MOVE Direction: NORTH
[Avatar 2] Turn 290: (10, 8) AM_AVATAR_MOVE Direction: NORTH
[Avatar 0] Turn 291: (8, 9) AM_AVATAR_MOVE Direction: NULL
[Avatar 1] Turn 292: (15, 11) AM_AVATAR_MOVE Direction: SOUTH
[Avatar 2] Turn 293: (10, 7) AM_AVATAR_MOVE Direction: WEST
[Avatar 0] Turn 294: (8, 9) AM_AVATAR_MOVE Direction: NULL
[Avatar 1] Turn 295: (15, 12) AM_AVATAR_MOVE Direction: WEST
[Avatar 2] Turn 296: (9, 7) AM_AVATAR_MOVE Direction: NORTH
[Avatar 0] Turn 297: (8, 9) AM_AVATAR_MOVE Direction: NULL
[Avatar 1] Turn 298: (15, 12) AM_AVATAR_MOVE Direction: SOUTH
[Avatar 2] Turn 299: (9, 6) AM_AVATAR_MOVE Direction: EAST
[Avatar 0] Turn 300: (8, 9) AM_AVATAR_MOVE Direction: NULL
[Avatar 1] Turn 301: (15, 13) AM_AVATAR_MOVE Direction: WEST
[Avatar 2] Turn 302: (10, 6) AM_AVATAR_MOVE Direction: EAST
[Avatar 0] Turn 303: (8, 9) AM_AVATAR_MOVE Direction: NULL
[Avatar 1] Turn 304: (14, 13) AM_AVATAR_MOVE Direction: WEST
[Avatar 2] Turn 305: (11, 6) AM_AVATAR_MOVE Direction: SOUTH
[Avatar 0] Turn 306: (8, 9) AM_AVATAR_MOVE Direction: NULL
[Avatar 1] Turn 307: (14, 13) AM_AVATAR_MOVE Direction: NORTH
[Avatar 2] Turn 308: (11, 7) AM_AVATAR_MOVE Direction: SOUTH
[Avatar 0] Turn 309: (8, 9) AM_AVATAR_MOVE Direction: NULL
[Avatar 1] Turn 310: (14, 12) AM_AVATAR_MOVE Direction: WEST
[Avatar 2] Turn 311: (11, 8) AM_AVATAR_MOVE Direction: SOUTH
[Avatar 0] Turn 312: (8, 9) AM_AVATAR_MOVE Direction: NULL
[Avatar 1] Turn 313: (14, 12) AM_AVATAR_MOVE Direction: SOUTH
[Avatar 2] Turn 314: (11, 9) AM_AVATAR_MOVE Direction: SOUTH
[Avatar 0] Turn 315: (8, 9) AM_AVATAR_MOVE Direction: NULL
[Avatar 1] Turn 316: (14, 13) AM_AVATAR_MOVE Direction: SOUTH
[Avatar 2] Turn 317: (11, 10) AM_AVATAR_MOVE Direction: NORTH
[Avatar 0] Turn 318: (8, 9) AM_AVATAR_MOVE Direction: NULL
[Avatar 1] Turn 319: (14, 13) AM_AVATAR_MOVE Direction: EAST
[Avatar 2] Turn 320: (11, 9) AM_AVATAR_MOVE Direction: NORTH
[Avatar 0] Turn 321: (8, 9) AM_AVATAR_MOVE Direction: NULL
[Avatar 1] Turn 322: (15, 13) AM_AVATAR_MOVE Direction: SOUTH
[Avatar 2] Turn 323: (11, 8) AM_AVATAR_MOVE Direction: NORTH
[Avatar 0] Turn 324: (8, 9) AM_AVATAR_MOVE Direction: NULL
[Avatar 1] Turn 325: (15, 13) AM_AVATAR_MOVE Direction: EAST
[Avatar 2] Turn 326: (11, 7) AM_AVATAR_MOVE Direction: EAST
[Avatar 0] Turn 327: (8, 9) AM_AVATAR_MOVE Direction: NULL
[Avatar 1] Turn 328: (15, 13) AM_AVATAR_MOVE Direction: NORTH
[Avatar 2] Turn 329: (12, 7) AM_AVATAR_MOVE Direction: EAST
[Avatar 0] Turn 330: (8, 9) AM_AVATAR_MOVE Direction: NULL
[Avatar 1] Turn 331: (15, 12) AM_AVATAR_MOVE Direction: EAST
[Avatar 2] Turn 332: (13, 7) AM_AVATAR_MOVE Direction: NORTH
[Avatar 0] Turn 333: (8, 9) AM_AVATAR_MOVE Direction: NULL
[Avatar 1] Turn 334: (15, 12) AM_AVATAR_MOVE Direction: NORTH
[Avatar 2] Turn 335: (13, 6) AM_AVATAR_MOVE Direction: WEST
[Avatar 0] Turn 336: (8, 9) AM_AVATAR_MOVE Direction: NULL
[Avatar 1] Turn 337: (15, 11) AM_AVATAR_MOVE Direction: WEST
[Avatar 2] Turn 338: (12, 6) AM_AVATAR_MOVE Direction: NORTH
[Avatar 0] Turn 339: (8, 9) AM_AVATAR_MOVE Direction: NULL
[Avatar 1] Turn 340: (14, 11) AM_AVATAR_MOVE Direction: WEST
[Avatar 2] Turn 341: (12, 5) AM_AVATAR_MOVE Direction: EAST
[Avatar 0] Turn 342: (8, 9) AM_AVATAR_MOVE Direction: NULL
[Avatar 1] Turn 343: (13, 11) AM_AVATAR_MOVE Direction: WEST
[Avatar 2] Turn 344: (13, 5) AM_AVATAR_MOVE Direction: WEST
[Avatar 0] Turn 345: (8, 9) AM_AVATAR_MOVE Direction: NULL
[Avatar 1] Turn 346: (12, 11) AM_AVATAR_MOVE Direction: NORTH
[Avatar 2] Turn 347: (12, 5) AM_AVATAR_MOVE Direction: SOUTH
[Avatar 0] Turn 348: (8, 9) AM_AVATAR_MOVE Direction: NULL
[Avatar 1] Turn 349: (12, 10) AM_AVATAR_MOVE Direction: EAST
[Avatar 2] Turn 350: (12, 6) AM_AVATAR_MOVE Direction: EAST
[Avatar 0] Turn 351: (8, 9) AM_AVATAR_MOVE Direction: NULL
[Avatar 1] Turn 352: (13, 10) AM_AVATAR_MOVE Direction: NORTH
[Avatar 2] Turn 353: (13, 6) AM_AVATAR_MOVE Direction: SOUTH
[Avatar 0] Turn 354: (8, 9) AM_AVATAR_MOVE Direction: NULL
[Avatar 1] Turn 355: (13, 9) AM_AVATAR_MOVE Direction: WEST
[Avatar 2] Turn 356: (13, 7) AM_AVATAR_MOVE Direction: WEST
[Avatar 0] Turn 357: (8, 9) AM_AVATAR_MOVE Direction: NULL
[Avatar 1] Turn 358: (12, 9) AM_AVATAR_MOVE Direction: NORTH
[Avatar 2] Turn 359: (12, 7) AM_AVATAR_MOVE Direction: WEST
[Avatar 0] Turn 360: (8, 9) AM_AVATAR_MOVE Direction: NULL
[Avatar 1] Turn 361: (12, 8) AM_AVATAR_MOVE Direction: EAST
[Avatar 2] Turn 362: (11, 7) AM_AVATAR_MOVE Direction: NORTH
[Avatar 0] Turn 363: (8, 9) AM_AVATAR_MOVE Direction: NULL
[Avatar 1] Turn 364: (13, 8) AM_AVATAR_MOVE Direction: EAST
[Avatar 2] Turn 365: (11, 6) AM_AVATAR_MOVE Direction: WEST
[Avatar 0] Turn 366: (8, 9) AM_AVATAR_MOVE Direction: NULL
[Avatar 1] Turn 367: (14, 8) AM_AVATAR_MOVE Direction: NORTH
[Avatar 2] Turn 368: (10, 6) AM_AVATAR_MOVE Direction: WEST
[Avatar 0] Turn 369: (8, 9) AM_AVATAR_MOVE Direction: NULL
[Avatar 1] Turn 370: (14, 7) AM_AVATAR_MOVE Direction: NORTH
[Avatar 2] Turn 371: (9, 6) AM_AVATAR_MOVE Direction: SOUTH
[Avatar 0] Turn 372: (8, 9) AM_AVATAR_MOVE Direction: NULL
[Avatar 1] Turn 373: (14, 6) AM_AVATAR_MOVE Direction: NORTH
[Avatar 2] Turn 374: (9, 7) AM_AVATAR_MOVE Direction: EAST
[Avatar 0] Turn 375: (8, 9) AM_AVATAR_MOVE Direction: NULL
[Avatar 1] Turn 376: (14, 5) AM_AVATAR_MOVE Direction: NORTH
[Avatar 2] Turn 377: (10, 7) AM_AVATAR_MOVE Direction: SOUTH
[Avatar 0] Turn 378: (8, 9) AM_AVATAR_MOVE Direction: NULL
[Avatar 1] Turn 379: (14, 4) AM_AVATAR_MOVE Direction: NORTH
[Avatar 2] Turn 380: (10, 8) AM_AVATAR_MOVE Direction: WEST
[Avatar 0] Turn 381: (8, 9) AM_AVATAR_MOVE Direction: NULL
[Avatar 1] Turn 382: (14, 4) AM_AVATAR_MOVE Direction: EAST
[Avatar 2] Turn 383: (9, 8) AM_AVATAR_MOVE Direction: SOUTH
[Avatar 0] Turn 384: (8, 9) AM_AVATAR_MOVE Direction: NULL
[Avatar 1] Turn 385: (15, 4) AM_AVATAR_MOVE Direction: SOUTH
[Avatar 2] Turn 386: (9, 9) AM_AVATAR_MOVE Direction: SOUTH
[Avatar 0] Turn 387: (8, 9) AM_AVATAR_MOVE Direction: NULL
[Avatar 1] Turn 388: (15, 5) AM_AVATAR_MOVE Direction: SOUTH
[Avatar 2] Turn 389: (9, 10) AM_AVATAR_MOVE Direction: NORTH
[Avatar 0] Turn 390: (8, 9) AM_AVATAR_MOVE Direction: NULL
[Avatar 1] Turn 391: (15, 6) AM_AVATAR_MOVE Direction: SOUTH
[Avatar 2] Turn 392: (9, 9) AM_AVATAR_MOVE Direction: SOUTH
[Avatar 0] Turn 393: (8, 9) AM_AVATAR_MOVE Direction: NULL
[Avatar 1] Turn 394: (15, 7) AM_AVATAR_MOVE Direction: EAST
[Avatar 2] Turn 395: (9, 10) AM_AVATAR_MOVE Direction: NORTH
[Avatar 0] Turn 396: (8, 9) AM_AVATAR_MOVE Direction: NULL
[Avatar 1] Turn 397: (16, 7) AM_AVATAR_MOVE Direction: SOUTH
[Avatar 2] Turn 398: (9, 9) AM_AVATAR_MOVE Direction: EAST
[Avatar 0] Turn 399: (8, 9) AM_AVATAR_MOVE Direction: NULL
[Avatar 1] Turn 400: (16, 7) AM_AVATAR_MOVE Direction: NORTH
[Avatar 2] Turn 401: (10, 9) AM_AVATAR_MOVE Direction: SOUTH
[Avatar 0] Turn 402: (8, 9) AM_AVATAR_MOVE Direction: NULL
[Avatar 1] Turn 403: (16, 6) AM_AVATAR_MOVE Direction: NORTH
[Avatar 2] Turn 404: (10, 10) AM_AVATAR_MOVE Direction: SOUTH
[Avatar 0] Turn 405: (8, 9) AM_AVATAR_MOVE Direction: NULL
[Avatar 1] Turn 406: (16, 6) AM_AVATAR_MOVE Direction: EAST
[Avatar 2] Turn 407: (10, 11) AM_AVATAR_MOVE Direction: EAST
[Avatar 0] Turn 408: (8, 9) AM_AVATAR_MOVE Direction: NULL
[Avatar 1] Turn 409: (17, 6) AM_AVATAR_MOVE Direction: SOUTH
[Avatar 2] Turn 410: (11, 11) AM_AVATAR_MOVE Direction: SOUTH
[Avatar 0] Turn 411: (8, 9) AM_AVATAR_MOVE Direction: NULL
[Avatar 1] Turn 412: (17, 7) AM_AVATAR_MOVE Direction: EAST
[Avatar 2] Turn 413: (11, 12) AM_AVATAR_MOVE Direction: NORTH
[Avatar 0] Turn 414: (8, 9) AM_AVATAR_MOVE Direction: NULL
[Avatar 1] Turn 415: (18, 7) AM_AVATAR_MOVE Direction: SOUTH
[Avatar 2] Turn 416: (11, 11) AM_AVATAR_MOVE Direction: SOUTH
[Avatar 0] Turn 417: (8, 9) AM_AVATAR_MOVE Direction: NULL
[Avatar 1] Turn 418: (18, 7) AM_AVATAR_MOVE Direction: NORTH
[Avatar 2] Turn 419: (11, 12) AM_AVATAR_MOVE Direction: NORTH
[Avatar 0] Turn 420: (8, 9) AM_AVATAR_MOVE Direction: NULL
[Avatar 1] Turn 421: (18, 7) AM_AVATAR_MOVE Direction: EAST
[Avatar 2] Turn 422: (11, 11) AM_AVATAR_MOVE Direction: EAST
[Avatar 0] Turn 423: (8, 9) AM_AVATAR_MOVE Direction: NULL
[Avatar 1] Turn 424: (19, 7) AM_AVATAR_MOVE Direction: SOUTH
[Avatar 2] Turn 425: (12, 11) AM_AVATAR_MOVE Direction: EAST
[Avatar 0] Turn 426: (8, 9) AM_AVATAR_MOVE Direction: NULL
[Avatar 1] Turn 427: (19, 8) AM_AVATAR_MOVE Direction: WEST
[Avatar 2] Turn 428: (13, 11) AM_AVATAR_MOVE Direction: EAST
[Avatar 0] Turn 429: (8, 9) AM_AVATAR_MOVE Direction: NULL
[Avatar 1] Turn 430: (19, 8) AM_AVATAR_MOVE Direction: SOUTH
[Avatar 2] Turn 431: (14, 11) AM_AVATAR_MOVE Direction: EAST
[Avatar 0] Turn 432: (8, 9) AM_AVATAR_MOVE Direction: NULL
[Avatar 1] Turn 433: (19, 9) AM_AVATAR_MOVE Direction: WEST
[Avatar 2] Turn 434: (15, 11) AM_AVATAR_MOVE Direction: SOUTH
[Avatar 0] Turn 435: (8, 9) AM_AVATAR_MOVE Direction: NULL
[Avatar 1] Turn 436: (18, 9) AM_AVATAR_MOVE Direction: WEST
[Avatar 2] Turn 437: (15, 12) AM_AVATAR_MOVE Direction: SOUTH
[Avatar 0] Turn 438: (8, 9) AM_AVATAR_MOVE Direction: NULL
[Avatar 1] Turn 439: (18, 9) AM_AVATAR_MOVE Direction: NORTH
[Avatar 2] Turn 440: (15, 13) AM_AVATAR_MOVE Direction: WEST
[Avatar 0] Turn 441: (8, 9) AM_AVATAR_MOVE Direction: NULL
[Avatar 1] Turn 442: (18, 8) AM_AVATAR_MOVE Direction: WEST
[Avatar 2] Turn 443: (14, 13) AM_AVATAR_MOVE Direction: NORTH
[Avatar 0] Turn 444: (8, 9) AM_AVATAR_MOVE Direction: NULL
[Avatar 1] Turn 445: (17, 8) AM_AVATAR_MOVE Direction: WEST
[Avatar 2] Turn 446: (14, 12) AM_AVATAR_MOVE Direction: SOUTH
[Avatar 0] Turn 447: (8, 9) AM_AVATAR_MOVE Direction: NULL
[Avatar 1] Turn 448: (17, 8) AM_AVATAR_MOVE Direction: SOUTH
[Avatar 2] Turn 449: (14, 13) AM_AVATAR_MOVE Direction: NORTH
[Avatar 0] Turn 450: (8, 9) AM_AVATAR_MOVE Direction: NULL
[Avatar 1] Turn 451: (17, 9) AM_AVATAR_MOVE Direction: WEST
[Avatar 2] Turn 452: (14, 12) AM_AVATAR_MOVE Direction: SOUTH
[Avatar 0] Turn 453: (8, 9) AM_AVATAR_MOVE Direction: NULL
[Avatar 1] Turn 454: (16, 9) AM_AVATAR_MOVE Direction: WEST
[Avatar 2] Turn 455: (14, 13) AM_AVATAR_MOVE Direction: EAST
[Avatar 0] Turn 456: (8, 9) AM_AVATAR_MOVE Direction: NULL
[Avatar 1] Turn 457: (16, 9) AM_AVATAR_MOVE Direction: NORTH
[Avatar 2] Turn 458: (15, 13) AM_AVATAR_MOVE Direction: NORTH
[Avatar 0] Turn 459: (8, 9) AM_AVATAR_MOVE Direction: NULL
[Avatar 1] Turn 460: (16, 8) AM_AVATAR_MOVE Direction: WEST
[Avatar 2] Turn 461: (15, 12) AM_AVATAR_MOVE Direction: NORTH
[Avatar 0] Turn 462: (8, 9) AM_AVATAR_MOVE Direction: NULL
[Avatar 1] Turn 463: (15, 8) AM_AVATAR_MOVE Direction: SOUTH
[Avatar 2] Turn 464: (15, 11) AM_AVATAR_MOVE Direction: WEST
[Avatar 0] Turn 465: (8, 9) AM_AVATAR_MOVE Direction: NULL
[Avatar 1] Turn 466: (15, 9) AM_AVATAR_MOVE Direction: WEST
[Avatar 2] Turn 467: (14, 11) AM_AVATAR_MOVE Direction: WEST
[Avatar 0] Turn 468: (8, 9) AM_AVATAR_MOVE Direction: NULL
[Avatar 1] Turn 469: (14, 9) AM_AVATAR_MOVE Direction: SOUTH
[Avatar 2] Turn 470: (13, 11) AM_AVATAR_MOVE Direction: WEST
[Avatar 0] Turn 471: (8, 9) AM_AVATAR_MOVE Direction: NULL
[Avatar 1] Turn 472: (14, 10) AM_AVATAR_MOVE Direction: EAST
[Avatar 2] Turn 473: (12, 11) AM_AVATAR_MOVE Direction: NORTH
[Avatar 0] Turn 474: (8, 9) AM_AVATAR_MOVE Direction: NULL
[Avatar 1] Turn 475: (15, 10) AM_AVATAR_MOVE Direction: EAST
[Avatar 2] Turn 476: (12, 10) AM_AVATAR_MOVE Direction: EAST
[Avatar 0] Turn 477: (8, 9) AM_AVATAR_MOVE Direction: NULL
[Avatar 1] Turn 478: (16, 10) AM_AVATAR_MOVE Direction: SOUTH
[Avatar 2] Turn 479: (13, 10) AM_AVATAR_MOVE Direction: NORTH
[Avatar 0] Turn 480: (8, 9) AM_AVATAR_MOVE Direction: NULL
[Avatar 1] Turn 481: (16, 11) AM_AVATAR_MOVE Direction: SOUTH
[Avatar 2] Turn 482: (13, 9) AM_AVATAR_MOVE Direction: WEST
[Avatar 0] Turn 483: (8, 9) AM_AVATAR_MOVE Direction: NULL
[Avatar 1] Turn 484: (16, 11) AM_AVATAR_MOVE Direction: EAST
[Avatar 2] Turn 485: (12, 9) AM_AVATAR_MOVE Direction: NORTH
[Avatar 0] Turn 486: (8, 9) AM_AVATAR_MOVE Direction: NULL
[Avatar 1] Turn 487: (17, 11) AM_AVATAR_MOVE Direction: NORTH
[Avatar 2] Turn 488: (12, 8) AM_AVATAR_MOVE Direction: EAST
[Avatar 0] Turn 489: (8, 9) AM_AVATAR_MOVE Direction: NULL
[Avatar 1] Turn 490: (17, 11) AM_AVATAR_MOVE Direction: SOUTH
[Avatar 2] Turn 491: (13, 8) AM_AVATAR_MOVE Direction: EAST
[Avatar 0] Turn 492: (8, 9) AM_AVATAR_MOVE Direction: NULL
[Avatar 1] Turn 493: (17, 11) AM_AVATAR_MOVE Direction: EAST
[Avatar 2] Turn 494: (14, 8) AM_AVATAR_MOVE Direction: NORTH
[Avatar 0] Turn 495: (8, 9) AM_AVATAR_MOVE Direction: NULL
[Avatar 1] Turn 496: (18, 11) AM_AVATAR_MOVE Direction: NORTH
[Avatar 2] Turn 497: (14, 7) AM_AVATAR_MOVE Direction: NORTH
[Avatar 0] Turn 498: (8, 9) AM_AVATAR_MOVE Direction: NULL
[Avatar 1] Turn 499: (18, 11) AM_AVATAR_MOVE Direction: SOUTH
[Avatar 2] Turn 500: (14, 6) AM_AVATAR_MOVE Direction: NORTH
[Avatar 0] Turn 501: (8, 9) AM_AVATAR_MOVE Direction: NULL
[Avatar 1] Turn 502: (18, 12) AM_AVATAR_MOVE Direction: SOUTH
[Avatar 2] Turn 503: (14, 5) AM_AVATAR_MOVE Direction: NORTH
[Avatar 0] Turn 504: (8, 9) AM_AVATAR_MOVE Direction: NULL
[Avatar 1] Turn 505: (18, 13) AM_AVATAR_MOVE Direction: SOUTH
[Avatar 2] Turn 506: (14, 4) AM_AVATAR_MOVE Direction: EAST
[Avatar 0] Turn 507: (8, 9) AM_AVATAR_MOVE Direction: NULL
[Avatar 1] Turn 508: (18, 13) AM_AVATAR_MOVE Direction: EAST
[Avatar 2] Turn 509: (15, 4) AM_AVATAR_MOVE Direction: NORTH
[Avatar 0] Turn 510: (8, 9) AM_AVATAR_MOVE Direction: NULL
[Avatar 1] Turn 511: (19, 13) AM_AVATAR_MOVE Direction: NORTH
[Avatar 2] Turn 512: (15, 3) AM_AVATAR_MOVE Direction: WEST
[Avatar 0] Turn 513: (8, 9) AM_AVATAR_MOVE Direction: NULL
[Avatar 1] Turn 514: (19, 13) AM_AVATAR_MOVE Direction: SOUTH
[Avatar 2] Turn 515: (15, 3) AM_AVATAR_MOVE Direction: NORTH
[Avatar 0] Turn 516: (8, 9) AM_AVATAR_MOVE Direction: NULL
[Avatar 1] Turn 517: (19, 14) AM_AVATAR_MOVE Direction: SOUTH
[Avatar 2] Turn 518: (15, 3) AM_AVATAR_MOVE Direction: EAST
[Avatar 0] Turn 519: (8, 9) AM_AVATAR_MOVE Direction: NULL
[Avatar 1] Turn 520: (19, 15) AM_AVATAR_MOVE Direction: SOUTH
[Avatar 2] Turn 521: (16, 3) AM_AVATAR_MOVE Direction: SOUTH
[Avatar 0] Turn 522: (8, 9) AM_AVATAR_MOVE Direction: NULL
[Avatar 1] Turn 523: (19, 16) AM_AVATAR_MOVE Direction: SOUTH
[Avatar 2] Turn 524: (16, 4) AM_AVATAR_MOVE Direction: SOUTH
[Avatar 0] Turn 525: (8, 9) AM_AVATAR_MOVE Direction: NULL
[Avatar 1] Turn 526: (19, 17) AM_AVATAR_MOVE Direction: SOUTH
[Avatar 2] Turn 527: (16, 4) AM_AVATAR_MOVE Direction: EAST
[Avatar 0] Turn 528: (8, 9) AM_AVATAR_MOVE Direction: NULL
[Avatar 1] Turn 529: (19, 18) AM_AVATAR_MOVE Direction: WEST
[Avatar 2] Turn 530: (17, 4) AM_AVATAR_MOVE Direction: SOUTH
[Avatar 0] Turn 531: (8, 9) AM_AVATAR_MOVE Direction: NULL
[Avatar 1] Turn 532: (19, 18) AM_AVATAR_MOVE Direction: SOUTH
[Avatar 2] Turn 533: (17, 5) AM_AVATAR_MOVE Direction: WEST
[Avatar 0] Turn 534: (8, 9) AM_AVATAR_MOVE Direction: NULL
[Avatar 1] Turn 535: (19, 19) AM_AVATAR_MOVE Direction: WEST
[Avatar 2] Turn 536: (16, 5) AM_AVATAR_MOVE Direction: WEST
[Avatar 0] Turn 537: (8, 9) AM_AVATAR_MOVE Direction: NULL
[Avatar 1] Turn 538: (18, 19) AM_AVATAR_MOVE Direction: WEST
[Avatar 2] Turn 539: (16, 5) AM_AVATAR_MOVE Direction: EAST
[Avatar 0] Turn 540: (8, 9) AM_AVATAR_MOVE Direction: NULL
[Avatar 1] Turn 541: (17, 19) AM_AVATAR_MOVE Direction: NORTH
[Avatar 2] Turn 542: (17, 5) AM_AVATAR_MOVE Direction: EAST
[Avatar 0] Turn 543: (8, 9) AM_AVATAR_MOVE Direction: NULL
[Avatar 1] Turn 544: (17, 18) AM_AVATAR_MOVE Direction: EAST
[Avatar 2] Turn 545: (18, 5) AM_AVATAR_MOVE Direction: SOUTH
[Avatar 0] Turn 546: (8, 9) AM_AVATAR_MOVE Direction: NULL
[Avatar 1] Turn 547: (18, 18) AM_AVATAR_MOVE Direction: NORTH
[Avatar 2] Turn 548: (18, 6) AM_AVATAR_MOVE Direction: EAST
[Avatar 0] Turn 549: (8, 9) AM_AVATAR_MOVE Direction: NULL
[Avatar 1] Turn 550: (18, 17) AM_AVATAR_MOVE Direction: NORTH
[Avatar 2] Turn 551: (19, 6) AM_AVATAR_MOVE Direction: NORTH
[Avatar 0] Turn 552: (8, 9) AM_AVATAR_MOVE Direction: NULL
[Avatar 1] Turn 553: (18, 16) AM_AVATAR_MOVE Direction: WEST
[Avatar 2] Turn 554: (19, 5) AM_AVATAR_MOVE Direction: NORTH
[Avatar 0] Turn 555: (8, 9) AM_AVATAR_MOVE Direction: NULL
[Avatar 1] Turn 556: (17, 16) AM_AVATAR_MOVE Direction: WEST
[Avatar 2] Turn 557: (19, 4) AM_AVATAR_MOVE Direction: WEST
[Avatar 0] Turn 558: (8, 9) AM_AVATAR_MOVE Direction: NULL
[Avatar 1] Turn 559: (17, 16) AM_AVATAR_MOVE Direction: NORTH
[Avatar 2] Turn 560: (18, 4) AM_AVATAR_MOVE Direction: NORTH
[Avatar 0] Turn 561: (8, 9) AM_AVATAR_MOVE Direction: NULL
[Avatar 1] Turn 562: (17, 15) AM_AVATAR_MOVE Direction: WEST
[Avatar 2] Turn 563: (18, 3) AM_AVATAR_MOVE Direction: WEST
[Avatar 0] Turn 564: (8, 9) AM_AVATAR_MOVE Direction: NULL
[Avatar 1] Turn 565: (17, 15) AM_AVATAR_MOVE Direction: NORTH
[Avatar 2] Turn 566: (18, 3) AM_AVATAR_MOVE Direction: NORTH
[Avatar 0] Turn 567: (8, 9) AM_AVATAR_MOVE Direction: NULL
[Avatar 1] Turn 568: (17, 15) AM_AVATAR_MOVE Direction: EAST
[Avatar 2] Turn 569: (18, 2) AM_AVATAR_MOVE Direction: WEST
[Avatar 0] Turn 570: (8, 9) AM_AVATAR_MOVE Direction: NULL
[Avatar 1] Turn 571: (18, 15) AM_AVATAR_MOVE Direction: NORTH
[Avatar 2] Turn 572: (17, 2) AM_AVATAR_MOVE Direction: WEST
[Avatar 0] Turn 573: (8, 9) AM_AVATAR_MOVE Direction: NULL
[Avatar 1] Turn 574: (18, 14) AM_AVATAR_MOVE Direction: WEST
[Avatar 2] Turn 575: (16, 2) AM_AVATAR_MOVE Direction: WEST
[Avatar 0] Turn 576: (8, 9) AM_AVATAR_MOVE Direction: NULL
[Avatar 1] Turn 577: (17, 14) AM_AVATAR_MOVE Direction: WEST
[Avatar 2] Turn 578: (16, 2) AM_AVATAR_MOVE Direction: NORTH
[Avatar 0] Turn 579: (8, 9) AM_AVATAR_MOVE Direction: NULL
[Avatar 1] Turn 580: (17, 14) AM_AVATAR_MOVE Direction: NORTH
[Avatar 2] Turn 581: (16, 1) AM_AVATAR_MOVE Direction: WEST
[Avatar 0] Turn 582: (8, 9) AM_AVATAR_MOVE Direction: NULL
[Avatar 1] Turn 583: (17, 13) AM_AVATAR_MOVE Direction: WEST
[Avatar 2] Turn 584: (16, 1) AM_AVATAR_MOVE Direction: NORTH
[Avatar 0] Turn 585: (8, 9) AM_AVATAR_MOVE Direction: NULL
[Avatar 1] Turn 586: (17, 13) AM_AVATAR_MOVE Direction: NORTH
[Avatar 2] Turn 587: (16, 1) AM_AVATAR_MOVE Direction: EAST
[Avatar 0] Turn 588: (8, 9) AM_AVATAR_MOVE Direction: NULL
[Avatar 1] Turn 589: (17, 12) AM_AVATAR_MOVE Direction: WEST
[Avatar 2] Turn 590: (17, 1) AM_AVATAR_MOVE Direction: NORTH
[Avatar 0] Turn 591: (8, 9) AM_AVATAR_MOVE Direction: NULL
[Avatar 1] Turn 592: (16, 12) AM_AVATAR_MOVE Direction: SOUTH
[Avatar 2] Turn 593: (17, 1) AM_AVATAR_MOVE Direction: EAST
[Avatar 0] Turn 594: (8, 9) AM_AVATAR_MOVE Direction: NULL
[Avatar 1] Turn 595: (16, 13) AM_AVATAR_MOVE Direction: SOUTH
[Avatar 2] Turn 596: (18, 1) AM_AVATAR_MOVE Direction: NORTH
[Avatar 0] Turn 597: (8, 9) AM_AVATAR_MOVE Direction: NULL
[Avatar 1] Turn 598: (16, 14) AM_AVATAR_MOVE Direction: WEST
[Avatar 2] Turn 599: (18, 0) AM_AVATAR_MOVE Direction: WEST
[Avatar 0] Turn 600: (8, 9) AM_AVATAR_MOVE Direction: NULL
[Avatar 1] Turn 601: (15, 14) AM_AVATAR_MOVE Direction: WEST
[Avatar 2] Turn 602: (17, 0) AM_AVATAR_MOVE Direction: WEST
[Avatar 0] Turn 603: (8, 9) AM_AVATAR_MOVE Direction: NULL
[Avatar 1] Turn 604: (15, 14) AM_AVATAR_MOVE Direction: SOUTH
[Avatar 2] Turn 605: (16, 0) AM_AVATAR_MOVE Direction: WEST
[Avatar 0] Turn 606: (8, 9) AM_AVATAR_MOVE Direction: NULL
[Avatar 1] Turn 607: (15, 15) AM_AVATAR_MOVE Direction: WEST
[Avatar 2] Turn 608: (15, 0) AM_AVATAR_MOVE Direction: SOUTH
[Avatar 0] Turn 609: (8, 9) AM_AVATAR_MOVE Direction: NULL
[Avatar 1] Turn 610: (15, 15) AM_AVATAR_MOVE Direction: SOUTH
[Avatar 2] Turn 611: (15, 1) AM_AVATAR_MOVE Direction: SOUTH
[Avatar 0] Turn 612: (8, 9) AM_AVATAR_MOVE Direction: NULL
[Avatar 1] Turn 613: (15, 15) AM_AVATAR_MOVE Direction: EAST
[Avatar 2] Turn 614: (15, 2) AM_AVATAR_MOVE Direction: WEST
[Avatar 0] Turn 615: (8, 9) AM_AVATAR_MOVE Direction: NULL
[Avatar 1] Turn 616: (16, 15) AM_AVATAR_MOVE Direction: SOUTH
[Avatar 2] Turn 617: (15, 2) AM_AVATAR_MOVE Direction: NORTH
[Avatar 0] Turn 618: (8, 9) AM_AVATAR_MOVE Direction: NULL
[Avatar 1] Turn 619: (16, 16) AM_AVATAR_MOVE Direction: WEST
[Avatar 2] Turn 620: (15, 1) AM_AVATAR_MOVE Direction: WEST
[Avatar 0] Turn 621: (8, 9) AM_AVATAR_MOVE Direction: NULL
[Avatar 1] Turn 622: (15, 16) AM_AVATAR_MOVE Direction: WEST
[Avatar 2] Turn 623: (15, 1) AM_AVATAR_MOVE Direction: NORTH
[Avatar 0] Turn 624: (8, 9) AM_AVATAR_MOVE Direction: NULL
[Avatar 1] Turn 625: (15, 16) AM_AVATAR_MOVE Direction: SOUTH
[Avatar 2] Turn 626: (15, 0) AM_AVATAR_MOVE Direction: WEST
[Avatar 0] Turn 627: (8, 9) AM_AVATAR_MOVE Direction: NULL
[Avatar 1] Turn 628: (15, 17) AM_AVATAR_MOVE Direction: WEST
[Avatar 2] Turn 629: (15, 0) AM_AVATAR_MOVE Direction: NORTH
[Avatar 0] Turn 630: (8, 9) AM_AVATAR_MOVE Direction: NULL
[Avatar 1] Turn 631: (14, 17) AM_AVATAR_MOVE Direction: NORTH
[Avatar 2] Turn 632: (15, 0) AM_AVATAR_MOVE Direction: EAST
[Avatar 0] Turn 633: (8, 9) AM_AVATAR_MOVE Direction: NULL
[Avatar 1] Turn 634: (14, 17) AM_AVATAR_MOVE Direction: WEST
[Avatar 2] Turn 635: (16, 0) AM_AVATAR_MOVE Direction: NORTH
[Avatar 0] Turn 636: (8, 9) AM_AVATAR_MOVE Direction: NULL
[Avatar 1] Turn 637: (14, 17) AM_AVATAR_MOVE Direction: SOUTH
[Avatar 2] Turn 638: (16, 0) AM_AVATAR_MOVE Direction: EAST
[Avatar 0] Turn 639: (8, 9) AM_AVATAR_MOVE Direction: NULL
[Avatar 1] Turn 640: (14, 17) AM_AVATAR_MOVE Direction: EAST
[Avatar 2] Turn 641: (17, 0) AM_AVATAR_MOVE Direction: NORTH
[Avatar 0] Turn 642: (8, 9) AM_AVATAR_MOVE Direction: NULL
[Avatar 1] Turn 643: (15, 17) AM_AVATAR_MOVE Direction: SOUTH
[Avatar 2] Turn 644: (17, 0) AM_AVATAR_MOVE Direction: EAST
[Avatar 0] Turn 645: (8, 9) AM_AVATAR_MOVE Direction: NULL
[Avatar 1] Turn 646: (15, 18) AM_AVATAR_MOVE Direction: WEST
[Avatar 2] Turn 647: (18, 0) AM_AVATAR_MOVE Direction: NORTH
[Avatar 0] Turn 648: (8, 9) AM_AVATAR_MOVE Direction: NULL
[Avatar 1] Turn 649: (15, 18) AM_AVATAR_MOVE Direction: SOUTH
[Avatar 2] Turn 650: (18, 0) AM_AVATAR_MOVE Direction: EAST
[Avatar 0] Turn 651: (8, 9) AM_AVATAR_MOVE Direction: NULL
[Avatar 1] Turn 652: (15, 19) AM_AVATAR_MOVE Direction: WEST
[Avatar 2] Turn 653: (19, 0) AM_AVATAR_MOVE Direction: SOUTH
[Avatar 0] Turn 654: (8, 9) AM_AVATAR_MOVE Direction: NULL
[Avatar 1] Turn 655: (14, 19) AM_AVATAR_MOVE Direction: NORTH
[Avatar 2] Turn 656: (19, 1) AM_AVATAR_MOVE Direction: SOUTH
[Avatar 0] Turn 657: (8, 9) AM_AVATAR_MOVE Direction: NULL
[Avatar 1] Turn 658: (14, 18) AM_AVATAR_MOVE Direction: WEST
[Avatar 2] Turn 659: (19, 2) AM_AVATAR_MOVE Direction: SOUTH
[Avatar 0] Turn 660: (8, 9) AM_AVATAR_MOVE Direction: NULL
[Avatar 1] Turn 661: (13, 18) AM_AVATAR_MOVE Direction: NORTH
[Avatar 2] Turn 662: (19, 3) AM_AVATAR_MOVE Direction: EAST
[Avatar 0] Turn 663: (8, 9) AM_AVATAR_MOVE Direction: NULL
[Avatar 1] Turn 664: (13, 17) AM_AVATAR_MOVE Direction: NORTH
[Avatar 2] Turn 665: (19, 3) AM_AVATAR_MOVE Direction: WEST
[Avatar 0] Turn 666: (8, 9) AM_AVATAR_MOVE Direction: NULL
[Avatar 1] Turn 667: (13, 17) AM_AVATAR_MOVE Direction: WEST
[Avatar 2] Turn 668: (19, 3) AM_AVATAR_MOVE Direction: NORTH
[Avatar 0] Turn 669: (8, 9) AM_AVATAR_MOVE Direction: NULL
[Avatar 1] Turn 670: (12, 17) AM_AVATAR_MOVE Direction: NORTH
[Avatar 2] Turn 671: (19, 2) AM_AVATAR_MOVE Direction: EAST
[Avatar 0] Turn 672: (8, 9) AM_AVATAR_MOVE Direction: NULL
[Avatar 1] Turn 673: (12, 17) AM_AVATAR_MOVE Direction: WEST
[Avatar 2] Turn 674: (19, 2) AM_AVATAR_MOVE Direction: WEST
[Avatar 0] Turn 675: (8, 9) AM_AVATAR_MOVE Direction: NULL
[Avatar 1] Turn 676: (11, 17) AM_AVATAR_MOVE Direction: NORTH
[Avatar 2] Turn 677: (19, 2) AM_AVATAR_MOVE Direction: NORTH
[Avatar 0] Turn 678: (8, 9) AM_AVATAR_MOVE Direction: NULL
[Avatar 1] Turn 679: (11, 16) AM_AVATAR_MOVE Direction: NORTH
[Avatar 2] Turn 680: (19, 1) AM_AVATAR_MOVE Direction: EAST
[Avatar 0] Turn 681: (8, 9) AM_AVATAR_MOVE Direction: NULL
[Avatar 1] Turn 682: (11, 16) AM_AVATAR_MOVE Direction: WEST
[Avatar 2] Turn 683: (19, 1) AM_AVATAR_MOVE Direction: WEST
[Avatar 0] Turn 684: (8, 9) AM_AVATAR_MOVE Direction: NULL
[Avatar 1] Turn 685: (11, 16) AM_AVATAR_MOVE Direction: EAST
[Avatar 2] Turn 686: (19, 1) AM_AVATAR_MOVE Direction: NORTH
[Avatar 0] Turn 687: (8, 9) AM_AVATAR_MOVE Direction: NULL
[Avatar 1] Turn 688: (12, 16) AM_AVATAR_MOVE Direction: NORTH
[Avatar 2] Turn 689: (19, 0) AM_AVATAR_MOVE Direction: NORTH
[Avatar 0] Turn 690: (8, 9) AM_AVATAR_MOVE Direction: NULL
[Avatar 1] Turn 691: (12, 16) AM_AVATAR_MOVE Direction: EAST
[Avatar 2] Turn 692: (19, 0) AM_AVATAR_MOVE Direction: EAST
[Avatar 0] Turn 693: (8, 9) AM_AVATAR_MOVE Direction: NULL
[Avatar 1] Turn 694: (13, 16) AM_AVATAR_MOVE Direction: NORTH
[Avatar 2] Turn 695: (19, 0) AM_AVATAR_MOVE Direction: WEST
[Avatar 0] Turn 696: (8, 9) AM_AVATAR_MOVE Direction: NULL
[Avatar 1] Turn 697: (13, 16) AM_AVATAR_MOVE Direction: EAST
[Avatar 2] Turn 698: (18, 0) AM_AVATAR_MOVE Direction: SOUTH
[Avatar 0] Turn 699: (8, 9) AM_AVATAR_MOVE Direction: NULL
[Avatar 1] Turn 700: (14, 16) AM_AVATAR_MOVE Direction: NORTH
[Avatar 2] Turn 701: (18, 1) AM_AVATAR_MOVE Direction: WEST
[Avatar 0] Turn 702: (8, 9) AM_AVATAR_MOVE Direction: NULL
[Avatar 1] Turn 703: (14, 15) AM_AVATAR_MOVE Direction: WEST
[Avatar 2] Turn 704: (17, 1) AM_AVATAR_MOVE Direction: WEST
[Avatar 0] Turn 705: (8, 9) AM_AVATAR_MOVE Direction: NULL
[Avatar 1] Turn 706: (14, 15) AM_AVATAR_MOVE Direction: NORTH
[Avatar 2] Turn 707: (16, 1) AM_AVATAR_MOVE Direction: SOUTH
[Avatar 0] Turn 708: (8, 9) AM_AVATAR_MOVE Direction: NULL
[Avatar 1] Turn 709: (14, 14) AM_AVATAR_MOVE Direction: WEST
[Avatar 2] Turn 710: (16, 2) AM_AVATAR_MOVE Direction: SOUTH
[Avatar 0] Turn 711: (8, 9) AM_AVATAR_MOVE Direction: NULL
[Avatar 1] Turn 712: (13, 14) AM_AVATAR_MOVE Direction: WEST
[Avatar 2] Turn 713: (16, 2) AM_AVATAR_MOVE Direction: EAST
[Avatar 0] Turn 714: (8, 9) AM_AVATAR_MOVE Direction: NULL
[Avatar 1] Turn 715: (13, 14) AM_AVATAR_MOVE Direction: NORTH
[Avatar 2] Turn 716: (17, 2) AM_AVATAR_MOVE Direction: SOUTH
[Avatar 0] Turn 717: (8, 9) AM_AVATAR_MOVE Direction: NULL
[Avatar 1] Turn 718: (13, 13) AM_AVATAR_MOVE Direction: WEST
[Avatar 2] Turn 719: (17, 3) AM_AVATAR_MOVE Direction: WEST
[Avatar 0] Turn 720: (8, 9) AM_AVATAR_MOVE Direction: NULL
[Avatar 1] Turn 721: (13, 13) AM_AVATAR_MOVE Direction: NORTH
[Avatar 2] Turn 722: (17, 3) AM_AVATAR_MOVE Direction: NORTH
[Avatar 0] Turn 723: (8, 9) AM_AVATAR_MOVE Direction: NULL
[Avatar 1] Turn 724: (13, 12) AM_AVATAR_MOVE Direction: WEST
[Avatar 2] Turn 725: (17, 2) AM_AVATAR_MOVE Direction: SOUTH
[Avatar 0] Turn 726: (8, 9) AM_AVATAR_MOVE Direction: NULL
[Avatar 1] Turn 727: (12, 12) AM_AVATAR_MOVE Direction: SOUTH
[Avatar 2] Turn 728: (17, 3) AM_AVATAR_MOVE Direction: SOUTH
[Avatar 0] Turn 729: (8, 9) AM_AVATAR_MOVE Direction: NULL
[Avatar 1] Turn 730: (12, 13) AM_AVATAR_MOVE Direction: WEST
[Avatar 2] Turn 731: (17, 3) AM_AVATAR_MOVE Direction: NORTH
[Avatar 0] Turn 732: (8, 9) AM_AVATAR_MOVE Direction: NULL
[Avatar 1] Turn 733: (11, 13) AM_AVATAR_MOVE Direction: WEST
[Avatar 2] Turn 734: (17, 2) AM_AVATAR_MOVE Direction: EAST
[Avatar 0] Turn 735: (8, 9) AM_AVATAR_MOVE Direction: NULL
[Avatar 1] Turn 736: (10, 13) AM_AVATAR_MOVE Direction: NORTH
[Avatar 2] Turn 737: (18, 2) AM_AVATAR_MOVE Direction: SOUTH
[Avatar 0] Turn 738: (8, 9) AM_AVATAR_MOVE Direction: NULL
[Avatar 1] Turn 739: (10, 12) AM_AVATAR_MOVE Direction: WEST
[Avatar 2] Turn 740: (18, 3) AM_AVATAR_MOVE Direction: SOUTH
[Avatar 0] Turn 741: (8, 9) AM_AVATAR_MOVE Direction: NULL
[Avatar 1] Turn 742: (9, 12) AM_AVATAR_MOVE Direction: NORTH
[Avatar 2] Turn 743: (18, 4) AM_AVATAR_MOVE Direction: WEST
[Avatar 0] Turn 744: (8, 9) AM_AVATAR_MOVE Direction: NULL
[Avatar 1] Turn 745: (9, 11) AM_AVATAR_MOVE Direction: WEST
[Avatar 2] Turn 746: (18, 4) AM_AVATAR_MOVE Direction: SOUTH
[Avatar 0] Turn 747: (8, 9) AM_AVATAR_MOVE Direction: NULL
[Avatar 1] Turn 748: (8, 11) AM_AVATAR_MOVE Direction: NORTH
[Avatar 2] Turn 749: (18, 4) AM_AVATAR_MOVE Direction: EAST
[Avatar 0] Turn 750: (8, 9) AM_AVATAR_MOVE Direction: NULL
[Avatar 1] Turn 751: (8, 10) AM_AVATAR_MOVE Direction: NORTH
[Avatar 2] Turn 752: (19, 4) AM_AVATAR_MOVE Direction: EAST
[Avatar 0] Turn 753: (8, 9) AM_AVATAR_MOVE Direction: NULL
[Avatar 1] Turn 754: (8, 9) AM_AVATAR_MOVE Direction: NULL
[Avatar 2] Turn 755: (19, 4) AM_AVATAR_MOVE Direction: NORTH
[Avatar 0] Turn 756: (8, 9) AM_AVATAR_MOVE Direction: NULL
[Avatar 1] Turn 757: (8, 9) AM_AVATAR_MOVE Direction: NULL
[Avatar 2] Turn 758: (19, 4) AM_AVATAR_MOVE Direction: SOUTH
[Avatar 0] Turn 759: (8, 9) AM_AVATAR_MOVE Direction: NULL
[Avatar 1] Turn 760: (8, 9) AM_AVATAR_MOVE Direction: NULL
[Avatar 2] Turn 761: (19, 5) AM_AVATAR_MOVE Direction: EAST
[Avatar 0] Turn 762: (8, 9) AM_AVATAR_MOVE Direction: NULL
[Avatar 1] Turn 763: (8, 9) AM_AVATAR_MOVE Direction: NULL
[Avatar 2] Turn 764: (19, 5) AM_AVATAR_MOVE Direction: WEST
[Avatar 0] Turn 765: (8, 9) AM_AVATAR_MOVE Direction: NULL
[Avatar 1] Turn 766: (8, 9) AM_AVATAR_MOVE Direction: NULL
[Avatar 2] Turn 767: (19, 5) AM_AVATAR_MOVE Direction: SOUTH
[Avatar 0] Turn 768: (8, 9) AM_AVATAR_MOVE Direction: NULL
[Avatar 1] Turn 769: (8, 9) AM_AVATAR_MOVE Direction: NULL
[Avatar 2] Turn 770: (19, 6) AM_AVATAR_MOVE Direction: EAST
[Avatar 0] Turn 771: (8, 9) AM_AVATAR_MOVE Direction: NULL
[Avatar 1] Turn 772: (8, 9) AM_AVATAR_MOVE Direction: NULL
[Avatar 2] Turn 773: (19, 6) AM_AVATAR_MOVE Direction: WEST
[Avatar 0] Turn 774: (8, 9) AM_AVATAR_MOVE Direction: NULL
[Avatar 1] Turn 775: (8, 9) AM_AVATAR_MOVE Direction: NULL
[Avatar 2] Turn 776: (18, 6) AM_AVATAR_MOVE Direction: WEST
[Avatar 0] Turn 777: (8, 9) AM_AVATAR_MOVE Direction: NULL
[Avatar 1] Turn 778: (8, 9) AM_AVATAR_MOVE Direction: NULL
[Avatar 2] Turn 779: (18, 6) AM_AVATAR_MOVE Direction: NORTH
[Avatar 0] Turn 780: (8, 9) AM_AVATAR_MOVE Direction: NULL
[Avatar 1] Turn 781: (8, 9) AM_AVATAR_MOVE Direction: NULL
[Avatar 2] Turn 782: (18, 5) AM_AVATAR_MOVE Direction: WEST
[Avatar 0] Turn 783: (8, 9) AM_AVATAR_MOVE Direction: NULL
[Avatar 1] Turn 784: (8, 9) AM_AVATAR_MOVE Direction: NULL
[Avatar 2] Turn 785: (17, 5) AM_AVATAR_MOVE Direction: NORTH
[Avatar 0] Turn 786: (8, 9) AM_AVATAR_MOVE Direction: NULL
[Avatar 1] Turn 787: (8, 9) AM_AVATAR_MOVE Direction: NULL
[Avatar 2] Turn 788: (17, 4) AM_AVATAR_MOVE Direction: WEST
[Avatar 0] Turn 789: (8, 9) AM_AVATAR_MOVE Direction: NULL
[Avatar 1] Turn 790: (8, 9) AM_AVATAR_MOVE Direction: NULL
[Avatar 2] Turn 791: (16, 4) AM_AVATAR_MOVE Direction: WEST
[Avatar 0] Turn 792: (8, 9) AM_AVATAR_MOVE Direction: NULL
[Avatar 1] Turn 793: (8, 9) AM_AVATAR_MOVE Direction: NULL
[Avatar 2] Turn 794: (16, 4) AM_AVATAR_MOVE Direction: NORTH
[Avatar 0] Turn 795: (8, 9) AM_AVATAR_MOVE Direction: NULL
[Avatar 1] Turn 796: (8, 9) AM_AVATAR_MOVE Direction: NULL
[Avatar 2] Turn 797: (16, 3) AM_AVATAR_MOVE Direction: WEST
[Avatar 0] Turn 798: (8, 9) AM_AVATAR_MOVE Direction: NULL
[Avatar 1] Turn 799: (8, 9) AM_AVATAR_MOVE Direction: NULL
[Avatar 2] Turn 800: (15, 3) AM_AVATAR_MOVE Direction: SOUTH
[Avatar 0] Turn 801: (8, 9) AM_AVATAR_MOVE Direction: NULL
[Avatar 1] Turn 802: (8, 9) AM_AVATAR_MOVE Direction: NULL
[Avatar 2] Turn 803: (15, 4) AM_AVATAR_MOVE Direction: SOUTH
[Avatar 0] Turn 804: (8, 9) AM_AVATAR_MOVE Direction: NULL
[Avatar 1] Turn 805: (8, 9) AM_AVATAR_MOVE Direction: NULL
[Avatar 2] Turn 806: (15, 5) AM_AVATAR_MOVE Direction: SOUTH
[Avatar 0] Turn 807: (8, 9) AM_AVATAR_MOVE Direction: NULL
[Avatar 1] Turn 808: (8, 9) AM_AVATAR_MOVE Direction: NULL
[Avatar 2] Turn 809: (15, 6) AM_AVATAR_MOVE Direction: SOUTH
[Avatar 0] Turn 810: (8, 9) AM_AVATAR_MOVE Direction: NULL
[Avatar 1] Turn 811: (8, 9) AM_AVATAR_MOVE Direction: NULL
[Avatar 2] Turn 812: (15, 7) AM_AVATAR_MOVE Direction: EAST
[Avatar 0] Turn 813: (8, 9) AM_AVATAR_MOVE Direction: NULL
[Avatar 1] Turn 814: (8, 9) AM_AVATAR_MOVE Direction: NULL
[Avatar 2] Turn 815: (16, 7) AM_AVATAR_MOVE Direction: NORTH
[Avatar 0] Turn 816: (8, 9) AM_AVATAR_MOVE Direction: NULL
[Avatar 1] Turn 817: (8, 9) AM_AVATAR_MOVE Direction: NULL
[Avatar 2] Turn 818: (16, 6) AM_AVATAR_MOVE Direction: EAST
[Avatar 0] Turn 819: (8, 9) AM_AVATAR_MOVE Direction: NULL
[Avatar 1] Turn 820: (8, 9) AM_AVATAR_MOVE Direction: NULL
[Avatar 2] Turn 821: (17, 6) AM_AVATAR_MOVE Direction: SOUTH
[Avatar 0] Turn 822: (8, 9) AM_AVATAR_MOVE Direction: NULL
[Avatar 1] Turn 823: (8, 9) AM_AVATAR_MOVE Direction: NULL
[Avatar 2] Turn 824: (17, 7) AM_AVATAR_MOVE Direction: EAST
[Avatar 0] Turn 825: (8, 9) AM_AVATAR_MOVE Direction: NULL
[Avatar 1] Turn 826: (8, 9) AM_AVATAR_MOVE Direction: NULL
[Avatar 2] Turn 827: (18, 7) AM_AVATAR_MOVE Direction: EAST
[Avatar 0] Turn 828: (8, 9) AM_AVATAR_MOVE Direction: NULL
[Avatar 1] Turn 829: (8, 9) AM_AVATAR_MOVE Direction: NULL
[Avatar 2] Turn 830: (19, 7) AM_AVATAR_MOVE Direction: EAST
[Avatar 0] Turn 831: (8, 9) AM_AVATAR_MOVE Direction: NULL
[Avatar 1] Turn 832: (8, 9) AM_AVATAR_MOVE Direction: NULL
[Avatar 2] Turn 833: (19, 7) AM_AVATAR_MOVE Direction: SOUTH
[Avatar 0] Turn 834: (8, 9) AM_AVATAR_MOVE Direction: NULL
[Avatar 1] Turn 835: (8, 9) AM_AVATAR_MOVE Direction: NULL
[Avatar 2] Turn 836: (19, 8) AM_AVATAR_MOVE Direction: EAST
[Avatar 0] Turn 837: (8, 9) AM_AVATAR_MOVE Direction: NULL
[Avatar 1] Turn 838: (8, 9) AM_AVATAR_MOVE Direction: NULL
[Avatar 2] Turn 839: (19, 8) AM_AVATAR_MOVE Direction: SOUTH
[Avatar 0] Turn 840: (8, 9) AM_AVATAR_MOVE Direction: NULL
[Avatar 1] Turn 841: (8, 9) AM_AVATAR_MOVE Direction: NULL
[Avatar 2] Turn 842: (19, 9) AM_AVATAR_MOVE Direction: SOUTH
[Avatar 0] Turn 843: (8, 9) AM_AVATAR_MOVE Direction: NULL
[Avatar 1] Turn 844: (8, 9) AM_AVATAR_MOVE Direction: NULL
[Avatar 2] Turn 845: (19, 10) AM_AVATAR_MOVE Direction: WEST
[Avatar 0] Turn 846: (8, 9) AM_AVATAR_MOVE Direction: NULL
[Avatar 1] Turn 847: (8, 9) AM_AVATAR_MOVE Direction: NULL
[Avatar 2] Turn 848: (18, 10) AM_AVATAR_MOVE Direction: WEST
[Avatar 0] Turn 849: (8, 9) AM_AVATAR_MOVE Direction: NULL
[Avatar 1] Turn 850: (8, 9) AM_AVATAR_MOVE Direction: NULL
[Avatar 2] Turn 851: (17, 10) AM_AVATAR_MOVE Direction: WEST
[Avatar 0] Turn 852: (8, 9) AM_AVATAR_MOVE Direction: NULL
[Avatar 1] Turn 853: (8, 9) AM_AVATAR_MOVE Direction: NULL
[Avatar 2] Turn 854: (17, 10) AM_AVATAR_MOVE Direction: NORTH
[Avatar 0] Turn 855: (8, 9) AM_AVATAR_MOVE Direction: NULL
[Avatar 1] Turn 856: (8, 9) AM_AVATAR_MOVE Direction: NULL
[Avatar 2] Turn 857: (17, 10) AM_AVATAR_MOVE Direction: EAST
[Avatar 0] Turn 858: (8, 9) AM_AVATAR_MOVE Direction: NULL
[Avatar 1] Turn 859: (8, 9) AM_AVATAR_MOVE Direction: NULL
[Avatar 2] Turn 860: (18, 10) AM_AVATAR_MOVE Direction: EAST
[Avatar 0] Turn 861: (8, 9) AM_AVATAR_MOVE Direction: NULL
[Avatar 1] Turn 862: (8, 9) AM_AVATAR_MOVE Direction: NULL
[Avatar 2] Turn 863: (19, 10) AM_AVATAR_MOVE Direction: SOUTH
[Avatar 0] Turn 864: (8, 9) AM_AVATAR_MOVE Direction: NULL
[Avatar 1] Turn 865: (8, 9) AM_AVATAR_MOVE Direction: NULL
[Avatar 2] Turn 866: (19, 11) AM_AVATAR_MOVE Direction: SOUTH
[Avatar 0] Turn 867: (8, 9) AM_AVATAR_MOVE Direction: NULL
[Avatar 1] Turn 868: (8, 9) AM_AVATAR_MOVE Direction: NULL
[Avatar 2] Turn 869: (19, 12) AM_AVATAR_MOVE Direction: EAST
[Avatar 0] Turn 870: (8, 9) AM_AVATAR_MOVE Direction: NULL
[Avatar 1] Turn 871: (8, 9) AM_AVATAR_MOVE Direction: NULL
[Avatar 2] Turn 872: (19, 12) AM_AVATAR_MOVE Direction: WEST
[Avatar 0] Turn 873: (8, 9) AM_AVATAR_MOVE Direction: NULL
[Avatar 1] Turn 874: (8, 9) AM_AVATAR_MOVE Direction: NULL
[Avatar 2] Turn 875: (19, 12) AM_AVATAR_MOVE Direction: NORTH
[Avatar 0] Turn 876: (8, 9) AM_AVATAR_MOVE Direction: NULL
[Avatar 1] Turn 877: (8, 9) AM_AVATAR_MOVE Direction: NULL
[Avatar 2] Turn 878: (19, 11) AM_AVATAR_MOVE Direction: EAST
[Avatar 0] Turn 879: (8, 9) AM_AVATAR_MOVE Direction: NULL
[Avatar 1] Turn 880: (8, 9) AM_AVATAR_MOVE Direction: NULL
[Avatar 2] Turn 881: (19, 11) AM_AVATAR_MOVE Direction: WEST
[Avatar 0] Turn 882: (8, 9) AM_AVATAR_MOVE Direction: NULL
[Avatar 1] Turn 883: (8, 9) AM_AVATAR_MOVE Direction: NULL
[Avatar 2] Turn 884: (19, 11) AM_AVATAR_MOVE Direction: NORTH
[Avatar 0] Turn 885: (8, 9) AM_AVATAR_MOVE Direction: NULL
[Avatar 1] Turn 886: (8, 9) AM_AVATAR_MOVE Direction: NULL
[Avatar 2] Turn 887: (19, 10) AM_AVATAR_MOVE Direction: EAST
[Avatar 0] Turn 888: (8, 9) AM_AVATAR_MOVE Direction: NULL
[Avatar 1] Turn 889: (8, 9) AM_AVATAR_MOVE Direction: NULL
[Avatar 2] Turn 890: (19, 10) AM_AVATAR_MOVE Direction: NORTH
[Avatar 0] Turn 891: (8, 9) AM_AVATAR_MOVE Direction: NULL
[Avatar 1] Turn 892: (8, 9) AM_AVATAR_MOVE Direction: NULL
[Avatar 2] Turn 893: (19, 9) AM_AVATAR_MOVE Direction: EAST
[Avatar 0] Turn 894: (8, 9) AM_AVATAR_MOVE Direction: NULL
[Avatar 1] Turn 895: (8, 9) AM_AVATAR_MOVE Direction: NULL
[Avatar 2] Turn 896: (19, 9) AM_AVATAR_MOVE Direction: WEST
[Avatar 0] Turn 897: (8, 9) AM_AVATAR_MOVE Direction: NULL
[Avatar 1] Turn 898: (8, 9) AM_AVATAR_MOVE Direction: NULL
[Avatar 2] Turn 899: (18, 9) AM_AVATAR_MOVE Direction: NORTH
[Avatar 0] Turn 900: (8, 9) AM_AVATAR_MOVE Direction: NULL
[Avatar 1] Turn 901: (8, 9) AM_AVATAR_MOVE Direction: NULL
[Avatar 2] Turn 902: (18, 8) AM_AVATAR_MOVE Direction: WEST
[Avatar 0] Turn 903: (8, 9) AM_AVATAR_MOVE Direction: NULL
[Avatar 1] Turn 904: (8, 9) AM_AVATAR_MOVE Direction: NULL
[Avatar 2] Turn 905: (17, 8) AM_AVATAR_MOVE Direction: SOUTH
[Avatar 0] Turn 906: (8, 9) AM_AVATAR_MOVE Direction: NULL
[Avatar 1] Turn 907: (8, 9) AM_AVATAR_MOVE Direction: NULL
[Avatar 2] Turn 908: (17, 9) AM_AVATAR_MOVE Direction: WEST
[Avatar 0] Turn 909: (8, 9) AM_AVATAR_MOVE Direction: NULL
[Avatar 1] Turn 910: (8, 9) AM_AVATAR_MOVE Direction: NULL
[Avatar 2] Turn 911: (16, 9) AM_AVATAR_MOVE Direction: NORTH
[Avatar 0] Turn 912: (8, 9) AM_AVATAR_MOVE Direction: NULL
[Avatar 1] Turn 913: (8, 9) AM_AVATAR_MOVE Direction: NULL
[Avatar 2] Turn 914: (16, 8) AM_AVATAR_MOVE Direction: WEST
[Avatar 0] Turn 915: (8, 9) AM_AVATAR_MOVE Direction: NULL
[Avatar 1] Turn 916: (8, 9) AM_AVATAR_MOVE Direction: NULL
[Avatar 2] Turn 917: (15, 8) AM_AVATAR_MOVE Direction: SOUTH
[Avatar 0] Turn 918: (8, 9) AM_AVATAR_MOVE Direction: NULL
[Avatar 1] Turn 919: (8, 9) AM_AVATAR_MOVE Direction: NULL
[Avatar 2] Turn 920: (15, 9) AM_AVATAR_MOVE Direction: WEST
[Avatar 0] Turn 921: (8, 9) AM_AVATAR_MOVE Direction: NULL
[Avatar 1] Turn 922: (8, 9) AM_AVATAR_MOVE Direction: NULL
[Avatar 2] Turn 923: (14, 9) AM_AVATAR_MOVE Direction: SOUTH
[Avatar 0] Turn 924: (8, 9) AM_AVATAR_MOVE Direction: NULL
[Avatar 1] Turn 925: (8, 9) AM_AVATAR_MOVE Direction: NULL
[Avatar 2] Turn 926: (14, 10) AM_AVATAR_MOVE Direction: EAST
[Avatar 0] Turn 927: (8, 9) AM_AVATAR_MOVE Direction: NULL
[Avatar 1] Turn 928: (8, 9) AM_AVATAR_MOVE Direction: NULL
[Avatar 2] Turn 929: (15, 10) AM_AVATAR_MOVE Direction: EAST
[Avatar 0] Turn 930: (8, 9) AM_AVATAR_MOVE Direction: NULL
[Avatar 1] Turn 931: (8, 9) AM_AVATAR_MOVE Direction: NULL
[Avatar 2] Turn 932: (16, 10) AM_AVATAR_MOVE Direction: SOUTH
[Avatar 0] Turn 933: (8, 9) AM_AVATAR_MOVE Direction: NULL
[Avatar 1] Turn 934: (8, 9) AM_AVATAR_MOVE Direction: NULL
[Avatar 2] Turn 935: (16, 11) AM_AVATAR_MOVE Direction: EAST
[Avatar 0] Turn 936: (8, 9) AM_AVATAR_MOVE Direction: NULL
[Avatar 1] Turn 937: (8, 9) AM_AVATAR_MOVE Direction: NULL
[Avatar 2] Turn 938: (17, 11) AM_AVATAR_MOVE Direction: EAST
[Avatar 0] Turn 939: (8, 9) AM_AVATAR_MOVE Direction: NULL
[Avatar 1] Turn 940: (8, 9) AM_AVATAR_MOVE Direction: NULL
[Avatar 2] Turn 941: (18, 11) AM_AVATAR_MOVE Direction: SOUTH
[Avatar 0] Turn 942: (8, 9) AM_AVATAR_MOVE Direction: NULL
[Avatar 1] Turn 943: (8, 9) AM_AVATAR_MOVE Direction: NULL
[Avatar 2] Turn 944: (18, 12) AM_AVATAR_MOVE Direction: SOUTH
[Avatar 0] Turn 945: (8, 9) AM_AVATAR_MOVE Direction: NULL
[Avatar 1] Turn 946: (8, 9) AM_AVATAR_MOVE Direction: NULL
[Avatar 2] Turn 947: (18, 13) AM_AVATAR_MOVE Direction: EAST
[Avatar 0] Turn 948: (8, 9) AM_AVATAR_MOVE Direction: NULL
[Avatar 1] Turn 949: (8, 9) AM_AVATAR_MOVE Direction: NULL
[Avatar 2] Turn 950: (19, 13) AM_AVATAR_MOVE Direction: EAST
[Avatar 0] Turn 951: (8, 9) AM_AVATAR_MOVE Direction: NULL
[Avatar 1] Turn 952: (8, 9) AM_AVATAR_MOVE Direction: NULL
[Avatar 2] Turn 953: (19, 13) AM_AVATAR_MOVE Direction: SOUTH
[Avatar 0] Turn 954: (8, 9) AM_AVATAR_MOVE Direction: NULL
[Avatar 1] Turn 955: (8, 9) AM_AVATAR_MOVE Direction: NULL
[Avatar 2] Turn 956: (19, 14) AM_AVATAR_MOVE Direction: EAST
[Avatar 0] Turn 957: (8, 9) AM_AVATAR_MOVE Direction: NULL
[Avatar 1] Turn 958: (8, 9) AM_AVATAR_MOVE Direction: NULL
[Avatar 2] Turn 959: (19, 14) AM_AVATAR_MOVE Direction: SOUTH
[Avatar 0] Turn 960: (8, 9) AM_AVATAR_MOVE Direction: NULL
[Avatar 1] Turn 961: (8, 9) AM_AVATAR_MOVE Direction: NULL
[Avatar 2] Turn 962: (19, 15) AM_AVATAR_MOVE Direction: EAST
[Avatar 0] Turn 963: (8, 9) AM_AVATAR_MOVE Direction: NULL
[Avatar 1] Turn 964: (8, 9) AM_AVATAR_MOVE Direction: NULL
[Avatar 2] Turn 965: (19, 15) AM_AVATAR_MOVE Direction: SOUTH
[Avatar 0] Turn 966: (8, 9) AM_AVATAR_MOVE Direction: NULL
[Avatar 1] Turn 967: (8, 9) AM_AVATAR_MOVE Direction: NULL
[Avatar 2] Turn 968: (19, 16) AM_AVATAR_MOVE Direction: EAST
[Avatar 0] Turn 969: (8, 9) AM_AVATAR_MOVE Direction: NULL
[Avatar 1] Turn 970: (8, 9) AM_AVATAR_MOVE Direction: NULL
[Avatar 2] Turn 971: (19, 16) AM_AVATAR_MOVE Direction: SOUTH
[Avatar 0] Turn 972: (8, 9) AM_AVATAR_MOVE Direction: NULL
[Avatar 1] Turn 973: (8, 9) AM_AVATAR_MOVE Direction: NULL
[Avatar 2] Turn 974: (19, 17) AM_AVATAR_MOVE Direction: EAST
[Avatar 0] Turn 975: (8, 9) AM_AVATAR_MOVE Direction: NULL
[Avatar 1] Turn 976: (8, 9) AM_AVATAR_MOVE Direction: NULL
[Avatar 2] Turn 977: (19, 17) AM_AVATAR_MOVE Direction: SOUTH
[Avatar 0] Turn 978: (8, 9) AM_AVATAR_MOVE Direction: NULL
[Avatar 1] Turn 979: (8, 9) AM_AVATAR_MOVE Direction: NULL
[Avatar 2] Turn 980: (19, 18) AM_AVATAR_MOVE Direction: EAST
[Avatar 0] Turn 981: (8, 9) AM_AVATAR_MOVE Direction: NULL
[Avatar 1] Turn 982: (8, 9) AM_AVATAR_MOVE Direction: NULL
[Avatar 2] Turn 983: (19, 18) AM_AVATAR_MOVE Direction: SOUTH
[Avatar 0] Turn 984: (8, 9) AM_AVATAR_MOVE Direction: NULL
[Avatar 1] Turn 985: (8, 9) AM_AVATAR_MOVE Direction: NULL
[Avatar 2] Turn 986: (19, 19) AM_AVATAR_MOVE Direction: SOUTH
[Avatar 0] Turn 987: (8, 9) AM_AVATAR_MOVE Direction: NULL
[Avatar 1] Turn 988: (8, 9) AM_AVATAR_MOVE Direction: NULL
[Avatar 2] Turn 989: (19, 19) AM_AVATAR_MOVE Direction: EAST
[Avatar 0] Turn 990: (8, 9) AM_AVATAR_MOVE Direction: NULL
[Avatar 1] Turn 991: (8, 9) AM_AVATAR_MOVE Direction: NULL
[Avatar 2] Turn 992: (19, 19) AM_AVATAR_MOVE Direction: WEST
[Avatar 0] Turn 993: (8, 9) AM_AVATAR_MOVE Direction: NULL
[Avatar 1] Turn 994: (8, 9) AM_AVATAR_MOVE Direction: NULL
[Avatar 2] Turn 995: (18, 19) AM_AVATAR_MOVE Direction: WEST
[Avatar 0] Turn 996: (8, 9) AM_AVATAR_MOVE Direction: NULL
[Avatar 1] Turn 997: (8, 9) AM_AVATAR_MOVE Direction: NULL
[Avatar 2] Turn 998: (17, 19) AM_AVATAR_MOVE Direction: SOUTH
[Avatar 0] Turn 999: (8, 9) AM_AVATAR_MOVE Direction: NULL
[Avatar 1] Turn 1000: (8, 9) AM_AVATAR_MOVE Direction: NULL
[Avatar 2] Turn 1001: (17, 19) AM_AVATAR_MOVE Direction: NORTH
[Avatar 0] Turn 1002: (8, 9) AM_AVATAR_MOVE Direction: NULL
[Avatar 1] Turn 1003: (8, 9) AM_AVATAR_MOVE Direction: NULL
[Avatar 2] Turn 1004: (17, 18) AM_AVATAR_MOVE Direction: EAST
[Avatar 0] Turn 1005: (8, 9) AM_AVATAR_MOVE Direction: NULL
[Avatar 1] Turn 1006: (8, 9) AM_AVATAR_MOVE Direction: NULL
[Avatar 2] Turn 1007: (18, 18) AM_AVATAR_MOVE Direction: NORTH
[Avatar 0] Turn 1008: (8, 9) AM_AVATAR_MOVE Direction: NULL
[Avatar 1] Turn 1009: (8, 9) AM_AVATAR_MOVE Direction: NULL
[Avatar 2] Turn 1010: (18, 17) AM_AVATAR_MOVE Direction: NORTH
[Avatar 0] Turn 1011: (8, 9) AM_AVATAR_MOVE Direction: NULL
[Avatar 1] Turn 1012: (8, 9) AM_AVATAR_MOVE Direction: NULL
[Avatar 2] Turn 1013: (18, 16) AM_AVATAR_MOVE Direction: WEST
[Avatar 0] Turn 1014: (8, 9) AM_AVATAR_MOVE Direction: NULL
[Avatar 1] Turn 1015: (8, 9) AM_AVATAR_MOVE Direction: NULL
[Avatar 2] Turn 1016: (17, 16) AM_AVATAR_MOVE Direction: NORTH
[Avatar 0] Turn 1017: (8, 9) AM_AVATAR_MOVE Direction: NULL
[Avatar 1] Turn 1018: (8, 9) AM_AVATAR_MOVE Direction: NULL
[Avatar 2] Turn 1019: (17, 15) AM_AVATAR_MOVE Direction: EAST
[Avatar 0] Turn 1020: (8, 9) AM_AVATAR_MOVE Direction: NULL
[Avatar 1] Turn 1021: (8, 9) AM_AVATAR_MOVE Direction: NULL
[Avatar 2] Turn 1022: (18, 15) AM_AVATAR_MOVE Direction: NORTH
[Avatar 0] Turn 1023: (8, 9) AM_AVATAR_MOVE Direction: NULL
[Avatar 1] Turn 1024: (8, 9) AM_AVATAR_MOVE Direction: NULL
[Avatar 2] Turn 1025: (18, 14) AM_AVATAR_MOVE Direction: WEST
[Avatar 0] Turn 1026: (8, 9) AM_AVATAR_MOVE Direction: NULL
[Avatar 1] Turn 1027: (8, 9) AM_AVATAR_MOVE Direction: NULL
[Avatar 2] Turn 1028: (17, 14) AM_AVATAR_MOVE Direction: NORTH
[Avatar 0] Turn 1029: (8, 9) AM_AVATAR_MOVE Direction: NULL
[Avatar 1] Turn 1030: (8, 9) AM_AVATAR_MOVE Direction: NULL
[Avatar 2] Turn 1031: (17, 13) AM_AVATAR_MOVE Direction: NORTH
[Avatar 0] Turn 1032: (8, 9) AM_AVATAR_MOVE Direction: NULL
[Avatar 1] Turn 1033: (8, 9) AM_AVATAR_MOVE Direction: NULL
[Avatar 2] Turn 1034: (17, 12) AM_AVATAR_MOVE Direction: WEST
[Avatar 0] Turn 1035: (8, 9) AM_AVATAR_MOVE Direction: NULL
[Avatar 1] Turn 1036: (8, 9) AM_AVATAR_MOVE Direction: NULL
[Avatar 2] Turn 1037: (16, 12) AM_AVATAR_MOVE Direction: SOUTH
[Avatar 0] Turn 1038: (8, 9) AM_AVATAR_MOVE Direction: NULL
[Avatar 1] Turn 1039: (8, 9) AM_AVATAR_MOVE Direction: NULL
[Avatar 2] Turn 1040: (16, 13) AM_AVATAR_MOVE Direction: SOUTH
[Avatar 0] Turn 1041: (8, 9) AM_AVATAR_MOVE Direction: NULL
[Avatar 1] Turn 1042: (8, 9) AM_AVATAR_MOVE Direction: NULL
[Avatar 2] Turn 1043: (16, 14) AM_AVATAR_MOVE Direction: WEST
[Avatar 0] Turn 1044: (8, 9) AM_AVATAR_MOVE Direction: NULL
[Avatar 1] Turn 1045: (8, 9) AM_AVATAR_MOVE Direction: NULL
[Avatar 2] Turn 1046: (15, 14) AM_AVATAR_MOVE Direction: SOUTH
[Avatar 0] Turn 1047: (8, 9) AM_AVATAR_MOVE Direction: NULL
[Avatar 1] Turn 1048: (8, 9) AM_AVATAR_MOVE Direction: NULL
[Avatar 2] Turn 1049: (15, 15) AM_AVATAR_MOVE Direction: EAST
[Avatar 0] Turn 1050: (8, 9) AM_AVATAR_MOVE Direction: NULL
[Avatar 1] Turn 1051: (8, 9) AM_AVATAR_MOVE Direction: NULL
[Avatar 2] Turn 1052: (16, 15) AM_AVATAR_MOVE Direction: SOUTH
[Avatar 0] Turn 1053: (8, 9) AM_AVATAR_MOVE Direction: NULL
[Avatar 1] Turn 1054: (8, 9) AM_AVATAR_MOVE Direction: NULL
[Avatar 2] Turn 1055: (16, 16) AM_AVATAR_MOVE Direction: WEST
[Avatar 0] Turn 1056: (8, 9) AM_AVATAR_MOVE Direction: NULL
[Avatar 1] Turn 1057: (8, 9) AM_AVATAR_MOVE Direction: NULL
[Avatar 2] Turn 1058: (15, 16) AM_AVATAR_MOVE Direction: SOUTH
[Avatar 0] Turn 1059: (8, 9) AM_AVATAR_MOVE Direction: NULL
[Avatar 1] Turn 1060: (8, 9) AM_AVATAR_MOVE Direction: NULL
[Avatar 2] Turn 1061: (15, 17) AM_AVATAR_MOVE Direction: WEST
[Avatar 0] Turn 1062: (8, 9) AM_AVATAR_MOVE Direction: NULL
[Avatar 1] Turn 1063: (8, 9) AM_AVATAR_MOVE Direction: NULL
[Avatar 2] Turn 1064: (14, 17) AM_AVATAR_MOVE Direction: EAST
[Avatar 0] Turn 1065: (8, 9) AM_AVATAR_MOVE Direction: NULL
[Avatar 1] Turn 1066: (8, 9) AM_AVATAR_MOVE Direction: NULL
[Avatar 2] Turn 1067: (15, 17) AM_AVATAR_MOVE Direction: SOUTH
[Avatar 0] Turn 1068: (8, 9) AM_AVATAR_MOVE Direction: NULL
[Avatar 1] Turn 1069: (8, 9) AM_AVATAR_MOVE Direction: NULL
[Avatar 2] Turn 1070: (15, 18) AM_AVATAR_MOVE Direction: SOUTH
[Avatar 0] Turn 1071: (8, 9) AM_AVATAR_MOVE Direction: NULL
[Avatar 1] Turn 1072: (8, 9) AM_AVATAR_MOVE Direction: NULL
[Avatar 2] Turn 1073: (15, 19) AM_AVATAR_MOVE Direction: WEST
[Avatar 0] Turn 1074: (8, 9) AM_AVATAR_MOVE Direction: NULL
[Avatar 1] Turn 1075: (8, 9) AM_AVATAR_MOVE Direction: NULL
[Avatar 2] Turn 1076: (14, 19) AM_AVATAR_MOVE Direction: NORTH
[Avatar 0] Turn 1077: (8, 9) AM_AVATAR_MOVE Direction: NULL
[Avatar 1] Turn 1078: (8, 9) AM_AVATAR_MOVE Direction: NULL
[Avatar 2] Turn 1079: (14, 18) AM_AVATAR_MOVE Direction: WEST
[Avatar 0] Turn 1080: (8, 9) AM_AVATAR_MOVE Direction: NULL
[Avatar 1] Turn 1081: (8, 9) AM_AVATAR_MOVE Direction: NULL
[Avatar 2] Turn 1082: (13, 18) AM_AVATAR_MOVE Direction: NORTH
[Avatar 0] Turn 1083: (8, 9) AM_AVATAR_MOVE Direction: NULL
[Avatar 1] Turn 1084: (8, 9) AM_AVATAR_MOVE Direction: NULL
[Avatar 2] Turn 1085: (13, 17) AM_AVATAR_MOVE Direction: WEST
[Avatar 0] Turn 1086: (8, 9) AM_AVATAR_MOVE Direction: NULL
[Avatar 1] Turn 1087: (8, 9) AM_AVATAR_MOVE Direction: NULL
[Avatar 2] Turn 1088: (12, 17) AM_AVATAR_MOVE Direction: WEST
[Avatar 0] Turn 1089: (8, 9) AM_AVATAR_MOVE Direction: NULL
[Avatar 1] Turn 1090: (8, 9) AM_AVATAR_MOVE Direction: NULL
[Avatar 2] Turn 1091: (11, 17) AM_AVATAR_MOVE Direction: NORTH
[Avatar 0] Turn 1092: (8, 9) AM_AVATAR_MOVE Direction: NULL
[Avatar 1] Turn 1093: (8, 9) AM_AVATAR_MOVE Direction: NULL
[Avatar 2] Turn 1094: (11, 16) AM_AVATAR_MOVE Direction: EAST
[Avatar 0] Turn 1095: (8, 9) AM_AVATAR_MOVE Direction: NULL
[Avatar 1] Turn 1096: (8, 9) AM_AVATAR_MOVE Direction: NULL
[Avatar 2] Turn 1097: (12, 16) AM_AVATAR_MOVE Direction: EAST
[Avatar 0] Turn 1098: (8, 9) AM_AVATAR_MOVE Direction: NULL
[Avatar 1] Turn 1099: (8, 9) AM_AVATAR_MOVE Direction: NULL
[Avatar 2] Turn 1100: (13, 16) AM_AVATAR_MOVE Direction: EAST
[Avatar 0] Turn 1101: (8, 9) AM_AVATAR_MOVE Direction: NULL
[Avatar 1] Turn 1102: (8, 9) AM_AVATAR_MOVE Direction: NULL
[Avatar 2] Turn 1103: (14, 16) AM_AVATAR_MOVE Direction: NORTH
[Avatar 0] Turn 1104: (8, 9) AM_AVATAR_MOVE Direction: NULL
[Avatar 1] Turn 1105: (8, 9) AM_AVATAR_MOVE Direction: NULL
[Avatar 2] Turn 1106: (14, 15) AM_AVATAR_MOVE Direction: NORTH
[Avatar 0] Turn 1107: (8, 9) AM_AVATAR_MOVE Direction: NULL
[Avatar 1] Turn 1108: (8, 9) AM_AVATAR_MOVE Direction: NULL
[Avatar 2] Turn 1109: (14, 14) AM_AVATAR_MOVE Direction: WEST
[Avatar 0] Turn 1110: (8, 9) AM_AVATAR_MOVE Direction: NULL
[Avatar 1] Turn 1111: (8, 9) AM_AVATAR_MOVE Direction: NULL
[Avatar 2] Turn 1112: (13, 14) AM_AVATAR_MOVE Direction: NORTH
[Avatar 0] Turn 1113: (8, 9) AM_AVATAR_MOVE Direction: NULL
[Avatar 1] Turn 1114: (8, 9) AM_AVATAR_MOVE Direction: NULL
[Avatar 2] Turn 1115: (13, 13) AM_AVATAR_MOVE Direction: NORTH
[Avatar 0] Turn 1116: (8, 9) AM_AVATAR_MOVE Direction: NULL
[Avatar 1] Turn 1117: (8, 9) AM_AVATAR_MOVE Direction: NULL
[Avatar 2] Turn 1118: (13, 12) AM_AVATAR_MOVE Direction: WEST
[Avatar 0] Turn 1119: (8, 9) AM_AVATAR_MOVE Direction: NULL
[Avatar 1] Turn 1120: (8, 9) AM_AVATAR_MOVE Direction: NULL
[Avatar 2] Turn 1121: (12, 12) AM_AVATAR_MOVE Direction: SOUTH
[Avatar 0] Turn 1122: (8, 9) AM_AVATAR_MOVE Direction: NULL
[Avatar 1] Turn 1123: (8, 9) AM_AVATAR_MOVE Direction: NULL
[Avatar 2] Turn 1124: (12, 13) AM_AVATAR_MOVE Direction: WEST
[Avatar 0] Turn 1125: (8, 9) AM_AVATAR_MOVE Direction: NULL
[Avatar 1] Turn 1126: (8, 9) AM_AVATAR_MOVE Direction: NULL
[Avatar 2] Turn 1127: (11, 13) AM_AVATAR_MOVE Direction: WEST
[Avatar 0] Turn 1128: (8, 9) AM_AVATAR_MOVE Direction: NULL
[Avatar 1] Turn 1129: (8, 9) AM_AVATAR_MOVE Direction: NULL
[Avatar 2] Turn 1130: (10, 13) AM_AVATAR_MOVE Direction: NORTH
[Avatar 0] Turn 1131: (8, 9) AM_AVATAR_MOVE Direction: NULL
[Avatar 1] Turn 1132: (8, 9) AM_AVATAR_MOVE Direction: NULL
[Avatar 2] Turn 1133: (10, 12) AM_AVATAR_MOVE Direction: WEST
[Avatar 0] Turn 1134: (8, 9) AM_AVATAR_MOVE Direction: NULL
[Avatar 1] Turn 1135: (8, 9) AM_AVATAR_MOVE Direction: NULL
[Avatar 2] Turn 1136: (9, 12) AM_AVATAR_MOVE Direction: NORTH
[Avatar 0] Turn 1137: (8, 9) AM_AVATAR_MOVE Direction: NULL
[Avatar 1] Turn 1138: (8, 9) AM_AVATAR_MOVE Direction: NULL
[Avatar 2] Turn 1139: (9, 11) AM_AVATAR_MOVE Direction: WEST
[Avatar 0] Turn 1140: (8, 9) AM_AVATAR_MOVE Direction: NULL
[Avatar 1] Turn 1141: (8, 9) AM_AVATAR_MOVE Direction: NULL
[Avatar 2] Turn 1142: (8, 11) AM_AVATAR_MOVE Direction: NORTH
[Avatar 0] Turn 1143: (8, 9) AM_AVATAR_MOVE Direction: NULL
[Avatar 1] Turn 1144: (8, 9) AM_AVATAR_MOVE Direction: NULL
[Avatar 2] Turn 1145: (8, 10) AM_AVATAR_MOVE Direction: NORTH
Maze solved in 1146 turns
Hash: 2044261335l
