joannezhao, 58331, Wed May 28 20:49:34 EDT 2014


Sent AM_AVATAR_READY signal with AvatarID: 1
Sent AM_AVATAR_READY signal with AvatarID: 0
[Avatar 0] Turn 0: (8, 9) AM_AVATAR_MOVE Direction: NULL
[Avatar 1] Turn 1: (12, 8) AM_AVATAR_MOVE Direction: WEST
[Avatar 0] Turn 2: (8, 9) AM_AVATAR_MOVE Direction: NULL
[Avatar 1] Turn 3: (12, 8) AM_AVATAR_MOVE Direction: SOUTH
[Avatar 0] Turn 4: (8, 9) AM_AVATAR_MOVE Direction: NULL
[Avatar 1] Turn 5: (12, 9) AM_AVATAR_MOVE Direction: WEST
[Avatar 0] Turn 6: (8, 9) AM_AVATAR_MOVE Direction: NULL
[Avatar 1] Turn 7: (12, 9) AM_AVATAR_MOVE Direction: SOUTH
[Avatar 0] Turn 8: (8, 9) AM_AVATAR_MOVE Direction: NULL
[Avatar 1] Turn 9: (12, 9) AM_AVATAR_MOVE Direction: EAST
[Avatar 0] Turn 10: (8, 9) AM_AVATAR_MOVE Direction: NULL
[Avatar 1] Turn 11: (13, 9) AM_AVATAR_MOVE Direction: NORTH
[Avatar 0] Turn 12: (8, 9) AM_AVATAR_MOVE Direction: NULL
[Avatar 1] Turn 13: (13, 9) AM_AVATAR_MOVE Direction: SOUTH
[Avatar 0] Turn 14: (8, 9) AM_AVATAR_MOVE Direction: NULL
[Avatar 1] Turn 15: (13, 10) AM_AVATAR_MOVE Direction: WEST
[Avatar 0] Turn 16: (8, 9) AM_AVATAR_MOVE Direction: NULL
[Avatar 1] Turn 17: (12, 10) AM_AVATAR_MOVE Direction: WEST
[Avatar 0] Turn 18: (8, 9) AM_AVATAR_MOVE Direction: NULL
[Avatar 1] Turn 19: (12, 10) AM_AVATAR_MOVE Direction: SOUTH
[Avatar 0] Turn 20: (8, 9) AM_AVATAR_MOVE Direction: NULL
[Avatar 1] Turn 21: (12, 11) AM_AVATAR_MOVE Direction: WEST
[Avatar 0] Turn 22: (8, 9) AM_AVATAR_MOVE Direction: NULL
[Avatar 1] Turn 23: (11, 11) AM_AVATAR_MOVE Direction: WEST
[Avatar 0] Turn 24: (8, 9) AM_AVATAR_MOVE Direction: NULL
[Avatar 1] Turn 25: (10, 11) AM_AVATAR_MOVE Direction: WEST
[Avatar 0] Turn 26: (8, 9) AM_AVATAR_MOVE Direction: NULL
[Avatar 1] Turn 27: (10, 11) AM_AVATAR_MOVE Direction: NORTH
[Avatar 0] Turn 28: (8, 9) AM_AVATAR_MOVE Direction: NULL
[Avatar 1] Turn 29: (10, 10) AM_AVATAR_MOVE Direction: WEST
[Avatar 0] Turn 30: (8, 9) AM_AVATAR_MOVE Direction: NULL
[Avatar 1] Turn 31: (10, 10) AM_AVATAR_MOVE Direction: NORTH
[Avatar 0] Turn 32: (8, 9) AM_AVATAR_MOVE Direction: NULL
[Avatar 1] Turn 33: (10, 9) AM_AVATAR_MOVE Direction: WEST
[Avatar 0] Turn 34: (8, 9) AM_AVATAR_MOVE Direction: NULL
[Avatar 1] Turn 35: (9, 9) AM_AVATAR_MOVE Direction: WEST
[Avatar 0] Turn 36: (8, 9) AM_AVATAR_MOVE Direction: NULL
[Avatar 1] Turn 37: (9, 9) AM_AVATAR_MOVE Direction: NORTH
[Avatar 0] Turn 38: (8, 9) AM_AVATAR_MOVE Direction: NULL
[Avatar 1] Turn 39: (9, 8) AM_AVATAR_MOVE Direction: WEST
[Avatar 0] Turn 40: (8, 9) AM_AVATAR_MOVE Direction: NULL
[Avatar 1] Turn 41: (9, 8) AM_AVATAR_MOVE Direction: NORTH
[Avatar 0] Turn 42: (8, 9) AM_AVATAR_MOVE Direction: NULL
[Avatar 1] Turn 43: (9, 8) AM_AVATAR_MOVE Direction: EAST
[Avatar 0] Turn 44: (8, 9) AM_AVATAR_MOVE Direction: NULL
[Avatar 1] Turn 45: (10, 8) AM_AVATAR_MOVE Direction: NORTH
[Avatar 0] Turn 46: (8, 9) AM_AVATAR_MOVE Direction: NULL
[Avatar 1] Turn 47: (10, 7) AM_AVATAR_MOVE Direction: WEST
[Avatar 0] Turn 48: (8, 9) AM_AVATAR_MOVE Direction: NULL
[Avatar 1] Turn 49: (9, 7) AM_AVATAR_MOVE Direction: WEST
[Avatar 0] Turn 50: (8, 9) AM_AVATAR_MOVE Direction: NULL
[Avatar 1] Turn 51: (9, 7) AM_AVATAR_MOVE Direction: NORTH
[Avatar 0] Turn 52: (8, 9) AM_AVATAR_MOVE Direction: NULL
[Avatar 1] Turn 53: (9, 6) AM_AVATAR_MOVE Direction: WEST
[Avatar 0] Turn 54: (8, 9) AM_AVATAR_MOVE Direction: NULL
[Avatar 1] Turn 55: (9, 6) AM_AVATAR_MOVE Direction: EAST
[Avatar 0] Turn 56: (8, 9) AM_AVATAR_MOVE Direction: NULL
[Avatar 1] Turn 57: (10, 6) AM_AVATAR_MOVE Direction: EAST
[Avatar 0] Turn 58: (8, 9) AM_AVATAR_MOVE Direction: NULL
[Avatar 1] Turn 59: (11, 6) AM_AVATAR_MOVE Direction: SOUTH
[Avatar 0] Turn 60: (8, 9) AM_AVATAR_MOVE Direction: NULL
[Avatar 1] Turn 61: (11, 7) AM_AVATAR_MOVE Direction: SOUTH
[Avatar 0] Turn 62: (8, 9) AM_AVATAR_MOVE Direction: NULL
[Avatar 1] Turn 63: (11, 8) AM_AVATAR_MOVE Direction: SOUTH
[Avatar 0] Turn 64: (8, 9) AM_AVATAR_MOVE Direction: NULL
[Avatar 1] Turn 65: (11, 9) AM_AVATAR_MOVE Direction: SOUTH
[Avatar 0] Turn 66: (8, 9) AM_AVATAR_MOVE Direction: NULL
[Avatar 1] Turn 67: (11, 10) AM_AVATAR_MOVE Direction: WEST
[Avatar 0] Turn 68: (8, 9) AM_AVATAR_MOVE Direction: NULL
[Avatar 1] Turn 69: (11, 10) AM_AVATAR_MOVE Direction: NORTH
[Avatar 0] Turn 70: (8, 9) AM_AVATAR_MOVE Direction: NULL
[Avatar 1] Turn 71: (11, 9) AM_AVATAR_MOVE Direction: WEST
[Avatar 0] Turn 72: (8, 9) AM_AVATAR_MOVE Direction: NULL
[Avatar 1] Turn 73: (11, 9) AM_AVATAR_MOVE Direction: NORTH
[Avatar 0] Turn 74: (8, 9) AM_AVATAR_MOVE Direction: NULL
[Avatar 1] Turn 75: (11, 8) AM_AVATAR_MOVE Direction: WEST
[Avatar 0] Turn 76: (8, 9) AM_AVATAR_MOVE Direction: NULL
[Avatar 1] Turn 77: (11, 8) AM_AVATAR_MOVE Direction: NORTH
[Avatar 0] Turn 78: (8, 9) AM_AVATAR_MOVE Direction: NULL
[Avatar 1] Turn 79: (11, 7) AM_AVATAR_MOVE Direction: EAST
[Avatar 0] Turn 80: (8, 9) AM_AVATAR_MOVE Direction: NULL
[Avatar 1] Turn 81: (12, 7) AM_AVATAR_MOVE Direction: NORTH
[Avatar 0] Turn 82: (8, 9) AM_AVATAR_MOVE Direction: NULL
[Avatar 1] Turn 83: (12, 7) AM_AVATAR_MOVE Direction: EAST
[Avatar 0] Turn 84: (8, 9) AM_AVATAR_MOVE Direction: NULL
[Avatar 1] Turn 85: (13, 7) AM_AVATAR_MOVE Direction: SOUTH
[Avatar 0] Turn 86: (8, 9) AM_AVATAR_MOVE Direction: NULL
[Avatar 1] Turn 87: (13, 7) AM_AVATAR_MOVE Direction: NORTH
[Avatar 0] Turn 88: (8, 9) AM_AVATAR_MOVE Direction: NULL
[Avatar 1] Turn 89: (13, 6) AM_AVATAR_MOVE Direction: WEST
[Avatar 0] Turn 90: (8, 9) AM_AVATAR_MOVE Direction: NULL
[Avatar 1] Turn 91: (12, 6) AM_AVATAR_MOVE Direction: NORTH
[Avatar 0] Turn 92: (8, 9) AM_AVATAR_MOVE Direction: NULL
[Avatar 1] Turn 93: (12, 5) AM_AVATAR_MOVE Direction: WEST
[Avatar 0] Turn 94: (8, 9) AM_AVATAR_MOVE Direction: NULL
[Avatar 1] Turn 95: (12, 5) AM_AVATAR_MOVE Direction: NORTH
[Avatar 0] Turn 96: (8, 9) AM_AVATAR_MOVE Direction: NULL
[Avatar 1] Turn 97: (12, 5) AM_AVATAR_MOVE Direction: EAST
[Avatar 0] Turn 98: (8, 9) AM_AVATAR_MOVE Direction: NULL
[Avatar 1] Turn 99: (13, 5) AM_AVATAR_MOVE Direction: NORTH
[Avatar 0] Turn 100: (8, 9) AM_AVATAR_MOVE Direction: NULL
[Avatar 1] Turn 101: (13, 5) AM_AVATAR_MOVE Direction: EAST
[Avatar 0] Turn 102: (8, 9) AM_AVATAR_MOVE Direction: NULL
[Avatar 1] Turn 103: (13, 5) AM_AVATAR_MOVE Direction: WEST
[Avatar 0] Turn 104: (8, 9) AM_AVATAR_MOVE Direction: NULL
[Avatar 1] Turn 105: (12, 5) AM_AVATAR_MOVE Direction: SOUTH
[Avatar 0] Turn 106: (8, 9) AM_AVATAR_MOVE Direction: NULL
[Avatar 1] Turn 107: (12, 6) AM_AVATAR_MOVE Direction: WEST
[Avatar 0] Turn 108: (8, 9) AM_AVATAR_MOVE Direction: NULL
[Avatar 1] Turn 109: (12, 6) AM_AVATAR_MOVE Direction: EAST
[Avatar 0] Turn 110: (8, 9) AM_AVATAR_MOVE Direction: NULL
[Avatar 1] Turn 111: (13, 6) AM_AVATAR_MOVE Direction: EAST
[Avatar 0] Turn 112: (8, 9) AM_AVATAR_MOVE Direction: NULL
[Avatar 1] Turn 113: (13, 6) AM_AVATAR_MOVE Direction: NORTH
[Avatar 0] Turn 114: (8, 9) AM_AVATAR_MOVE Direction: NULL
[Avatar 1] Turn 115: (13, 6) AM_AVATAR_MOVE Direction: SOUTH
[Avatar 0] Turn 116: (8, 9) AM_AVATAR_MOVE Direction: NULL
[Avatar 1] Turn 117: (13, 7) AM_AVATAR_MOVE Direction: EAST
[Avatar 0] Turn 118: (8, 9) AM_AVATAR_MOVE Direction: NULL
[Avatar 1] Turn 119: (13, 7) AM_AVATAR_MOVE Direction: WEST
[Avatar 0] Turn 120: (8, 9) AM_AVATAR_MOVE Direction: NULL
[Avatar 1] Turn 121: (12, 7) AM_AVATAR_MOVE Direction: WEST
[Avatar 0] Turn 122: (8, 9) AM_AVATAR_MOVE Direction: NULL
[Avatar 1] Turn 123: (11, 7) AM_AVATAR_MOVE Direction: WEST
[Avatar 0] Turn 124: (8, 9) AM_AVATAR_MOVE Direction: NULL
[Avatar 1] Turn 125: (11, 7) AM_AVATAR_MOVE Direction: NORTH
[Avatar 0] Turn 126: (8, 9) AM_AVATAR_MOVE Direction: NULL
[Avatar 1] Turn 127: (11, 6) AM_AVATAR_MOVE Direction: NORTH
[Avatar 0] Turn 128: (8, 9) AM_AVATAR_MOVE Direction: NULL
[Avatar 1] Turn 129: (11, 6) AM_AVATAR_MOVE Direction: WEST
[Avatar 0] Turn 130: (8, 9) AM_AVATAR_MOVE Direction: NULL
[Avatar 1] Turn 131: (10, 6) AM_AVATAR_MOVE Direction: NORTH
[Avatar 0] Turn 132: (8, 9) AM_AVATAR_MOVE Direction: NULL
[Avatar 1] Turn 133: (10, 6) AM_AVATAR_MOVE Direction: WEST
[Avatar 0] Turn 134: (8, 9) AM_AVATAR_MOVE Direction: NULL
[Avatar 1] Turn 135: (9, 6) AM_AVATAR_MOVE Direction: NORTH
[Avatar 0] Turn 136: (8, 9) AM_AVATAR_MOVE Direction: NULL
[Avatar 1] Turn 137: (9, 6) AM_AVATAR_MOVE Direction: SOUTH
[Avatar 0] Turn 138: (8, 9) AM_AVATAR_MOVE Direction: NULL
[Avatar 1] Turn 139: (9, 7) AM_AVATAR_MOVE Direction: EAST
[Avatar 0] Turn 140: (8, 9) AM_AVATAR_MOVE Direction: NULL
[Avatar 1] Turn 141: (10, 7) AM_AVATAR_MOVE Direction: SOUTH
[Avatar 0] Turn 142: (8, 9) AM_AVATAR_MOVE Direction: NULL
[Avatar 1] Turn 143: (10, 8) AM_AVATAR_MOVE Direction: WEST
[Avatar 0] Turn 144: (8, 9) AM_AVATAR_MOVE Direction: NULL
[Avatar 1] Turn 145: (9, 8) AM_AVATAR_MOVE Direction: SOUTH
[Avatar 0] Turn 146: (8, 9) AM_AVATAR_MOVE Direction: NULL
[Avatar 1] Turn 147: (9, 9) AM_AVATAR_MOVE Direction: SOUTH
[Avatar 0] Turn 148: (8, 9) AM_AVATAR_MOVE Direction: NULL
[Avatar 1] Turn 149: (9, 10) AM_AVATAR_MOVE Direction: WEST
[Avatar 0] Turn 150: (8, 9) AM_AVATAR_MOVE Direction: NULL
[Avatar 1] Turn 151: (9, 10) AM_AVATAR_MOVE Direction: SOUTH
[Avatar 0] Turn 152: (8, 9) AM_AVATAR_MOVE Direction: NULL
[Avatar 1] Turn 153: (9, 10) AM_AVATAR_MOVE Direction: NORTH
[Avatar 0] Turn 154: (8, 9) AM_AVATAR_MOVE Direction: NULL
[Avatar 1] Turn 155: (9, 9) AM_AVATAR_MOVE Direction: EAST
[Avatar 0] Turn 156: (8, 9) AM_AVATAR_MOVE Direction: NULL
[Avatar 1] Turn 157: (10, 9) AM_AVATAR_MOVE Direction: SOUTH
[Avatar 0] Turn 158: (8, 9) AM_AVATAR_MOVE Direction: NULL
[Avatar 1] Turn 159: (10, 10) AM_AVATAR_MOVE Direction: SOUTH
[Avatar 0] Turn 160: (8, 9) AM_AVATAR_MOVE Direction: NULL
[Avatar 1] Turn 161: (10, 11) AM_AVATAR_MOVE Direction: SOUTH
[Avatar 0] Turn 162: (8, 9) AM_AVATAR_MOVE Direction: NULL
[Avatar 1] Turn 163: (10, 11) AM_AVATAR_MOVE Direction: EAST
[Avatar 0] Turn 164: (8, 9) AM_AVATAR_MOVE Direction: NULL
[Avatar 1] Turn 165: (11, 11) AM_AVATAR_MOVE Direction: SOUTH
[Avatar 0] Turn 166: (8, 9) AM_AVATAR_MOVE Direction: NULL
[Avatar 1] Turn 167: (11, 12) AM_AVATAR_MOVE Direction: WEST
[Avatar 0] Turn 168: (8, 9) AM_AVATAR_MOVE Direction: NULL
[Avatar 1] Turn 169: (11, 12) AM_AVATAR_MOVE Direction: SOUTH
[Avatar 0] Turn 170: (8, 9) AM_AVATAR_MOVE Direction: NULL
[Avatar 1] Turn 171: (11, 12) AM_AVATAR_MOVE Direction: EAST
[Avatar 0] Turn 172: (8, 9) AM_AVATAR_MOVE Direction: NULL
[Avatar 1] Turn 173: (11, 12) AM_AVATAR_MOVE Direction: NORTH
[Avatar 0] Turn 174: (8, 9) AM_AVATAR_MOVE Direction: NULL
[Avatar 1] Turn 175: (11, 11) AM_AVATAR_MOVE Direction: NORTH
[Avatar 0] Turn 176: (8, 9) AM_AVATAR_MOVE Direction: NULL
[Avatar 1] Turn 177: (11, 11) AM_AVATAR_MOVE Direction: EAST
[Avatar 0] Turn 178: (8, 9) AM_AVATAR_MOVE Direction: NULL
[Avatar 1] Turn 179: (12, 11) AM_AVATAR_MOVE Direction: SOUTH
[Avatar 0] Turn 180: (8, 9) AM_AVATAR_MOVE Direction: NULL
[Avatar 1] Turn 181: (12, 11) AM_AVATAR_MOVE Direction: EAST
[Avatar 0] Turn 182: (8, 9) AM_AVATAR_MOVE Direction: NULL
[Avatar 1] Turn 183: (13, 11) AM_AVATAR_MOVE Direction: SOUTH
[Avatar 0] Turn 184: (8, 9) AM_AVATAR_MOVE Direction: NULL
[Avatar 1] Turn 185: (13, 11) AM_AVATAR_MOVE Direction: EAST
[Avatar 0] Turn 186: (8, 9) AM_AVATAR_MOVE Direction: NULL
[Avatar 1] Turn 187: (14, 11) AM_AVATAR_MOVE Direction: NORTH
[Avatar 0] Turn 188: (8, 9) AM_AVATAR_MOVE Direction: NULL
[Avatar 1] Turn 189: (14, 11) AM_AVATAR_MOVE Direction: SOUTH
[Avatar 0] Turn 190: (8, 9) AM_AVATAR_MOVE Direction: NULL
[Avatar 1] Turn 191: (14, 11) AM_AVATAR_MOVE Direction: EAST
[Avatar 0] Turn 192: (8, 9) AM_AVATAR_MOVE Direction: NULL
[Avatar 1] Turn 193: (15, 11) AM_AVATAR_MOVE Direction: NORTH
[Avatar 0] Turn 194: (8, 9) AM_AVATAR_MOVE Direction: NULL
[Avatar 1] Turn 195: (15, 11) AM_AVATAR_MOVE Direction: SOUTH
[Avatar 0] Turn 196: (8, 9) AM_AVATAR_MOVE Direction: NULL
[Avatar 1] Turn 197: (15, 12) AM_AVATAR_MOVE Direction: WEST
[Avatar 0] Turn 198: (8, 9) AM_AVATAR_MOVE Direction: NULL
[Avatar 1] Turn 199: (15, 12) AM_AVATAR_MOVE Direction: SOUTH
[Avatar 0] Turn 200: (8, 9) AM_AVATAR_MOVE Direction: NULL
[Avatar 1] Turn 201: (15, 13) AM_AVATAR_MOVE Direction: WEST
[Avatar 0] Turn 202: (8, 9) AM_AVATAR_MOVE Direction: NULL
[Avatar 1] Turn 203: (14, 13) AM_AVATAR_MOVE Direction: WEST
[Avatar 0] Turn 204: (8, 9) AM_AVATAR_MOVE Direction: NULL
[Avatar 1] Turn 205: (14, 13) AM_AVATAR_MOVE Direction: NORTH
[Avatar 0] Turn 206: (8, 9) AM_AVATAR_MOVE Direction: NULL
[Avatar 1] Turn 207: (14, 12) AM_AVATAR_MOVE Direction: WEST
[Avatar 0] Turn 208: (8, 9) AM_AVATAR_MOVE Direction: NULL
[Avatar 1] Turn 209: (14, 12) AM_AVATAR_MOVE Direction: SOUTH
[Avatar 0] Turn 210: (8, 9) AM_AVATAR_MOVE Direction: NULL
[Avatar 1] Turn 211: (14, 13) AM_AVATAR_MOVE Direction: SOUTH
[Avatar 0] Turn 212: (8, 9) AM_AVATAR_MOVE Direction: NULL
[Avatar 1] Turn 213: (14, 13) AM_AVATAR_MOVE Direction: EAST
[Avatar 0] Turn 214: (8, 9) AM_AVATAR_MOVE Direction: NULL
[Avatar 1] Turn 215: (15, 13) AM_AVATAR_MOVE Direction: SOUTH
[Avatar 0] Turn 216: (8, 9) AM_AVATAR_MOVE Direction: NULL
[Avatar 1] Turn 217: (15, 13) AM_AVATAR_MOVE Direction: EAST
[Avatar 0] Turn 218: (8, 9) AM_AVATAR_MOVE Direction: NULL
[Avatar 1] Turn 219: (15, 13) AM_AVATAR_MOVE Direction: NORTH
[Avatar 0] Turn 220: (8, 9) AM_AVATAR_MOVE Direction: NULL
[Avatar 1] Turn 221: (15, 12) AM_AVATAR_MOVE Direction: EAST
[Avatar 0] Turn 222: (8, 9) AM_AVATAR_MOVE Direction: NULL
[Avatar 1] Turn 223: (15, 12) AM_AVATAR_MOVE Direction: NORTH
[Avatar 0] Turn 224: (8, 9) AM_AVATAR_MOVE Direction: NULL
[Avatar 1] Turn 225: (15, 11) AM_AVATAR_MOVE Direction: EAST
[Avatar 0] Turn 226: (8, 9) AM_AVATAR_MOVE Direction: NULL
[Avatar 1] Turn 227: (15, 11) AM_AVATAR_MOVE Direction: WEST
[Avatar 0] Turn 228: (8, 9) AM_AVATAR_MOVE Direction: NULL
[Avatar 1] Turn 229: (14, 11) AM_AVATAR_MOVE Direction: WEST
[Avatar 0] Turn 230: (8, 9) AM_AVATAR_MOVE Direction: NULL
[Avatar 1] Turn 231: (13, 11) AM_AVATAR_MOVE Direction: WEST
[Avatar 0] Turn 232: (8, 9) AM_AVATAR_MOVE Direction: NULL
[Avatar 1] Turn 233: (12, 11) AM_AVATAR_MOVE Direction: NORTH
[Avatar 0] Turn 234: (8, 9) AM_AVATAR_MOVE Direction: NULL
[Avatar 1] Turn 235: (12, 10) AM_AVATAR_MOVE Direction: EAST
[Avatar 0] Turn 236: (8, 9) AM_AVATAR_MOVE Direction: NULL
[Avatar 1] Turn 237: (13, 10) AM_AVATAR_MOVE Direction: EAST
[Avatar 0] Turn 238: (8, 9) AM_AVATAR_MOVE Direction: NULL
[Avatar 1] Turn 239: (13, 10) AM_AVATAR_MOVE Direction: NORTH
[Avatar 0] Turn 240: (8, 9) AM_AVATAR_MOVE Direction: NULL
[Avatar 1] Turn 241: (13, 9) AM_AVATAR_MOVE Direction: EAST
[Avatar 0] Turn 242: (8, 9) AM_AVATAR_MOVE Direction: NULL
[Avatar 1] Turn 243: (13, 9) AM_AVATAR_MOVE Direction: WEST
[Avatar 0] Turn 244: (8, 9) AM_AVATAR_MOVE Direction: NULL
[Avatar 1] Turn 245: (12, 9) AM_AVATAR_MOVE Direction: NORTH
[Avatar 0] Turn 246: (8, 9) AM_AVATAR_MOVE Direction: NULL
[Avatar 1] Turn 247: (12, 8) AM_AVATAR_MOVE Direction: EAST
[Avatar 0] Turn 248: (8, 9) AM_AVATAR_MOVE Direction: NULL
[Avatar 1] Turn 249: (13, 8) AM_AVATAR_MOVE Direction: EAST
[Avatar 0] Turn 250: (8, 9) AM_AVATAR_MOVE Direction: NULL
[Avatar 1] Turn 251: (14, 8) AM_AVATAR_MOVE Direction: SOUTH
[Avatar 0] Turn 252: (8, 9) AM_AVATAR_MOVE Direction: NULL
[Avatar 1] Turn 253: (14, 8) AM_AVATAR_MOVE Direction: NORTH
[Avatar 0] Turn 254: (8, 9) AM_AVATAR_MOVE Direction: NULL
[Avatar 1] Turn 255: (14, 7) AM_AVATAR_MOVE Direction: NORTH
[Avatar 0] Turn 256: (8, 9) AM_AVATAR_MOVE Direction: NULL
[Avatar 1] Turn 257: (14, 6) AM_AVATAR_MOVE Direction: NORTH
[Avatar 0] Turn 258: (8, 9) AM_AVATAR_MOVE Direction: NULL
[Avatar 1] Turn 259: (14, 5) AM_AVATAR_MOVE Direction: NORTH
[Avatar 0] Turn 260: (8, 9) AM_AVATAR_MOVE Direction: NULL
[Avatar 1] Turn 261: (14, 4) AM_AVATAR_MOVE Direction: WEST
[Avatar 0] Turn 262: (8, 9) AM_AVATAR_MOVE Direction: NULL
[Avatar 1] Turn 263: (14, 4) AM_AVATAR_MOVE Direction: NORTH
[Avatar 0] Turn 264: (8, 9) AM_AVATAR_MOVE Direction: NULL
[Avatar 1] Turn 265: (14, 4) AM_AVATAR_MOVE Direction: EAST
[Avatar 0] Turn 266: (8, 9) AM_AVATAR_MOVE Direction: NULL
[Avatar 1] Turn 267: (15, 4) AM_AVATAR_MOVE Direction: SOUTH
[Avatar 0] Turn 268: (8, 9) AM_AVATAR_MOVE Direction: NULL
[Avatar 1] Turn 269: (15, 5) AM_AVATAR_MOVE Direction: SOUTH
[Avatar 0] Turn 270: (8, 9) AM_AVATAR_MOVE Direction: NULL
[Avatar 1] Turn 271: (15, 6) AM_AVATAR_MOVE Direction: SOUTH
[Avatar 0] Turn 272: (8, 9) AM_AVATAR_MOVE Direction: NULL
[Avatar 1] Turn 273: (15, 7) AM_AVATAR_MOVE Direction: SOUTH
[Avatar 0] Turn 274: (8, 9) AM_AVATAR_MOVE Direction: NULL
[Avatar 1] Turn 275: (15, 7) AM_AVATAR_MOVE Direction: EAST
[Avatar 0] Turn 276: (8, 9) AM_AVATAR_MOVE Direction: NULL
[Avatar 1] Turn 277: (16, 7) AM_AVATAR_MOVE Direction: SOUTH
[Avatar 0] Turn 278: (8, 9) AM_AVATAR_MOVE Direction: NULL
[Avatar 1] Turn 279: (16, 7) AM_AVATAR_MOVE Direction: NORTH
[Avatar 0] Turn 280: (8, 9) AM_AVATAR_MOVE Direction: NULL
[Avatar 1] Turn 281: (16, 6) AM_AVATAR_MOVE Direction: NORTH
[Avatar 0] Turn 282: (8, 9) AM_AVATAR_MOVE Direction: NULL
[Avatar 1] Turn 283: (16, 6) AM_AVATAR_MOVE Direction: EAST
[Avatar 0] Turn 284: (8, 9) AM_AVATAR_MOVE Direction: NULL
[Avatar 1] Turn 285: (17, 6) AM_AVATAR_MOVE Direction: SOUTH
[Avatar 0] Turn 286: (8, 9) AM_AVATAR_MOVE Direction: NULL
[Avatar 1] Turn 287: (17, 7) AM_AVATAR_MOVE Direction: SOUTH
[Avatar 0] Turn 288: (8, 9) AM_AVATAR_MOVE Direction: NULL
[Avatar 1] Turn 289: (17, 7) AM_AVATAR_MOVE Direction: EAST
[Avatar 0] Turn 290: (8, 9) AM_AVATAR_MOVE Direction: NULL
[Avatar 1] Turn 291: (18, 7) AM_AVATAR_MOVE Direction: SOUTH
[Avatar 0] Turn 292: (8, 9) AM_AVATAR_MOVE Direction: NULL
[Avatar 1] Turn 293: (18, 7) AM_AVATAR_MOVE Direction: NORTH
[Avatar 0] Turn 294: (8, 9) AM_AVATAR_MOVE Direction: NULL
[Avatar 1] Turn 295: (18, 7) AM_AVATAR_MOVE Direction: EAST
[Avatar 0] Turn 296: (8, 9) AM_AVATAR_MOVE Direction: NULL
[Avatar 1] Turn 297: (19, 7) AM_AVATAR_MOVE Direction: SOUTH
[Avatar 0] Turn 298: (8, 9) AM_AVATAR_MOVE Direction: NULL
[Avatar 1] Turn 299: (19, 8) AM_AVATAR_MOVE Direction: WEST
[Avatar 0] Turn 300: (8, 9) AM_AVATAR_MOVE Direction: NULL
[Avatar 1] Turn 301: (19, 8) AM_AVATAR_MOVE Direction: SOUTH
[Avatar 0] Turn 302: (8, 9) AM_AVATAR_MOVE Direction: NULL
[Avatar 1] Turn 303: (19, 9) AM_AVATAR_MOVE Direction: WEST
[Avatar 0] Turn 304: (8, 9) AM_AVATAR_MOVE Direction: NULL
[Avatar 1] Turn 305: (18, 9) AM_AVATAR_MOVE Direction: WEST
[Avatar 0] Turn 306: (8, 9) AM_AVATAR_MOVE Direction: NULL
[Avatar 1] Turn 307: (18, 9) AM_AVATAR_MOVE Direction: NORTH
[Avatar 0] Turn 308: (8, 9) AM_AVATAR_MOVE Direction: NULL
[Avatar 1] Turn 309: (18, 8) AM_AVATAR_MOVE Direction: WEST
[Avatar 0] Turn 310: (8, 9) AM_AVATAR_MOVE Direction: NULL
[Avatar 1] Turn 311: (17, 8) AM_AVATAR_MOVE Direction: WEST
[Avatar 0] Turn 312: (8, 9) AM_AVATAR_MOVE Direction: NULL
[Avatar 1] Turn 313: (17, 8) AM_AVATAR_MOVE Direction: SOUTH
[Avatar 0] Turn 314: (8, 9) AM_AVATAR_MOVE Direction: NULL
[Avatar 1] Turn 315: (17, 9) AM_AVATAR_MOVE Direction: WEST
[Avatar 0] Turn 316: (8, 9) AM_AVATAR_MOVE Direction: NULL
[Avatar 1] Turn 317: (16, 9) AM_AVATAR_MOVE Direction: WEST
[Avatar 0] Turn 318: (8, 9) AM_AVATAR_MOVE Direction: NULL
[Avatar 1] Turn 319: (16, 9) AM_AVATAR_MOVE Direction: NORTH
[Avatar 0] Turn 320: (8, 9) AM_AVATAR_MOVE Direction: NULL
[Avatar 1] Turn 321: (16, 8) AM_AVATAR_MOVE Direction: WEST
[Avatar 0] Turn 322: (8, 9) AM_AVATAR_MOVE Direction: NULL
[Avatar 1] Turn 323: (15, 8) AM_AVATAR_MOVE Direction: SOUTH
[Avatar 0] Turn 324: (8, 9) AM_AVATAR_MOVE Direction: NULL
[Avatar 1] Turn 325: (15, 9) AM_AVATAR_MOVE Direction: WEST
[Avatar 0] Turn 326: (8, 9) AM_AVATAR_MOVE Direction: NULL
[Avatar 1] Turn 327: (14, 9) AM_AVATAR_MOVE Direction: SOUTH
[Avatar 0] Turn 328: (8, 9) AM_AVATAR_MOVE Direction: NULL
[Avatar 1] Turn 329: (14, 10) AM_AVATAR_MOVE Direction: EAST
[Avatar 0] Turn 330: (8, 9) AM_AVATAR_MOVE Direction: NULL
[Avatar 1] Turn 331: (15, 10) AM_AVATAR_MOVE Direction: EAST
[Avatar 0] Turn 332: (8, 9) AM_AVATAR_MOVE Direction: NULL
[Avatar 1] Turn 333: (16, 10) AM_AVATAR_MOVE Direction: SOUTH
[Avatar 0] Turn 334: (8, 9) AM_AVATAR_MOVE Direction: NULL
[Avatar 1] Turn 335: (16, 11) AM_AVATAR_MOVE Direction: SOUTH
[Avatar 0] Turn 336: (8, 9) AM_AVATAR_MOVE Direction: NULL
[Avatar 1] Turn 337: (16, 11) AM_AVATAR_MOVE Direction: EAST
[Avatar 0] Turn 338: (8, 9) AM_AVATAR_MOVE Direction: NULL
[Avatar 1] Turn 339: (17, 11) AM_AVATAR_MOVE Direction: NORTH
[Avatar 0] Turn 340: (8, 9) AM_AVATAR_MOVE Direction: NULL
[Avatar 1] Turn 341: (17, 11) AM_AVATAR_MOVE Direction: SOUTH
[Avatar 0] Turn 342: (8, 9) AM_AVATAR_MOVE Direction: NULL
[Avatar 1] Turn 343: (17, 11) AM_AVATAR_MOVE Direction: EAST
[Avatar 0] Turn 344: (8, 9) AM_AVATAR_MOVE Direction: NULL
[Avatar 1] Turn 345: (18, 11) AM_AVATAR_MOVE Direction: NORTH
[Avatar 0] Turn 346: (8, 9) AM_AVATAR_MOVE Direction: NULL
[Avatar 1] Turn 347: (18, 11) AM_AVATAR_MOVE Direction: SOUTH
[Avatar 0] Turn 348: (8, 9) AM_AVATAR_MOVE Direction: NULL
[Avatar 1] Turn 349: (18, 12) AM_AVATAR_MOVE Direction: WEST
[Avatar 0] Turn 350: (8, 9) AM_AVATAR_MOVE Direction: NULL
[Avatar 1] Turn 351: (18, 12) AM_AVATAR_MOVE Direction: SOUTH
[Avatar 0] Turn 352: (8, 9) AM_AVATAR_MOVE Direction: NULL
[Avatar 1] Turn 353: (18, 13) AM_AVATAR_MOVE Direction: WEST
[Avatar 0] Turn 354: (8, 9) AM_AVATAR_MOVE Direction: NULL
[Avatar 1] Turn 355: (18, 13) AM_AVATAR_MOVE Direction: SOUTH
[Avatar 0] Turn 356: (8, 9) AM_AVATAR_MOVE Direction: NULL
[Avatar 1] Turn 357: (18, 13) AM_AVATAR_MOVE Direction: EAST
[Avatar 0] Turn 358: (8, 9) AM_AVATAR_MOVE Direction: NULL
[Avatar 1] Turn 359: (19, 13) AM_AVATAR_MOVE Direction: NORTH
[Avatar 0] Turn 360: (8, 9) AM_AVATAR_MOVE Direction: NULL
[Avatar 1] Turn 361: (19, 13) AM_AVATAR_MOVE Direction: SOUTH
[Avatar 0] Turn 362: (8, 9) AM_AVATAR_MOVE Direction: NULL
[Avatar 1] Turn 363: (19, 14) AM_AVATAR_MOVE Direction: WEST
[Avatar 0] Turn 364: (8, 9) AM_AVATAR_MOVE Direction: NULL
[Avatar 1] Turn 365: (19, 14) AM_AVATAR_MOVE Direction: SOUTH
[Avatar 0] Turn 366: (8, 9) AM_AVATAR_MOVE Direction: NULL
[Avatar 1] Turn 367: (19, 15) AM_AVATAR_MOVE Direction: WEST
[Avatar 0] Turn 368: (8, 9) AM_AVATAR_MOVE Direction: NULL
[Avatar 1] Turn 369: (19, 15) AM_AVATAR_MOVE Direction: SOUTH
[Avatar 0] Turn 370: (8, 9) AM_AVATAR_MOVE Direction: NULL
[Avatar 1] Turn 371: (19, 16) AM_AVATAR_MOVE Direction: WEST
[Avatar 0] Turn 372: (8, 9) AM_AVATAR_MOVE Direction: NULL
[Avatar 1] Turn 373: (19, 16) AM_AVATAR_MOVE Direction: SOUTH
[Avatar 0] Turn 374: (8, 9) AM_AVATAR_MOVE Direction: NULL
[Avatar 1] Turn 375: (19, 17) AM_AVATAR_MOVE Direction: WEST
[Avatar 0] Turn 376: (8, 9) AM_AVATAR_MOVE Direction: NULL
[Avatar 1] Turn 377: (19, 17) AM_AVATAR_MOVE Direction: SOUTH
[Avatar 0] Turn 378: (8, 9) AM_AVATAR_MOVE Direction: NULL
[Avatar 1] Turn 379: (19, 18) AM_AVATAR_MOVE Direction: WEST
[Avatar 0] Turn 380: (8, 9) AM_AVATAR_MOVE Direction: NULL
[Avatar 1] Turn 381: (19, 18) AM_AVATAR_MOVE Direction: SOUTH
[Avatar 0] Turn 382: (8, 9) AM_AVATAR_MOVE Direction: NULL
[Avatar 1] Turn 383: (19, 19) AM_AVATAR_MOVE Direction: WEST
[Avatar 0] Turn 384: (8, 9) AM_AVATAR_MOVE Direction: NULL
[Avatar 1] Turn 385: (18, 19) AM_AVATAR_MOVE Direction: WEST
[Avatar 0] Turn 386: (8, 9) AM_AVATAR_MOVE Direction: NULL
[Avatar 1] Turn 387: (17, 19) AM_AVATAR_MOVE Direction: NORTH
[Avatar 0] Turn 388: (8, 9) AM_AVATAR_MOVE Direction: NULL
[Avatar 1] Turn 389: (17, 18) AM_AVATAR_MOVE Direction: WEST
[Avatar 0] Turn 390: (8, 9) AM_AVATAR_MOVE Direction: NULL
[Avatar 1] Turn 391: (17, 18) AM_AVATAR_MOVE Direction: NORTH
[Avatar 0] Turn 392: (8, 9) AM_AVATAR_MOVE Direction: NULL
[Avatar 1] Turn 393: (17, 18) AM_AVATAR_MOVE Direction: EAST
[Avatar 0] Turn 394: (8, 9) AM_AVATAR_MOVE Direction: NULL
[Avatar 1] Turn 395: (18, 18) AM_AVATAR_MOVE Direction: NORTH
[Avatar 0] Turn 396: (8, 9) AM_AVATAR_MOVE Direction: NULL
[Avatar 1] Turn 397: (18, 17) AM_AVATAR_MOVE Direction: WEST
[Avatar 0] Turn 398: (8, 9) AM_AVATAR_MOVE Direction: NULL
[Avatar 1] Turn 399: (18, 17) AM_AVATAR_MOVE Direction: NORTH
[Avatar 0] Turn 400: (8, 9) AM_AVATAR_MOVE Direction: NULL
[Avatar 1] Turn 401: (18, 16) AM_AVATAR_MOVE Direction: WEST
[Avatar 0] Turn 402: (8, 9) AM_AVATAR_MOVE Direction: NULL
[Avatar 1] Turn 403: (17, 16) AM_AVATAR_MOVE Direction: WEST
[Avatar 0] Turn 404: (8, 9) AM_AVATAR_MOVE Direction: NULL
[Avatar 1] Turn 405: (17, 16) AM_AVATAR_MOVE Direction: NORTH
[Avatar 0] Turn 406: (8, 9) AM_AVATAR_MOVE Direction: NULL
[Avatar 1] Turn 407: (17, 15) AM_AVATAR_MOVE Direction: WEST
[Avatar 0] Turn 408: (8, 9) AM_AVATAR_MOVE Direction: NULL
[Avatar 1] Turn 409: (17, 15) AM_AVATAR_MOVE Direction: NORTH
[Avatar 0] Turn 410: (8, 9) AM_AVATAR_MOVE Direction: NULL
[Avatar 1] Turn 411: (17, 15) AM_AVATAR_MOVE Direction: EAST
[Avatar 0] Turn 412: (8, 9) AM_AVATAR_MOVE Direction: NULL
[Avatar 1] Turn 413: (18, 15) AM_AVATAR_MOVE Direction: NORTH
[Avatar 0] Turn 414: (8, 9) AM_AVATAR_MOVE Direction: NULL
[Avatar 1] Turn 415: (18, 14) AM_AVATAR_MOVE Direction: WEST
[Avatar 0] Turn 416: (8, 9) AM_AVATAR_MOVE Direction: NULL
[Avatar 1] Turn 417: (17, 14) AM_AVATAR_MOVE Direction: WEST
[Avatar 0] Turn 418: (8, 9) AM_AVATAR_MOVE Direction: NULL
[Avatar 1] Turn 419: (17, 14) AM_AVATAR_MOVE Direction: NORTH
[Avatar 0] Turn 420: (8, 9) AM_AVATAR_MOVE Direction: NULL
[Avatar 1] Turn 421: (17, 13) AM_AVATAR_MOVE Direction: WEST
[Avatar 0] Turn 422: (8, 9) AM_AVATAR_MOVE Direction: NULL
[Avatar 1] Turn 423: (17, 13) AM_AVATAR_MOVE Direction: NORTH
[Avatar 0] Turn 424: (8, 9) AM_AVATAR_MOVE Direction: NULL
[Avatar 1] Turn 425: (17, 12) AM_AVATAR_MOVE Direction: WEST
[Avatar 0] Turn 426: (8, 9) AM_AVATAR_MOVE Direction: NULL
[Avatar 1] Turn 427: (16, 12) AM_AVATAR_MOVE Direction: SOUTH
[Avatar 0] Turn 428: (8, 9) AM_AVATAR_MOVE Direction: NULL
[Avatar 1] Turn 429: (16, 13) AM_AVATAR_MOVE Direction: SOUTH
[Avatar 0] Turn 430: (8, 9) AM_AVATAR_MOVE Direction: NULL
[Avatar 1] Turn 431: (16, 14) AM_AVATAR_MOVE Direction: WEST
[Avatar 0] Turn 432: (8, 9) AM_AVATAR_MOVE Direction: NULL
[Avatar 1] Turn 433: (15, 14) AM_AVATAR_MOVE Direction: WEST
[Avatar 0] Turn 434: (8, 9) AM_AVATAR_MOVE Direction: NULL
[Avatar 1] Turn 435: (15, 14) AM_AVATAR_MOVE Direction: SOUTH
[Avatar 0] Turn 436: (8, 9) AM_AVATAR_MOVE Direction: NULL
[Avatar 1] Turn 437: (15, 15) AM_AVATAR_MOVE Direction: WEST
[Avatar 0] Turn 438: (8, 9) AM_AVATAR_MOVE Direction: NULL
[Avatar 1] Turn 439: (15, 15) AM_AVATAR_MOVE Direction: SOUTH
[Avatar 0] Turn 440: (8, 9) AM_AVATAR_MOVE Direction: NULL
[Avatar 1] Turn 441: (15, 15) AM_AVATAR_MOVE Direction: EAST
[Avatar 0] Turn 442: (8, 9) AM_AVATAR_MOVE Direction: NULL
[Avatar 1] Turn 443: (16, 15) AM_AVATAR_MOVE Direction: SOUTH
[Avatar 0] Turn 444: (8, 9) AM_AVATAR_MOVE Direction: NULL
[Avatar 1] Turn 445: (16, 16) AM_AVATAR_MOVE Direction: WEST
[Avatar 0] Turn 446: (8, 9) AM_AVATAR_MOVE Direction: NULL
[Avatar 1] Turn 447: (15, 16) AM_AVATAR_MOVE Direction: WEST
[Avatar 0] Turn 448: (8, 9) AM_AVATAR_MOVE Direction: NULL
[Avatar 1] Turn 449: (15, 16) AM_AVATAR_MOVE Direction: SOUTH
[Avatar 0] Turn 450: (8, 9) AM_AVATAR_MOVE Direction: NULL
[Avatar 1] Turn 451: (15, 17) AM_AVATAR_MOVE Direction: WEST
[Avatar 0] Turn 452: (8, 9) AM_AVATAR_MOVE Direction: NULL
[Avatar 1] Turn 453: (14, 17) AM_AVATAR_MOVE Direction: NORTH
[Avatar 0] Turn 454: (8, 9) AM_AVATAR_MOVE Direction: NULL
[Avatar 1] Turn 455: (14, 17) AM_AVATAR_MOVE Direction: WEST
[Avatar 0] Turn 456: (8, 9) AM_AVATAR_MOVE Direction: NULL
[Avatar 1] Turn 457: (14, 17) AM_AVATAR_MOVE Direction: SOUTH
[Avatar 0] Turn 458: (8, 9) AM_AVATAR_MOVE Direction: NULL
[Avatar 1] Turn 459: (14, 17) AM_AVATAR_MOVE Direction: EAST
[Avatar 0] Turn 460: (8, 9) AM_AVATAR_MOVE Direction: NULL
[Avatar 1] Turn 461: (15, 17) AM_AVATAR_MOVE Direction: EAST
[Avatar 0] Turn 462: (8, 9) AM_AVATAR_MOVE Direction: NULL
[Avatar 1] Turn 463: (15, 17) AM_AVATAR_MOVE Direction: SOUTH
[Avatar 0] Turn 464: (8, 9) AM_AVATAR_MOVE Direction: NULL
[Avatar 1] Turn 465: (15, 18) AM_AVATAR_MOVE Direction: WEST
[Avatar 0] Turn 466: (8, 9) AM_AVATAR_MOVE Direction: NULL
[Avatar 1] Turn 467: (15, 18) AM_AVATAR_MOVE Direction: EAST
[Avatar 0] Turn 468: (8, 9) AM_AVATAR_MOVE Direction: NULL
[Avatar 1] Turn 469: (15, 18) AM_AVATAR_MOVE Direction: SOUTH
[Avatar 0] Turn 470: (8, 9) AM_AVATAR_MOVE Direction: NULL
[Avatar 1] Turn 471: (15, 19) AM_AVATAR_MOVE Direction: WEST
[Avatar 0] Turn 472: (8, 9) AM_AVATAR_MOVE Direction: NULL
[Avatar 1] Turn 473: (14, 19) AM_AVATAR_MOVE Direction: NORTH
[Avatar 0] Turn 474: (8, 9) AM_AVATAR_MOVE Direction: NULL
[Avatar 1] Turn 475: (14, 18) AM_AVATAR_MOVE Direction: WEST
[Avatar 0] Turn 476: (8, 9) AM_AVATAR_MOVE Direction: NULL
[Avatar 1] Turn 477: (13, 18) AM_AVATAR_MOVE Direction: NORTH
[Avatar 0] Turn 478: (8, 9) AM_AVATAR_MOVE Direction: NULL
[Avatar 1] Turn 479: (13, 17) AM_AVATAR_MOVE Direction: NORTH
[Avatar 0] Turn 480: (8, 9) AM_AVATAR_MOVE Direction: NULL
[Avatar 1] Turn 481: (13, 17) AM_AVATAR_MOVE Direction: WEST
[Avatar 0] Turn 482: (8, 9) AM_AVATAR_MOVE Direction: NULL
[Avatar 1] Turn 483: (12, 17) AM_AVATAR_MOVE Direction: NORTH
[Avatar 0] Turn 484: (8, 9) AM_AVATAR_MOVE Direction: NULL
[Avatar 1] Turn 485: (12, 17) AM_AVATAR_MOVE Direction: WEST
[Avatar 0] Turn 486: (8, 9) AM_AVATAR_MOVE Direction: NULL
[Avatar 1] Turn 487: (11, 17) AM_AVATAR_MOVE Direction: NORTH
[Avatar 0] Turn 488: (8, 9) AM_AVATAR_MOVE Direction: NULL
[Avatar 1] Turn 489: (11, 16) AM_AVATAR_MOVE Direction: NORTH
[Avatar 0] Turn 490: (8, 9) AM_AVATAR_MOVE Direction: NULL
[Avatar 1] Turn 491: (11, 16) AM_AVATAR_MOVE Direction: WEST
[Avatar 0] Turn 492: (8, 9) AM_AVATAR_MOVE Direction: NULL
[Avatar 1] Turn 493: (11, 16) AM_AVATAR_MOVE Direction: EAST
[Avatar 0] Turn 494: (8, 9) AM_AVATAR_MOVE Direction: NULL
[Avatar 1] Turn 495: (12, 16) AM_AVATAR_MOVE Direction: NORTH
[Avatar 0] Turn 496: (8, 9) AM_AVATAR_MOVE Direction: NULL
[Avatar 1] Turn 497: (12, 16) AM_AVATAR_MOVE Direction: EAST
[Avatar 0] Turn 498: (8, 9) AM_AVATAR_MOVE Direction: NULL
[Avatar 1] Turn 499: (13, 16) AM_AVATAR_MOVE Direction: NORTH
[Avatar 0] Turn 500: (8, 9) AM_AVATAR_MOVE Direction: NULL
[Avatar 1] Turn 501: (13, 16) AM_AVATAR_MOVE Direction: EAST
[Avatar 0] Turn 502: (8, 9) AM_AVATAR_MOVE Direction: NULL
[Avatar 1] Turn 503: (14, 16) AM_AVATAR_MOVE Direction: NORTH
[Avatar 0] Turn 504: (8, 9) AM_AVATAR_MOVE Direction: NULL
[Avatar 1] Turn 505: (14, 15) AM_AVATAR_MOVE Direction: WEST
[Avatar 0] Turn 506: (8, 9) AM_AVATAR_MOVE Direction: NULL
[Avatar 1] Turn 507: (14, 15) AM_AVATAR_MOVE Direction: NORTH
[Avatar 0] Turn 508: (8, 9) AM_AVATAR_MOVE Direction: NULL
[Avatar 1] Turn 509: (14, 14) AM_AVATAR_MOVE Direction: WEST
[Avatar 0] Turn 510: (8, 9) AM_AVATAR_MOVE Direction: NULL
[Avatar 1] Turn 511: (13, 14) AM_AVATAR_MOVE Direction: WEST
[Avatar 0] Turn 512: (8, 9) AM_AVATAR_MOVE Direction: NULL
[Avatar 1] Turn 513: (13, 14) AM_AVATAR_MOVE Direction: NORTH
[Avatar 0] Turn 514: (8, 9) AM_AVATAR_MOVE Direction: NULL
[Avatar 1] Turn 515: (13, 13) AM_AVATAR_MOVE Direction: WEST
[Avatar 0] Turn 516: (8, 9) AM_AVATAR_MOVE Direction: NULL
[Avatar 1] Turn 517: (13, 13) AM_AVATAR_MOVE Direction: NORTH
[Avatar 0] Turn 518: (8, 9) AM_AVATAR_MOVE Direction: NULL
[Avatar 1] Turn 519: (13, 12) AM_AVATAR_MOVE Direction: WEST
[Avatar 0] Turn 520: (8, 9) AM_AVATAR_MOVE Direction: NULL
[Avatar 1] Turn 521: (12, 12) AM_AVATAR_MOVE Direction: SOUTH
[Avatar 0] Turn 522: (8, 9) AM_AVATAR_MOVE Direction: NULL
[Avatar 1] Turn 523: (12, 13) AM_AVATAR_MOVE Direction: WEST
[Avatar 0] Turn 524: (8, 9) AM_AVATAR_MOVE Direction: NULL
[Avatar 1] Turn 525: (11, 13) AM_AVATAR_MOVE Direction: WEST
[Avatar 0] Turn 526: (8, 9) AM_AVATAR_MOVE Direction: NULL
[Avatar 1] Turn 527: (10, 13) AM_AVATAR_MOVE Direction: NORTH
[Avatar 0] Turn 528: (8, 9) AM_AVATAR_MOVE Direction: NULL
[Avatar 1] Turn 529: (10, 12) AM_AVATAR_MOVE Direction: WEST
[Avatar 0] Turn 530: (8, 9) AM_AVATAR_MOVE Direction: NULL
[Avatar 1] Turn 531: (9, 12) AM_AVATAR_MOVE Direction: NORTH
[Avatar 0] Turn 532: (8, 9) AM_AVATAR_MOVE Direction: NULL
[Avatar 1] Turn 533: (9, 11) AM_AVATAR_MOVE Direction: WEST
[Avatar 0] Turn 534: (8, 9) AM_AVATAR_MOVE Direction: NULL
[Avatar 1] Turn 535: (8, 11) AM_AVATAR_MOVE Direction: NORTH
[Avatar 0] Turn 536: (8, 9) AM_AVATAR_MOVE Direction: NULL
[Avatar 1] Turn 537: (8, 10) AM_AVATAR_MOVE Direction: NORTH
Maze solved in 538 turns
Hash: 3885951606l
