joannezhao, 49536, Wed May 28 20:48:36 EDT 2014


Sent AM_AVATAR_READY signal with AvatarID: 2

Sent AM_AVATAR_READY signal with AvatarID: 4

Sent AM_AVATAR_READY signal with AvatarID: 5
Sent AM_AVATAR_READY signal with AvatarID: 1
Sent AM_AVATAR_READY signal with AvatarID: 3Sent AM_AVATAR_READY signal with AvatarID: 6Sent AM_AVATAR_READY signal with AvatarID: 0
Sent AM_AVATAR_READY signal with AvatarID: 7
[Avatar 0] Turn 0: (0, 2) AM_AVATAR_MOVE Direction: NULL
[Avatar 2] Turn 2: (0, 4) AM_AVATAR_MOVE Direction: NORTH

[Avatar 3] Turn 3: (2, 2) AM_AVATAR_MOVE Direction: WEST

[Avatar 5] Turn 5: (2, 3) AM_AVATAR_MOVE Direction: WEST
[Avatar 6] Turn 6: (1, 1) AM_AVATAR_MOVE Direction: WEST[Avatar 1] Turn 1: (3, 2) AM_AVATAR_MOVE Direction: WEST
[Avatar 7] Turn 7: (2, 4) AM_AVATAR_MOVE Direction: WEST[Avatar 4] Turn 4: (3, 4) AM_AVATAR_MOVE Direction: WEST
[Avatar 0] Turn 8: (0, 2) AM_AVATAR_MOVE Direction: NULL
[Avatar 5] Turn 13: (2, 3) AM_AVATAR_MOVE Direction: NORTH



[Avatar 6] Turn 14: (0, 1) AM_AVATAR_MOVE Direction: SOUTH
[Avatar 3] Turn 11: (1, 2) AM_AVATAR_MOVE Direction: WEST[Avatar 4] Turn 12: (2, 4) AM_AVATAR_MOVE Direction: WEST[Avatar 1] Turn 9: (3, 2) AM_AVATAR_MOVE Direction: NORTH[Avatar 2] Turn 10: (0, 3) AM_AVATAR_MOVE Direction: NORTH
[Avatar 7] Turn 15: (1, 4) AM_AVATAR_MOVE Direction: NORTH
[Avatar 0] Turn 16: (0, 2) AM_AVATAR_MOVE Direction: NULL
[Avatar 3] Turn 19: (0, 2) AM_AVATAR_MOVE Direction: NULL

[Avatar 1] Turn 17: (3, 1) AM_AVATAR_MOVE Direction: WEST[Avatar 2] Turn 18: (0, 2) AM_AVATAR_MOVE Direction: NULL
[Avatar 4] Turn 20: (1, 4) AM_AVATAR_MOVE Direction: NORTH

[Avatar 6] Turn 22: (0, 1) AM_AVATAR_MOVE Direction: WEST
[Avatar 7] Turn 23: (1, 3) AM_AVATAR_MOVE Direction: WEST[Avatar 5] Turn 21: (2, 3) AM_AVATAR_MOVE Direction: SOUTH
[Avatar 0] Turn 24: (0, 2) AM_AVATAR_MOVE Direction: NULL
[Avatar 1] Turn 25: (3, 1) AM_AVATAR_MOVE Direction: NORTH
[Avatar 5] Turn 29: (2, 4) AM_AVATAR_MOVE Direction: WEST




[Avatar 3] Turn 27: (0, 2) AM_AVATAR_MOVE Direction: NULL[Avatar 2] Turn 26: (0, 2) AM_AVATAR_MOVE Direction: NULL[Avatar 6] Turn 30: (0, 1) AM_AVATAR_MOVE Direction: NORTH[Avatar 4] Turn 28: (1, 3) AM_AVATAR_MOVE Direction: WEST[Avatar 7] Turn 31: (0, 3) AM_AVATAR_MOVE Direction: NORTH
[Avatar 0] Turn 32: (0, 2) AM_AVATAR_MOVE Direction: NULL
[Avatar 1] Turn 33: (3, 1) AM_AVATAR_MOVE Direction: EAST
[Avatar 4] Turn 36: (0, 3) AM_AVATAR_MOVE Direction: NORTH


[Avatar 5] Turn 37: (1, 4) AM_AVATAR_MOVE Direction: NORTH[Avatar 3] Turn 35: (0, 2) AM_AVATAR_MOVE Direction: NULL
[Avatar 6] Turn 38: (0, 0) AM_AVATAR_MOVE Direction: EAST[Avatar 2] Turn 34: (0, 2) AM_AVATAR_MOVE Direction: NULL
[Avatar 7] Turn 39: (0, 2) AM_AVATAR_MOVE Direction: NULL
[Avatar 0] Turn 40: (0, 2) AM_AVATAR_MOVE Direction: NULL
[Avatar 1] Turn 41: (3, 1) AM_AVATAR_MOVE Direction: SOUTH
[Avatar 2] Turn 42: (0, 2) AM_AVATAR_MOVE Direction: NULL

[Avatar 4] Turn 44: (0, 2) AM_AVATAR_MOVE Direction: NULL

[Avatar 6] Turn 46: (0, 0) AM_AVATAR_MOVE Direction: WEST
[Avatar 7] Turn 47: (0, 2) AM_AVATAR_MOVE Direction: NULL[Avatar 3] Turn 43: (0, 2) AM_AVATAR_MOVE Direction: NULL[Avatar 5] Turn 45: (1, 3) AM_AVATAR_MOVE Direction: WEST
[Avatar 0] Turn 48: (0, 2) AM_AVATAR_MOVE Direction: NULL
[Avatar 1] Turn 49: (3, 2) AM_AVATAR_MOVE Direction: SOUTH
[Avatar 2] Turn 50: (0, 2) AM_AVATAR_MOVE Direction: NULL
[Avatar 5] Turn 53: (0, 3) AM_AVATAR_MOVE Direction: NORTH

[Avatar 4] Turn 52: (0, 2) AM_AVATAR_MOVE Direction: NULL
[Avatar 3] Turn 51: (0, 2) AM_AVATAR_MOVE Direction: NULL[Avatar 6] Turn 54: (0, 0) AM_AVATAR_MOVE Direction: NORTH
[Avatar 7] Turn 55: (0, 2) AM_AVATAR_MOVE Direction: NULL
[Avatar 0] Turn 56: (0, 2) AM_AVATAR_MOVE Direction: NULL
[Avatar 1] Turn 57: (3, 2) AM_AVATAR_MOVE Direction: EAST
[Avatar 2] Turn 58: (0, 2) AM_AVATAR_MOVE Direction: NULL
[Avatar 5] Turn 61: (0, 2) AM_AVATAR_MOVE Direction: NULL
[Avatar 4] Turn 60: (0, 2) AM_AVATAR_MOVE Direction: NULL
[Avatar 3] Turn 59: (0, 2) AM_AVATAR_MOVE Direction: NULL
[Avatar 6] Turn 62: (0, 0) AM_AVATAR_MOVE Direction: SOUTH
[Avatar 7] Turn 63: (0, 2) AM_AVATAR_MOVE Direction: NULL
[Avatar 0] Turn 64: (0, 2) AM_AVATAR_MOVE Direction: NULL
[Avatar 1] Turn 65: (4, 2) AM_AVATAR_MOVE Direction: NORTH
[Avatar 2] Turn 66: (0, 2) AM_AVATAR_MOVE Direction: NULL
[Avatar 5] Turn 69: (0, 2) AM_AVATAR_MOVE Direction: NULL

[Avatar 3] Turn 67: (0, 2) AM_AVATAR_MOVE Direction: NULL
[Avatar 6] Turn 70: (0, 1) AM_AVATAR_MOVE Direction: EAST[Avatar 4] Turn 68: (0, 2) AM_AVATAR_MOVE Direction: NULL
[Avatar 7] Turn 71: (0, 2) AM_AVATAR_MOVE Direction: NULL
[Avatar 0] Turn 72: (0, 2) AM_AVATAR_MOVE Direction: NULL
[Avatar 1] Turn 73: (4, 2) AM_AVATAR_MOVE Direction: SOUTH
[Avatar 2] Turn 74: (0, 2) AM_AVATAR_MOVE Direction: NULL
[Avatar 5] Turn 77: (0, 2) AM_AVATAR_MOVE Direction: NULL

[Avatar 3] Turn 75: (0, 2) AM_AVATAR_MOVE Direction: NULL[Avatar 4] Turn 76: (0, 2) AM_AVATAR_MOVE Direction: NULL
[Avatar 6] Turn 78: (1, 1) AM_AVATAR_MOVE Direction: SOUTH
[Avatar 7] Turn 79: (0, 2) AM_AVATAR_MOVE Direction: NULL
[Avatar 0] Turn 80: (0, 2) AM_AVATAR_MOVE Direction: NULL
[Avatar 1] Turn 81: (4, 3) AM_AVATAR_MOVE Direction: WEST
[Avatar 2] Turn 82: (0, 2) AM_AVATAR_MOVE Direction: NULL

[Avatar 3] Turn 83: (0, 2) AM_AVATAR_MOVE Direction: NULL
[Avatar 5] Turn 85: (0, 2) AM_AVATAR_MOVE Direction: NULL[Avatar 4] Turn 84: (0, 2) AM_AVATAR_MOVE Direction: NULL
[Avatar 6] Turn 86: (1, 1) AM_AVATAR_MOVE Direction: NORTH
[Avatar 7] Turn 87: (0, 2) AM_AVATAR_MOVE Direction: NULL
[Avatar 0] Turn 88: (0, 2) AM_AVATAR_MOVE Direction: NULL
[Avatar 1] Turn 89: (3, 3) AM_AVATAR_MOVE Direction: WEST
[Avatar 2] Turn 90: (0, 2) AM_AVATAR_MOVE Direction: NULL
[Avatar 4] Turn 92: (0, 2) AM_AVATAR_MOVE Direction: NULL
[Avatar 3] Turn 91: (0, 2) AM_AVATAR_MOVE Direction: NULL

[Avatar 5] Turn 93: (0, 2) AM_AVATAR_MOVE Direction: NULL[Avatar 6] Turn 94: (1, 0) AM_AVATAR_MOVE Direction: EAST
[Avatar 7] Turn 95: (0, 2) AM_AVATAR_MOVE Direction: NULL
[Avatar 0] Turn 96: (0, 2) AM_AVATAR_MOVE Direction: NULL
[Avatar 1] Turn 97: (2, 3) AM_AVATAR_MOVE Direction: SOUTH
[Avatar 2] Turn 98: (0, 2) AM_AVATAR_MOVE Direction: NULL
[Avatar 5] Turn 101: (0, 2) AM_AVATAR_MOVE Direction: NULL

[Avatar 3] Turn 99: (0, 2) AM_AVATAR_MOVE Direction: NULL[Avatar 4] Turn 100: (0, 2) AM_AVATAR_MOVE Direction: NULL
[Avatar 6] Turn 102: (2, 0) AM_AVATAR_MOVE Direction: SOUTH
[Avatar 7] Turn 103: (0, 2) AM_AVATAR_MOVE Direction: NULL
[Avatar 0] Turn 104: (0, 2) AM_AVATAR_MOVE Direction: NULL
[Avatar 1] Turn 105: (2, 4) AM_AVATAR_MOVE Direction: WEST
[Avatar 2] Turn 106: (0, 2) AM_AVATAR_MOVE Direction: NULL
[Avatar 3] Turn 107: (0, 2) AM_AVATAR_MOVE Direction: NULL
[Avatar 4] Turn 108: (0, 2) AM_AVATAR_MOVE Direction: NULL
[Avatar 5] Turn 109: (0, 2) AM_AVATAR_MOVE Direction: NULL
[Avatar 6] Turn 110: (2, 1) AM_AVATAR_MOVE Direction: SOUTH
[Avatar 7] Turn 111: (0, 2) AM_AVATAR_MOVE Direction: NULL
[Avatar 0] Turn 112: (0, 2) AM_AVATAR_MOVE Direction: NULL
[Avatar 1] Turn 113: (1, 4) AM_AVATAR_MOVE Direction: NORTH
[Avatar 2] Turn 114: (0, 2) AM_AVATAR_MOVE Direction: NULL
[Avatar 5] Turn 117: (0, 2) AM_AVATAR_MOVE Direction: NULL

[Avatar 4] Turn 116: (0, 2) AM_AVATAR_MOVE Direction: NULL[Avatar 3] Turn 115: (0, 2) AM_AVATAR_MOVE Direction: NULL
[Avatar 6] Turn 118: (2, 2) AM_AVATAR_MOVE Direction: WEST
[Avatar 7] Turn 119: (0, 2) AM_AVATAR_MOVE Direction: NULL
[Avatar 0] Turn 120: (0, 2) AM_AVATAR_MOVE Direction: NULL
[Avatar 1] Turn 121: (1, 3) AM_AVATAR_MOVE Direction: WEST
[Avatar 2] Turn 122: (0, 2) AM_AVATAR_MOVE Direction: NULL
[Avatar 4] Turn 124: (0, 2) AM_AVATAR_MOVE Direction: NULL
[Avatar 3] Turn 123: (0, 2) AM_AVATAR_MOVE Direction: NULL
[Avatar 6] Turn 126: (1, 2) AM_AVATAR_MOVE Direction: WEST
[Avatar 5] Turn 125: (0, 2) AM_AVATAR_MOVE Direction: NULL
[Avatar 7] Turn 127: (0, 2) AM_AVATAR_MOVE Direction: NULL
[Avatar 0] Turn 128: (0, 2) AM_AVATAR_MOVE Direction: NULL
[Avatar 1] Turn 129: (0, 3) AM_AVATAR_MOVE Direction: NORTH
Maze solved in 130 turns
Hash: 1753848965l
