joannezhao, 50890, Wed May 28 20:48:58 EDT 2014


Sent AM_AVATAR_READY signal with AvatarID: 0
Sent AM_AVATAR_READY signal with AvatarID: 2

Sent AM_AVATAR_READY signal with AvatarID: 1Sent AM_AVATAR_READY signal with AvatarID: 3
[Avatar 0] Turn 0: (4, 9) AM_AVATAR_MOVE Direction: NULL
[Avatar 1] Turn 1: (3, 7) AM_AVATAR_MOVE Direction: SOUTH
[Avatar 2] Turn 2: (9, 1) AM_AVATAR_MOVE Direction: SOUTH
[Avatar 3] Turn 3: (9, 5) AM_AVATAR_MOVE Direction: WEST
[Avatar 0] Turn 4: (4, 9) AM_AVATAR_MOVE Direction: NULL
[Avatar 1] Turn 5: (3, 8) AM_AVATAR_MOVE Direction: WEST
[Avatar 2] Turn 6: (9, 2) AM_AVATAR_MOVE Direction: SOUTH
[Avatar 3] Turn 7: (8, 5) AM_AVATAR_MOVE Direction: WEST
[Avatar 0] Turn 8: (4, 9) AM_AVATAR_MOVE Direction: NULL
[Avatar 1] Turn 9: (3, 8) AM_AVATAR_MOVE Direction: SOUTH
[Avatar 2] Turn 10: (9, 3) AM_AVATAR_MOVE Direction: SOUTH
[Avatar 3] Turn 11: (7, 5) AM_AVATAR_MOVE Direction: SOUTH
[Avatar 0] Turn 12: (4, 9) AM_AVATAR_MOVE Direction: NULL
[Avatar 1] Turn 13: (3, 9) AM_AVATAR_MOVE Direction: WEST
[Avatar 2] Turn 14: (9, 3) AM_AVATAR_MOVE Direction: WEST
[Avatar 3] Turn 15: (7, 6) AM_AVATAR_MOVE Direction: WEST
[Avatar 0] Turn 16: (4, 9) AM_AVATAR_MOVE Direction: NULL
[Avatar 1] Turn 17: (3, 9) AM_AVATAR_MOVE Direction: SOUTH
[Avatar 2] Turn 18: (9, 3) AM_AVATAR_MOVE Direction: EAST
[Avatar 3] Turn 19: (7, 6) AM_AVATAR_MOVE Direction: SOUTH
[Avatar 0] Turn 20: (4, 9) AM_AVATAR_MOVE Direction: NULL
[Avatar 1] Turn 21: (3, 9) AM_AVATAR_MOVE Direction: EAST
[Avatar 2] Turn 22: (9, 3) AM_AVATAR_MOVE Direction: NORTH
[Avatar 3] Turn 23: (7, 7) AM_AVATAR_MOVE Direction: WEST
[Avatar 0] Turn 24: (4, 9) AM_AVATAR_MOVE Direction: NULL
[Avatar 1] Turn 25: (4, 9) AM_AVATAR_MOVE Direction: NULL
[Avatar 2] Turn 26: (9, 2) AM_AVATAR_MOVE Direction: WEST
[Avatar 3] Turn 27: (6, 7) AM_AVATAR_MOVE Direction: WEST
[Avatar 0] Turn 28: (4, 9) AM_AVATAR_MOVE Direction: NULL
[Avatar 1] Turn 29: (4, 9) AM_AVATAR_MOVE Direction: NULL
[Avatar 2] Turn 30: (9, 2) AM_AVATAR_MOVE Direction: EAST
[Avatar 3] Turn 31: (6, 7) AM_AVATAR_MOVE Direction: SOUTH
[Avatar 0] Turn 32: (4, 9) AM_AVATAR_MOVE Direction: NULL
[Avatar 1] Turn 33: (4, 9) AM_AVATAR_MOVE Direction: NULL
[Avatar 2] Turn 34: (10, 2) AM_AVATAR_MOVE Direction: SOUTH
[Avatar 3] Turn 35: (6, 8) AM_AVATAR_MOVE Direction: WEST
[Avatar 0] Turn 36: (4, 9) AM_AVATAR_MOVE Direction: NULL
[Avatar 2] Turn 38: (10, 3) AM_AVATAR_MOVE Direction: SOUTH
[Avatar 1] Turn 37: (4, 9) AM_AVATAR_MOVE Direction: NULL
[Avatar 3] Turn 39: (5, 8) AM_AVATAR_MOVE Direction: WEST
[Avatar 0] Turn 40: (4, 9) AM_AVATAR_MOVE Direction: NULL

[Avatar 1] Turn 41: (4, 9) AM_AVATAR_MOVE Direction: NULL[Avatar 2] Turn 42: (10, 3) AM_AVATAR_MOVE Direction: EAST
[Avatar 3] Turn 43: (4, 8) AM_AVATAR_MOVE Direction: SOUTH
[Avatar 0] Turn 44: (4, 9) AM_AVATAR_MOVE Direction: NULL
[Avatar 1] Turn 45: (4, 9) AM_AVATAR_MOVE Direction: NULL
[Avatar 2] Turn 46: (11, 3) AM_AVATAR_MOVE Direction: SOUTH
[Avatar 3] Turn 47: (4, 8) AM_AVATAR_MOVE Direction: WEST
[Avatar 0] Turn 48: (4, 9) AM_AVATAR_MOVE Direction: NULL
[Avatar 1] Turn 49: (4, 9) AM_AVATAR_MOVE Direction: NULL
[Avatar 2] Turn 50: (11, 4) AM_AVATAR_MOVE Direction: WEST
[Avatar 3] Turn 51: (4, 8) AM_AVATAR_MOVE Direction: NORTH
[Avatar 0] Turn 52: (4, 9) AM_AVATAR_MOVE Direction: NULL
[Avatar 1] Turn 53: (4, 9) AM_AVATAR_MOVE Direction: NULL
[Avatar 2] Turn 54: (11, 4) AM_AVATAR_MOVE Direction: SOUTH
[Avatar 3] Turn 55: (4, 7) AM_AVATAR_MOVE Direction: EAST
[Avatar 0] Turn 56: (4, 9) AM_AVATAR_MOVE Direction: NULL
[Avatar 1] Turn 57: (4, 9) AM_AVATAR_MOVE Direction: NULL
[Avatar 2] Turn 58: (11, 5) AM_AVATAR_MOVE Direction: WEST
[Avatar 3] Turn 59: (4, 7) AM_AVATAR_MOVE Direction: WEST
[Avatar 0] Turn 60: (4, 9) AM_AVATAR_MOVE Direction: NULL
[Avatar 1] Turn 61: (4, 9) AM_AVATAR_MOVE Direction: NULL
[Avatar 2] Turn 62: (11, 5) AM_AVATAR_MOVE Direction: SOUTH
[Avatar 3] Turn 63: (4, 7) AM_AVATAR_MOVE Direction: NORTH
[Avatar 0] Turn 64: (4, 9) AM_AVATAR_MOVE Direction: NULL
[Avatar 1] Turn 65: (4, 9) AM_AVATAR_MOVE Direction: NULL
[Avatar 2] Turn 66: (11, 6) AM_AVATAR_MOVE Direction: WEST
[Avatar 3] Turn 67: (4, 6) AM_AVATAR_MOVE Direction: EAST
[Avatar 0] Turn 68: (4, 9) AM_AVATAR_MOVE Direction: NULL
[Avatar 1] Turn 69: (4, 9) AM_AVATAR_MOVE Direction: NULL
[Avatar 2] Turn 70: (11, 6) AM_AVATAR_MOVE Direction: SOUTH
[Avatar 3] Turn 71: (4, 6) AM_AVATAR_MOVE Direction: WEST
[Avatar 0] Turn 72: (4, 9) AM_AVATAR_MOVE Direction: NULL
[Avatar 1] Turn 73: (4, 9) AM_AVATAR_MOVE Direction: NULL
[Avatar 2] Turn 74: (11, 7) AM_AVATAR_MOVE Direction: WEST
[Avatar 3] Turn 75: (3, 6) AM_AVATAR_MOVE Direction: SOUTH
[Avatar 0] Turn 76: (4, 9) AM_AVATAR_MOVE Direction: NULL
[Avatar 1] Turn 77: (4, 9) AM_AVATAR_MOVE Direction: NULL
[Avatar 2] Turn 78: (11, 7) AM_AVATAR_MOVE Direction: SOUTH
[Avatar 3] Turn 79: (3, 7) AM_AVATAR_MOVE Direction: SOUTH
[Avatar 0] Turn 80: (4, 9) AM_AVATAR_MOVE Direction: NULL
[Avatar 1] Turn 81: (4, 9) AM_AVATAR_MOVE Direction: NULL
[Avatar 2] Turn 82: (11, 7) AM_AVATAR_MOVE Direction: EAST
[Avatar 3] Turn 83: (3, 8) AM_AVATAR_MOVE Direction: SOUTH
[Avatar 0] Turn 84: (4, 9) AM_AVATAR_MOVE Direction: NULL
[Avatar 1] Turn 85: (4, 9) AM_AVATAR_MOVE Direction: NULL
[Avatar 2] Turn 86: (11, 7) AM_AVATAR_MOVE Direction: NORTH
[Avatar 3] Turn 87: (3, 9) AM_AVATAR_MOVE Direction: EAST
[Avatar 0] Turn 88: (4, 9) AM_AVATAR_MOVE Direction: NULL
[Avatar 1] Turn 89: (4, 9) AM_AVATAR_MOVE Direction: NULL
[Avatar 2] Turn 90: (11, 6) AM_AVATAR_MOVE Direction: EAST
[Avatar 3] Turn 91: (4, 9) AM_AVATAR_MOVE Direction: NULL
[Avatar 0] Turn 92: (4, 9) AM_AVATAR_MOVE Direction: NULL
[Avatar 1] Turn 93: (4, 9) AM_AVATAR_MOVE Direction: NULL
[Avatar 2] Turn 94: (11, 6) AM_AVATAR_MOVE Direction: NORTH
[Avatar 3] Turn 95: (4, 9) AM_AVATAR_MOVE Direction: NULL
[Avatar 0] Turn 96: (4, 9) AM_AVATAR_MOVE Direction: NULL
[Avatar 1] Turn 97: (4, 9) AM_AVATAR_MOVE Direction: NULL
[Avatar 2] Turn 98: (11, 5) AM_AVATAR_MOVE Direction: EAST
[Avatar 3] Turn 99: (4, 9) AM_AVATAR_MOVE Direction: NULL
[Avatar 0] Turn 100: (4, 9) AM_AVATAR_MOVE Direction: NULL
[Avatar 1] Turn 101: (4, 9) AM_AVATAR_MOVE Direction: NULL
[Avatar 2] Turn 102: (11, 5) AM_AVATAR_MOVE Direction: NORTH
[Avatar 3] Turn 103: (4, 9) AM_AVATAR_MOVE Direction: NULL
[Avatar 0] Turn 104: (4, 9) AM_AVATAR_MOVE Direction: NULL
[Avatar 1] Turn 105: (4, 9) AM_AVATAR_MOVE Direction: NULL
[Avatar 2] Turn 106: (11, 4) AM_AVATAR_MOVE Direction: EAST
[Avatar 3] Turn 107: (4, 9) AM_AVATAR_MOVE Direction: NULL
[Avatar 0] Turn 108: (4, 9) AM_AVATAR_MOVE Direction: NULL
[Avatar 1] Turn 109: (4, 9) AM_AVATAR_MOVE Direction: NULL
[Avatar 2] Turn 110: (11, 4) AM_AVATAR_MOVE Direction: NORTH
[Avatar 3] Turn 111: (4, 9) AM_AVATAR_MOVE Direction: NULL
[Avatar 0] Turn 112: (4, 9) AM_AVATAR_MOVE Direction: NULL
[Avatar 1] Turn 113: (4, 9) AM_AVATAR_MOVE Direction: NULL
[Avatar 2] Turn 114: (11, 3) AM_AVATAR_MOVE Direction: NORTH
[Avatar 3] Turn 115: (4, 9) AM_AVATAR_MOVE Direction: NULL
[Avatar 0] Turn 116: (4, 9) AM_AVATAR_MOVE Direction: NULL

[Avatar 1] Turn 117: (4, 9) AM_AVATAR_MOVE Direction: NULL[Avatar 2] Turn 118: (11, 2) AM_AVATAR_MOVE Direction: NORTH
[Avatar 3] Turn 119: (4, 9) AM_AVATAR_MOVE Direction: NULL
[Avatar 0] Turn 120: (4, 9) AM_AVATAR_MOVE Direction: NULL
[Avatar 1] Turn 121: (4, 9) AM_AVATAR_MOVE Direction: NULL
[Avatar 2] Turn 122: (11, 1) AM_AVATAR_MOVE Direction: WEST
[Avatar 3] Turn 123: (4, 9) AM_AVATAR_MOVE Direction: NULL
[Avatar 0] Turn 124: (4, 9) AM_AVATAR_MOVE Direction: NULL
[Avatar 2] Turn 126: (10, 1) AM_AVATAR_MOVE Direction: NORTH
[Avatar 1] Turn 125: (4, 9) AM_AVATAR_MOVE Direction: NULL
[Avatar 3] Turn 127: (4, 9) AM_AVATAR_MOVE Direction: NULL
[Avatar 0] Turn 128: (4, 9) AM_AVATAR_MOVE Direction: NULL
[Avatar 2] Turn 130: (10, 0) AM_AVATAR_MOVE Direction: WEST
[Avatar 1] Turn 129: (4, 9) AM_AVATAR_MOVE Direction: NULL
[Avatar 3] Turn 131: (4, 9) AM_AVATAR_MOVE Direction: NULL
[Avatar 0] Turn 132: (4, 9) AM_AVATAR_MOVE Direction: NULL
[Avatar 1] Turn 133: (4, 9) AM_AVATAR_MOVE Direction: NULL
[Avatar 2] Turn 134: (9, 0) AM_AVATAR_MOVE Direction: WEST
[Avatar 3] Turn 135: (4, 9) AM_AVATAR_MOVE Direction: NULL
[Avatar 0] Turn 136: (4, 9) AM_AVATAR_MOVE Direction: NULL
[Avatar 2] Turn 138: (8, 0) AM_AVATAR_MOVE Direction: SOUTH
[Avatar 1] Turn 137: (4, 9) AM_AVATAR_MOVE Direction: NULL
[Avatar 3] Turn 139: (4, 9) AM_AVATAR_MOVE Direction: NULL
[Avatar 0] Turn 140: (4, 9) AM_AVATAR_MOVE Direction: NULL
[Avatar 1] Turn 141: (4, 9) AM_AVATAR_MOVE Direction: NULL
[Avatar 2] Turn 142: (8, 1) AM_AVATAR_MOVE Direction: SOUTH
[Avatar 3] Turn 143: (4, 9) AM_AVATAR_MOVE Direction: NULL
[Avatar 0] Turn 144: (4, 9) AM_AVATAR_MOVE Direction: NULL
[Avatar 1] Turn 145: (4, 9) AM_AVATAR_MOVE Direction: NULL
[Avatar 2] Turn 146: (8, 2) AM_AVATAR_MOVE Direction: SOUTH
[Avatar 3] Turn 147: (4, 9) AM_AVATAR_MOVE Direction: NULL
[Avatar 0] Turn 148: (4, 9) AM_AVATAR_MOVE Direction: NULL
[Avatar 2] Turn 150: (8, 3) AM_AVATAR_MOVE Direction: SOUTH
[Avatar 1] Turn 149: (4, 9) AM_AVATAR_MOVE Direction: NULL
[Avatar 3] Turn 151: (4, 9) AM_AVATAR_MOVE Direction: NULL
[Avatar 0] Turn 152: (4, 9) AM_AVATAR_MOVE Direction: NULL
[Avatar 1] Turn 153: (4, 9) AM_AVATAR_MOVE Direction: NULL
[Avatar 2] Turn 154: (8, 3) AM_AVATAR_MOVE Direction: WEST
[Avatar 3] Turn 155: (4, 9) AM_AVATAR_MOVE Direction: NULL
[Avatar 0] Turn 156: (4, 9) AM_AVATAR_MOVE Direction: NULL
[Avatar 1] Turn 157: (4, 9) AM_AVATAR_MOVE Direction: NULL
[Avatar 2] Turn 158: (7, 3) AM_AVATAR_MOVE Direction: SOUTH
[Avatar 3] Turn 159: (4, 9) AM_AVATAR_MOVE Direction: NULL
[Avatar 0] Turn 160: (4, 9) AM_AVATAR_MOVE Direction: NULL
[Avatar 1] Turn 161: (4, 9) AM_AVATAR_MOVE Direction: NULL
[Avatar 2] Turn 162: (7, 4) AM_AVATAR_MOVE Direction: SOUTH
[Avatar 3] Turn 163: (4, 9) AM_AVATAR_MOVE Direction: NULL
[Avatar 0] Turn 164: (4, 9) AM_AVATAR_MOVE Direction: NULL
[Avatar 1] Turn 165: (4, 9) AM_AVATAR_MOVE Direction: NULL
[Avatar 2] Turn 166: (7, 4) AM_AVATAR_MOVE Direction: WEST
[Avatar 3] Turn 167: (4, 9) AM_AVATAR_MOVE Direction: NULL
[Avatar 0] Turn 168: (4, 9) AM_AVATAR_MOVE Direction: NULL
[Avatar 1] Turn 169: (4, 9) AM_AVATAR_MOVE Direction: NULL
[Avatar 2] Turn 170: (7, 4) AM_AVATAR_MOVE Direction: EAST
[Avatar 3] Turn 171: (4, 9) AM_AVATAR_MOVE Direction: NULL
[Avatar 0] Turn 172: (4, 9) AM_AVATAR_MOVE Direction: NULL
[Avatar 1] Turn 173: (4, 9) AM_AVATAR_MOVE Direction: NULL
[Avatar 2] Turn 174: (8, 4) AM_AVATAR_MOVE Direction: SOUTH
[Avatar 3] Turn 175: (4, 9) AM_AVATAR_MOVE Direction: NULL
[Avatar 0] Turn 176: (4, 9) AM_AVATAR_MOVE Direction: NULL
[Avatar 1] Turn 177: (4, 9) AM_AVATAR_MOVE Direction: NULL
[Avatar 2] Turn 178: (8, 4) AM_AVATAR_MOVE Direction: EAST
[Avatar 3] Turn 179: (4, 9) AM_AVATAR_MOVE Direction: NULL
[Avatar 0] Turn 180: (4, 9) AM_AVATAR_MOVE Direction: NULL
[Avatar 1] Turn 181: (4, 9) AM_AVATAR_MOVE Direction: NULL
[Avatar 2] Turn 182: (9, 4) AM_AVATAR_MOVE Direction: SOUTH
[Avatar 3] Turn 183: (4, 9) AM_AVATAR_MOVE Direction: NULL
[Avatar 0] Turn 184: (4, 9) AM_AVATAR_MOVE Direction: NULL
[Avatar 2] Turn 186: (9, 4) AM_AVATAR_MOVE Direction: EAST
[Avatar 1] Turn 185: (4, 9) AM_AVATAR_MOVE Direction: NULL
[Avatar 3] Turn 187: (4, 9) AM_AVATAR_MOVE Direction: NULL
[Avatar 0] Turn 188: (4, 9) AM_AVATAR_MOVE Direction: NULL
[Avatar 1] Turn 189: (4, 9) AM_AVATAR_MOVE Direction: NULL
[Avatar 2] Turn 190: (10, 4) AM_AVATAR_MOVE Direction: SOUTH
[Avatar 3] Turn 191: (4, 9) AM_AVATAR_MOVE Direction: NULL
[Avatar 0] Turn 192: (4, 9) AM_AVATAR_MOVE Direction: NULL
[Avatar 1] Turn 193: (4, 9) AM_AVATAR_MOVE Direction: NULL
[Avatar 2] Turn 194: (10, 5) AM_AVATAR_MOVE Direction: WEST
[Avatar 3] Turn 195: (4, 9) AM_AVATAR_MOVE Direction: NULL
[Avatar 0] Turn 196: (4, 9) AM_AVATAR_MOVE Direction: NULL
[Avatar 2] Turn 198: (10, 5) AM_AVATAR_MOVE Direction: SOUTH
[Avatar 1] Turn 197: (4, 9) AM_AVATAR_MOVE Direction: NULL
[Avatar 3] Turn 199: (4, 9) AM_AVATAR_MOVE Direction: NULL
[Avatar 0] Turn 200: (4, 9) AM_AVATAR_MOVE Direction: NULL

[Avatar 1] Turn 201: (4, 9) AM_AVATAR_MOVE Direction: NULL[Avatar 2] Turn 202: (10, 6) AM_AVATAR_MOVE Direction: WEST
[Avatar 3] Turn 203: (4, 9) AM_AVATAR_MOVE Direction: NULL
[Avatar 0] Turn 204: (4, 9) AM_AVATAR_MOVE Direction: NULL
[Avatar 1] Turn 205: (4, 9) AM_AVATAR_MOVE Direction: NULL
[Avatar 2] Turn 206: (10, 6) AM_AVATAR_MOVE Direction: SOUTH
[Avatar 3] Turn 207: (4, 9) AM_AVATAR_MOVE Direction: NULL
[Avatar 0] Turn 208: (4, 9) AM_AVATAR_MOVE Direction: NULL
[Avatar 1] Turn 209: (4, 9) AM_AVATAR_MOVE Direction: NULL
[Avatar 2] Turn 210: (10, 7) AM_AVATAR_MOVE Direction: WEST
[Avatar 3] Turn 211: (4, 9) AM_AVATAR_MOVE Direction: NULL
[Avatar 0] Turn 212: (4, 9) AM_AVATAR_MOVE Direction: NULL
[Avatar 1] Turn 213: (4, 9) AM_AVATAR_MOVE Direction: NULL
[Avatar 2] Turn 214: (9, 7) AM_AVATAR_MOVE Direction: WEST
[Avatar 3] Turn 215: (4, 9) AM_AVATAR_MOVE Direction: NULL
[Avatar 0] Turn 216: (4, 9) AM_AVATAR_MOVE Direction: NULL
[Avatar 1] Turn 217: (4, 9) AM_AVATAR_MOVE Direction: NULL
[Avatar 2] Turn 218: (9, 7) AM_AVATAR_MOVE Direction: SOUTH
[Avatar 3] Turn 219: (4, 9) AM_AVATAR_MOVE Direction: NULL
[Avatar 0] Turn 220: (4, 9) AM_AVATAR_MOVE Direction: NULL
[Avatar 1] Turn 221: (4, 9) AM_AVATAR_MOVE Direction: NULL
[Avatar 2] Turn 222: (9, 7) AM_AVATAR_MOVE Direction: NORTH
[Avatar 3] Turn 223: (4, 9) AM_AVATAR_MOVE Direction: NULL
[Avatar 0] Turn 224: (4, 9) AM_AVATAR_MOVE Direction: NULL
[Avatar 1] Turn 225: (4, 9) AM_AVATAR_MOVE Direction: NULL
[Avatar 2] Turn 226: (9, 7) AM_AVATAR_MOVE Direction: EAST
[Avatar 3] Turn 227: (4, 9) AM_AVATAR_MOVE Direction: NULL
[Avatar 0] Turn 228: (4, 9) AM_AVATAR_MOVE Direction: NULL
[Avatar 1] Turn 229: (4, 9) AM_AVATAR_MOVE Direction: NULL
[Avatar 2] Turn 230: (10, 7) AM_AVATAR_MOVE Direction: SOUTH
[Avatar 3] Turn 231: (4, 9) AM_AVATAR_MOVE Direction: NULL
[Avatar 0] Turn 232: (4, 9) AM_AVATAR_MOVE Direction: NULL
[Avatar 1] Turn 233: (4, 9) AM_AVATAR_MOVE Direction: NULL
[Avatar 2] Turn 234: (10, 8) AM_AVATAR_MOVE Direction: WEST
[Avatar 3] Turn 235: (4, 9) AM_AVATAR_MOVE Direction: NULL
[Avatar 0] Turn 236: (4, 9) AM_AVATAR_MOVE Direction: NULL
[Avatar 1] Turn 237: (4, 9) AM_AVATAR_MOVE Direction: NULL
[Avatar 2] Turn 238: (10, 8) AM_AVATAR_MOVE Direction: SOUTH
[Avatar 3] Turn 239: (4, 9) AM_AVATAR_MOVE Direction: NULL
[Avatar 0] Turn 240: (4, 9) AM_AVATAR_MOVE Direction: NULL
[Avatar 1] Turn 241: (4, 9) AM_AVATAR_MOVE Direction: NULL
[Avatar 2] Turn 242: (10, 8) AM_AVATAR_MOVE Direction: EAST
[Avatar 3] Turn 243: (4, 9) AM_AVATAR_MOVE Direction: NULL
[Avatar 0] Turn 244: (4, 9) AM_AVATAR_MOVE Direction: NULL
[Avatar 1] Turn 245: (4, 9) AM_AVATAR_MOVE Direction: NULL
[Avatar 2] Turn 246: (11, 8) AM_AVATAR_MOVE Direction: SOUTH
[Avatar 3] Turn 247: (4, 9) AM_AVATAR_MOVE Direction: NULL
[Avatar 0] Turn 248: (4, 9) AM_AVATAR_MOVE Direction: NULL
[Avatar 2] Turn 250: (11, 9) AM_AVATAR_MOVE Direction: WEST
[Avatar 1] Turn 249: (4, 9) AM_AVATAR_MOVE Direction: NULL
[Avatar 3] Turn 251: (4, 9) AM_AVATAR_MOVE Direction: NULL
[Avatar 0] Turn 252: (4, 9) AM_AVATAR_MOVE Direction: NULL
[Avatar 1] Turn 253: (4, 9) AM_AVATAR_MOVE Direction: NULL
[Avatar 2] Turn 254: (10, 9) AM_AVATAR_MOVE Direction: WEST
[Avatar 3] Turn 255: (4, 9) AM_AVATAR_MOVE Direction: NULL
[Avatar 0] Turn 256: (4, 9) AM_AVATAR_MOVE Direction: NULL
[Avatar 2] Turn 258: (9, 9) AM_AVATAR_MOVE Direction: WEST
[Avatar 1] Turn 257: (4, 9) AM_AVATAR_MOVE Direction: NULL
[Avatar 3] Turn 259: (4, 9) AM_AVATAR_MOVE Direction: NULL
[Avatar 0] Turn 260: (4, 9) AM_AVATAR_MOVE Direction: NULL

[Avatar 1] Turn 261: (4, 9) AM_AVATAR_MOVE Direction: NULL[Avatar 2] Turn 262: (8, 9) AM_AVATAR_MOVE Direction: WEST
[Avatar 3] Turn 263: (4, 9) AM_AVATAR_MOVE Direction: NULL
[Avatar 0] Turn 264: (4, 9) AM_AVATAR_MOVE Direction: NULL
[Avatar 1] Turn 265: (4, 9) AM_AVATAR_MOVE Direction: NULL
[Avatar 2] Turn 266: (8, 9) AM_AVATAR_MOVE Direction: NORTH
[Avatar 3] Turn 267: (4, 9) AM_AVATAR_MOVE Direction: NULL
[Avatar 0] Turn 268: (4, 9) AM_AVATAR_MOVE Direction: NULL
[Avatar 1] Turn 269: (4, 9) AM_AVATAR_MOVE Direction: NULL
[Avatar 2] Turn 270: (8, 9) AM_AVATAR_MOVE Direction: SOUTH
[Avatar 3] Turn 271: (4, 9) AM_AVATAR_MOVE Direction: NULL
[Avatar 0] Turn 272: (4, 9) AM_AVATAR_MOVE Direction: NULL
[Avatar 1] Turn 273: (4, 9) AM_AVATAR_MOVE Direction: NULL
[Avatar 2] Turn 274: (8, 9) AM_AVATAR_MOVE Direction: EAST
[Avatar 3] Turn 275: (4, 9) AM_AVATAR_MOVE Direction: NULL
[Avatar 0] Turn 276: (4, 9) AM_AVATAR_MOVE Direction: NULL
[Avatar 1] Turn 277: (4, 9) AM_AVATAR_MOVE Direction: NULL
[Avatar 2] Turn 278: (9, 9) AM_AVATAR_MOVE Direction: NORTH
[Avatar 3] Turn 279: (4, 9) AM_AVATAR_MOVE Direction: NULL
[Avatar 0] Turn 280: (4, 9) AM_AVATAR_MOVE Direction: NULL
[Avatar 2] Turn 282: (9, 8) AM_AVATAR_MOVE Direction: WEST
[Avatar 1] Turn 281: (4, 9) AM_AVATAR_MOVE Direction: NULL
[Avatar 3] Turn 283: (4, 9) AM_AVATAR_MOVE Direction: NULL
[Avatar 0] Turn 284: (4, 9) AM_AVATAR_MOVE Direction: NULL
[Avatar 1] Turn 285: (4, 9) AM_AVATAR_MOVE Direction: NULL
[Avatar 2] Turn 286: (8, 8) AM_AVATAR_MOVE Direction: WEST
[Avatar 3] Turn 287: (4, 9) AM_AVATAR_MOVE Direction: NULL
[Avatar 0] Turn 288: (4, 9) AM_AVATAR_MOVE Direction: NULL
[Avatar 2] Turn 290: (8, 8) AM_AVATAR_MOVE Direction: NORTH
[Avatar 1] Turn 289: (4, 9) AM_AVATAR_MOVE Direction: NULL
[Avatar 3] Turn 291: (4, 9) AM_AVATAR_MOVE Direction: NULL
[Avatar 0] Turn 292: (4, 9) AM_AVATAR_MOVE Direction: NULL
[Avatar 2] Turn 294: (8, 7) AM_AVATAR_MOVE Direction: WEST
[Avatar 1] Turn 293: (4, 9) AM_AVATAR_MOVE Direction: NULL
[Avatar 3] Turn 295: (4, 9) AM_AVATAR_MOVE Direction: NULL
[Avatar 0] Turn 296: (4, 9) AM_AVATAR_MOVE Direction: NULL
[Avatar 1] Turn 297: (4, 9) AM_AVATAR_MOVE Direction: NULL
[Avatar 2] Turn 298: (8, 7) AM_AVATAR_MOVE Direction: NORTH
[Avatar 3] Turn 299: (4, 9) AM_AVATAR_MOVE Direction: NULL
[Avatar 0] Turn 300: (4, 9) AM_AVATAR_MOVE Direction: NULL
[Avatar 2] Turn 302: (8, 6) AM_AVATAR_MOVE Direction: WEST
[Avatar 1] Turn 301: (4, 9) AM_AVATAR_MOVE Direction: NULL
[Avatar 3] Turn 303: (4, 9) AM_AVATAR_MOVE Direction: NULL
[Avatar 0] Turn 304: (4, 9) AM_AVATAR_MOVE Direction: NULL
[Avatar 2] Turn 306: (8, 6) AM_AVATAR_MOVE Direction: NORTH
[Avatar 1] Turn 305: (4, 9) AM_AVATAR_MOVE Direction: NULL
[Avatar 3] Turn 307: (4, 9) AM_AVATAR_MOVE Direction: NULL
[Avatar 0] Turn 308: (4, 9) AM_AVATAR_MOVE Direction: NULL
[Avatar 1] Turn 309: (4, 9) AM_AVATAR_MOVE Direction: NULL
[Avatar 2] Turn 310: (8, 6) AM_AVATAR_MOVE Direction: EAST
[Avatar 3] Turn 311: (4, 9) AM_AVATAR_MOVE Direction: NULL
[Avatar 0] Turn 312: (4, 9) AM_AVATAR_MOVE Direction: NULL
[Avatar 2] Turn 314: (9, 6) AM_AVATAR_MOVE Direction: NORTH
[Avatar 1] Turn 313: (4, 9) AM_AVATAR_MOVE Direction: NULL
[Avatar 3] Turn 315: (4, 9) AM_AVATAR_MOVE Direction: NULL
[Avatar 0] Turn 316: (4, 9) AM_AVATAR_MOVE Direction: NULL
[Avatar 2] Turn 318: (9, 5) AM_AVATAR_MOVE Direction: WEST
[Avatar 1] Turn 317: (4, 9) AM_AVATAR_MOVE Direction: NULL
[Avatar 3] Turn 319: (4, 9) AM_AVATAR_MOVE Direction: NULL
[Avatar 0] Turn 320: (4, 9) AM_AVATAR_MOVE Direction: NULL
[Avatar 2] Turn 322: (8, 5) AM_AVATAR_MOVE Direction: WEST
[Avatar 1] Turn 321: (4, 9) AM_AVATAR_MOVE Direction: NULL
[Avatar 3] Turn 323: (4, 9) AM_AVATAR_MOVE Direction: NULL
[Avatar 0] Turn 324: (4, 9) AM_AVATAR_MOVE Direction: NULL
[Avatar 2] Turn 326: (7, 5) AM_AVATAR_MOVE Direction: SOUTH
[Avatar 1] Turn 325: (4, 9) AM_AVATAR_MOVE Direction: NULL
[Avatar 3] Turn 327: (4, 9) AM_AVATAR_MOVE Direction: NULL
[Avatar 0] Turn 328: (4, 9) AM_AVATAR_MOVE Direction: NULL
[Avatar 1] Turn 329: (4, 9) AM_AVATAR_MOVE Direction: NULL
[Avatar 2] Turn 330: (7, 6) AM_AVATAR_MOVE Direction: SOUTH
[Avatar 3] Turn 331: (4, 9) AM_AVATAR_MOVE Direction: NULL
[Avatar 0] Turn 332: (4, 9) AM_AVATAR_MOVE Direction: NULL
[Avatar 1] Turn 333: (4, 9) AM_AVATAR_MOVE Direction: NULL
[Avatar 2] Turn 334: (7, 7) AM_AVATAR_MOVE Direction: WEST
[Avatar 3] Turn 335: (4, 9) AM_AVATAR_MOVE Direction: NULL
[Avatar 0] Turn 336: (4, 9) AM_AVATAR_MOVE Direction: NULL
[Avatar 1] Turn 337: (4, 9) AM_AVATAR_MOVE Direction: NULL
[Avatar 2] Turn 338: (6, 7) AM_AVATAR_MOVE Direction: SOUTH
[Avatar 3] Turn 339: (4, 9) AM_AVATAR_MOVE Direction: NULL
[Avatar 0] Turn 340: (4, 9) AM_AVATAR_MOVE Direction: NULL
[Avatar 1] Turn 341: (4, 9) AM_AVATAR_MOVE Direction: NULL
[Avatar 2] Turn 342: (6, 8) AM_AVATAR_MOVE Direction: WEST
[Avatar 3] Turn 343: (4, 9) AM_AVATAR_MOVE Direction: NULL
[Avatar 0] Turn 344: (4, 9) AM_AVATAR_MOVE Direction: NULL
[Avatar 1] Turn 345: (4, 9) AM_AVATAR_MOVE Direction: NULL
[Avatar 2] Turn 346: (5, 8) AM_AVATAR_MOVE Direction: WEST
[Avatar 3] Turn 347: (4, 9) AM_AVATAR_MOVE Direction: NULL
[Avatar 0] Turn 348: (4, 9) AM_AVATAR_MOVE Direction: NULL
[Avatar 2] Turn 350: (4, 8) AM_AVATAR_MOVE Direction: NORTH
[Avatar 1] Turn 349: (4, 9) AM_AVATAR_MOVE Direction: NULL
[Avatar 3] Turn 351: (4, 9) AM_AVATAR_MOVE Direction: NULL
[Avatar 0] Turn 352: (4, 9) AM_AVATAR_MOVE Direction: NULL
[Avatar 1] Turn 353: (4, 9) AM_AVATAR_MOVE Direction: NULL
[Avatar 2] Turn 354: (4, 7) AM_AVATAR_MOVE Direction: NORTH
[Avatar 3] Turn 355: (4, 9) AM_AVATAR_MOVE Direction: NULL
[Avatar 0] Turn 356: (4, 9) AM_AVATAR_MOVE Direction: NULL
[Avatar 1] Turn 357: (4, 9) AM_AVATAR_MOVE Direction: NULL
[Avatar 2] Turn 358: (4, 6) AM_AVATAR_MOVE Direction: WEST
[Avatar 3] Turn 359: (4, 9) AM_AVATAR_MOVE Direction: NULL
[Avatar 0] Turn 360: (4, 9) AM_AVATAR_MOVE Direction: NULL
[Avatar 1] Turn 361: (4, 9) AM_AVATAR_MOVE Direction: NULL
[Avatar 2] Turn 362: (3, 6) AM_AVATAR_MOVE Direction: SOUTH
[Avatar 3] Turn 363: (4, 9) AM_AVATAR_MOVE Direction: NULL
[Avatar 0] Turn 364: (4, 9) AM_AVATAR_MOVE Direction: NULL
[Avatar 1] Turn 365: (4, 9) AM_AVATAR_MOVE Direction: NULL
[Avatar 2] Turn 366: (3, 7) AM_AVATAR_MOVE Direction: SOUTH
[Avatar 3] Turn 367: (4, 9) AM_AVATAR_MOVE Direction: NULL
[Avatar 0] Turn 368: (4, 9) AM_AVATAR_MOVE Direction: NULL

[Avatar 2] Turn 370: (3, 8) AM_AVATAR_MOVE Direction: SOUTH[Avatar 1] Turn 369: (4, 9) AM_AVATAR_MOVE Direction: NULL
[Avatar 3] Turn 371: (4, 9) AM_AVATAR_MOVE Direction: NULL
[Avatar 0] Turn 372: (4, 9) AM_AVATAR_MOVE Direction: NULL
[Avatar 1] Turn 373: (4, 9) AM_AVATAR_MOVE Direction: NULL
[Avatar 2] Turn 374: (3, 9) AM_AVATAR_MOVE Direction: EAST
Maze solved in 375 turns
Hash: 1473320015l
