joannezhao, 54036, Wed May 28 20:50:28 EDT 2014


Sent AM_AVATAR_READY signal with AvatarID: 2
Sent AM_AVATAR_READY signal with AvatarID: 3

Sent AM_AVATAR_READY signal with AvatarID: 0Sent AM_AVATAR_READY signal with AvatarID: 1
[Avatar 0] Turn 0: (8, 9) AM_AVATAR_MOVE Direction: NULL
[Avatar 1] Turn 1: (12, 8) AM_AVATAR_MOVE Direction: WEST
[Avatar 2] Turn 2: (18, 18) AM_AVATAR_MOVE Direction: WEST
[Avatar 3] Turn 3: (16, 8) AM_AVATAR_MOVE Direction: WEST
[Avatar 0] Turn 4: (8, 9) AM_AVATAR_MOVE Direction: NULL
[Avatar 1] Turn 5: (12, 8) AM_AVATAR_MOVE Direction: SOUTH
[Avatar 2] Turn 6: (17, 18) AM_AVATAR_MOVE Direction: WEST
[Avatar 3] Turn 7: (15, 8) AM_AVATAR_MOVE Direction: WEST
[Avatar 0] Turn 8: (8, 9) AM_AVATAR_MOVE Direction: NULL
[Avatar 1] Turn 9: (12, 9) AM_AVATAR_MOVE Direction: WEST
[Avatar 2] Turn 10: (17, 18) AM_AVATAR_MOVE Direction: NORTH
[Avatar 3] Turn 11: (15, 8) AM_AVATAR_MOVE Direction: SOUTH
[Avatar 0] Turn 12: (8, 9) AM_AVATAR_MOVE Direction: NULL
[Avatar 1] Turn 13: (12, 9) AM_AVATAR_MOVE Direction: SOUTH
[Avatar 2] Turn 14: (17, 18) AM_AVATAR_MOVE Direction: SOUTH
[Avatar 3] Turn 15: (15, 9) AM_AVATAR_MOVE Direction: WEST
[Avatar 0] Turn 16: (8, 9) AM_AVATAR_MOVE Direction: NULL
[Avatar 1] Turn 17: (12, 9) AM_AVATAR_MOVE Direction: EAST
[Avatar 2] Turn 18: (17, 19) AM_AVATAR_MOVE Direction: WEST
[Avatar 3] Turn 19: (14, 9) AM_AVATAR_MOVE Direction: WEST
[Avatar 0] Turn 20: (8, 9) AM_AVATAR_MOVE Direction: NULL
[Avatar 1] Turn 21: (13, 9) AM_AVATAR_MOVE Direction: NORTH
[Avatar 2] Turn 22: (16, 19) AM_AVATAR_MOVE Direction: NORTH
[Avatar 3] Turn 23: (14, 9) AM_AVATAR_MOVE Direction: NORTH
[Avatar 0] Turn 24: (8, 9) AM_AVATAR_MOVE Direction: NULL
[Avatar 1] Turn 25: (13, 9) AM_AVATAR_MOVE Direction: SOUTH
[Avatar 2] Turn 26: (16, 18) AM_AVATAR_MOVE Direction: NORTH
[Avatar 3] Turn 27: (14, 9) AM_AVATAR_MOVE Direction: SOUTH
[Avatar 0] Turn 28: (8, 9) AM_AVATAR_MOVE Direction: NULL
[Avatar 1] Turn 29: (13, 10) AM_AVATAR_MOVE Direction: WEST
[Avatar 2] Turn 30: (16, 17) AM_AVATAR_MOVE Direction: WEST
[Avatar 3] Turn 31: (14, 10) AM_AVATAR_MOVE Direction: WEST
[Avatar 0] Turn 32: (8, 9) AM_AVATAR_MOVE Direction: NULL
[Avatar 1] Turn 33: (12, 10) AM_AVATAR_MOVE Direction: WEST
[Avatar 2] Turn 34: (16, 17) AM_AVATAR_MOVE Direction: NORTH
[Avatar 3] Turn 35: (14, 10) AM_AVATAR_MOVE Direction: SOUTH
[Avatar 0] Turn 36: (8, 9) AM_AVATAR_MOVE Direction: NULL
[Avatar 1] Turn 37: (12, 10) AM_AVATAR_MOVE Direction: SOUTH
[Avatar 2] Turn 38: (16, 17) AM_AVATAR_MOVE Direction: EAST
[Avatar 3] Turn 39: (14, 10) AM_AVATAR_MOVE Direction: EAST
[Avatar 0] Turn 40: (8, 9) AM_AVATAR_MOVE Direction: NULL
[Avatar 1] Turn 41: (12, 11) AM_AVATAR_MOVE Direction: WEST
[Avatar 2] Turn 42: (17, 17) AM_AVATAR_MOVE Direction: NORTH
[Avatar 3] Turn 43: (15, 10) AM_AVATAR_MOVE Direction: SOUTH
[Avatar 0] Turn 44: (8, 9) AM_AVATAR_MOVE Direction: NULL
[Avatar 1] Turn 45: (11, 11) AM_AVATAR_MOVE Direction: WEST
[Avatar 2] Turn 46: (17, 17) AM_AVATAR_MOVE Direction: EAST
[Avatar 3] Turn 47: (15, 10) AM_AVATAR_MOVE Direction: EAST
[Avatar 0] Turn 48: (8, 9) AM_AVATAR_MOVE Direction: NULL
[Avatar 1] Turn 49: (10, 11) AM_AVATAR_MOVE Direction: WEST
[Avatar 2] Turn 50: (17, 17) AM_AVATAR_MOVE Direction: WEST
[Avatar 3] Turn 51: (16, 10) AM_AVATAR_MOVE Direction: NORTH
[Avatar 0] Turn 52: (8, 9) AM_AVATAR_MOVE Direction: NULL
[Avatar 1] Turn 53: (10, 11) AM_AVATAR_MOVE Direction: NORTH
[Avatar 2] Turn 54: (16, 17) AM_AVATAR_MOVE Direction: SOUTH
[Avatar 3] Turn 55: (16, 10) AM_AVATAR_MOVE Direction: SOUTH
[Avatar 0] Turn 56: (8, 9) AM_AVATAR_MOVE Direction: NULL
[Avatar 1] Turn 57: (10, 10) AM_AVATAR_MOVE Direction: WEST
[Avatar 2] Turn 58: (16, 18) AM_AVATAR_MOVE Direction: WEST
[Avatar 3] Turn 59: (16, 11) AM_AVATAR_MOVE Direction: WEST
[Avatar 0] Turn 60: (8, 9) AM_AVATAR_MOVE Direction: NULL
[Avatar 1] Turn 61: (10, 10) AM_AVATAR_MOVE Direction: NORTH
[Avatar 2] Turn 62: (16, 18) AM_AVATAR_MOVE Direction: SOUTH
[Avatar 3] Turn 63: (16, 11) AM_AVATAR_MOVE Direction: SOUTH
[Avatar 0] Turn 64: (8, 9) AM_AVATAR_MOVE Direction: NULL
[Avatar 1] Turn 65: (10, 9) AM_AVATAR_MOVE Direction: WEST
[Avatar 2] Turn 66: (16, 19) AM_AVATAR_MOVE Direction: WEST
[Avatar 3] Turn 67: (16, 11) AM_AVATAR_MOVE Direction: EAST
[Avatar 0] Turn 68: (8, 9) AM_AVATAR_MOVE Direction: NULL
[Avatar 1] Turn 69: (9, 9) AM_AVATAR_MOVE Direction: WEST
[Avatar 2] Turn 70: (16, 19) AM_AVATAR_MOVE Direction: SOUTH
[Avatar 3] Turn 71: (17, 11) AM_AVATAR_MOVE Direction: NORTH
[Avatar 0] Turn 72: (8, 9) AM_AVATAR_MOVE Direction: NULL
[Avatar 1] Turn 73: (9, 9) AM_AVATAR_MOVE Direction: NORTH
[Avatar 2] Turn 74: (16, 19) AM_AVATAR_MOVE Direction: EAST
[Avatar 3] Turn 75: (17, 11) AM_AVATAR_MOVE Direction: SOUTH
[Avatar 0] Turn 76: (8, 9) AM_AVATAR_MOVE Direction: NULL
[Avatar 1] Turn 77: (9, 8) AM_AVATAR_MOVE Direction: WEST
[Avatar 2] Turn 78: (17, 19) AM_AVATAR_MOVE Direction: EAST
[Avatar 3] Turn 79: (17, 11) AM_AVATAR_MOVE Direction: EAST
[Avatar 0] Turn 80: (8, 9) AM_AVATAR_MOVE Direction: NULL
[Avatar 1] Turn 81: (9, 8) AM_AVATAR_MOVE Direction: NORTH
[Avatar 2] Turn 82: (18, 19) AM_AVATAR_MOVE Direction: SOUTH
[Avatar 3] Turn 83: (18, 11) AM_AVATAR_MOVE Direction: NORTH
[Avatar 0] Turn 84: (8, 9) AM_AVATAR_MOVE Direction: NULL
[Avatar 1] Turn 85: (9, 8) AM_AVATAR_MOVE Direction: EAST
[Avatar 2] Turn 86: (18, 19) AM_AVATAR_MOVE Direction: EAST
[Avatar 3] Turn 87: (18, 11) AM_AVATAR_MOVE Direction: SOUTH
[Avatar 0] Turn 88: (8, 9) AM_AVATAR_MOVE Direction: NULL
[Avatar 1] Turn 89: (10, 8) AM_AVATAR_MOVE Direction: NORTH
[Avatar 2] Turn 90: (19, 19) AM_AVATAR_MOVE Direction: NORTH
[Avatar 3] Turn 91: (18, 12) AM_AVATAR_MOVE Direction: WEST
[Avatar 0] Turn 92: (8, 9) AM_AVATAR_MOVE Direction: NULL
[Avatar 1] Turn 93: (10, 7) AM_AVATAR_MOVE Direction: WEST
[Avatar 2] Turn 94: (19, 18) AM_AVATAR_MOVE Direction: NORTH
[Avatar 3] Turn 95: (18, 12) AM_AVATAR_MOVE Direction: SOUTH
[Avatar 0] Turn 96: (8, 9) AM_AVATAR_MOVE Direction: NULL
[Avatar 1] Turn 97: (9, 7) AM_AVATAR_MOVE Direction: WEST
[Avatar 2] Turn 98: (19, 17) AM_AVATAR_MOVE Direction: WEST
[Avatar 3] Turn 99: (18, 13) AM_AVATAR_MOVE Direction: WEST
[Avatar 0] Turn 100: (8, 9) AM_AVATAR_MOVE Direction: NULL
[Avatar 1] Turn 101: (9, 7) AM_AVATAR_MOVE Direction: NORTH
[Avatar 2] Turn 102: (19, 17) AM_AVATAR_MOVE Direction: NORTH
[Avatar 3] Turn 103: (18, 13) AM_AVATAR_MOVE Direction: SOUTH
[Avatar 0] Turn 104: (8, 9) AM_AVATAR_MOVE Direction: NULL
[Avatar 1] Turn 105: (9, 6) AM_AVATAR_MOVE Direction: WEST
[Avatar 2] Turn 106: (19, 16) AM_AVATAR_MOVE Direction: WEST
[Avatar 3] Turn 107: (18, 13) AM_AVATAR_MOVE Direction: EAST
[Avatar 0] Turn 108: (8, 9) AM_AVATAR_MOVE Direction: NULL
[Avatar 1] Turn 109: (9, 6) AM_AVATAR_MOVE Direction: EAST
[Avatar 2] Turn 110: (19, 16) AM_AVATAR_MOVE Direction: NORTH
[Avatar 3] Turn 111: (19, 13) AM_AVATAR_MOVE Direction: NORTH
[Avatar 0] Turn 112: (8, 9) AM_AVATAR_MOVE Direction: NULL
[Avatar 1] Turn 113: (10, 6) AM_AVATAR_MOVE Direction: EAST
[Avatar 2] Turn 114: (19, 15) AM_AVATAR_MOVE Direction: WEST
[Avatar 3] Turn 115: (19, 13) AM_AVATAR_MOVE Direction: SOUTH
[Avatar 0] Turn 116: (8, 9) AM_AVATAR_MOVE Direction: NULL
[Avatar 1] Turn 117: (11, 6) AM_AVATAR_MOVE Direction: SOUTH
[Avatar 2] Turn 118: (19, 15) AM_AVATAR_MOVE Direction: NORTH
[Avatar 3] Turn 119: (19, 14) AM_AVATAR_MOVE Direction: WEST
[Avatar 0] Turn 120: (8, 9) AM_AVATAR_MOVE Direction: NULL
[Avatar 1] Turn 121: (11, 7) AM_AVATAR_MOVE Direction: SOUTH
[Avatar 2] Turn 122: (19, 14) AM_AVATAR_MOVE Direction: WEST
[Avatar 3] Turn 123: (19, 14) AM_AVATAR_MOVE Direction: SOUTH
[Avatar 0] Turn 124: (8, 9) AM_AVATAR_MOVE Direction: NULL
[Avatar 1] Turn 125: (11, 8) AM_AVATAR_MOVE Direction: SOUTH
[Avatar 2] Turn 126: (19, 14) AM_AVATAR_MOVE Direction: NORTH
[Avatar 3] Turn 127: (19, 15) AM_AVATAR_MOVE Direction: SOUTH
[Avatar 0] Turn 128: (8, 9) AM_AVATAR_MOVE Direction: NULL
[Avatar 1] Turn 129: (11, 9) AM_AVATAR_MOVE Direction: SOUTH
[Avatar 2] Turn 130: (19, 13) AM_AVATAR_MOVE Direction: WEST
[Avatar 3] Turn 131: (19, 16) AM_AVATAR_MOVE Direction: SOUTH
[Avatar 0] Turn 132: (8, 9) AM_AVATAR_MOVE Direction: NULL
[Avatar 1] Turn 133: (11, 10) AM_AVATAR_MOVE Direction: WEST
[Avatar 2] Turn 134: (18, 13) AM_AVATAR_MOVE Direction: NORTH
[Avatar 3] Turn 135: (19, 17) AM_AVATAR_MOVE Direction: SOUTH
[Avatar 0] Turn 136: (8, 9) AM_AVATAR_MOVE Direction: NULL
[Avatar 1] Turn 137: (11, 10) AM_AVATAR_MOVE Direction: NORTH
[Avatar 2] Turn 138: (18, 12) AM_AVATAR_MOVE Direction: NORTH
[Avatar 3] Turn 139: (19, 18) AM_AVATAR_MOVE Direction: WEST
[Avatar 0] Turn 140: (8, 9) AM_AVATAR_MOVE Direction: NULL
[Avatar 1] Turn 141: (11, 9) AM_AVATAR_MOVE Direction: WEST
[Avatar 2] Turn 142: (18, 11) AM_AVATAR_MOVE Direction: WEST
[Avatar 3] Turn 143: (19, 18) AM_AVATAR_MOVE Direction: SOUTH
[Avatar 0] Turn 144: (8, 9) AM_AVATAR_MOVE Direction: NULL
[Avatar 1] Turn 145: (11, 9) AM_AVATAR_MOVE Direction: NORTH
[Avatar 2] Turn 146: (17, 11) AM_AVATAR_MOVE Direction: WEST
[Avatar 3] Turn 147: (19, 19) AM_AVATAR_MOVE Direction: WEST
[Avatar 0] Turn 148: (8, 9) AM_AVATAR_MOVE Direction: NULL
[Avatar 1] Turn 149: (11, 8) AM_AVATAR_MOVE Direction: WEST
[Avatar 2] Turn 150: (16, 11) AM_AVATAR_MOVE Direction: NORTH
[Avatar 3] Turn 151: (18, 19) AM_AVATAR_MOVE Direction: WEST
[Avatar 0] Turn 152: (8, 9) AM_AVATAR_MOVE Direction: NULL
[Avatar 1] Turn 153: (11, 8) AM_AVATAR_MOVE Direction: NORTH
[Avatar 2] Turn 154: (16, 10) AM_AVATAR_MOVE Direction: WEST
[Avatar 3] Turn 155: (17, 19) AM_AVATAR_MOVE Direction: NORTH
[Avatar 0] Turn 156: (8, 9) AM_AVATAR_MOVE Direction: NULL
[Avatar 1] Turn 157: (11, 7) AM_AVATAR_MOVE Direction: EAST
[Avatar 2] Turn 158: (15, 10) AM_AVATAR_MOVE Direction: WEST
[Avatar 3] Turn 159: (17, 18) AM_AVATAR_MOVE Direction: EAST
[Avatar 0] Turn 160: (8, 9) AM_AVATAR_MOVE Direction: NULL
[Avatar 1] Turn 161: (12, 7) AM_AVATAR_MOVE Direction: NORTH
[Avatar 2] Turn 162: (14, 10) AM_AVATAR_MOVE Direction: NORTH
[Avatar 3] Turn 163: (18, 18) AM_AVATAR_MOVE Direction: NORTH
[Avatar 0] Turn 164: (8, 9) AM_AVATAR_MOVE Direction: NULL
[Avatar 1] Turn 165: (12, 7) AM_AVATAR_MOVE Direction: EAST
[Avatar 2] Turn 166: (14, 9) AM_AVATAR_MOVE Direction: EAST
[Avatar 3] Turn 167: (18, 17) AM_AVATAR_MOVE Direction: NORTH
[Avatar 0] Turn 168: (8, 9) AM_AVATAR_MOVE Direction: NULL
[Avatar 1] Turn 169: (13, 7) AM_AVATAR_MOVE Direction: SOUTH
[Avatar 2] Turn 170: (15, 9) AM_AVATAR_MOVE Direction: NORTH
[Avatar 3] Turn 171: (18, 16) AM_AVATAR_MOVE Direction: WEST
[Avatar 0] Turn 172: (8, 9) AM_AVATAR_MOVE Direction: NULL
[Avatar 1] Turn 173: (13, 7) AM_AVATAR_MOVE Direction: NORTH
[Avatar 2] Turn 174: (15, 8) AM_AVATAR_MOVE Direction: NORTH
[Avatar 3] Turn 175: (17, 16) AM_AVATAR_MOVE Direction: WEST
[Avatar 0] Turn 176: (8, 9) AM_AVATAR_MOVE Direction: NULL
[Avatar 1] Turn 177: (13, 6) AM_AVATAR_MOVE Direction: WEST
[Avatar 2] Turn 178: (15, 8) AM_AVATAR_MOVE Direction: EAST
[Avatar 3] Turn 179: (17, 16) AM_AVATAR_MOVE Direction: NORTH
[Avatar 0] Turn 180: (8, 9) AM_AVATAR_MOVE Direction: NULL
[Avatar 1] Turn 181: (12, 6) AM_AVATAR_MOVE Direction: NORTH
[Avatar 2] Turn 182: (16, 8) AM_AVATAR_MOVE Direction: SOUTH
[Avatar 3] Turn 183: (17, 15) AM_AVATAR_MOVE Direction: WEST
[Avatar 0] Turn 184: (8, 9) AM_AVATAR_MOVE Direction: NULL
[Avatar 1] Turn 185: (12, 5) AM_AVATAR_MOVE Direction: WEST
[Avatar 2] Turn 186: (16, 9) AM_AVATAR_MOVE Direction: EAST
[Avatar 3] Turn 187: (17, 15) AM_AVATAR_MOVE Direction: NORTH
[Avatar 0] Turn 188: (8, 9) AM_AVATAR_MOVE Direction: NULL
[Avatar 1] Turn 189: (12, 5) AM_AVATAR_MOVE Direction: NORTH
[Avatar 2] Turn 190: (17, 9) AM_AVATAR_MOVE Direction: NORTH
[Avatar 3] Turn 191: (17, 15) AM_AVATAR_MOVE Direction: EAST
[Avatar 0] Turn 192: (8, 9) AM_AVATAR_MOVE Direction: NULL
[Avatar 1] Turn 193: (12, 5) AM_AVATAR_MOVE Direction: EAST
[Avatar 2] Turn 194: (17, 8) AM_AVATAR_MOVE Direction: NORTH
[Avatar 3] Turn 195: (18, 15) AM_AVATAR_MOVE Direction: NORTH
[Avatar 0] Turn 196: (8, 9) AM_AVATAR_MOVE Direction: NULL
[Avatar 1] Turn 197: (13, 5) AM_AVATAR_MOVE Direction: NORTH
[Avatar 2] Turn 198: (17, 8) AM_AVATAR_MOVE Direction: EAST
[Avatar 3] Turn 199: (18, 14) AM_AVATAR_MOVE Direction: WEST
[Avatar 0] Turn 200: (8, 9) AM_AVATAR_MOVE Direction: NULL
[Avatar 1] Turn 201: (13, 5) AM_AVATAR_MOVE Direction: EAST
[Avatar 2] Turn 202: (18, 8) AM_AVATAR_MOVE Direction: SOUTH
[Avatar 3] Turn 203: (17, 14) AM_AVATAR_MOVE Direction: WEST
[Avatar 0] Turn 204: (8, 9) AM_AVATAR_MOVE Direction: NULL

[Avatar 1] Turn 205: (13, 5) AM_AVATAR_MOVE Direction: WEST[Avatar 2] Turn 206: (18, 9) AM_AVATAR_MOVE Direction: SOUTH
[Avatar 3] Turn 207: (17, 14) AM_AVATAR_MOVE Direction: NORTH
[Avatar 0] Turn 208: (8, 9) AM_AVATAR_MOVE Direction: NULL
[Avatar 1] Turn 209: (12, 5) AM_AVATAR_MOVE Direction: SOUTH
[Avatar 2] Turn 210: (18, 9) AM_AVATAR_MOVE Direction: EAST
[Avatar 3] Turn 211: (17, 13) AM_AVATAR_MOVE Direction: WEST
[Avatar 0] Turn 212: (8, 9) AM_AVATAR_MOVE Direction: NULL
[Avatar 1] Turn 213: (12, 6) AM_AVATAR_MOVE Direction: WEST
[Avatar 2] Turn 214: (19, 9) AM_AVATAR_MOVE Direction: NORTH
[Avatar 3] Turn 215: (17, 13) AM_AVATAR_MOVE Direction: NORTH
[Avatar 0] Turn 216: (8, 9) AM_AVATAR_MOVE Direction: NULL
[Avatar 1] Turn 217: (12, 6) AM_AVATAR_MOVE Direction: EAST
[Avatar 2] Turn 218: (19, 8) AM_AVATAR_MOVE Direction: NORTH
[Avatar 3] Turn 219: (17, 12) AM_AVATAR_MOVE Direction: WEST
[Avatar 0] Turn 220: (8, 9) AM_AVATAR_MOVE Direction: NULL
[Avatar 1] Turn 221: (13, 6) AM_AVATAR_MOVE Direction: EAST
[Avatar 2] Turn 222: (19, 7) AM_AVATAR_MOVE Direction: WEST
[Avatar 3] Turn 223: (16, 12) AM_AVATAR_MOVE Direction: WEST
[Avatar 0] Turn 224: (8, 9) AM_AVATAR_MOVE Direction: NULL
[Avatar 1] Turn 225: (13, 6) AM_AVATAR_MOVE Direction: NORTH
[Avatar 2] Turn 226: (18, 7) AM_AVATAR_MOVE Direction: WEST
[Avatar 3] Turn 227: (16, 12) AM_AVATAR_MOVE Direction: SOUTH
[Avatar 0] Turn 228: (8, 9) AM_AVATAR_MOVE Direction: NULL
[Avatar 1] Turn 229: (13, 6) AM_AVATAR_MOVE Direction: SOUTH
[Avatar 2] Turn 230: (17, 7) AM_AVATAR_MOVE Direction: WEST
[Avatar 3] Turn 231: (16, 13) AM_AVATAR_MOVE Direction: WEST
[Avatar 0] Turn 232: (8, 9) AM_AVATAR_MOVE Direction: NULL
[Avatar 1] Turn 233: (13, 7) AM_AVATAR_MOVE Direction: EAST
[Avatar 2] Turn 234: (17, 7) AM_AVATAR_MOVE Direction: NORTH
[Avatar 3] Turn 235: (16, 13) AM_AVATAR_MOVE Direction: SOUTH
[Avatar 0] Turn 236: (8, 9) AM_AVATAR_MOVE Direction: NULL
[Avatar 1] Turn 237: (13, 7) AM_AVATAR_MOVE Direction: WEST
[Avatar 2] Turn 238: (17, 6) AM_AVATAR_MOVE Direction: WEST
[Avatar 3] Turn 239: (16, 14) AM_AVATAR_MOVE Direction: WEST
[Avatar 0] Turn 240: (8, 9) AM_AVATAR_MOVE Direction: NULL
[Avatar 1] Turn 241: (12, 7) AM_AVATAR_MOVE Direction: WEST
[Avatar 2] Turn 242: (16, 6) AM_AVATAR_MOVE Direction: WEST
[Avatar 3] Turn 243: (15, 14) AM_AVATAR_MOVE Direction: WEST
[Avatar 0] Turn 244: (8, 9) AM_AVATAR_MOVE Direction: NULL
[Avatar 1] Turn 245: (11, 7) AM_AVATAR_MOVE Direction: WEST
[Avatar 2] Turn 246: (16, 6) AM_AVATAR_MOVE Direction: SOUTH
[Avatar 3] Turn 247: (15, 14) AM_AVATAR_MOVE Direction: NORTH
[Avatar 0] Turn 248: (8, 9) AM_AVATAR_MOVE Direction: NULL
[Avatar 1] Turn 249: (11, 7) AM_AVATAR_MOVE Direction: NORTH
[Avatar 2] Turn 250: (16, 7) AM_AVATAR_MOVE Direction: WEST
[Avatar 3] Turn 251: (15, 14) AM_AVATAR_MOVE Direction: SOUTH
[Avatar 0] Turn 252: (8, 9) AM_AVATAR_MOVE Direction: NULL
[Avatar 1] Turn 253: (11, 6) AM_AVATAR_MOVE Direction: NORTH
[Avatar 2] Turn 254: (15, 7) AM_AVATAR_MOVE Direction: WEST
[Avatar 3] Turn 255: (15, 15) AM_AVATAR_MOVE Direction: WEST
[Avatar 0] Turn 256: (8, 9) AM_AVATAR_MOVE Direction: NULL
[Avatar 1] Turn 257: (11, 6) AM_AVATAR_MOVE Direction: WEST
[Avatar 2] Turn 258: (15, 7) AM_AVATAR_MOVE Direction: NORTH
[Avatar 3] Turn 259: (15, 15) AM_AVATAR_MOVE Direction: SOUTH
[Avatar 0] Turn 260: (8, 9) AM_AVATAR_MOVE Direction: NULL
[Avatar 1] Turn 261: (10, 6) AM_AVATAR_MOVE Direction: NORTH
[Avatar 2] Turn 262: (15, 6) AM_AVATAR_MOVE Direction: WEST
[Avatar 3] Turn 263: (15, 15) AM_AVATAR_MOVE Direction: EAST
[Avatar 0] Turn 264: (8, 9) AM_AVATAR_MOVE Direction: NULL
[Avatar 1] Turn 265: (10, 6) AM_AVATAR_MOVE Direction: WEST
[Avatar 2] Turn 266: (15, 6) AM_AVATAR_MOVE Direction: NORTH
[Avatar 3] Turn 267: (16, 15) AM_AVATAR_MOVE Direction: SOUTH
[Avatar 0] Turn 268: (8, 9) AM_AVATAR_MOVE Direction: NULL
[Avatar 1] Turn 269: (9, 6) AM_AVATAR_MOVE Direction: NORTH
[Avatar 2] Turn 270: (15, 5) AM_AVATAR_MOVE Direction: WEST
[Avatar 3] Turn 271: (16, 16) AM_AVATAR_MOVE Direction: WEST
[Avatar 0] Turn 272: (8, 9) AM_AVATAR_MOVE Direction: NULL
[Avatar 1] Turn 273: (9, 6) AM_AVATAR_MOVE Direction: SOUTH
[Avatar 2] Turn 274: (15, 5) AM_AVATAR_MOVE Direction: NORTH
[Avatar 3] Turn 275: (15, 16) AM_AVATAR_MOVE Direction: WEST
[Avatar 0] Turn 276: (8, 9) AM_AVATAR_MOVE Direction: NULL
[Avatar 1] Turn 277: (9, 7) AM_AVATAR_MOVE Direction: EAST
[Avatar 2] Turn 278: (15, 4) AM_AVATAR_MOVE Direction: WEST
[Avatar 3] Turn 279: (15, 16) AM_AVATAR_MOVE Direction: SOUTH
[Avatar 0] Turn 280: (8, 9) AM_AVATAR_MOVE Direction: NULL
[Avatar 1] Turn 281: (10, 7) AM_AVATAR_MOVE Direction: SOUTH
[Avatar 2] Turn 282: (14, 4) AM_AVATAR_MOVE Direction: WEST
[Avatar 3] Turn 283: (15, 17) AM_AVATAR_MOVE Direction: WEST
[Avatar 0] Turn 284: (8, 9) AM_AVATAR_MOVE Direction: NULL
[Avatar 1] Turn 285: (10, 8) AM_AVATAR_MOVE Direction: WEST
[Avatar 2] Turn 286: (14, 4) AM_AVATAR_MOVE Direction: SOUTH
[Avatar 3] Turn 287: (14, 17) AM_AVATAR_MOVE Direction: NORTH
[Avatar 0] Turn 288: (8, 9) AM_AVATAR_MOVE Direction: NULL
[Avatar 1] Turn 289: (9, 8) AM_AVATAR_MOVE Direction: SOUTH
[Avatar 2] Turn 290: (14, 5) AM_AVATAR_MOVE Direction: SOUTH
[Avatar 3] Turn 291: (14, 17) AM_AVATAR_MOVE Direction: WEST
[Avatar 0] Turn 292: (8, 9) AM_AVATAR_MOVE Direction: NULL
[Avatar 1] Turn 293: (9, 9) AM_AVATAR_MOVE Direction: SOUTH
[Avatar 2] Turn 294: (14, 6) AM_AVATAR_MOVE Direction: SOUTH
[Avatar 3] Turn 295: (14, 17) AM_AVATAR_MOVE Direction: SOUTH
[Avatar 0] Turn 296: (8, 9) AM_AVATAR_MOVE Direction: NULL
[Avatar 1] Turn 297: (9, 10) AM_AVATAR_MOVE Direction: WEST
[Avatar 2] Turn 298: (14, 7) AM_AVATAR_MOVE Direction: SOUTH
[Avatar 3] Turn 299: (14, 17) AM_AVATAR_MOVE Direction: EAST
[Avatar 0] Turn 300: (8, 9) AM_AVATAR_MOVE Direction: NULL
[Avatar 1] Turn 301: (9, 10) AM_AVATAR_MOVE Direction: SOUTH
[Avatar 2] Turn 302: (14, 8) AM_AVATAR_MOVE Direction: WEST
[Avatar 3] Turn 303: (15, 17) AM_AVATAR_MOVE Direction: SOUTH
[Avatar 0] Turn 304: (8, 9) AM_AVATAR_MOVE Direction: NULL
[Avatar 1] Turn 305: (9, 10) AM_AVATAR_MOVE Direction: NORTH
[Avatar 2] Turn 306: (13, 8) AM_AVATAR_MOVE Direction: WEST
[Avatar 3] Turn 307: (15, 18) AM_AVATAR_MOVE Direction: WEST
[Avatar 0] Turn 308: (8, 9) AM_AVATAR_MOVE Direction: NULL
[Avatar 1] Turn 309: (9, 9) AM_AVATAR_MOVE Direction: EAST
[Avatar 2] Turn 310: (12, 8) AM_AVATAR_MOVE Direction: SOUTH
[Avatar 3] Turn 311: (15, 18) AM_AVATAR_MOVE Direction: SOUTH
[Avatar 0] Turn 312: (8, 9) AM_AVATAR_MOVE Direction: NULL
[Avatar 1] Turn 313: (10, 9) AM_AVATAR_MOVE Direction: SOUTH
[Avatar 2] Turn 314: (12, 9) AM_AVATAR_MOVE Direction: EAST
[Avatar 3] Turn 315: (15, 19) AM_AVATAR_MOVE Direction: WEST
[Avatar 0] Turn 316: (8, 9) AM_AVATAR_MOVE Direction: NULL
[Avatar 1] Turn 317: (10, 10) AM_AVATAR_MOVE Direction: SOUTH
[Avatar 2] Turn 318: (13, 9) AM_AVATAR_MOVE Direction: SOUTH
[Avatar 3] Turn 319: (14, 19) AM_AVATAR_MOVE Direction: NORTH
[Avatar 0] Turn 320: (8, 9) AM_AVATAR_MOVE Direction: NULL
[Avatar 1] Turn 321: (10, 11) AM_AVATAR_MOVE Direction: SOUTH
[Avatar 2] Turn 322: (13, 10) AM_AVATAR_MOVE Direction: WEST
[Avatar 3] Turn 323: (14, 18) AM_AVATAR_MOVE Direction: WEST
[Avatar 0] Turn 324: (8, 9) AM_AVATAR_MOVE Direction: NULL
[Avatar 1] Turn 325: (10, 11) AM_AVATAR_MOVE Direction: EAST
[Avatar 2] Turn 326: (12, 10) AM_AVATAR_MOVE Direction: SOUTH
[Avatar 3] Turn 327: (13, 18) AM_AVATAR_MOVE Direction: NORTH
[Avatar 0] Turn 328: (8, 9) AM_AVATAR_MOVE Direction: NULL
[Avatar 1] Turn 329: (11, 11) AM_AVATAR_MOVE Direction: SOUTH
[Avatar 2] Turn 330: (12, 11) AM_AVATAR_MOVE Direction: WEST
[Avatar 3] Turn 331: (13, 17) AM_AVATAR_MOVE Direction: NORTH
[Avatar 0] Turn 332: (8, 9) AM_AVATAR_MOVE Direction: NULL
[Avatar 1] Turn 333: (11, 12) AM_AVATAR_MOVE Direction: WEST
[Avatar 2] Turn 334: (11, 11) AM_AVATAR_MOVE Direction: WEST
[Avatar 3] Turn 335: (13, 17) AM_AVATAR_MOVE Direction: WEST
[Avatar 0] Turn 336: (8, 9) AM_AVATAR_MOVE Direction: NULL
[Avatar 1] Turn 337: (11, 12) AM_AVATAR_MOVE Direction: SOUTH
[Avatar 2] Turn 338: (10, 11) AM_AVATAR_MOVE Direction: NORTH
[Avatar 3] Turn 339: (12, 17) AM_AVATAR_MOVE Direction: NORTH
[Avatar 0] Turn 340: (8, 9) AM_AVATAR_MOVE Direction: NULL
[Avatar 1] Turn 341: (11, 12) AM_AVATAR_MOVE Direction: EAST
[Avatar 2] Turn 342: (10, 10) AM_AVATAR_MOVE Direction: NORTH
[Avatar 3] Turn 343: (12, 17) AM_AVATAR_MOVE Direction: WEST
[Avatar 0] Turn 344: (8, 9) AM_AVATAR_MOVE Direction: NULL
[Avatar 1] Turn 345: (11, 12) AM_AVATAR_MOVE Direction: NORTH
[Avatar 2] Turn 346: (10, 9) AM_AVATAR_MOVE Direction: WEST
[Avatar 3] Turn 347: (11, 17) AM_AVATAR_MOVE Direction: NORTH
[Avatar 0] Turn 348: (8, 9) AM_AVATAR_MOVE Direction: NULL
[Avatar 1] Turn 349: (11, 11) AM_AVATAR_MOVE Direction: NORTH
[Avatar 2] Turn 350: (9, 9) AM_AVATAR_MOVE Direction: NORTH
[Avatar 3] Turn 351: (11, 16) AM_AVATAR_MOVE Direction: NORTH
[Avatar 0] Turn 352: (8, 9) AM_AVATAR_MOVE Direction: NULL
[Avatar 1] Turn 353: (11, 11) AM_AVATAR_MOVE Direction: EAST
[Avatar 2] Turn 354: (9, 8) AM_AVATAR_MOVE Direction: EAST
[Avatar 3] Turn 355: (11, 16) AM_AVATAR_MOVE Direction: WEST
[Avatar 0] Turn 356: (8, 9) AM_AVATAR_MOVE Direction: NULL
[Avatar 1] Turn 357: (12, 11) AM_AVATAR_MOVE Direction: SOUTH
[Avatar 2] Turn 358: (10, 8) AM_AVATAR_MOVE Direction: NORTH
[Avatar 3] Turn 359: (11, 16) AM_AVATAR_MOVE Direction: EAST
[Avatar 0] Turn 360: (8, 9) AM_AVATAR_MOVE Direction: NULL
[Avatar 1] Turn 361: (12, 11) AM_AVATAR_MOVE Direction: EAST
[Avatar 2] Turn 362: (10, 7) AM_AVATAR_MOVE Direction: WEST
[Avatar 3] Turn 363: (12, 16) AM_AVATAR_MOVE Direction: NORTH
[Avatar 0] Turn 364: (8, 9) AM_AVATAR_MOVE Direction: NULL
[Avatar 1] Turn 365: (13, 11) AM_AVATAR_MOVE Direction: SOUTH
[Avatar 2] Turn 366: (9, 7) AM_AVATAR_MOVE Direction: NORTH
[Avatar 3] Turn 367: (12, 16) AM_AVATAR_MOVE Direction: EAST
[Avatar 0] Turn 368: (8, 9) AM_AVATAR_MOVE Direction: NULL
[Avatar 1] Turn 369: (13, 11) AM_AVATAR_MOVE Direction: EAST
[Avatar 2] Turn 370: (9, 6) AM_AVATAR_MOVE Direction: EAST
[Avatar 3] Turn 371: (13, 16) AM_AVATAR_MOVE Direction: NORTH
[Avatar 0] Turn 372: (8, 9) AM_AVATAR_MOVE Direction: NULL
[Avatar 1] Turn 373: (14, 11) AM_AVATAR_MOVE Direction: SOUTH
[Avatar 2] Turn 374: (10, 6) AM_AVATAR_MOVE Direction: EAST
[Avatar 3] Turn 375: (13, 16) AM_AVATAR_MOVE Direction: EAST
[Avatar 0] Turn 376: (8, 9) AM_AVATAR_MOVE Direction: NULL
[Avatar 1] Turn 377: (14, 11) AM_AVATAR_MOVE Direction: EAST
[Avatar 2] Turn 378: (11, 6) AM_AVATAR_MOVE Direction: SOUTH
[Avatar 3] Turn 379: (14, 16) AM_AVATAR_MOVE Direction: NORTH
[Avatar 0] Turn 380: (8, 9) AM_AVATAR_MOVE Direction: NULL
[Avatar 1] Turn 381: (15, 11) AM_AVATAR_MOVE Direction: SOUTH
[Avatar 2] Turn 382: (11, 7) AM_AVATAR_MOVE Direction: SOUTH
[Avatar 3] Turn 383: (14, 15) AM_AVATAR_MOVE Direction: WEST
[Avatar 0] Turn 384: (8, 9) AM_AVATAR_MOVE Direction: NULL
[Avatar 1] Turn 385: (15, 12) AM_AVATAR_MOVE Direction: WEST
[Avatar 2] Turn 386: (11, 8) AM_AVATAR_MOVE Direction: SOUTH
[Avatar 3] Turn 387: (14, 15) AM_AVATAR_MOVE Direction: NORTH
[Avatar 0] Turn 388: (8, 9) AM_AVATAR_MOVE Direction: NULL
[Avatar 1] Turn 389: (15, 12) AM_AVATAR_MOVE Direction: SOUTH
[Avatar 2] Turn 390: (11, 9) AM_AVATAR_MOVE Direction: SOUTH
[Avatar 3] Turn 391: (14, 14) AM_AVATAR_MOVE Direction: WEST
[Avatar 0] Turn 392: (8, 9) AM_AVATAR_MOVE Direction: NULL
[Avatar 1] Turn 393: (15, 13) AM_AVATAR_MOVE Direction: WEST
[Avatar 2] Turn 394: (11, 10) AM_AVATAR_MOVE Direction: NORTH
[Avatar 3] Turn 395: (13, 14) AM_AVATAR_MOVE Direction: WEST
[Avatar 0] Turn 396: (8, 9) AM_AVATAR_MOVE Direction: NULL
[Avatar 1] Turn 397: (14, 13) AM_AVATAR_MOVE Direction: WEST
[Avatar 2] Turn 398: (11, 9) AM_AVATAR_MOVE Direction: NORTH
[Avatar 3] Turn 399: (13, 14) AM_AVATAR_MOVE Direction: NORTH
[Avatar 0] Turn 400: (8, 9) AM_AVATAR_MOVE Direction: NULL
[Avatar 1] Turn 401: (14, 13) AM_AVATAR_MOVE Direction: NORTH
[Avatar 2] Turn 402: (11, 8) AM_AVATAR_MOVE Direction: NORTH
[Avatar 3] Turn 403: (13, 13) AM_AVATAR_MOVE Direction: WEST
[Avatar 0] Turn 404: (8, 9) AM_AVATAR_MOVE Direction: NULL
[Avatar 1] Turn 405: (14, 12) AM_AVATAR_MOVE Direction: WEST
[Avatar 2] Turn 406: (11, 7) AM_AVATAR_MOVE Direction: EAST
[Avatar 3] Turn 407: (13, 13) AM_AVATAR_MOVE Direction: NORTH
[Avatar 0] Turn 408: (8, 9) AM_AVATAR_MOVE Direction: NULL
[Avatar 1] Turn 409: (14, 12) AM_AVATAR_MOVE Direction: SOUTH
[Avatar 2] Turn 410: (12, 7) AM_AVATAR_MOVE Direction: EAST
[Avatar 3] Turn 411: (13, 12) AM_AVATAR_MOVE Direction: WEST
[Avatar 0] Turn 412: (8, 9) AM_AVATAR_MOVE Direction: NULL
[Avatar 1] Turn 413: (14, 13) AM_AVATAR_MOVE Direction: SOUTH
[Avatar 2] Turn 414: (13, 7) AM_AVATAR_MOVE Direction: NORTH
[Avatar 3] Turn 415: (12, 12) AM_AVATAR_MOVE Direction: SOUTH
[Avatar 0] Turn 416: (8, 9) AM_AVATAR_MOVE Direction: NULL
[Avatar 1] Turn 417: (14, 13) AM_AVATAR_MOVE Direction: EAST
[Avatar 2] Turn 418: (13, 6) AM_AVATAR_MOVE Direction: WEST
[Avatar 3] Turn 419: (12, 13) AM_AVATAR_MOVE Direction: WEST
[Avatar 0] Turn 420: (8, 9) AM_AVATAR_MOVE Direction: NULL
[Avatar 1] Turn 421: (15, 13) AM_AVATAR_MOVE Direction: NORTH
[Avatar 2] Turn 422: (12, 6) AM_AVATAR_MOVE Direction: NORTH
[Avatar 3] Turn 423: (11, 13) AM_AVATAR_MOVE Direction: WEST
[Avatar 0] Turn 424: (8, 9) AM_AVATAR_MOVE Direction: NULL
[Avatar 1] Turn 425: (15, 12) AM_AVATAR_MOVE Direction: NORTH
[Avatar 2] Turn 426: (12, 5) AM_AVATAR_MOVE Direction: EAST
[Avatar 3] Turn 427: (10, 13) AM_AVATAR_MOVE Direction: NORTH
[Avatar 0] Turn 428: (8, 9) AM_AVATAR_MOVE Direction: NULL
[Avatar 1] Turn 429: (15, 11) AM_AVATAR_MOVE Direction: WEST
[Avatar 2] Turn 430: (13, 5) AM_AVATAR_MOVE Direction: WEST
[Avatar 3] Turn 431: (10, 12) AM_AVATAR_MOVE Direction: WEST
[Avatar 0] Turn 432: (8, 9) AM_AVATAR_MOVE Direction: NULL
[Avatar 1] Turn 433: (14, 11) AM_AVATAR_MOVE Direction: WEST
[Avatar 2] Turn 434: (12, 5) AM_AVATAR_MOVE Direction: SOUTH
[Avatar 3] Turn 435: (9, 12) AM_AVATAR_MOVE Direction: NORTH
[Avatar 0] Turn 436: (8, 9) AM_AVATAR_MOVE Direction: NULL
[Avatar 1] Turn 437: (13, 11) AM_AVATAR_MOVE Direction: WEST
[Avatar 2] Turn 438: (12, 6) AM_AVATAR_MOVE Direction: EAST
[Avatar 3] Turn 439: (9, 11) AM_AVATAR_MOVE Direction: WEST
[Avatar 0] Turn 440: (8, 9) AM_AVATAR_MOVE Direction: NULL
[Avatar 1] Turn 441: (12, 11) AM_AVATAR_MOVE Direction: NORTH
[Avatar 2] Turn 442: (13, 6) AM_AVATAR_MOVE Direction: SOUTH
[Avatar 3] Turn 443: (8, 11) AM_AVATAR_MOVE Direction: NORTH
[Avatar 0] Turn 444: (8, 9) AM_AVATAR_MOVE Direction: NULL
[Avatar 1] Turn 445: (12, 10) AM_AVATAR_MOVE Direction: EAST
[Avatar 2] Turn 446: (13, 7) AM_AVATAR_MOVE Direction: WEST
[Avatar 3] Turn 447: (8, 10) AM_AVATAR_MOVE Direction: NORTH
[Avatar 0] Turn 448: (8, 9) AM_AVATAR_MOVE Direction: NULL
[Avatar 1] Turn 449: (13, 10) AM_AVATAR_MOVE Direction: NORTH
[Avatar 2] Turn 450: (12, 7) AM_AVATAR_MOVE Direction: WEST
[Avatar 3] Turn 451: (8, 9) AM_AVATAR_MOVE Direction: NULL
[Avatar 0] Turn 452: (8, 9) AM_AVATAR_MOVE Direction: NULL
[Avatar 1] Turn 453: (13, 9) AM_AVATAR_MOVE Direction: WEST
[Avatar 2] Turn 454: (11, 7) AM_AVATAR_MOVE Direction: NORTH
[Avatar 3] Turn 455: (8, 9) AM_AVATAR_MOVE Direction: NULL
[Avatar 0] Turn 456: (8, 9) AM_AVATAR_MOVE Direction: NULL
[Avatar 1] Turn 457: (12, 9) AM_AVATAR_MOVE Direction: NORTH
[Avatar 2] Turn 458: (11, 6) AM_AVATAR_MOVE Direction: WEST
[Avatar 3] Turn 459: (8, 9) AM_AVATAR_MOVE Direction: NULL
[Avatar 0] Turn 460: (8, 9) AM_AVATAR_MOVE Direction: NULL
[Avatar 1] Turn 461: (12, 8) AM_AVATAR_MOVE Direction: EAST
[Avatar 2] Turn 462: (10, 6) AM_AVATAR_MOVE Direction: WEST
[Avatar 3] Turn 463: (8, 9) AM_AVATAR_MOVE Direction: NULL
[Avatar 0] Turn 464: (8, 9) AM_AVATAR_MOVE Direction: NULL
[Avatar 1] Turn 465: (13, 8) AM_AVATAR_MOVE Direction: EAST
[Avatar 2] Turn 466: (9, 6) AM_AVATAR_MOVE Direction: SOUTH
[Avatar 3] Turn 467: (8, 9) AM_AVATAR_MOVE Direction: NULL
[Avatar 0] Turn 468: (8, 9) AM_AVATAR_MOVE Direction: NULL
[Avatar 1] Turn 469: (14, 8) AM_AVATAR_MOVE Direction: NORTH
[Avatar 2] Turn 470: (9, 7) AM_AVATAR_MOVE Direction: EAST
[Avatar 3] Turn 471: (8, 9) AM_AVATAR_MOVE Direction: NULL
[Avatar 0] Turn 472: (8, 9) AM_AVATAR_MOVE Direction: NULL
[Avatar 1] Turn 473: (14, 7) AM_AVATAR_MOVE Direction: NORTH
[Avatar 2] Turn 474: (10, 7) AM_AVATAR_MOVE Direction: SOUTH
[Avatar 3] Turn 475: (8, 9) AM_AVATAR_MOVE Direction: NULL
[Avatar 0] Turn 476: (8, 9) AM_AVATAR_MOVE Direction: NULL
[Avatar 1] Turn 477: (14, 6) AM_AVATAR_MOVE Direction: NORTH
[Avatar 2] Turn 478: (10, 8) AM_AVATAR_MOVE Direction: WEST
[Avatar 3] Turn 479: (8, 9) AM_AVATAR_MOVE Direction: NULL
[Avatar 0] Turn 480: (8, 9) AM_AVATAR_MOVE Direction: NULL
[Avatar 1] Turn 481: (14, 5) AM_AVATAR_MOVE Direction: NORTH
[Avatar 2] Turn 482: (9, 8) AM_AVATAR_MOVE Direction: SOUTH
[Avatar 3] Turn 483: (8, 9) AM_AVATAR_MOVE Direction: NULL
[Avatar 0] Turn 484: (8, 9) AM_AVATAR_MOVE Direction: NULL
[Avatar 1] Turn 485: (14, 4) AM_AVATAR_MOVE Direction: NORTH
[Avatar 2] Turn 486: (9, 9) AM_AVATAR_MOVE Direction: SOUTH
[Avatar 3] Turn 487: (8, 9) AM_AVATAR_MOVE Direction: NULL
[Avatar 0] Turn 488: (8, 9) AM_AVATAR_MOVE Direction: NULL
[Avatar 1] Turn 489: (14, 4) AM_AVATAR_MOVE Direction: EAST
[Avatar 2] Turn 490: (9, 10) AM_AVATAR_MOVE Direction: NORTH
[Avatar 3] Turn 491: (8, 9) AM_AVATAR_MOVE Direction: NULL
[Avatar 0] Turn 492: (8, 9) AM_AVATAR_MOVE Direction: NULL
[Avatar 1] Turn 493: (15, 4) AM_AVATAR_MOVE Direction: SOUTH
[Avatar 2] Turn 494: (9, 9) AM_AVATAR_MOVE Direction: SOUTH
[Avatar 3] Turn 495: (8, 9) AM_AVATAR_MOVE Direction: NULL
[Avatar 0] Turn 496: (8, 9) AM_AVATAR_MOVE Direction: NULL
[Avatar 1] Turn 497: (15, 5) AM_AVATAR_MOVE Direction: SOUTH
[Avatar 2] Turn 498: (9, 10) AM_AVATAR_MOVE Direction: NORTH
[Avatar 3] Turn 499: (8, 9) AM_AVATAR_MOVE Direction: NULL
[Avatar 0] Turn 500: (8, 9) AM_AVATAR_MOVE Direction: NULL
[Avatar 1] Turn 501: (15, 6) AM_AVATAR_MOVE Direction: SOUTH
[Avatar 2] Turn 502: (9, 9) AM_AVATAR_MOVE Direction: EAST
[Avatar 3] Turn 503: (8, 9) AM_AVATAR_MOVE Direction: NULL
[Avatar 0] Turn 504: (8, 9) AM_AVATAR_MOVE Direction: NULL
[Avatar 1] Turn 505: (15, 7) AM_AVATAR_MOVE Direction: EAST
[Avatar 2] Turn 506: (10, 9) AM_AVATAR_MOVE Direction: SOUTH
[Avatar 3] Turn 507: (8, 9) AM_AVATAR_MOVE Direction: NULL
[Avatar 0] Turn 508: (8, 9) AM_AVATAR_MOVE Direction: NULL
[Avatar 1] Turn 509: (16, 7) AM_AVATAR_MOVE Direction: SOUTH
[Avatar 2] Turn 510: (10, 10) AM_AVATAR_MOVE Direction: SOUTH
[Avatar 3] Turn 511: (8, 9) AM_AVATAR_MOVE Direction: NULL
[Avatar 0] Turn 512: (8, 9) AM_AVATAR_MOVE Direction: NULL
[Avatar 1] Turn 513: (16, 7) AM_AVATAR_MOVE Direction: NORTH
[Avatar 2] Turn 514: (10, 11) AM_AVATAR_MOVE Direction: EAST
[Avatar 3] Turn 515: (8, 9) AM_AVATAR_MOVE Direction: NULL
[Avatar 0] Turn 516: (8, 9) AM_AVATAR_MOVE Direction: NULL
[Avatar 1] Turn 517: (16, 6) AM_AVATAR_MOVE Direction: NORTH
[Avatar 2] Turn 518: (11, 11) AM_AVATAR_MOVE Direction: SOUTH
[Avatar 3] Turn 519: (8, 9) AM_AVATAR_MOVE Direction: NULL
[Avatar 0] Turn 520: (8, 9) AM_AVATAR_MOVE Direction: NULL
[Avatar 1] Turn 521: (16, 6) AM_AVATAR_MOVE Direction: EAST
[Avatar 2] Turn 522: (11, 12) AM_AVATAR_MOVE Direction: NORTH
[Avatar 3] Turn 523: (8, 9) AM_AVATAR_MOVE Direction: NULL
[Avatar 0] Turn 524: (8, 9) AM_AVATAR_MOVE Direction: NULL
[Avatar 1] Turn 525: (17, 6) AM_AVATAR_MOVE Direction: SOUTH
[Avatar 2] Turn 526: (11, 11) AM_AVATAR_MOVE Direction: SOUTH
[Avatar 3] Turn 527: (8, 9) AM_AVATAR_MOVE Direction: NULL
[Avatar 0] Turn 528: (8, 9) AM_AVATAR_MOVE Direction: NULL
[Avatar 1] Turn 529: (17, 7) AM_AVATAR_MOVE Direction: EAST
[Avatar 2] Turn 530: (11, 12) AM_AVATAR_MOVE Direction: NORTH
[Avatar 3] Turn 531: (8, 9) AM_AVATAR_MOVE Direction: NULL
[Avatar 0] Turn 532: (8, 9) AM_AVATAR_MOVE Direction: NULL
[Avatar 1] Turn 533: (18, 7) AM_AVATAR_MOVE Direction: SOUTH
[Avatar 2] Turn 534: (11, 11) AM_AVATAR_MOVE Direction: EAST
[Avatar 3] Turn 535: (8, 9) AM_AVATAR_MOVE Direction: NULL
[Avatar 0] Turn 536: (8, 9) AM_AVATAR_MOVE Direction: NULL
[Avatar 1] Turn 537: (18, 7) AM_AVATAR_MOVE Direction: NORTH
[Avatar 2] Turn 538: (12, 11) AM_AVATAR_MOVE Direction: EAST
[Avatar 3] Turn 539: (8, 9) AM_AVATAR_MOVE Direction: NULL
[Avatar 0] Turn 540: (8, 9) AM_AVATAR_MOVE Direction: NULL
[Avatar 1] Turn 541: (18, 7) AM_AVATAR_MOVE Direction: EAST
[Avatar 2] Turn 542: (13, 11) AM_AVATAR_MOVE Direction: EAST
[Avatar 3] Turn 543: (8, 9) AM_AVATAR_MOVE Direction: NULL
[Avatar 0] Turn 544: (8, 9) AM_AVATAR_MOVE Direction: NULL
[Avatar 1] Turn 545: (19, 7) AM_AVATAR_MOVE Direction: SOUTH
[Avatar 2] Turn 546: (14, 11) AM_AVATAR_MOVE Direction: EAST
[Avatar 3] Turn 547: (8, 9) AM_AVATAR_MOVE Direction: NULL
[Avatar 0] Turn 548: (8, 9) AM_AVATAR_MOVE Direction: NULL
[Avatar 1] Turn 549: (19, 8) AM_AVATAR_MOVE Direction: WEST
[Avatar 2] Turn 550: (15, 11) AM_AVATAR_MOVE Direction: SOUTH
[Avatar 3] Turn 551: (8, 9) AM_AVATAR_MOVE Direction: NULL
[Avatar 0] Turn 552: (8, 9) AM_AVATAR_MOVE Direction: NULL
[Avatar 1] Turn 553: (19, 8) AM_AVATAR_MOVE Direction: SOUTH
[Avatar 2] Turn 554: (15, 12) AM_AVATAR_MOVE Direction: SOUTH
[Avatar 3] Turn 555: (8, 9) AM_AVATAR_MOVE Direction: NULL
[Avatar 0] Turn 556: (8, 9) AM_AVATAR_MOVE Direction: NULL
[Avatar 1] Turn 557: (19, 9) AM_AVATAR_MOVE Direction: WEST
[Avatar 2] Turn 558: (15, 13) AM_AVATAR_MOVE Direction: WEST
[Avatar 3] Turn 559: (8, 9) AM_AVATAR_MOVE Direction: NULL
[Avatar 0] Turn 560: (8, 9) AM_AVATAR_MOVE Direction: NULL
[Avatar 1] Turn 561: (18, 9) AM_AVATAR_MOVE Direction: WEST
[Avatar 2] Turn 562: (14, 13) AM_AVATAR_MOVE Direction: NORTH
[Avatar 3] Turn 563: (8, 9) AM_AVATAR_MOVE Direction: NULL
[Avatar 0] Turn 564: (8, 9) AM_AVATAR_MOVE Direction: NULL
[Avatar 1] Turn 565: (18, 9) AM_AVATAR_MOVE Direction: NORTH
[Avatar 2] Turn 566: (14, 12) AM_AVATAR_MOVE Direction: SOUTH
[Avatar 3] Turn 567: (8, 9) AM_AVATAR_MOVE Direction: NULL
[Avatar 0] Turn 568: (8, 9) AM_AVATAR_MOVE Direction: NULL
[Avatar 1] Turn 569: (18, 8) AM_AVATAR_MOVE Direction: WEST
[Avatar 2] Turn 570: (14, 13) AM_AVATAR_MOVE Direction: NORTH
[Avatar 3] Turn 571: (8, 9) AM_AVATAR_MOVE Direction: NULL
[Avatar 0] Turn 572: (8, 9) AM_AVATAR_MOVE Direction: NULL
[Avatar 1] Turn 573: (17, 8) AM_AVATAR_MOVE Direction: WEST
[Avatar 2] Turn 574: (14, 12) AM_AVATAR_MOVE Direction: SOUTH
[Avatar 3] Turn 575: (8, 9) AM_AVATAR_MOVE Direction: NULL
[Avatar 0] Turn 576: (8, 9) AM_AVATAR_MOVE Direction: NULL
[Avatar 1] Turn 577: (17, 8) AM_AVATAR_MOVE Direction: SOUTH
[Avatar 2] Turn 578: (14, 13) AM_AVATAR_MOVE Direction: EAST
[Avatar 3] Turn 579: (8, 9) AM_AVATAR_MOVE Direction: NULL
[Avatar 0] Turn 580: (8, 9) AM_AVATAR_MOVE Direction: NULL
[Avatar 1] Turn 581: (17, 9) AM_AVATAR_MOVE Direction: WEST
[Avatar 2] Turn 582: (15, 13) AM_AVATAR_MOVE Direction: NORTH
[Avatar 3] Turn 583: (8, 9) AM_AVATAR_MOVE Direction: NULL
[Avatar 0] Turn 584: (8, 9) AM_AVATAR_MOVE Direction: NULL
[Avatar 1] Turn 585: (16, 9) AM_AVATAR_MOVE Direction: WEST
[Avatar 2] Turn 586: (15, 12) AM_AVATAR_MOVE Direction: NORTH
[Avatar 3] Turn 587: (8, 9) AM_AVATAR_MOVE Direction: NULL
[Avatar 0] Turn 588: (8, 9) AM_AVATAR_MOVE Direction: NULL
[Avatar 1] Turn 589: (16, 9) AM_AVATAR_MOVE Direction: NORTH
[Avatar 2] Turn 590: (15, 11) AM_AVATAR_MOVE Direction: WEST
[Avatar 3] Turn 591: (8, 9) AM_AVATAR_MOVE Direction: NULL
[Avatar 0] Turn 592: (8, 9) AM_AVATAR_MOVE Direction: NULL
[Avatar 1] Turn 593: (16, 8) AM_AVATAR_MOVE Direction: WEST
[Avatar 2] Turn 594: (14, 11) AM_AVATAR_MOVE Direction: WEST
[Avatar 3] Turn 595: (8, 9) AM_AVATAR_MOVE Direction: NULL
[Avatar 0] Turn 596: (8, 9) AM_AVATAR_MOVE Direction: NULL
[Avatar 1] Turn 597: (15, 8) AM_AVATAR_MOVE Direction: SOUTH
[Avatar 2] Turn 598: (13, 11) AM_AVATAR_MOVE Direction: WEST
[Avatar 3] Turn 599: (8, 9) AM_AVATAR_MOVE Direction: NULL
[Avatar 0] Turn 600: (8, 9) AM_AVATAR_MOVE Direction: NULL
[Avatar 1] Turn 601: (15, 9) AM_AVATAR_MOVE Direction: WEST
[Avatar 2] Turn 602: (12, 11) AM_AVATAR_MOVE Direction: NORTH
[Avatar 3] Turn 603: (8, 9) AM_AVATAR_MOVE Direction: NULL
[Avatar 0] Turn 604: (8, 9) AM_AVATAR_MOVE Direction: NULL
[Avatar 1] Turn 605: (14, 9) AM_AVATAR_MOVE Direction: SOUTH
[Avatar 2] Turn 606: (12, 10) AM_AVATAR_MOVE Direction: EAST
[Avatar 3] Turn 607: (8, 9) AM_AVATAR_MOVE Direction: NULL
[Avatar 0] Turn 608: (8, 9) AM_AVATAR_MOVE Direction: NULL
[Avatar 1] Turn 609: (14, 10) AM_AVATAR_MOVE Direction: EAST
[Avatar 2] Turn 610: (13, 10) AM_AVATAR_MOVE Direction: NORTH
[Avatar 3] Turn 611: (8, 9) AM_AVATAR_MOVE Direction: NULL
[Avatar 0] Turn 612: (8, 9) AM_AVATAR_MOVE Direction: NULL
[Avatar 1] Turn 613: (15, 10) AM_AVATAR_MOVE Direction: EAST
[Avatar 2] Turn 614: (13, 9) AM_AVATAR_MOVE Direction: WEST
[Avatar 3] Turn 615: (8, 9) AM_AVATAR_MOVE Direction: NULL
[Avatar 0] Turn 616: (8, 9) AM_AVATAR_MOVE Direction: NULL
[Avatar 1] Turn 617: (16, 10) AM_AVATAR_MOVE Direction: SOUTH
[Avatar 2] Turn 618: (12, 9) AM_AVATAR_MOVE Direction: NORTH
[Avatar 3] Turn 619: (8, 9) AM_AVATAR_MOVE Direction: NULL
[Avatar 0] Turn 620: (8, 9) AM_AVATAR_MOVE Direction: NULL
[Avatar 1] Turn 621: (16, 11) AM_AVATAR_MOVE Direction: EAST
[Avatar 2] Turn 622: (12, 8) AM_AVATAR_MOVE Direction: EAST
[Avatar 3] Turn 623: (8, 9) AM_AVATAR_MOVE Direction: NULL
[Avatar 0] Turn 624: (8, 9) AM_AVATAR_MOVE Direction: NULL
[Avatar 1] Turn 625: (17, 11) AM_AVATAR_MOVE Direction: EAST
[Avatar 2] Turn 626: (13, 8) AM_AVATAR_MOVE Direction: EAST
[Avatar 3] Turn 627: (8, 9) AM_AVATAR_MOVE Direction: NULL
[Avatar 0] Turn 628: (8, 9) AM_AVATAR_MOVE Direction: NULL
[Avatar 1] Turn 629: (18, 11) AM_AVATAR_MOVE Direction: SOUTH
[Avatar 2] Turn 630: (14, 8) AM_AVATAR_MOVE Direction: NORTH
[Avatar 3] Turn 631: (8, 9) AM_AVATAR_MOVE Direction: NULL
[Avatar 0] Turn 632: (8, 9) AM_AVATAR_MOVE Direction: NULL
[Avatar 1] Turn 633: (18, 12) AM_AVATAR_MOVE Direction: SOUTH
[Avatar 2] Turn 634: (14, 7) AM_AVATAR_MOVE Direction: NORTH
[Avatar 3] Turn 635: (8, 9) AM_AVATAR_MOVE Direction: NULL
[Avatar 0] Turn 636: (8, 9) AM_AVATAR_MOVE Direction: NULL
[Avatar 1] Turn 637: (18, 13) AM_AVATAR_MOVE Direction: EAST
[Avatar 2] Turn 638: (14, 6) AM_AVATAR_MOVE Direction: NORTH
[Avatar 3] Turn 639: (8, 9) AM_AVATAR_MOVE Direction: NULL
[Avatar 0] Turn 640: (8, 9) AM_AVATAR_MOVE Direction: NULL
[Avatar 1] Turn 641: (19, 13) AM_AVATAR_MOVE Direction: SOUTH
[Avatar 2] Turn 642: (14, 5) AM_AVATAR_MOVE Direction: NORTH
[Avatar 3] Turn 643: (8, 9) AM_AVATAR_MOVE Direction: NULL
[Avatar 0] Turn 644: (8, 9) AM_AVATAR_MOVE Direction: NULL
[Avatar 1] Turn 645: (19, 14) AM_AVATAR_MOVE Direction: SOUTH
[Avatar 2] Turn 646: (14, 4) AM_AVATAR_MOVE Direction: EAST
[Avatar 3] Turn 647: (8, 9) AM_AVATAR_MOVE Direction: NULL
[Avatar 0] Turn 648: (8, 9) AM_AVATAR_MOVE Direction: NULL
[Avatar 1] Turn 649: (19, 15) AM_AVATAR_MOVE Direction: SOUTH
[Avatar 2] Turn 650: (15, 4) AM_AVATAR_MOVE Direction: NORTH
[Avatar 3] Turn 651: (8, 9) AM_AVATAR_MOVE Direction: NULL
[Avatar 0] Turn 652: (8, 9) AM_AVATAR_MOVE Direction: NULL
[Avatar 1] Turn 653: (19, 16) AM_AVATAR_MOVE Direction: SOUTH
[Avatar 2] Turn 654: (15, 3) AM_AVATAR_MOVE Direction: WEST
[Avatar 3] Turn 655: (8, 9) AM_AVATAR_MOVE Direction: NULL
[Avatar 0] Turn 656: (8, 9) AM_AVATAR_MOVE Direction: NULL
[Avatar 1] Turn 657: (19, 17) AM_AVATAR_MOVE Direction: SOUTH
[Avatar 2] Turn 658: (15, 3) AM_AVATAR_MOVE Direction: NORTH
[Avatar 3] Turn 659: (8, 9) AM_AVATAR_MOVE Direction: NULL
[Avatar 0] Turn 660: (8, 9) AM_AVATAR_MOVE Direction: NULL
[Avatar 1] Turn 661: (19, 18) AM_AVATAR_MOVE Direction: SOUTH
[Avatar 2] Turn 662: (15, 3) AM_AVATAR_MOVE Direction: EAST
[Avatar 3] Turn 663: (8, 9) AM_AVATAR_MOVE Direction: NULL
[Avatar 0] Turn 664: (8, 9) AM_AVATAR_MOVE Direction: NULL
[Avatar 1] Turn 665: (19, 19) AM_AVATAR_MOVE Direction: WEST
[Avatar 2] Turn 666: (16, 3) AM_AVATAR_MOVE Direction: SOUTH
[Avatar 3] Turn 667: (8, 9) AM_AVATAR_MOVE Direction: NULL
[Avatar 0] Turn 668: (8, 9) AM_AVATAR_MOVE Direction: NULL
[Avatar 1] Turn 669: (18, 19) AM_AVATAR_MOVE Direction: WEST
[Avatar 2] Turn 670: (16, 4) AM_AVATAR_MOVE Direction: SOUTH
[Avatar 3] Turn 671: (8, 9) AM_AVATAR_MOVE Direction: NULL
[Avatar 0] Turn 672: (8, 9) AM_AVATAR_MOVE Direction: NULL
[Avatar 1] Turn 673: (17, 19) AM_AVATAR_MOVE Direction: NORTH
[Avatar 2] Turn 674: (16, 4) AM_AVATAR_MOVE Direction: EAST
[Avatar 3] Turn 675: (8, 9) AM_AVATAR_MOVE Direction: NULL
[Avatar 0] Turn 676: (8, 9) AM_AVATAR_MOVE Direction: NULL
[Avatar 1] Turn 677: (17, 18) AM_AVATAR_MOVE Direction: EAST
[Avatar 2] Turn 678: (17, 4) AM_AVATAR_MOVE Direction: SOUTH
[Avatar 3] Turn 679: (8, 9) AM_AVATAR_MOVE Direction: NULL
[Avatar 0] Turn 680: (8, 9) AM_AVATAR_MOVE Direction: NULL
[Avatar 1] Turn 681: (18, 18) AM_AVATAR_MOVE Direction: NORTH
[Avatar 2] Turn 682: (17, 5) AM_AVATAR_MOVE Direction: WEST
[Avatar 3] Turn 683: (8, 9) AM_AVATAR_MOVE Direction: NULL
[Avatar 0] Turn 684: (8, 9) AM_AVATAR_MOVE Direction: NULL
[Avatar 1] Turn 685: (18, 17) AM_AVATAR_MOVE Direction: NORTH
[Avatar 2] Turn 686: (16, 5) AM_AVATAR_MOVE Direction: WEST
[Avatar 3] Turn 687: (8, 9) AM_AVATAR_MOVE Direction: NULL
[Avatar 0] Turn 688: (8, 9) AM_AVATAR_MOVE Direction: NULL
[Avatar 1] Turn 689: (18, 16) AM_AVATAR_MOVE Direction: WEST
[Avatar 2] Turn 690: (16, 5) AM_AVATAR_MOVE Direction: EAST
[Avatar 3] Turn 691: (8, 9) AM_AVATAR_MOVE Direction: NULL
[Avatar 0] Turn 692: (8, 9) AM_AVATAR_MOVE Direction: NULL
[Avatar 1] Turn 693: (17, 16) AM_AVATAR_MOVE Direction: NORTH
[Avatar 2] Turn 694: (17, 5) AM_AVATAR_MOVE Direction: EAST
[Avatar 3] Turn 695: (8, 9) AM_AVATAR_MOVE Direction: NULL
[Avatar 0] Turn 696: (8, 9) AM_AVATAR_MOVE Direction: NULL
[Avatar 1] Turn 697: (17, 15) AM_AVATAR_MOVE Direction: EAST
[Avatar 2] Turn 698: (18, 5) AM_AVATAR_MOVE Direction: SOUTH
[Avatar 3] Turn 699: (8, 9) AM_AVATAR_MOVE Direction: NULL
[Avatar 0] Turn 700: (8, 9) AM_AVATAR_MOVE Direction: NULL
[Avatar 1] Turn 701: (18, 15) AM_AVATAR_MOVE Direction: NORTH
[Avatar 2] Turn 702: (18, 6) AM_AVATAR_MOVE Direction: EAST
[Avatar 3] Turn 703: (8, 9) AM_AVATAR_MOVE Direction: NULL
[Avatar 0] Turn 704: (8, 9) AM_AVATAR_MOVE Direction: NULL
[Avatar 1] Turn 705: (18, 14) AM_AVATAR_MOVE Direction: WEST
[Avatar 2] Turn 706: (19, 6) AM_AVATAR_MOVE Direction: NORTH
[Avatar 3] Turn 707: (8, 9) AM_AVATAR_MOVE Direction: NULL
[Avatar 0] Turn 708: (8, 9) AM_AVATAR_MOVE Direction: NULL
[Avatar 1] Turn 709: (17, 14) AM_AVATAR_MOVE Direction: NORTH
[Avatar 2] Turn 710: (19, 5) AM_AVATAR_MOVE Direction: NORTH
[Avatar 3] Turn 711: (8, 9) AM_AVATAR_MOVE Direction: NULL
[Avatar 0] Turn 712: (8, 9) AM_AVATAR_MOVE Direction: NULL
[Avatar 1] Turn 713: (17, 13) AM_AVATAR_MOVE Direction: NORTH
[Avatar 2] Turn 714: (19, 4) AM_AVATAR_MOVE Direction: WEST
[Avatar 3] Turn 715: (8, 9) AM_AVATAR_MOVE Direction: NULL
[Avatar 0] Turn 716: (8, 9) AM_AVATAR_MOVE Direction: NULL
[Avatar 1] Turn 717: (17, 12) AM_AVATAR_MOVE Direction: WEST
[Avatar 2] Turn 718: (18, 4) AM_AVATAR_MOVE Direction: NORTH
[Avatar 3] Turn 719: (8, 9) AM_AVATAR_MOVE Direction: NULL
[Avatar 0] Turn 720: (8, 9) AM_AVATAR_MOVE Direction: NULL
[Avatar 1] Turn 721: (16, 12) AM_AVATAR_MOVE Direction: SOUTH
[Avatar 2] Turn 722: (18, 3) AM_AVATAR_MOVE Direction: WEST
[Avatar 3] Turn 723: (8, 9) AM_AVATAR_MOVE Direction: NULL
[Avatar 0] Turn 724: (8, 9) AM_AVATAR_MOVE Direction: NULL
[Avatar 1] Turn 725: (16, 13) AM_AVATAR_MOVE Direction: SOUTH
[Avatar 2] Turn 726: (18, 3) AM_AVATAR_MOVE Direction: NORTH
[Avatar 3] Turn 727: (8, 9) AM_AVATAR_MOVE Direction: NULL
[Avatar 0] Turn 728: (8, 9) AM_AVATAR_MOVE Direction: NULL
[Avatar 1] Turn 729: (16, 14) AM_AVATAR_MOVE Direction: WEST
[Avatar 2] Turn 730: (18, 2) AM_AVATAR_MOVE Direction: WEST
[Avatar 3] Turn 731: (8, 9) AM_AVATAR_MOVE Direction: NULL
[Avatar 0] Turn 732: (8, 9) AM_AVATAR_MOVE Direction: NULL
[Avatar 1] Turn 733: (15, 14) AM_AVATAR_MOVE Direction: SOUTH
[Avatar 2] Turn 734: (17, 2) AM_AVATAR_MOVE Direction: WEST
[Avatar 3] Turn 735: (8, 9) AM_AVATAR_MOVE Direction: NULL
[Avatar 0] Turn 736: (8, 9) AM_AVATAR_MOVE Direction: NULL
[Avatar 1] Turn 737: (15, 15) AM_AVATAR_MOVE Direction: EAST
[Avatar 2] Turn 738: (16, 2) AM_AVATAR_MOVE Direction: WEST
[Avatar 3] Turn 739: (8, 9) AM_AVATAR_MOVE Direction: NULL
[Avatar 0] Turn 740: (8, 9) AM_AVATAR_MOVE Direction: NULL
[Avatar 1] Turn 741: (16, 15) AM_AVATAR_MOVE Direction: SOUTH
[Avatar 2] Turn 742: (16, 2) AM_AVATAR_MOVE Direction: NORTH
[Avatar 3] Turn 743: (8, 9) AM_AVATAR_MOVE Direction: NULL
[Avatar 0] Turn 744: (8, 9) AM_AVATAR_MOVE Direction: NULL
[Avatar 1] Turn 745: (16, 16) AM_AVATAR_MOVE Direction: WEST
[Avatar 2] Turn 746: (16, 1) AM_AVATAR_MOVE Direction: WEST
[Avatar 3] Turn 747: (8, 9) AM_AVATAR_MOVE Direction: NULL
[Avatar 0] Turn 748: (8, 9) AM_AVATAR_MOVE Direction: NULL
[Avatar 1] Turn 749: (15, 16) AM_AVATAR_MOVE Direction: SOUTH
[Avatar 2] Turn 750: (16, 1) AM_AVATAR_MOVE Direction: NORTH
[Avatar 3] Turn 751: (8, 9) AM_AVATAR_MOVE Direction: NULL
[Avatar 0] Turn 752: (8, 9) AM_AVATAR_MOVE Direction: NULL
[Avatar 1] Turn 753: (15, 17) AM_AVATAR_MOVE Direction: WEST
[Avatar 2] Turn 754: (16, 1) AM_AVATAR_MOVE Direction: EAST
[Avatar 3] Turn 755: (8, 9) AM_AVATAR_MOVE Direction: NULL
[Avatar 0] Turn 756: (8, 9) AM_AVATAR_MOVE Direction: NULL
[Avatar 1] Turn 757: (14, 17) AM_AVATAR_MOVE Direction: EAST
[Avatar 2] Turn 758: (17, 1) AM_AVATAR_MOVE Direction: NORTH
[Avatar 3] Turn 759: (8, 9) AM_AVATAR_MOVE Direction: NULL
[Avatar 0] Turn 760: (8, 9) AM_AVATAR_MOVE Direction: NULL
[Avatar 1] Turn 761: (15, 17) AM_AVATAR_MOVE Direction: SOUTH
[Avatar 2] Turn 762: (17, 1) AM_AVATAR_MOVE Direction: EAST
[Avatar 3] Turn 763: (8, 9) AM_AVATAR_MOVE Direction: NULL
[Avatar 0] Turn 764: (8, 9) AM_AVATAR_MOVE Direction: NULL
[Avatar 1] Turn 765: (15, 18) AM_AVATAR_MOVE Direction: SOUTH
[Avatar 2] Turn 766: (18, 1) AM_AVATAR_MOVE Direction: NORTH
[Avatar 3] Turn 767: (8, 9) AM_AVATAR_MOVE Direction: NULL
[Avatar 0] Turn 768: (8, 9) AM_AVATAR_MOVE Direction: NULL
[Avatar 1] Turn 769: (15, 19) AM_AVATAR_MOVE Direction: WEST
[Avatar 2] Turn 770: (18, 0) AM_AVATAR_MOVE Direction: WEST
[Avatar 3] Turn 771: (8, 9) AM_AVATAR_MOVE Direction: NULL
[Avatar 0] Turn 772: (8, 9) AM_AVATAR_MOVE Direction: NULL
[Avatar 1] Turn 773: (14, 19) AM_AVATAR_MOVE Direction: NORTH
[Avatar 2] Turn 774: (17, 0) AM_AVATAR_MOVE Direction: WEST
[Avatar 3] Turn 775: (8, 9) AM_AVATAR_MOVE Direction: NULL
[Avatar 0] Turn 776: (8, 9) AM_AVATAR_MOVE Direction: NULL
[Avatar 1] Turn 777: (14, 18) AM_AVATAR_MOVE Direction: WEST
[Avatar 2] Turn 778: (16, 0) AM_AVATAR_MOVE Direction: WEST
[Avatar 3] Turn 779: (8, 9) AM_AVATAR_MOVE Direction: NULL
[Avatar 0] Turn 780: (8, 9) AM_AVATAR_MOVE Direction: NULL
[Avatar 1] Turn 781: (13, 18) AM_AVATAR_MOVE Direction: NORTH
[Avatar 2] Turn 782: (15, 0) AM_AVATAR_MOVE Direction: SOUTH
[Avatar 3] Turn 783: (8, 9) AM_AVATAR_MOVE Direction: NULL
[Avatar 0] Turn 784: (8, 9) AM_AVATAR_MOVE Direction: NULL
[Avatar 1] Turn 785: (13, 17) AM_AVATAR_MOVE Direction: WEST
[Avatar 2] Turn 786: (15, 1) AM_AVATAR_MOVE Direction: SOUTH
[Avatar 3] Turn 787: (8, 9) AM_AVATAR_MOVE Direction: NULL
[Avatar 0] Turn 788: (8, 9) AM_AVATAR_MOVE Direction: NULL
[Avatar 1] Turn 789: (12, 17) AM_AVATAR_MOVE Direction: WEST
[Avatar 2] Turn 790: (15, 2) AM_AVATAR_MOVE Direction: WEST
[Avatar 3] Turn 791: (8, 9) AM_AVATAR_MOVE Direction: NULL
[Avatar 0] Turn 792: (8, 9) AM_AVATAR_MOVE Direction: NULL
[Avatar 1] Turn 793: (11, 17) AM_AVATAR_MOVE Direction: NORTH
[Avatar 2] Turn 794: (15, 2) AM_AVATAR_MOVE Direction: NORTH
[Avatar 3] Turn 795: (8, 9) AM_AVATAR_MOVE Direction: NULL
[Avatar 0] Turn 796: (8, 9) AM_AVATAR_MOVE Direction: NULL
[Avatar 1] Turn 797: (11, 16) AM_AVATAR_MOVE Direction: EAST
[Avatar 2] Turn 798: (15, 1) AM_AVATAR_MOVE Direction: WEST
[Avatar 3] Turn 799: (8, 9) AM_AVATAR_MOVE Direction: NULL
[Avatar 0] Turn 800: (8, 9) AM_AVATAR_MOVE Direction: NULL
[Avatar 1] Turn 801: (12, 16) AM_AVATAR_MOVE Direction: EAST
[Avatar 2] Turn 802: (15, 1) AM_AVATAR_MOVE Direction: NORTH
[Avatar 3] Turn 803: (8, 9) AM_AVATAR_MOVE Direction: NULL
[Avatar 0] Turn 804: (8, 9) AM_AVATAR_MOVE Direction: NULL
[Avatar 1] Turn 805: (13, 16) AM_AVATAR_MOVE Direction: EAST
[Avatar 2] Turn 806: (15, 0) AM_AVATAR_MOVE Direction: WEST
[Avatar 3] Turn 807: (8, 9) AM_AVATAR_MOVE Direction: NULL
[Avatar 0] Turn 808: (8, 9) AM_AVATAR_MOVE Direction: NULL
[Avatar 1] Turn 809: (14, 16) AM_AVATAR_MOVE Direction: NORTH
[Avatar 2] Turn 810: (15, 0) AM_AVATAR_MOVE Direction: NORTH
[Avatar 3] Turn 811: (8, 9) AM_AVATAR_MOVE Direction: NULL
[Avatar 0] Turn 812: (8, 9) AM_AVATAR_MOVE Direction: NULL
[Avatar 1] Turn 813: (14, 15) AM_AVATAR_MOVE Direction: NORTH
[Avatar 2] Turn 814: (15, 0) AM_AVATAR_MOVE Direction: EAST
[Avatar 3] Turn 815: (8, 9) AM_AVATAR_MOVE Direction: NULL
[Avatar 0] Turn 816: (8, 9) AM_AVATAR_MOVE Direction: NULL
[Avatar 1] Turn 817: (14, 14) AM_AVATAR_MOVE Direction: WEST
[Avatar 2] Turn 818: (16, 0) AM_AVATAR_MOVE Direction: NORTH
[Avatar 3] Turn 819: (8, 9) AM_AVATAR_MOVE Direction: NULL
[Avatar 0] Turn 820: (8, 9) AM_AVATAR_MOVE Direction: NULL
[Avatar 1] Turn 821: (13, 14) AM_AVATAR_MOVE Direction: NORTH
[Avatar 2] Turn 822: (16, 0) AM_AVATAR_MOVE Direction: EAST
[Avatar 3] Turn 823: (8, 9) AM_AVATAR_MOVE Direction: NULL
[Avatar 0] Turn 824: (8, 9) AM_AVATAR_MOVE Direction: NULL
[Avatar 1] Turn 825: (13, 13) AM_AVATAR_MOVE Direction: NORTH
[Avatar 2] Turn 826: (17, 0) AM_AVATAR_MOVE Direction: NORTH
[Avatar 3] Turn 827: (8, 9) AM_AVATAR_MOVE Direction: NULL
[Avatar 0] Turn 828: (8, 9) AM_AVATAR_MOVE Direction: NULL
[Avatar 1] Turn 829: (13, 12) AM_AVATAR_MOVE Direction: WEST
[Avatar 2] Turn 830: (17, 0) AM_AVATAR_MOVE Direction: EAST
[Avatar 3] Turn 831: (8, 9) AM_AVATAR_MOVE Direction: NULL
[Avatar 0] Turn 832: (8, 9) AM_AVATAR_MOVE Direction: NULL
[Avatar 1] Turn 833: (12, 12) AM_AVATAR_MOVE Direction: SOUTH
[Avatar 2] Turn 834: (18, 0) AM_AVATAR_MOVE Direction: NORTH
[Avatar 3] Turn 835: (8, 9) AM_AVATAR_MOVE Direction: NULL
[Avatar 0] Turn 836: (8, 9) AM_AVATAR_MOVE Direction: NULL
[Avatar 1] Turn 837: (12, 13) AM_AVATAR_MOVE Direction: WEST
[Avatar 2] Turn 838: (18, 0) AM_AVATAR_MOVE Direction: EAST
[Avatar 3] Turn 839: (8, 9) AM_AVATAR_MOVE Direction: NULL
[Avatar 0] Turn 840: (8, 9) AM_AVATAR_MOVE Direction: NULL
[Avatar 1] Turn 841: (11, 13) AM_AVATAR_MOVE Direction: WEST
[Avatar 2] Turn 842: (19, 0) AM_AVATAR_MOVE Direction: SOUTH
[Avatar 3] Turn 843: (8, 9) AM_AVATAR_MOVE Direction: NULL
[Avatar 0] Turn 844: (8, 9) AM_AVATAR_MOVE Direction: NULL
[Avatar 1] Turn 845: (10, 13) AM_AVATAR_MOVE Direction: NORTH
[Avatar 2] Turn 846: (19, 1) AM_AVATAR_MOVE Direction: SOUTH
[Avatar 3] Turn 847: (8, 9) AM_AVATAR_MOVE Direction: NULL
[Avatar 0] Turn 848: (8, 9) AM_AVATAR_MOVE Direction: NULL
[Avatar 1] Turn 849: (10, 12) AM_AVATAR_MOVE Direction: WEST
[Avatar 2] Turn 850: (19, 2) AM_AVATAR_MOVE Direction: SOUTH
[Avatar 3] Turn 851: (8, 9) AM_AVATAR_MOVE Direction: NULL
[Avatar 0] Turn 852: (8, 9) AM_AVATAR_MOVE Direction: NULL
[Avatar 1] Turn 853: (9, 12) AM_AVATAR_MOVE Direction: NORTH
[Avatar 2] Turn 854: (19, 3) AM_AVATAR_MOVE Direction: EAST
[Avatar 3] Turn 855: (8, 9) AM_AVATAR_MOVE Direction: NULL
[Avatar 0] Turn 856: (8, 9) AM_AVATAR_MOVE Direction: NULL
[Avatar 1] Turn 857: (9, 11) AM_AVATAR_MOVE Direction: WEST
[Avatar 2] Turn 858: (19, 3) AM_AVATAR_MOVE Direction: WEST
[Avatar 3] Turn 859: (8, 9) AM_AVATAR_MOVE Direction: NULL
[Avatar 0] Turn 860: (8, 9) AM_AVATAR_MOVE Direction: NULL
[Avatar 1] Turn 861: (8, 11) AM_AVATAR_MOVE Direction: NORTH
[Avatar 2] Turn 862: (19, 3) AM_AVATAR_MOVE Direction: NORTH
[Avatar 3] Turn 863: (8, 9) AM_AVATAR_MOVE Direction: NULL
[Avatar 0] Turn 864: (8, 9) AM_AVATAR_MOVE Direction: NULL
[Avatar 1] Turn 865: (8, 10) AM_AVATAR_MOVE Direction: NORTH
[Avatar 2] Turn 866: (19, 2) AM_AVATAR_MOVE Direction: EAST
[Avatar 3] Turn 867: (8, 9) AM_AVATAR_MOVE Direction: NULL
[Avatar 0] Turn 868: (8, 9) AM_AVATAR_MOVE Direction: NULL
[Avatar 1] Turn 869: (8, 9) AM_AVATAR_MOVE Direction: NULL
[Avatar 2] Turn 870: (19, 2) AM_AVATAR_MOVE Direction: WEST
[Avatar 3] Turn 871: (8, 9) AM_AVATAR_MOVE Direction: NULL
[Avatar 0] Turn 872: (8, 9) AM_AVATAR_MOVE Direction: NULL
[Avatar 1] Turn 873: (8, 9) AM_AVATAR_MOVE Direction: NULL
[Avatar 2] Turn 874: (19, 2) AM_AVATAR_MOVE Direction: NORTH
[Avatar 3] Turn 875: (8, 9) AM_AVATAR_MOVE Direction: NULL
[Avatar 0] Turn 876: (8, 9) AM_AVATAR_MOVE Direction: NULL
[Avatar 1] Turn 877: (8, 9) AM_AVATAR_MOVE Direction: NULL
[Avatar 2] Turn 878: (19, 1) AM_AVATAR_MOVE Direction: EAST
[Avatar 3] Turn 879: (8, 9) AM_AVATAR_MOVE Direction: NULL
[Avatar 0] Turn 880: (8, 9) AM_AVATAR_MOVE Direction: NULL
[Avatar 1] Turn 881: (8, 9) AM_AVATAR_MOVE Direction: NULL
[Avatar 2] Turn 882: (19, 1) AM_AVATAR_MOVE Direction: WEST
[Avatar 3] Turn 883: (8, 9) AM_AVATAR_MOVE Direction: NULL
[Avatar 0] Turn 884: (8, 9) AM_AVATAR_MOVE Direction: NULL
[Avatar 1] Turn 885: (8, 9) AM_AVATAR_MOVE Direction: NULL
[Avatar 2] Turn 886: (19, 1) AM_AVATAR_MOVE Direction: NORTH
[Avatar 3] Turn 887: (8, 9) AM_AVATAR_MOVE Direction: NULL
[Avatar 0] Turn 888: (8, 9) AM_AVATAR_MOVE Direction: NULL
[Avatar 1] Turn 889: (8, 9) AM_AVATAR_MOVE Direction: NULL
[Avatar 2] Turn 890: (19, 0) AM_AVATAR_MOVE Direction: NORTH
[Avatar 3] Turn 891: (8, 9) AM_AVATAR_MOVE Direction: NULL
[Avatar 0] Turn 892: (8, 9) AM_AVATAR_MOVE Direction: NULL
[Avatar 1] Turn 893: (8, 9) AM_AVATAR_MOVE Direction: NULL
[Avatar 2] Turn 894: (19, 0) AM_AVATAR_MOVE Direction: EAST
[Avatar 3] Turn 895: (8, 9) AM_AVATAR_MOVE Direction: NULL
[Avatar 0] Turn 896: (8, 9) AM_AVATAR_MOVE Direction: NULL
[Avatar 1] Turn 897: (8, 9) AM_AVATAR_MOVE Direction: NULL
[Avatar 2] Turn 898: (19, 0) AM_AVATAR_MOVE Direction: WEST
[Avatar 3] Turn 899: (8, 9) AM_AVATAR_MOVE Direction: NULL
[Avatar 0] Turn 900: (8, 9) AM_AVATAR_MOVE Direction: NULL
[Avatar 1] Turn 901: (8, 9) AM_AVATAR_MOVE Direction: NULL
[Avatar 2] Turn 902: (18, 0) AM_AVATAR_MOVE Direction: SOUTH
[Avatar 3] Turn 903: (8, 9) AM_AVATAR_MOVE Direction: NULL
[Avatar 0] Turn 904: (8, 9) AM_AVATAR_MOVE Direction: NULL
[Avatar 1] Turn 905: (8, 9) AM_AVATAR_MOVE Direction: NULL
[Avatar 2] Turn 906: (18, 1) AM_AVATAR_MOVE Direction: WEST
[Avatar 3] Turn 907: (8, 9) AM_AVATAR_MOVE Direction: NULL
[Avatar 0] Turn 908: (8, 9) AM_AVATAR_MOVE Direction: NULL
[Avatar 1] Turn 909: (8, 9) AM_AVATAR_MOVE Direction: NULL
[Avatar 2] Turn 910: (17, 1) AM_AVATAR_MOVE Direction: WEST
[Avatar 3] Turn 911: (8, 9) AM_AVATAR_MOVE Direction: NULL
[Avatar 0] Turn 912: (8, 9) AM_AVATAR_MOVE Direction: NULL
[Avatar 1] Turn 913: (8, 9) AM_AVATAR_MOVE Direction: NULL
[Avatar 2] Turn 914: (16, 1) AM_AVATAR_MOVE Direction: SOUTH
[Avatar 3] Turn 915: (8, 9) AM_AVATAR_MOVE Direction: NULL
[Avatar 0] Turn 916: (8, 9) AM_AVATAR_MOVE Direction: NULL
[Avatar 1] Turn 917: (8, 9) AM_AVATAR_MOVE Direction: NULL
[Avatar 2] Turn 918: (16, 2) AM_AVATAR_MOVE Direction: SOUTH
[Avatar 3] Turn 919: (8, 9) AM_AVATAR_MOVE Direction: NULL
[Avatar 0] Turn 920: (8, 9) AM_AVATAR_MOVE Direction: NULL
[Avatar 1] Turn 921: (8, 9) AM_AVATAR_MOVE Direction: NULL
[Avatar 2] Turn 922: (16, 2) AM_AVATAR_MOVE Direction: EAST
[Avatar 3] Turn 923: (8, 9) AM_AVATAR_MOVE Direction: NULL
[Avatar 0] Turn 924: (8, 9) AM_AVATAR_MOVE Direction: NULL
[Avatar 1] Turn 925: (8, 9) AM_AVATAR_MOVE Direction: NULL
[Avatar 2] Turn 926: (17, 2) AM_AVATAR_MOVE Direction: SOUTH
[Avatar 3] Turn 927: (8, 9) AM_AVATAR_MOVE Direction: NULL
[Avatar 0] Turn 928: (8, 9) AM_AVATAR_MOVE Direction: NULL
[Avatar 1] Turn 929: (8, 9) AM_AVATAR_MOVE Direction: NULL
[Avatar 2] Turn 930: (17, 3) AM_AVATAR_MOVE Direction: WEST
[Avatar 3] Turn 931: (8, 9) AM_AVATAR_MOVE Direction: NULL
[Avatar 0] Turn 932: (8, 9) AM_AVATAR_MOVE Direction: NULL
[Avatar 1] Turn 933: (8, 9) AM_AVATAR_MOVE Direction: NULL
[Avatar 2] Turn 934: (17, 3) AM_AVATAR_MOVE Direction: NORTH
[Avatar 3] Turn 935: (8, 9) AM_AVATAR_MOVE Direction: NULL
[Avatar 0] Turn 936: (8, 9) AM_AVATAR_MOVE Direction: NULL
[Avatar 1] Turn 937: (8, 9) AM_AVATAR_MOVE Direction: NULL
[Avatar 2] Turn 938: (17, 2) AM_AVATAR_MOVE Direction: SOUTH
[Avatar 3] Turn 939: (8, 9) AM_AVATAR_MOVE Direction: NULL
[Avatar 0] Turn 940: (8, 9) AM_AVATAR_MOVE Direction: NULL
[Avatar 1] Turn 941: (8, 9) AM_AVATAR_MOVE Direction: NULL
[Avatar 2] Turn 942: (17, 3) AM_AVATAR_MOVE Direction: SOUTH
[Avatar 3] Turn 943: (8, 9) AM_AVATAR_MOVE Direction: NULL
[Avatar 0] Turn 944: (8, 9) AM_AVATAR_MOVE Direction: NULL
[Avatar 1] Turn 945: (8, 9) AM_AVATAR_MOVE Direction: NULL
[Avatar 2] Turn 946: (17, 3) AM_AVATAR_MOVE Direction: NORTH
[Avatar 3] Turn 947: (8, 9) AM_AVATAR_MOVE Direction: NULL
[Avatar 0] Turn 948: (8, 9) AM_AVATAR_MOVE Direction: NULL
[Avatar 1] Turn 949: (8, 9) AM_AVATAR_MOVE Direction: NULL
[Avatar 2] Turn 950: (17, 2) AM_AVATAR_MOVE Direction: EAST
[Avatar 3] Turn 951: (8, 9) AM_AVATAR_MOVE Direction: NULL
[Avatar 0] Turn 952: (8, 9) AM_AVATAR_MOVE Direction: NULL
[Avatar 1] Turn 953: (8, 9) AM_AVATAR_MOVE Direction: NULL
[Avatar 2] Turn 954: (18, 2) AM_AVATAR_MOVE Direction: SOUTH
[Avatar 3] Turn 955: (8, 9) AM_AVATAR_MOVE Direction: NULL
[Avatar 0] Turn 956: (8, 9) AM_AVATAR_MOVE Direction: NULL
[Avatar 1] Turn 957: (8, 9) AM_AVATAR_MOVE Direction: NULL
[Avatar 2] Turn 958: (18, 3) AM_AVATAR_MOVE Direction: SOUTH
[Avatar 3] Turn 959: (8, 9) AM_AVATAR_MOVE Direction: NULL
[Avatar 0] Turn 960: (8, 9) AM_AVATAR_MOVE Direction: NULL
[Avatar 1] Turn 961: (8, 9) AM_AVATAR_MOVE Direction: NULL
[Avatar 2] Turn 962: (18, 4) AM_AVATAR_MOVE Direction: WEST
[Avatar 3] Turn 963: (8, 9) AM_AVATAR_MOVE Direction: NULL
[Avatar 0] Turn 964: (8, 9) AM_AVATAR_MOVE Direction: NULL
[Avatar 1] Turn 965: (8, 9) AM_AVATAR_MOVE Direction: NULL
[Avatar 2] Turn 966: (18, 4) AM_AVATAR_MOVE Direction: SOUTH
[Avatar 3] Turn 967: (8, 9) AM_AVATAR_MOVE Direction: NULL
[Avatar 0] Turn 968: (8, 9) AM_AVATAR_MOVE Direction: NULL
[Avatar 1] Turn 969: (8, 9) AM_AVATAR_MOVE Direction: NULL
[Avatar 2] Turn 970: (18, 4) AM_AVATAR_MOVE Direction: EAST
[Avatar 3] Turn 971: (8, 9) AM_AVATAR_MOVE Direction: NULL
[Avatar 0] Turn 972: (8, 9) AM_AVATAR_MOVE Direction: NULL
[Avatar 1] Turn 973: (8, 9) AM_AVATAR_MOVE Direction: NULL
[Avatar 2] Turn 974: (19, 4) AM_AVATAR_MOVE Direction: EAST
[Avatar 3] Turn 975: (8, 9) AM_AVATAR_MOVE Direction: NULL
[Avatar 0] Turn 976: (8, 9) AM_AVATAR_MOVE Direction: NULL
[Avatar 1] Turn 977: (8, 9) AM_AVATAR_MOVE Direction: NULL
[Avatar 2] Turn 978: (19, 4) AM_AVATAR_MOVE Direction: NORTH
[Avatar 3] Turn 979: (8, 9) AM_AVATAR_MOVE Direction: NULL
[Avatar 0] Turn 980: (8, 9) AM_AVATAR_MOVE Direction: NULL
[Avatar 1] Turn 981: (8, 9) AM_AVATAR_MOVE Direction: NULL
[Avatar 2] Turn 982: (19, 4) AM_AVATAR_MOVE Direction: SOUTH
[Avatar 3] Turn 983: (8, 9) AM_AVATAR_MOVE Direction: NULL
[Avatar 0] Turn 984: (8, 9) AM_AVATAR_MOVE Direction: NULL
[Avatar 1] Turn 985: (8, 9) AM_AVATAR_MOVE Direction: NULL
[Avatar 2] Turn 986: (19, 5) AM_AVATAR_MOVE Direction: EAST
[Avatar 3] Turn 987: (8, 9) AM_AVATAR_MOVE Direction: NULL
[Avatar 0] Turn 988: (8, 9) AM_AVATAR_MOVE Direction: NULL
[Avatar 1] Turn 989: (8, 9) AM_AVATAR_MOVE Direction: NULL
[Avatar 2] Turn 990: (19, 5) AM_AVATAR_MOVE Direction: WEST
[Avatar 3] Turn 991: (8, 9) AM_AVATAR_MOVE Direction: NULL
[Avatar 0] Turn 992: (8, 9) AM_AVATAR_MOVE Direction: NULL
[Avatar 1] Turn 993: (8, 9) AM_AVATAR_MOVE Direction: NULL
[Avatar 2] Turn 994: (19, 5) AM_AVATAR_MOVE Direction: SOUTH
[Avatar 3] Turn 995: (8, 9) AM_AVATAR_MOVE Direction: NULL
[Avatar 0] Turn 996: (8, 9) AM_AVATAR_MOVE Direction: NULL
[Avatar 1] Turn 997: (8, 9) AM_AVATAR_MOVE Direction: NULL
[Avatar 2] Turn 998: (19, 6) AM_AVATAR_MOVE Direction: EAST
[Avatar 3] Turn 999: (8, 9) AM_AVATAR_MOVE Direction: NULL
[Avatar 0] Turn 1000: (8, 9) AM_AVATAR_MOVE Direction: NULL
[Avatar 1] Turn 1001: (8, 9) AM_AVATAR_MOVE Direction: NULL
[Avatar 2] Turn 1002: (19, 6) AM_AVATAR_MOVE Direction: WEST
[Avatar 3] Turn 1003: (8, 9) AM_AVATAR_MOVE Direction: NULL
[Avatar 0] Turn 1004: (8, 9) AM_AVATAR_MOVE Direction: NULL
[Avatar 1] Turn 1005: (8, 9) AM_AVATAR_MOVE Direction: NULL
[Avatar 2] Turn 1006: (18, 6) AM_AVATAR_MOVE Direction: WEST
[Avatar 3] Turn 1007: (8, 9) AM_AVATAR_MOVE Direction: NULL
[Avatar 0] Turn 1008: (8, 9) AM_AVATAR_MOVE Direction: NULL
[Avatar 1] Turn 1009: (8, 9) AM_AVATAR_MOVE Direction: NULL
[Avatar 2] Turn 1010: (18, 6) AM_AVATAR_MOVE Direction: NORTH
[Avatar 3] Turn 1011: (8, 9) AM_AVATAR_MOVE Direction: NULL
[Avatar 0] Turn 1012: (8, 9) AM_AVATAR_MOVE Direction: NULL
[Avatar 1] Turn 1013: (8, 9) AM_AVATAR_MOVE Direction: NULL
[Avatar 2] Turn 1014: (18, 5) AM_AVATAR_MOVE Direction: WEST
[Avatar 3] Turn 1015: (8, 9) AM_AVATAR_MOVE Direction: NULL
[Avatar 0] Turn 1016: (8, 9) AM_AVATAR_MOVE Direction: NULL
[Avatar 1] Turn 1017: (8, 9) AM_AVATAR_MOVE Direction: NULL
[Avatar 2] Turn 1018: (17, 5) AM_AVATAR_MOVE Direction: NORTH
[Avatar 3] Turn 1019: (8, 9) AM_AVATAR_MOVE Direction: NULL
[Avatar 0] Turn 1020: (8, 9) AM_AVATAR_MOVE Direction: NULL
[Avatar 1] Turn 1021: (8, 9) AM_AVATAR_MOVE Direction: NULL
[Avatar 2] Turn 1022: (17, 4) AM_AVATAR_MOVE Direction: WEST
[Avatar 3] Turn 1023: (8, 9) AM_AVATAR_MOVE Direction: NULL
[Avatar 0] Turn 1024: (8, 9) AM_AVATAR_MOVE Direction: NULL
[Avatar 1] Turn 1025: (8, 9) AM_AVATAR_MOVE Direction: NULL
[Avatar 2] Turn 1026: (16, 4) AM_AVATAR_MOVE Direction: WEST
[Avatar 3] Turn 1027: (8, 9) AM_AVATAR_MOVE Direction: NULL
[Avatar 0] Turn 1028: (8, 9) AM_AVATAR_MOVE Direction: NULL
[Avatar 1] Turn 1029: (8, 9) AM_AVATAR_MOVE Direction: NULL
[Avatar 2] Turn 1030: (16, 4) AM_AVATAR_MOVE Direction: NORTH
[Avatar 3] Turn 1031: (8, 9) AM_AVATAR_MOVE Direction: NULL
[Avatar 0] Turn 1032: (8, 9) AM_AVATAR_MOVE Direction: NULL
[Avatar 1] Turn 1033: (8, 9) AM_AVATAR_MOVE Direction: NULL
[Avatar 2] Turn 1034: (16, 3) AM_AVATAR_MOVE Direction: WEST
[Avatar 3] Turn 1035: (8, 9) AM_AVATAR_MOVE Direction: NULL
[Avatar 0] Turn 1036: (8, 9) AM_AVATAR_MOVE Direction: NULL
[Avatar 1] Turn 1037: (8, 9) AM_AVATAR_MOVE Direction: NULL
[Avatar 2] Turn 1038: (15, 3) AM_AVATAR_MOVE Direction: SOUTH
[Avatar 3] Turn 1039: (8, 9) AM_AVATAR_MOVE Direction: NULL
[Avatar 0] Turn 1040: (8, 9) AM_AVATAR_MOVE Direction: NULL
[Avatar 1] Turn 1041: (8, 9) AM_AVATAR_MOVE Direction: NULL
[Avatar 2] Turn 1042: (15, 4) AM_AVATAR_MOVE Direction: SOUTH
[Avatar 3] Turn 1043: (8, 9) AM_AVATAR_MOVE Direction: NULL
[Avatar 0] Turn 1044: (8, 9) AM_AVATAR_MOVE Direction: NULL
[Avatar 1] Turn 1045: (8, 9) AM_AVATAR_MOVE Direction: NULL
[Avatar 2] Turn 1046: (15, 5) AM_AVATAR_MOVE Direction: SOUTH
[Avatar 3] Turn 1047: (8, 9) AM_AVATAR_MOVE Direction: NULL
[Avatar 0] Turn 1048: (8, 9) AM_AVATAR_MOVE Direction: NULL
[Avatar 1] Turn 1049: (8, 9) AM_AVATAR_MOVE Direction: NULL
[Avatar 2] Turn 1050: (15, 6) AM_AVATAR_MOVE Direction: SOUTH
[Avatar 3] Turn 1051: (8, 9) AM_AVATAR_MOVE Direction: NULL
[Avatar 0] Turn 1052: (8, 9) AM_AVATAR_MOVE Direction: NULL
[Avatar 1] Turn 1053: (8, 9) AM_AVATAR_MOVE Direction: NULL
[Avatar 2] Turn 1054: (15, 7) AM_AVATAR_MOVE Direction: EAST
[Avatar 3] Turn 1055: (8, 9) AM_AVATAR_MOVE Direction: NULL
[Avatar 0] Turn 1056: (8, 9) AM_AVATAR_MOVE Direction: NULL
[Avatar 1] Turn 1057: (8, 9) AM_AVATAR_MOVE Direction: NULL
[Avatar 2] Turn 1058: (16, 7) AM_AVATAR_MOVE Direction: NORTH
[Avatar 3] Turn 1059: (8, 9) AM_AVATAR_MOVE Direction: NULL
[Avatar 0] Turn 1060: (8, 9) AM_AVATAR_MOVE Direction: NULL
[Avatar 1] Turn 1061: (8, 9) AM_AVATAR_MOVE Direction: NULL
[Avatar 2] Turn 1062: (16, 6) AM_AVATAR_MOVE Direction: EAST
[Avatar 3] Turn 1063: (8, 9) AM_AVATAR_MOVE Direction: NULL
[Avatar 0] Turn 1064: (8, 9) AM_AVATAR_MOVE Direction: NULL
[Avatar 1] Turn 1065: (8, 9) AM_AVATAR_MOVE Direction: NULL
[Avatar 2] Turn 1066: (17, 6) AM_AVATAR_MOVE Direction: SOUTH
[Avatar 3] Turn 1067: (8, 9) AM_AVATAR_MOVE Direction: NULL
[Avatar 0] Turn 1068: (8, 9) AM_AVATAR_MOVE Direction: NULL
[Avatar 1] Turn 1069: (8, 9) AM_AVATAR_MOVE Direction: NULL
[Avatar 2] Turn 1070: (17, 7) AM_AVATAR_MOVE Direction: EAST
[Avatar 3] Turn 1071: (8, 9) AM_AVATAR_MOVE Direction: NULL
[Avatar 0] Turn 1072: (8, 9) AM_AVATAR_MOVE Direction: NULL
[Avatar 1] Turn 1073: (8, 9) AM_AVATAR_MOVE Direction: NULL
[Avatar 2] Turn 1074: (18, 7) AM_AVATAR_MOVE Direction: EAST
[Avatar 3] Turn 1075: (8, 9) AM_AVATAR_MOVE Direction: NULL
[Avatar 0] Turn 1076: (8, 9) AM_AVATAR_MOVE Direction: NULL
[Avatar 1] Turn 1077: (8, 9) AM_AVATAR_MOVE Direction: NULL
[Avatar 2] Turn 1078: (19, 7) AM_AVATAR_MOVE Direction: EAST
[Avatar 3] Turn 1079: (8, 9) AM_AVATAR_MOVE Direction: NULL
[Avatar 0] Turn 1080: (8, 9) AM_AVATAR_MOVE Direction: NULL
[Avatar 1] Turn 1081: (8, 9) AM_AVATAR_MOVE Direction: NULL
[Avatar 2] Turn 1082: (19, 7) AM_AVATAR_MOVE Direction: SOUTH
[Avatar 3] Turn 1083: (8, 9) AM_AVATAR_MOVE Direction: NULL
[Avatar 0] Turn 1084: (8, 9) AM_AVATAR_MOVE Direction: NULL
[Avatar 1] Turn 1085: (8, 9) AM_AVATAR_MOVE Direction: NULL
[Avatar 2] Turn 1086: (19, 8) AM_AVATAR_MOVE Direction: EAST
[Avatar 3] Turn 1087: (8, 9) AM_AVATAR_MOVE Direction: NULL
[Avatar 0] Turn 1088: (8, 9) AM_AVATAR_MOVE Direction: NULL
[Avatar 1] Turn 1089: (8, 9) AM_AVATAR_MOVE Direction: NULL
[Avatar 2] Turn 1090: (19, 8) AM_AVATAR_MOVE Direction: SOUTH
[Avatar 3] Turn 1091: (8, 9) AM_AVATAR_MOVE Direction: NULL
[Avatar 0] Turn 1092: (8, 9) AM_AVATAR_MOVE Direction: NULL
[Avatar 1] Turn 1093: (8, 9) AM_AVATAR_MOVE Direction: NULL
[Avatar 2] Turn 1094: (19, 9) AM_AVATAR_MOVE Direction: SOUTH
[Avatar 3] Turn 1095: (8, 9) AM_AVATAR_MOVE Direction: NULL
[Avatar 0] Turn 1096: (8, 9) AM_AVATAR_MOVE Direction: NULL
[Avatar 1] Turn 1097: (8, 9) AM_AVATAR_MOVE Direction: NULL
[Avatar 2] Turn 1098: (19, 10) AM_AVATAR_MOVE Direction: WEST
[Avatar 3] Turn 1099: (8, 9) AM_AVATAR_MOVE Direction: NULL
[Avatar 0] Turn 1100: (8, 9) AM_AVATAR_MOVE Direction: NULL
[Avatar 1] Turn 1101: (8, 9) AM_AVATAR_MOVE Direction: NULL
[Avatar 2] Turn 1102: (18, 10) AM_AVATAR_MOVE Direction: WEST
[Avatar 3] Turn 1103: (8, 9) AM_AVATAR_MOVE Direction: NULL
[Avatar 0] Turn 1104: (8, 9) AM_AVATAR_MOVE Direction: NULL
[Avatar 1] Turn 1105: (8, 9) AM_AVATAR_MOVE Direction: NULL
[Avatar 2] Turn 1106: (17, 10) AM_AVATAR_MOVE Direction: WEST
[Avatar 3] Turn 1107: (8, 9) AM_AVATAR_MOVE Direction: NULL
[Avatar 0] Turn 1108: (8, 9) AM_AVATAR_MOVE Direction: NULL
[Avatar 1] Turn 1109: (8, 9) AM_AVATAR_MOVE Direction: NULL
[Avatar 2] Turn 1110: (17, 10) AM_AVATAR_MOVE Direction: NORTH
[Avatar 3] Turn 1111: (8, 9) AM_AVATAR_MOVE Direction: NULL
[Avatar 0] Turn 1112: (8, 9) AM_AVATAR_MOVE Direction: NULL
[Avatar 1] Turn 1113: (8, 9) AM_AVATAR_MOVE Direction: NULL
[Avatar 2] Turn 1114: (17, 10) AM_AVATAR_MOVE Direction: EAST
[Avatar 3] Turn 1115: (8, 9) AM_AVATAR_MOVE Direction: NULL
[Avatar 0] Turn 1116: (8, 9) AM_AVATAR_MOVE Direction: NULL
[Avatar 1] Turn 1117: (8, 9) AM_AVATAR_MOVE Direction: NULL
[Avatar 2] Turn 1118: (18, 10) AM_AVATAR_MOVE Direction: EAST
[Avatar 3] Turn 1119: (8, 9) AM_AVATAR_MOVE Direction: NULL
[Avatar 0] Turn 1120: (8, 9) AM_AVATAR_MOVE Direction: NULL
[Avatar 1] Turn 1121: (8, 9) AM_AVATAR_MOVE Direction: NULL
[Avatar 2] Turn 1122: (19, 10) AM_AVATAR_MOVE Direction: SOUTH
[Avatar 3] Turn 1123: (8, 9) AM_AVATAR_MOVE Direction: NULL
[Avatar 0] Turn 1124: (8, 9) AM_AVATAR_MOVE Direction: NULL
[Avatar 1] Turn 1125: (8, 9) AM_AVATAR_MOVE Direction: NULL
[Avatar 2] Turn 1126: (19, 11) AM_AVATAR_MOVE Direction: SOUTH
[Avatar 3] Turn 1127: (8, 9) AM_AVATAR_MOVE Direction: NULL
[Avatar 0] Turn 1128: (8, 9) AM_AVATAR_MOVE Direction: NULL
[Avatar 1] Turn 1129: (8, 9) AM_AVATAR_MOVE Direction: NULL
[Avatar 2] Turn 1130: (19, 12) AM_AVATAR_MOVE Direction: EAST
[Avatar 3] Turn 1131: (8, 9) AM_AVATAR_MOVE Direction: NULL
[Avatar 0] Turn 1132: (8, 9) AM_AVATAR_MOVE Direction: NULL
[Avatar 1] Turn 1133: (8, 9) AM_AVATAR_MOVE Direction: NULL
[Avatar 2] Turn 1134: (19, 12) AM_AVATAR_MOVE Direction: WEST
[Avatar 3] Turn 1135: (8, 9) AM_AVATAR_MOVE Direction: NULL
[Avatar 0] Turn 1136: (8, 9) AM_AVATAR_MOVE Direction: NULL
[Avatar 1] Turn 1137: (8, 9) AM_AVATAR_MOVE Direction: NULL
[Avatar 2] Turn 1138: (19, 12) AM_AVATAR_MOVE Direction: NORTH
[Avatar 3] Turn 1139: (8, 9) AM_AVATAR_MOVE Direction: NULL
[Avatar 0] Turn 1140: (8, 9) AM_AVATAR_MOVE Direction: NULL
[Avatar 1] Turn 1141: (8, 9) AM_AVATAR_MOVE Direction: NULL
[Avatar 2] Turn 1142: (19, 11) AM_AVATAR_MOVE Direction: EAST
[Avatar 3] Turn 1143: (8, 9) AM_AVATAR_MOVE Direction: NULL
[Avatar 0] Turn 1144: (8, 9) AM_AVATAR_MOVE Direction: NULL
[Avatar 1] Turn 1145: (8, 9) AM_AVATAR_MOVE Direction: NULL
[Avatar 2] Turn 1146: (19, 11) AM_AVATAR_MOVE Direction: WEST
[Avatar 3] Turn 1147: (8, 9) AM_AVATAR_MOVE Direction: NULL
[Avatar 0] Turn 1148: (8, 9) AM_AVATAR_MOVE Direction: NULL
[Avatar 1] Turn 1149: (8, 9) AM_AVATAR_MOVE Direction: NULL
[Avatar 2] Turn 1150: (19, 11) AM_AVATAR_MOVE Direction: NORTH
[Avatar 3] Turn 1151: (8, 9) AM_AVATAR_MOVE Direction: NULL
[Avatar 0] Turn 1152: (8, 9) AM_AVATAR_MOVE Direction: NULL
[Avatar 1] Turn 1153: (8, 9) AM_AVATAR_MOVE Direction: NULL
[Avatar 2] Turn 1154: (19, 10) AM_AVATAR_MOVE Direction: EAST
[Avatar 3] Turn 1155: (8, 9) AM_AVATAR_MOVE Direction: NULL
[Avatar 0] Turn 1156: (8, 9) AM_AVATAR_MOVE Direction: NULL
[Avatar 1] Turn 1157: (8, 9) AM_AVATAR_MOVE Direction: NULL
[Avatar 2] Turn 1158: (19, 10) AM_AVATAR_MOVE Direction: NORTH
[Avatar 3] Turn 1159: (8, 9) AM_AVATAR_MOVE Direction: NULL
[Avatar 0] Turn 1160: (8, 9) AM_AVATAR_MOVE Direction: NULL
[Avatar 1] Turn 1161: (8, 9) AM_AVATAR_MOVE Direction: NULL
[Avatar 2] Turn 1162: (19, 9) AM_AVATAR_MOVE Direction: EAST
[Avatar 3] Turn 1163: (8, 9) AM_AVATAR_MOVE Direction: NULL
[Avatar 0] Turn 1164: (8, 9) AM_AVATAR_MOVE Direction: NULL
[Avatar 1] Turn 1165: (8, 9) AM_AVATAR_MOVE Direction: NULL
[Avatar 2] Turn 1166: (19, 9) AM_AVATAR_MOVE Direction: WEST
[Avatar 3] Turn 1167: (8, 9) AM_AVATAR_MOVE Direction: NULL
[Avatar 0] Turn 1168: (8, 9) AM_AVATAR_MOVE Direction: NULL
[Avatar 1] Turn 1169: (8, 9) AM_AVATAR_MOVE Direction: NULL
[Avatar 2] Turn 1170: (18, 9) AM_AVATAR_MOVE Direction: NORTH
[Avatar 3] Turn 1171: (8, 9) AM_AVATAR_MOVE Direction: NULL
[Avatar 0] Turn 1172: (8, 9) AM_AVATAR_MOVE Direction: NULL
[Avatar 1] Turn 1173: (8, 9) AM_AVATAR_MOVE Direction: NULL
[Avatar 2] Turn 1174: (18, 8) AM_AVATAR_MOVE Direction: WEST
[Avatar 3] Turn 1175: (8, 9) AM_AVATAR_MOVE Direction: NULL
[Avatar 0] Turn 1176: (8, 9) AM_AVATAR_MOVE Direction: NULL
[Avatar 1] Turn 1177: (8, 9) AM_AVATAR_MOVE Direction: NULL
[Avatar 2] Turn 1178: (17, 8) AM_AVATAR_MOVE Direction: SOUTH
[Avatar 3] Turn 1179: (8, 9) AM_AVATAR_MOVE Direction: NULL
[Avatar 0] Turn 1180: (8, 9) AM_AVATAR_MOVE Direction: NULL
[Avatar 1] Turn 1181: (8, 9) AM_AVATAR_MOVE Direction: NULL
[Avatar 2] Turn 1182: (17, 9) AM_AVATAR_MOVE Direction: WEST
[Avatar 3] Turn 1183: (8, 9) AM_AVATAR_MOVE Direction: NULL
[Avatar 0] Turn 1184: (8, 9) AM_AVATAR_MOVE Direction: NULL
[Avatar 1] Turn 1185: (8, 9) AM_AVATAR_MOVE Direction: NULL
[Avatar 2] Turn 1186: (16, 9) AM_AVATAR_MOVE Direction: NORTH
[Avatar 3] Turn 1187: (8, 9) AM_AVATAR_MOVE Direction: NULL
[Avatar 0] Turn 1188: (8, 9) AM_AVATAR_MOVE Direction: NULL
[Avatar 1] Turn 1189: (8, 9) AM_AVATAR_MOVE Direction: NULL
[Avatar 2] Turn 1190: (16, 8) AM_AVATAR_MOVE Direction: WEST
[Avatar 3] Turn 1191: (8, 9) AM_AVATAR_MOVE Direction: NULL
[Avatar 0] Turn 1192: (8, 9) AM_AVATAR_MOVE Direction: NULL
[Avatar 1] Turn 1193: (8, 9) AM_AVATAR_MOVE Direction: NULL
[Avatar 2] Turn 1194: (15, 8) AM_AVATAR_MOVE Direction: SOUTH
[Avatar 3] Turn 1195: (8, 9) AM_AVATAR_MOVE Direction: NULL
[Avatar 0] Turn 1196: (8, 9) AM_AVATAR_MOVE Direction: NULL
[Avatar 1] Turn 1197: (8, 9) AM_AVATAR_MOVE Direction: NULL
[Avatar 2] Turn 1198: (15, 9) AM_AVATAR_MOVE Direction: WEST
[Avatar 3] Turn 1199: (8, 9) AM_AVATAR_MOVE Direction: NULL
[Avatar 0] Turn 1200: (8, 9) AM_AVATAR_MOVE Direction: NULL
[Avatar 1] Turn 1201: (8, 9) AM_AVATAR_MOVE Direction: NULL
[Avatar 2] Turn 1202: (14, 9) AM_AVATAR_MOVE Direction: SOUTH
[Avatar 3] Turn 1203: (8, 9) AM_AVATAR_MOVE Direction: NULL
[Avatar 0] Turn 1204: (8, 9) AM_AVATAR_MOVE Direction: NULL
[Avatar 1] Turn 1205: (8, 9) AM_AVATAR_MOVE Direction: NULL
[Avatar 2] Turn 1206: (14, 10) AM_AVATAR_MOVE Direction: EAST
[Avatar 3] Turn 1207: (8, 9) AM_AVATAR_MOVE Direction: NULL
[Avatar 0] Turn 1208: (8, 9) AM_AVATAR_MOVE Direction: NULL
[Avatar 1] Turn 1209: (8, 9) AM_AVATAR_MOVE Direction: NULL
[Avatar 2] Turn 1210: (15, 10) AM_AVATAR_MOVE Direction: EAST
[Avatar 3] Turn 1211: (8, 9) AM_AVATAR_MOVE Direction: NULL
[Avatar 0] Turn 1212: (8, 9) AM_AVATAR_MOVE Direction: NULL
[Avatar 1] Turn 1213: (8, 9) AM_AVATAR_MOVE Direction: NULL
[Avatar 2] Turn 1214: (16, 10) AM_AVATAR_MOVE Direction: SOUTH
[Avatar 3] Turn 1215: (8, 9) AM_AVATAR_MOVE Direction: NULL
[Avatar 0] Turn 1216: (8, 9) AM_AVATAR_MOVE Direction: NULL
[Avatar 1] Turn 1217: (8, 9) AM_AVATAR_MOVE Direction: NULL
[Avatar 2] Turn 1218: (16, 11) AM_AVATAR_MOVE Direction: EAST
[Avatar 3] Turn 1219: (8, 9) AM_AVATAR_MOVE Direction: NULL
[Avatar 0] Turn 1220: (8, 9) AM_AVATAR_MOVE Direction: NULL
[Avatar 1] Turn 1221: (8, 9) AM_AVATAR_MOVE Direction: NULL
[Avatar 2] Turn 1222: (17, 11) AM_AVATAR_MOVE Direction: EAST
[Avatar 3] Turn 1223: (8, 9) AM_AVATAR_MOVE Direction: NULL
[Avatar 0] Turn 1224: (8, 9) AM_AVATAR_MOVE Direction: NULL
[Avatar 1] Turn 1225: (8, 9) AM_AVATAR_MOVE Direction: NULL
[Avatar 2] Turn 1226: (18, 11) AM_AVATAR_MOVE Direction: SOUTH
[Avatar 3] Turn 1227: (8, 9) AM_AVATAR_MOVE Direction: NULL
[Avatar 0] Turn 1228: (8, 9) AM_AVATAR_MOVE Direction: NULL
[Avatar 1] Turn 1229: (8, 9) AM_AVATAR_MOVE Direction: NULL
[Avatar 2] Turn 1230: (18, 12) AM_AVATAR_MOVE Direction: SOUTH
[Avatar 3] Turn 1231: (8, 9) AM_AVATAR_MOVE Direction: NULL
[Avatar 0] Turn 1232: (8, 9) AM_AVATAR_MOVE Direction: NULL
[Avatar 1] Turn 1233: (8, 9) AM_AVATAR_MOVE Direction: NULL
[Avatar 2] Turn 1234: (18, 13) AM_AVATAR_MOVE Direction: EAST
[Avatar 3] Turn 1235: (8, 9) AM_AVATAR_MOVE Direction: NULL
[Avatar 0] Turn 1236: (8, 9) AM_AVATAR_MOVE Direction: NULL
[Avatar 1] Turn 1237: (8, 9) AM_AVATAR_MOVE Direction: NULL
[Avatar 2] Turn 1238: (19, 13) AM_AVATAR_MOVE Direction: EAST
[Avatar 3] Turn 1239: (8, 9) AM_AVATAR_MOVE Direction: NULL
[Avatar 0] Turn 1240: (8, 9) AM_AVATAR_MOVE Direction: NULL
[Avatar 1] Turn 1241: (8, 9) AM_AVATAR_MOVE Direction: NULL
[Avatar 2] Turn 1242: (19, 13) AM_AVATAR_MOVE Direction: SOUTH
[Avatar 3] Turn 1243: (8, 9) AM_AVATAR_MOVE Direction: NULL
[Avatar 0] Turn 1244: (8, 9) AM_AVATAR_MOVE Direction: NULL
[Avatar 1] Turn 1245: (8, 9) AM_AVATAR_MOVE Direction: NULL
[Avatar 2] Turn 1246: (19, 14) AM_AVATAR_MOVE Direction: EAST
[Avatar 3] Turn 1247: (8, 9) AM_AVATAR_MOVE Direction: NULL
[Avatar 0] Turn 1248: (8, 9) AM_AVATAR_MOVE Direction: NULL
[Avatar 1] Turn 1249: (8, 9) AM_AVATAR_MOVE Direction: NULL
[Avatar 2] Turn 1250: (19, 14) AM_AVATAR_MOVE Direction: SOUTH
[Avatar 3] Turn 1251: (8, 9) AM_AVATAR_MOVE Direction: NULL
[Avatar 0] Turn 1252: (8, 9) AM_AVATAR_MOVE Direction: NULL
[Avatar 1] Turn 1253: (8, 9) AM_AVATAR_MOVE Direction: NULL
[Avatar 2] Turn 1254: (19, 15) AM_AVATAR_MOVE Direction: EAST
[Avatar 3] Turn 1255: (8, 9) AM_AVATAR_MOVE Direction: NULL
[Avatar 0] Turn 1256: (8, 9) AM_AVATAR_MOVE Direction: NULL
[Avatar 1] Turn 1257: (8, 9) AM_AVATAR_MOVE Direction: NULL
[Avatar 2] Turn 1258: (19, 15) AM_AVATAR_MOVE Direction: SOUTH
[Avatar 3] Turn 1259: (8, 9) AM_AVATAR_MOVE Direction: NULL
[Avatar 0] Turn 1260: (8, 9) AM_AVATAR_MOVE Direction: NULL
[Avatar 1] Turn 1261: (8, 9) AM_AVATAR_MOVE Direction: NULL
[Avatar 2] Turn 1262: (19, 16) AM_AVATAR_MOVE Direction: EAST
[Avatar 3] Turn 1263: (8, 9) AM_AVATAR_MOVE Direction: NULL
[Avatar 0] Turn 1264: (8, 9) AM_AVATAR_MOVE Direction: NULL
[Avatar 1] Turn 1265: (8, 9) AM_AVATAR_MOVE Direction: NULL
[Avatar 2] Turn 1266: (19, 16) AM_AVATAR_MOVE Direction: SOUTH
[Avatar 3] Turn 1267: (8, 9) AM_AVATAR_MOVE Direction: NULL
[Avatar 0] Turn 1268: (8, 9) AM_AVATAR_MOVE Direction: NULL
[Avatar 1] Turn 1269: (8, 9) AM_AVATAR_MOVE Direction: NULL
[Avatar 2] Turn 1270: (19, 17) AM_AVATAR_MOVE Direction: EAST
[Avatar 3] Turn 1271: (8, 9) AM_AVATAR_MOVE Direction: NULL
[Avatar 0] Turn 1272: (8, 9) AM_AVATAR_MOVE Direction: NULL
[Avatar 1] Turn 1273: (8, 9) AM_AVATAR_MOVE Direction: NULL
[Avatar 2] Turn 1274: (19, 17) AM_AVATAR_MOVE Direction: SOUTH
[Avatar 3] Turn 1275: (8, 9) AM_AVATAR_MOVE Direction: NULL
[Avatar 0] Turn 1276: (8, 9) AM_AVATAR_MOVE Direction: NULL
[Avatar 1] Turn 1277: (8, 9) AM_AVATAR_MOVE Direction: NULL
[Avatar 2] Turn 1278: (19, 18) AM_AVATAR_MOVE Direction: EAST
[Avatar 3] Turn 1279: (8, 9) AM_AVATAR_MOVE Direction: NULL
[Avatar 0] Turn 1280: (8, 9) AM_AVATAR_MOVE Direction: NULL
[Avatar 1] Turn 1281: (8, 9) AM_AVATAR_MOVE Direction: NULL
[Avatar 2] Turn 1282: (19, 18) AM_AVATAR_MOVE Direction: SOUTH
[Avatar 3] Turn 1283: (8, 9) AM_AVATAR_MOVE Direction: NULL
[Avatar 0] Turn 1284: (8, 9) AM_AVATAR_MOVE Direction: NULL
[Avatar 1] Turn 1285: (8, 9) AM_AVATAR_MOVE Direction: NULL
[Avatar 2] Turn 1286: (19, 19) AM_AVATAR_MOVE Direction: SOUTH
[Avatar 3] Turn 1287: (8, 9) AM_AVATAR_MOVE Direction: NULL
[Avatar 0] Turn 1288: (8, 9) AM_AVATAR_MOVE Direction: NULL
[Avatar 1] Turn 1289: (8, 9) AM_AVATAR_MOVE Direction: NULL
[Avatar 2] Turn 1290: (19, 19) AM_AVATAR_MOVE Direction: EAST
[Avatar 3] Turn 1291: (8, 9) AM_AVATAR_MOVE Direction: NULL
[Avatar 0] Turn 1292: (8, 9) AM_AVATAR_MOVE Direction: NULL
[Avatar 1] Turn 1293: (8, 9) AM_AVATAR_MOVE Direction: NULL
[Avatar 2] Turn 1294: (19, 19) AM_AVATAR_MOVE Direction: WEST
[Avatar 3] Turn 1295: (8, 9) AM_AVATAR_MOVE Direction: NULL
[Avatar 0] Turn 1296: (8, 9) AM_AVATAR_MOVE Direction: NULL
[Avatar 1] Turn 1297: (8, 9) AM_AVATAR_MOVE Direction: NULL
[Avatar 2] Turn 1298: (18, 19) AM_AVATAR_MOVE Direction: WEST
[Avatar 3] Turn 1299: (8, 9) AM_AVATAR_MOVE Direction: NULL
[Avatar 0] Turn 1300: (8, 9) AM_AVATAR_MOVE Direction: NULL
[Avatar 1] Turn 1301: (8, 9) AM_AVATAR_MOVE Direction: NULL
[Avatar 2] Turn 1302: (17, 19) AM_AVATAR_MOVE Direction: SOUTH
[Avatar 3] Turn 1303: (8, 9) AM_AVATAR_MOVE Direction: NULL
[Avatar 0] Turn 1304: (8, 9) AM_AVATAR_MOVE Direction: NULL
[Avatar 1] Turn 1305: (8, 9) AM_AVATAR_MOVE Direction: NULL
[Avatar 2] Turn 1306: (17, 19) AM_AVATAR_MOVE Direction: NORTH
[Avatar 3] Turn 1307: (8, 9) AM_AVATAR_MOVE Direction: NULL
[Avatar 0] Turn 1308: (8, 9) AM_AVATAR_MOVE Direction: NULL
[Avatar 1] Turn 1309: (8, 9) AM_AVATAR_MOVE Direction: NULL
[Avatar 2] Turn 1310: (17, 18) AM_AVATAR_MOVE Direction: EAST
[Avatar 3] Turn 1311: (8, 9) AM_AVATAR_MOVE Direction: NULL
[Avatar 0] Turn 1312: (8, 9) AM_AVATAR_MOVE Direction: NULL
[Avatar 1] Turn 1313: (8, 9) AM_AVATAR_MOVE Direction: NULL
[Avatar 2] Turn 1314: (18, 18) AM_AVATAR_MOVE Direction: NORTH
[Avatar 3] Turn 1315: (8, 9) AM_AVATAR_MOVE Direction: NULL
[Avatar 0] Turn 1316: (8, 9) AM_AVATAR_MOVE Direction: NULL
[Avatar 1] Turn 1317: (8, 9) AM_AVATAR_MOVE Direction: NULL
[Avatar 2] Turn 1318: (18, 17) AM_AVATAR_MOVE Direction: NORTH
[Avatar 3] Turn 1319: (8, 9) AM_AVATAR_MOVE Direction: NULL
[Avatar 0] Turn 1320: (8, 9) AM_AVATAR_MOVE Direction: NULL
[Avatar 1] Turn 1321: (8, 9) AM_AVATAR_MOVE Direction: NULL
[Avatar 2] Turn 1322: (18, 16) AM_AVATAR_MOVE Direction: WEST
[Avatar 3] Turn 1323: (8, 9) AM_AVATAR_MOVE Direction: NULL
[Avatar 0] Turn 1324: (8, 9) AM_AVATAR_MOVE Direction: NULL
[Avatar 1] Turn 1325: (8, 9) AM_AVATAR_MOVE Direction: NULL
[Avatar 2] Turn 1326: (17, 16) AM_AVATAR_MOVE Direction: NORTH
[Avatar 3] Turn 1327: (8, 9) AM_AVATAR_MOVE Direction: NULL
[Avatar 0] Turn 1328: (8, 9) AM_AVATAR_MOVE Direction: NULL
[Avatar 1] Turn 1329: (8, 9) AM_AVATAR_MOVE Direction: NULL
[Avatar 2] Turn 1330: (17, 15) AM_AVATAR_MOVE Direction: EAST
[Avatar 3] Turn 1331: (8, 9) AM_AVATAR_MOVE Direction: NULL
[Avatar 0] Turn 1332: (8, 9) AM_AVATAR_MOVE Direction: NULL
[Avatar 1] Turn 1333: (8, 9) AM_AVATAR_MOVE Direction: NULL
[Avatar 2] Turn 1334: (18, 15) AM_AVATAR_MOVE Direction: NORTH
[Avatar 3] Turn 1335: (8, 9) AM_AVATAR_MOVE Direction: NULL
[Avatar 0] Turn 1336: (8, 9) AM_AVATAR_MOVE Direction: NULL
[Avatar 1] Turn 1337: (8, 9) AM_AVATAR_MOVE Direction: NULL
[Avatar 2] Turn 1338: (18, 14) AM_AVATAR_MOVE Direction: WEST
[Avatar 3] Turn 1339: (8, 9) AM_AVATAR_MOVE Direction: NULL
[Avatar 0] Turn 1340: (8, 9) AM_AVATAR_MOVE Direction: NULL
[Avatar 1] Turn 1341: (8, 9) AM_AVATAR_MOVE Direction: NULL
[Avatar 2] Turn 1342: (17, 14) AM_AVATAR_MOVE Direction: NORTH
[Avatar 3] Turn 1343: (8, 9) AM_AVATAR_MOVE Direction: NULL
[Avatar 0] Turn 1344: (8, 9) AM_AVATAR_MOVE Direction: NULL
[Avatar 1] Turn 1345: (8, 9) AM_AVATAR_MOVE Direction: NULL
[Avatar 2] Turn 1346: (17, 13) AM_AVATAR_MOVE Direction: NORTH
[Avatar 3] Turn 1347: (8, 9) AM_AVATAR_MOVE Direction: NULL
[Avatar 0] Turn 1348: (8, 9) AM_AVATAR_MOVE Direction: NULL
[Avatar 1] Turn 1349: (8, 9) AM_AVATAR_MOVE Direction: NULL
[Avatar 2] Turn 1350: (17, 12) AM_AVATAR_MOVE Direction: WEST
[Avatar 3] Turn 1351: (8, 9) AM_AVATAR_MOVE Direction: NULL
[Avatar 0] Turn 1352: (8, 9) AM_AVATAR_MOVE Direction: NULL
[Avatar 1] Turn 1353: (8, 9) AM_AVATAR_MOVE Direction: NULL
[Avatar 2] Turn 1354: (16, 12) AM_AVATAR_MOVE Direction: SOUTH
[Avatar 3] Turn 1355: (8, 9) AM_AVATAR_MOVE Direction: NULL
[Avatar 0] Turn 1356: (8, 9) AM_AVATAR_MOVE Direction: NULL
[Avatar 1] Turn 1357: (8, 9) AM_AVATAR_MOVE Direction: NULL
[Avatar 2] Turn 1358: (16, 13) AM_AVATAR_MOVE Direction: SOUTH
[Avatar 3] Turn 1359: (8, 9) AM_AVATAR_MOVE Direction: NULL
[Avatar 0] Turn 1360: (8, 9) AM_AVATAR_MOVE Direction: NULL
[Avatar 1] Turn 1361: (8, 9) AM_AVATAR_MOVE Direction: NULL
[Avatar 2] Turn 1362: (16, 14) AM_AVATAR_MOVE Direction: WEST
[Avatar 3] Turn 1363: (8, 9) AM_AVATAR_MOVE Direction: NULL
[Avatar 0] Turn 1364: (8, 9) AM_AVATAR_MOVE Direction: NULL
[Avatar 1] Turn 1365: (8, 9) AM_AVATAR_MOVE Direction: NULL
[Avatar 2] Turn 1366: (15, 14) AM_AVATAR_MOVE Direction: SOUTH
[Avatar 3] Turn 1367: (8, 9) AM_AVATAR_MOVE Direction: NULL
[Avatar 0] Turn 1368: (8, 9) AM_AVATAR_MOVE Direction: NULL
[Avatar 1] Turn 1369: (8, 9) AM_AVATAR_MOVE Direction: NULL
[Avatar 2] Turn 1370: (15, 15) AM_AVATAR_MOVE Direction: EAST
[Avatar 3] Turn 1371: (8, 9) AM_AVATAR_MOVE Direction: NULL
[Avatar 0] Turn 1372: (8, 9) AM_AVATAR_MOVE Direction: NULL
[Avatar 1] Turn 1373: (8, 9) AM_AVATAR_MOVE Direction: NULL
[Avatar 2] Turn 1374: (16, 15) AM_AVATAR_MOVE Direction: SOUTH
[Avatar 3] Turn 1375: (8, 9) AM_AVATAR_MOVE Direction: NULL
[Avatar 0] Turn 1376: (8, 9) AM_AVATAR_MOVE Direction: NULL
[Avatar 1] Turn 1377: (8, 9) AM_AVATAR_MOVE Direction: NULL
[Avatar 2] Turn 1378: (16, 16) AM_AVATAR_MOVE Direction: WEST
[Avatar 3] Turn 1379: (8, 9) AM_AVATAR_MOVE Direction: NULL
[Avatar 0] Turn 1380: (8, 9) AM_AVATAR_MOVE Direction: NULL
[Avatar 1] Turn 1381: (8, 9) AM_AVATAR_MOVE Direction: NULL
[Avatar 2] Turn 1382: (15, 16) AM_AVATAR_MOVE Direction: SOUTH
[Avatar 3] Turn 1383: (8, 9) AM_AVATAR_MOVE Direction: NULL
[Avatar 0] Turn 1384: (8, 9) AM_AVATAR_MOVE Direction: NULL
[Avatar 1] Turn 1385: (8, 9) AM_AVATAR_MOVE Direction: NULL
[Avatar 2] Turn 1386: (15, 17) AM_AVATAR_MOVE Direction: WEST
[Avatar 3] Turn 1387: (8, 9) AM_AVATAR_MOVE Direction: NULL
[Avatar 0] Turn 1388: (8, 9) AM_AVATAR_MOVE Direction: NULL
[Avatar 1] Turn 1389: (8, 9) AM_AVATAR_MOVE Direction: NULL
[Avatar 2] Turn 1390: (14, 17) AM_AVATAR_MOVE Direction: EAST
[Avatar 3] Turn 1391: (8, 9) AM_AVATAR_MOVE Direction: NULL
[Avatar 0] Turn 1392: (8, 9) AM_AVATAR_MOVE Direction: NULL
[Avatar 1] Turn 1393: (8, 9) AM_AVATAR_MOVE Direction: NULL
[Avatar 2] Turn 1394: (15, 17) AM_AVATAR_MOVE Direction: SOUTH
[Avatar 3] Turn 1395: (8, 9) AM_AVATAR_MOVE Direction: NULL
[Avatar 0] Turn 1396: (8, 9) AM_AVATAR_MOVE Direction: NULL
[Avatar 1] Turn 1397: (8, 9) AM_AVATAR_MOVE Direction: NULL
[Avatar 2] Turn 1398: (15, 18) AM_AVATAR_MOVE Direction: SOUTH
[Avatar 3] Turn 1399: (8, 9) AM_AVATAR_MOVE Direction: NULL
[Avatar 0] Turn 1400: (8, 9) AM_AVATAR_MOVE Direction: NULL
[Avatar 1] Turn 1401: (8, 9) AM_AVATAR_MOVE Direction: NULL
[Avatar 2] Turn 1402: (15, 19) AM_AVATAR_MOVE Direction: WEST
[Avatar 3] Turn 1403: (8, 9) AM_AVATAR_MOVE Direction: NULL
[Avatar 0] Turn 1404: (8, 9) AM_AVATAR_MOVE Direction: NULL
[Avatar 1] Turn 1405: (8, 9) AM_AVATAR_MOVE Direction: NULL
[Avatar 2] Turn 1406: (14, 19) AM_AVATAR_MOVE Direction: NORTH
[Avatar 3] Turn 1407: (8, 9) AM_AVATAR_MOVE Direction: NULL
[Avatar 0] Turn 1408: (8, 9) AM_AVATAR_MOVE Direction: NULL
[Avatar 1] Turn 1409: (8, 9) AM_AVATAR_MOVE Direction: NULL
[Avatar 2] Turn 1410: (14, 18) AM_AVATAR_MOVE Direction: WEST
[Avatar 3] Turn 1411: (8, 9) AM_AVATAR_MOVE Direction: NULL
[Avatar 0] Turn 1412: (8, 9) AM_AVATAR_MOVE Direction: NULL
[Avatar 1] Turn 1413: (8, 9) AM_AVATAR_MOVE Direction: NULL
[Avatar 2] Turn 1414: (13, 18) AM_AVATAR_MOVE Direction: NORTH
[Avatar 3] Turn 1415: (8, 9) AM_AVATAR_MOVE Direction: NULL
[Avatar 0] Turn 1416: (8, 9) AM_AVATAR_MOVE Direction: NULL
[Avatar 1] Turn 1417: (8, 9) AM_AVATAR_MOVE Direction: NULL
[Avatar 2] Turn 1418: (13, 17) AM_AVATAR_MOVE Direction: WEST
[Avatar 3] Turn 1419: (8, 9) AM_AVATAR_MOVE Direction: NULL
[Avatar 0] Turn 1420: (8, 9) AM_AVATAR_MOVE Direction: NULL
[Avatar 1] Turn 1421: (8, 9) AM_AVATAR_MOVE Direction: NULL
[Avatar 2] Turn 1422: (12, 17) AM_AVATAR_MOVE Direction: WEST
[Avatar 3] Turn 1423: (8, 9) AM_AVATAR_MOVE Direction: NULL
[Avatar 0] Turn 1424: (8, 9) AM_AVATAR_MOVE Direction: NULL
[Avatar 1] Turn 1425: (8, 9) AM_AVATAR_MOVE Direction: NULL
[Avatar 2] Turn 1426: (11, 17) AM_AVATAR_MOVE Direction: NORTH
[Avatar 3] Turn 1427: (8, 9) AM_AVATAR_MOVE Direction: NULL
[Avatar 0] Turn 1428: (8, 9) AM_AVATAR_MOVE Direction: NULL
[Avatar 1] Turn 1429: (8, 9) AM_AVATAR_MOVE Direction: NULL
[Avatar 2] Turn 1430: (11, 16) AM_AVATAR_MOVE Direction: EAST
[Avatar 3] Turn 1431: (8, 9) AM_AVATAR_MOVE Direction: NULL
[Avatar 0] Turn 1432: (8, 9) AM_AVATAR_MOVE Direction: NULL
[Avatar 1] Turn 1433: (8, 9) AM_AVATAR_MOVE Direction: NULL
[Avatar 2] Turn 1434: (12, 16) AM_AVATAR_MOVE Direction: EAST
[Avatar 3] Turn 1435: (8, 9) AM_AVATAR_MOVE Direction: NULL
[Avatar 0] Turn 1436: (8, 9) AM_AVATAR_MOVE Direction: NULL
[Avatar 1] Turn 1437: (8, 9) AM_AVATAR_MOVE Direction: NULL
[Avatar 2] Turn 1438: (13, 16) AM_AVATAR_MOVE Direction: EAST
[Avatar 3] Turn 1439: (8, 9) AM_AVATAR_MOVE Direction: NULL
[Avatar 0] Turn 1440: (8, 9) AM_AVATAR_MOVE Direction: NULL
[Avatar 1] Turn 1441: (8, 9) AM_AVATAR_MOVE Direction: NULL
[Avatar 2] Turn 1442: (14, 16) AM_AVATAR_MOVE Direction: NORTH
[Avatar 3] Turn 1443: (8, 9) AM_AVATAR_MOVE Direction: NULL
[Avatar 0] Turn 1444: (8, 9) AM_AVATAR_MOVE Direction: NULL
[Avatar 1] Turn 1445: (8, 9) AM_AVATAR_MOVE Direction: NULL
[Avatar 2] Turn 1446: (14, 15) AM_AVATAR_MOVE Direction: NORTH
[Avatar 3] Turn 1447: (8, 9) AM_AVATAR_MOVE Direction: NULL
[Avatar 0] Turn 1448: (8, 9) AM_AVATAR_MOVE Direction: NULL
[Avatar 1] Turn 1449: (8, 9) AM_AVATAR_MOVE Direction: NULL
[Avatar 2] Turn 1450: (14, 14) AM_AVATAR_MOVE Direction: WEST
[Avatar 3] Turn 1451: (8, 9) AM_AVATAR_MOVE Direction: NULL
[Avatar 0] Turn 1452: (8, 9) AM_AVATAR_MOVE Direction: NULL
[Avatar 1] Turn 1453: (8, 9) AM_AVATAR_MOVE Direction: NULL
[Avatar 2] Turn 1454: (13, 14) AM_AVATAR_MOVE Direction: NORTH
[Avatar 3] Turn 1455: (8, 9) AM_AVATAR_MOVE Direction: NULL
[Avatar 0] Turn 1456: (8, 9) AM_AVATAR_MOVE Direction: NULL
[Avatar 1] Turn 1457: (8, 9) AM_AVATAR_MOVE Direction: NULL
[Avatar 2] Turn 1458: (13, 13) AM_AVATAR_MOVE Direction: NORTH
[Avatar 3] Turn 1459: (8, 9) AM_AVATAR_MOVE Direction: NULL
[Avatar 0] Turn 1460: (8, 9) AM_AVATAR_MOVE Direction: NULL
[Avatar 1] Turn 1461: (8, 9) AM_AVATAR_MOVE Direction: NULL
[Avatar 2] Turn 1462: (13, 12) AM_AVATAR_MOVE Direction: WEST
[Avatar 3] Turn 1463: (8, 9) AM_AVATAR_MOVE Direction: NULL
[Avatar 0] Turn 1464: (8, 9) AM_AVATAR_MOVE Direction: NULL
[Avatar 1] Turn 1465: (8, 9) AM_AVATAR_MOVE Direction: NULL
[Avatar 2] Turn 1466: (12, 12) AM_AVATAR_MOVE Direction: SOUTH
[Avatar 3] Turn 1467: (8, 9) AM_AVATAR_MOVE Direction: NULL
[Avatar 0] Turn 1468: (8, 9) AM_AVATAR_MOVE Direction: NULL
[Avatar 1] Turn 1469: (8, 9) AM_AVATAR_MOVE Direction: NULL
[Avatar 2] Turn 1470: (12, 13) AM_AVATAR_MOVE Direction: WEST
[Avatar 3] Turn 1471: (8, 9) AM_AVATAR_MOVE Direction: NULL
[Avatar 0] Turn 1472: (8, 9) AM_AVATAR_MOVE Direction: NULL
[Avatar 1] Turn 1473: (8, 9) AM_AVATAR_MOVE Direction: NULL
[Avatar 2] Turn 1474: (11, 13) AM_AVATAR_MOVE Direction: WEST
[Avatar 3] Turn 1475: (8, 9) AM_AVATAR_MOVE Direction: NULL
[Avatar 0] Turn 1476: (8, 9) AM_AVATAR_MOVE Direction: NULL
[Avatar 1] Turn 1477: (8, 9) AM_AVATAR_MOVE Direction: NULL
[Avatar 2] Turn 1478: (10, 13) AM_AVATAR_MOVE Direction: NORTH
[Avatar 3] Turn 1479: (8, 9) AM_AVATAR_MOVE Direction: NULL
[Avatar 0] Turn 1480: (8, 9) AM_AVATAR_MOVE Direction: NULL
[Avatar 1] Turn 1481: (8, 9) AM_AVATAR_MOVE Direction: NULL
[Avatar 2] Turn 1482: (10, 12) AM_AVATAR_MOVE Direction: WEST
[Avatar 3] Turn 1483: (8, 9) AM_AVATAR_MOVE Direction: NULL
[Avatar 0] Turn 1484: (8, 9) AM_AVATAR_MOVE Direction: NULL
[Avatar 1] Turn 1485: (8, 9) AM_AVATAR_MOVE Direction: NULL
[Avatar 2] Turn 1486: (9, 12) AM_AVATAR_MOVE Direction: NORTH
[Avatar 3] Turn 1487: (8, 9) AM_AVATAR_MOVE Direction: NULL
[Avatar 0] Turn 1488: (8, 9) AM_AVATAR_MOVE Direction: NULL
[Avatar 1] Turn 1489: (8, 9) AM_AVATAR_MOVE Direction: NULL
[Avatar 2] Turn 1490: (9, 11) AM_AVATAR_MOVE Direction: WEST
[Avatar 3] Turn 1491: (8, 9) AM_AVATAR_MOVE Direction: NULL
[Avatar 0] Turn 1492: (8, 9) AM_AVATAR_MOVE Direction: NULL
[Avatar 1] Turn 1493: (8, 9) AM_AVATAR_MOVE Direction: NULL
[Avatar 2] Turn 1494: (8, 11) AM_AVATAR_MOVE Direction: NORTH
[Avatar 3] Turn 1495: (8, 9) AM_AVATAR_MOVE Direction: NULL
[Avatar 0] Turn 1496: (8, 9) AM_AVATAR_MOVE Direction: NULL
[Avatar 1] Turn 1497: (8, 9) AM_AVATAR_MOVE Direction: NULL
[Avatar 2] Turn 1498: (8, 10) AM_AVATAR_MOVE Direction: NORTH
Maze solved in 1499 turns
Hash: 4255349618l
