joannezhao, 48254, Wed May 28 20:49:02 EDT 2014



Sent AM_AVATAR_READY signal with AvatarID: 0Sent AM_AVATAR_READY signal with AvatarID: 2
Sent AM_AVATAR_READY signal with AvatarID: 1
Sent AM_AVATAR_READY signal with AvatarID: 4
Sent AM_AVATAR_READY signal with AvatarID: 3
[Avatar 0] Turn 0: (4, 9) AM_AVATAR_MOVE Direction: NULL
[Avatar 1] Turn 1: (3, 7) AM_AVATAR_MOVE Direction: SOUTH
[Avatar 2] Turn 2: (9, 1) AM_AVATAR_MOVE Direction: SOUTH
[Avatar 3] Turn 3: (9, 5) AM_AVATAR_MOVE Direction: WEST
[Avatar 4] Turn 4: (9, 7) AM_AVATAR_MOVE Direction: WEST
[Avatar 0] Turn 5: (4, 9) AM_AVATAR_MOVE Direction: NULL
[Avatar 1] Turn 6: (3, 8) AM_AVATAR_MOVE Direction: WEST
[Avatar 2] Turn 7: (9, 2) AM_AVATAR_MOVE Direction: SOUTH
[Avatar 3] Turn 8: (8, 5) AM_AVATAR_MOVE Direction: WEST
[Avatar 4] Turn 9: (9, 7) AM_AVATAR_MOVE Direction: SOUTH
[Avatar 0] Turn 10: (4, 9) AM_AVATAR_MOVE Direction: NULL
[Avatar 1] Turn 11: (3, 8) AM_AVATAR_MOVE Direction: SOUTH
[Avatar 2] Turn 12: (9, 3) AM_AVATAR_MOVE Direction: SOUTH
[Avatar 3] Turn 13: (7, 5) AM_AVATAR_MOVE Direction: SOUTH
[Avatar 4] Turn 14: (9, 7) AM_AVATAR_MOVE Direction: NORTH
[Avatar 0] Turn 15: (4, 9) AM_AVATAR_MOVE Direction: NULL
[Avatar 1] Turn 16: (3, 9) AM_AVATAR_MOVE Direction: WEST
[Avatar 2] Turn 17: (9, 3) AM_AVATAR_MOVE Direction: WEST
[Avatar 3] Turn 18: (7, 6) AM_AVATAR_MOVE Direction: WEST
[Avatar 4] Turn 19: (9, 7) AM_AVATAR_MOVE Direction: EAST
[Avatar 0] Turn 20: (4, 9) AM_AVATAR_MOVE Direction: NULL
[Avatar 1] Turn 21: (3, 9) AM_AVATAR_MOVE Direction: SOUTH
[Avatar 2] Turn 22: (9, 3) AM_AVATAR_MOVE Direction: EAST
[Avatar 3] Turn 23: (7, 6) AM_AVATAR_MOVE Direction: SOUTH
[Avatar 4] Turn 24: (10, 7) AM_AVATAR_MOVE Direction: SOUTH
[Avatar 0] Turn 25: (4, 9) AM_AVATAR_MOVE Direction: NULL
[Avatar 1] Turn 26: (3, 9) AM_AVATAR_MOVE Direction: EAST
[Avatar 2] Turn 27: (9, 3) AM_AVATAR_MOVE Direction: NORTH
[Avatar 3] Turn 28: (7, 7) AM_AVATAR_MOVE Direction: WEST
[Avatar 4] Turn 29: (10, 8) AM_AVATAR_MOVE Direction: WEST
[Avatar 0] Turn 30: (4, 9) AM_AVATAR_MOVE Direction: NULL
[Avatar 1] Turn 31: (4, 9) AM_AVATAR_MOVE Direction: NULL
[Avatar 2] Turn 32: (9, 2) AM_AVATAR_MOVE Direction: WEST
[Avatar 3] Turn 33: (6, 7) AM_AVATAR_MOVE Direction: WEST
[Avatar 4] Turn 34: (10, 8) AM_AVATAR_MOVE Direction: SOUTH
[Avatar 0] Turn 35: (4, 9) AM_AVATAR_MOVE Direction: NULL

[Avatar 1] Turn 36: (4, 9) AM_AVATAR_MOVE Direction: NULL[Avatar 2] Turn 37: (9, 2) AM_AVATAR_MOVE Direction: EAST
[Avatar 3] Turn 38: (6, 7) AM_AVATAR_MOVE Direction: SOUTH
[Avatar 4] Turn 39: (10, 8) AM_AVATAR_MOVE Direction: EAST
[Avatar 0] Turn 40: (4, 9) AM_AVATAR_MOVE Direction: NULL
[Avatar 3] Turn 43: (6, 8) AM_AVATAR_MOVE Direction: WEST
[Avatar 1] Turn 41: (4, 9) AM_AVATAR_MOVE Direction: NULL
[Avatar 2] Turn 42: (10, 2) AM_AVATAR_MOVE Direction: SOUTH
[Avatar 4] Turn 44: (11, 8) AM_AVATAR_MOVE Direction: SOUTH
[Avatar 0] Turn 45: (4, 9) AM_AVATAR_MOVE Direction: NULL
[Avatar 1] Turn 46: (4, 9) AM_AVATAR_MOVE Direction: NULL
[Avatar 2] Turn 47: (10, 3) AM_AVATAR_MOVE Direction: SOUTH
[Avatar 3] Turn 48: (5, 8) AM_AVATAR_MOVE Direction: WEST
[Avatar 4] Turn 49: (11, 9) AM_AVATAR_MOVE Direction: WEST
[Avatar 0] Turn 50: (4, 9) AM_AVATAR_MOVE Direction: NULL
[Avatar 2] Turn 52: (10, 3) AM_AVATAR_MOVE Direction: EAST
[Avatar 1] Turn 51: (4, 9) AM_AVATAR_MOVE Direction: NULL
[Avatar 3] Turn 53: (4, 8) AM_AVATAR_MOVE Direction: SOUTH
[Avatar 4] Turn 54: (10, 9) AM_AVATAR_MOVE Direction: WEST
[Avatar 0] Turn 55: (4, 9) AM_AVATAR_MOVE Direction: NULL
[Avatar 3] Turn 58: (4, 8) AM_AVATAR_MOVE Direction: WEST

[Avatar 1] Turn 56: (4, 9) AM_AVATAR_MOVE Direction: NULL[Avatar 2] Turn 57: (11, 3) AM_AVATAR_MOVE Direction: SOUTH
[Avatar 4] Turn 59: (9, 9) AM_AVATAR_MOVE Direction: WEST
[Avatar 0] Turn 60: (4, 9) AM_AVATAR_MOVE Direction: NULL
[Avatar 2] Turn 62: (11, 4) AM_AVATAR_MOVE Direction: WEST
[Avatar 1] Turn 61: (4, 9) AM_AVATAR_MOVE Direction: NULL
[Avatar 3] Turn 63: (4, 8) AM_AVATAR_MOVE Direction: NORTH
[Avatar 4] Turn 64: (8, 9) AM_AVATAR_MOVE Direction: WEST
[Avatar 0] Turn 65: (4, 9) AM_AVATAR_MOVE Direction: NULL
[Avatar 3] Turn 68: (4, 7) AM_AVATAR_MOVE Direction: EAST

[Avatar 1] Turn 66: (4, 9) AM_AVATAR_MOVE Direction: NULL[Avatar 2] Turn 67: (11, 4) AM_AVATAR_MOVE Direction: SOUTH
[Avatar 4] Turn 69: (8, 9) AM_AVATAR_MOVE Direction: NORTH
[Avatar 0] Turn 70: (4, 9) AM_AVATAR_MOVE Direction: NULL

[Avatar 3] Turn 73: (4, 7) AM_AVATAR_MOVE Direction: WEST[Avatar 1] Turn 71: (4, 9) AM_AVATAR_MOVE Direction: NULL
[Avatar 2] Turn 72: (11, 5) AM_AVATAR_MOVE Direction: WEST
[Avatar 4] Turn 74: (8, 9) AM_AVATAR_MOVE Direction: SOUTH
[Avatar 0] Turn 75: (4, 9) AM_AVATAR_MOVE Direction: NULL

[Avatar 1] Turn 76: (4, 9) AM_AVATAR_MOVE Direction: NULL
[Avatar 3] Turn 78: (4, 7) AM_AVATAR_MOVE Direction: NORTH[Avatar 2] Turn 77: (11, 5) AM_AVATAR_MOVE Direction: SOUTH
[Avatar 4] Turn 79: (8, 9) AM_AVATAR_MOVE Direction: EAST
[Avatar 0] Turn 80: (4, 9) AM_AVATAR_MOVE Direction: NULL
[Avatar 2] Turn 82: (11, 6) AM_AVATAR_MOVE Direction: WEST

[Avatar 3] Turn 83: (4, 6) AM_AVATAR_MOVE Direction: EAST[Avatar 1] Turn 81: (4, 9) AM_AVATAR_MOVE Direction: NULL
[Avatar 4] Turn 84: (9, 9) AM_AVATAR_MOVE Direction: NORTH
[Avatar 1] Turn 86: (4, 9) AM_AVATAR_MOVE Direction: NULL
[Avatar 3] Turn 88: (4, 6) AM_AVATAR_MOVE Direction: WEST

[Avatar 2] Turn 87: (11, 6) AM_AVATAR_MOVE Direction: SOUTH[Avatar 0] Turn 85: (4, 9) AM_AVATAR_MOVE Direction: NULL
[Avatar 4] Turn 89: (9, 8) AM_AVATAR_MOVE Direction: WEST
[Avatar 0] Turn 90: (4, 9) AM_AVATAR_MOVE Direction: NULL
[Avatar 1] Turn 91: (4, 9) AM_AVATAR_MOVE Direction: NULL
[Avatar 2] Turn 92: (11, 7) AM_AVATAR_MOVE Direction: WEST
[Avatar 3] Turn 93: (3, 6) AM_AVATAR_MOVE Direction: SOUTH
[Avatar 4] Turn 94: (8, 8) AM_AVATAR_MOVE Direction: WEST
[Avatar 0] Turn 95: (4, 9) AM_AVATAR_MOVE Direction: NULL
[Avatar 1] Turn 96: (4, 9) AM_AVATAR_MOVE Direction: NULL
[Avatar 2] Turn 97: (11, 7) AM_AVATAR_MOVE Direction: SOUTH
[Avatar 3] Turn 98: (3, 7) AM_AVATAR_MOVE Direction: SOUTH
[Avatar 4] Turn 99: (8, 8) AM_AVATAR_MOVE Direction: NORTH
[Avatar 0] Turn 100: (4, 9) AM_AVATAR_MOVE Direction: NULL
[Avatar 1] Turn 101: (4, 9) AM_AVATAR_MOVE Direction: NULL
[Avatar 2] Turn 102: (11, 7) AM_AVATAR_MOVE Direction: EAST
[Avatar 3] Turn 103: (3, 8) AM_AVATAR_MOVE Direction: SOUTH
[Avatar 4] Turn 104: (8, 7) AM_AVATAR_MOVE Direction: WEST
[Avatar 0] Turn 105: (4, 9) AM_AVATAR_MOVE Direction: NULL
[Avatar 1] Turn 106: (4, 9) AM_AVATAR_MOVE Direction: NULL
[Avatar 3] Turn 108: (3, 9) AM_AVATAR_MOVE Direction: EAST
[Avatar 2] Turn 107: (11, 7) AM_AVATAR_MOVE Direction: NORTH
[Avatar 4] Turn 109: (8, 7) AM_AVATAR_MOVE Direction: NORTH
[Avatar 0] Turn 110: (4, 9) AM_AVATAR_MOVE Direction: NULL
[Avatar 2] Turn 112: (11, 6) AM_AVATAR_MOVE Direction: EAST

[Avatar 3] Turn 113: (4, 9) AM_AVATAR_MOVE Direction: NULL[Avatar 1] Turn 111: (4, 9) AM_AVATAR_MOVE Direction: NULL
[Avatar 4] Turn 114: (8, 6) AM_AVATAR_MOVE Direction: WEST
[Avatar 0] Turn 115: (4, 9) AM_AVATAR_MOVE Direction: NULL
[Avatar 2] Turn 117: (11, 6) AM_AVATAR_MOVE Direction: NORTH
[Avatar 1] Turn 116: (4, 9) AM_AVATAR_MOVE Direction: NULL
[Avatar 3] Turn 118: (4, 9) AM_AVATAR_MOVE Direction: NULL
[Avatar 4] Turn 119: (8, 6) AM_AVATAR_MOVE Direction: NORTH
[Avatar 1] Turn 121: (4, 9) AM_AVATAR_MOVE Direction: NULL
[Avatar 0] Turn 120: (4, 9) AM_AVATAR_MOVE Direction: NULL

[Avatar 3] Turn 123: (4, 9) AM_AVATAR_MOVE Direction: NULL[Avatar 2] Turn 122: (11, 5) AM_AVATAR_MOVE Direction: EAST
[Avatar 4] Turn 124: (8, 6) AM_AVATAR_MOVE Direction: EAST
[Avatar 0] Turn 125: (4, 9) AM_AVATAR_MOVE Direction: NULL
[Avatar 2] Turn 127: (11, 5) AM_AVATAR_MOVE Direction: NORTH
[Avatar 3] Turn 128: (4, 9) AM_AVATAR_MOVE Direction: NULL
[Avatar 1] Turn 126: (4, 9) AM_AVATAR_MOVE Direction: NULL
[Avatar 4] Turn 129: (9, 6) AM_AVATAR_MOVE Direction: NORTH
[Avatar 0] Turn 130: (4, 9) AM_AVATAR_MOVE Direction: NULL
[Avatar 1] Turn 131: (4, 9) AM_AVATAR_MOVE Direction: NULL
[Avatar 3] Turn 133: (4, 9) AM_AVATAR_MOVE Direction: NULL
[Avatar 2] Turn 132: (11, 4) AM_AVATAR_MOVE Direction: EAST
[Avatar 4] Turn 134: (9, 5) AM_AVATAR_MOVE Direction: WEST
[Avatar 0] Turn 135: (4, 9) AM_AVATAR_MOVE Direction: NULL
[Avatar 2] Turn 137: (11, 4) AM_AVATAR_MOVE Direction: NORTH
[Avatar 3] Turn 138: (4, 9) AM_AVATAR_MOVE Direction: NULL
[Avatar 1] Turn 136: (4, 9) AM_AVATAR_MOVE Direction: NULL
[Avatar 4] Turn 139: (8, 5) AM_AVATAR_MOVE Direction: WEST
[Avatar 0] Turn 140: (4, 9) AM_AVATAR_MOVE Direction: NULL
[Avatar 1] Turn 141: (4, 9) AM_AVATAR_MOVE Direction: NULL
[Avatar 2] Turn 142: (11, 3) AM_AVATAR_MOVE Direction: NORTH
[Avatar 3] Turn 143: (4, 9) AM_AVATAR_MOVE Direction: NULL
[Avatar 4] Turn 144: (7, 5) AM_AVATAR_MOVE Direction: SOUTH
[Avatar 0] Turn 145: (4, 9) AM_AVATAR_MOVE Direction: NULL
[Avatar 1] Turn 146: (4, 9) AM_AVATAR_MOVE Direction: NULL
[Avatar 3] Turn 148: (4, 9) AM_AVATAR_MOVE Direction: NULL
[Avatar 2] Turn 147: (11, 2) AM_AVATAR_MOVE Direction: NORTH
[Avatar 4] Turn 149: (7, 6) AM_AVATAR_MOVE Direction: SOUTH
[Avatar 0] Turn 150: (4, 9) AM_AVATAR_MOVE Direction: NULL
[Avatar 3] Turn 153: (4, 9) AM_AVATAR_MOVE Direction: NULL
[Avatar 1] Turn 151: (4, 9) AM_AVATAR_MOVE Direction: NULL
[Avatar 2] Turn 152: (11, 1) AM_AVATAR_MOVE Direction: WEST
[Avatar 4] Turn 154: (7, 7) AM_AVATAR_MOVE Direction: WEST
[Avatar 0] Turn 155: (4, 9) AM_AVATAR_MOVE Direction: NULL
[Avatar 1] Turn 156: (4, 9) AM_AVATAR_MOVE Direction: NULL

[Avatar 3] Turn 158: (4, 9) AM_AVATAR_MOVE Direction: NULL[Avatar 2] Turn 157: (10, 1) AM_AVATAR_MOVE Direction: NORTH
[Avatar 4] Turn 159: (6, 7) AM_AVATAR_MOVE Direction: SOUTH
[Avatar 0] Turn 160: (4, 9) AM_AVATAR_MOVE Direction: NULL
[Avatar 1] Turn 161: (4, 9) AM_AVATAR_MOVE Direction: NULL
[Avatar 2] Turn 162: (10, 0) AM_AVATAR_MOVE Direction: WEST
[Avatar 3] Turn 163: (4, 9) AM_AVATAR_MOVE Direction: NULL
[Avatar 4] Turn 164: (6, 8) AM_AVATAR_MOVE Direction: WEST
[Avatar 0] Turn 165: (4, 9) AM_AVATAR_MOVE Direction: NULL
[Avatar 1] Turn 166: (4, 9) AM_AVATAR_MOVE Direction: NULL
[Avatar 2] Turn 167: (9, 0) AM_AVATAR_MOVE Direction: WEST
[Avatar 3] Turn 168: (4, 9) AM_AVATAR_MOVE Direction: NULL
[Avatar 4] Turn 169: (5, 8) AM_AVATAR_MOVE Direction: WEST
[Avatar 0] Turn 170: (4, 9) AM_AVATAR_MOVE Direction: NULL
[Avatar 1] Turn 171: (4, 9) AM_AVATAR_MOVE Direction: NULL
[Avatar 2] Turn 172: (8, 0) AM_AVATAR_MOVE Direction: SOUTH
[Avatar 3] Turn 173: (4, 9) AM_AVATAR_MOVE Direction: NULL
[Avatar 4] Turn 174: (4, 8) AM_AVATAR_MOVE Direction: NORTH
[Avatar 0] Turn 175: (4, 9) AM_AVATAR_MOVE Direction: NULL
[Avatar 1] Turn 176: (4, 9) AM_AVATAR_MOVE Direction: NULL
[Avatar 2] Turn 177: (8, 1) AM_AVATAR_MOVE Direction: SOUTH
[Avatar 3] Turn 178: (4, 9) AM_AVATAR_MOVE Direction: NULL
[Avatar 4] Turn 179: (4, 7) AM_AVATAR_MOVE Direction: NORTH
[Avatar 0] Turn 180: (4, 9) AM_AVATAR_MOVE Direction: NULL
[Avatar 1] Turn 181: (4, 9) AM_AVATAR_MOVE Direction: NULL
[Avatar 2] Turn 182: (8, 2) AM_AVATAR_MOVE Direction: SOUTH
[Avatar 3] Turn 183: (4, 9) AM_AVATAR_MOVE Direction: NULL
[Avatar 4] Turn 184: (4, 6) AM_AVATAR_MOVE Direction: WEST
[Avatar 0] Turn 185: (4, 9) AM_AVATAR_MOVE Direction: NULL
[Avatar 1] Turn 186: (4, 9) AM_AVATAR_MOVE Direction: NULL
[Avatar 2] Turn 187: (8, 3) AM_AVATAR_MOVE Direction: SOUTH
[Avatar 3] Turn 188: (4, 9) AM_AVATAR_MOVE Direction: NULL
[Avatar 4] Turn 189: (3, 6) AM_AVATAR_MOVE Direction: SOUTH
[Avatar 0] Turn 190: (4, 9) AM_AVATAR_MOVE Direction: NULL
[Avatar 2] Turn 192: (8, 3) AM_AVATAR_MOVE Direction: WEST
[Avatar 3] Turn 193: (4, 9) AM_AVATAR_MOVE Direction: NULL
[Avatar 1] Turn 191: (4, 9) AM_AVATAR_MOVE Direction: NULL
[Avatar 4] Turn 194: (3, 7) AM_AVATAR_MOVE Direction: SOUTH
[Avatar 0] Turn 195: (4, 9) AM_AVATAR_MOVE Direction: NULL

[Avatar 1] Turn 196: (4, 9) AM_AVATAR_MOVE Direction: NULL
[Avatar 2] Turn 197: (7, 3) AM_AVATAR_MOVE Direction: SOUTH[Avatar 3] Turn 198: (4, 9) AM_AVATAR_MOVE Direction: NULL
[Avatar 4] Turn 199: (3, 8) AM_AVATAR_MOVE Direction: SOUTH
[Avatar 0] Turn 200: (4, 9) AM_AVATAR_MOVE Direction: NULL
[Avatar 3] Turn 203: (4, 9) AM_AVATAR_MOVE Direction: NULL
[Avatar 2] Turn 202: (7, 4) AM_AVATAR_MOVE Direction: SOUTH
[Avatar 1] Turn 201: (4, 9) AM_AVATAR_MOVE Direction: NULL
[Avatar 4] Turn 204: (3, 9) AM_AVATAR_MOVE Direction: EAST
[Avatar 0] Turn 205: (4, 9) AM_AVATAR_MOVE Direction: NULL
[Avatar 1] Turn 206: (4, 9) AM_AVATAR_MOVE Direction: NULL

[Avatar 3] Turn 208: (4, 9) AM_AVATAR_MOVE Direction: NULL[Avatar 2] Turn 207: (7, 4) AM_AVATAR_MOVE Direction: WEST
[Avatar 4] Turn 209: (4, 9) AM_AVATAR_MOVE Direction: NULL
[Avatar 1] Turn 211: (4, 9) AM_AVATAR_MOVE Direction: NULL

[Avatar 2] Turn 212: (7, 4) AM_AVATAR_MOVE Direction: EAST[Avatar 0] Turn 210: (4, 9) AM_AVATAR_MOVE Direction: NULL
[Avatar 3] Turn 213: (4, 9) AM_AVATAR_MOVE Direction: NULL
[Avatar 4] Turn 214: (4, 9) AM_AVATAR_MOVE Direction: NULL
[Avatar 0] Turn 215: (4, 9) AM_AVATAR_MOVE Direction: NULL
[Avatar 1] Turn 216: (4, 9) AM_AVATAR_MOVE Direction: NULL
[Avatar 2] Turn 217: (8, 4) AM_AVATAR_MOVE Direction: SOUTH
[Avatar 3] Turn 218: (4, 9) AM_AVATAR_MOVE Direction: NULL
[Avatar 4] Turn 219: (4, 9) AM_AVATAR_MOVE Direction: NULL
[Avatar 0] Turn 220: (4, 9) AM_AVATAR_MOVE Direction: NULL
[Avatar 1] Turn 221: (4, 9) AM_AVATAR_MOVE Direction: NULL

[Avatar 3] Turn 223: (4, 9) AM_AVATAR_MOVE Direction: NULL[Avatar 2] Turn 222: (8, 4) AM_AVATAR_MOVE Direction: EAST
[Avatar 4] Turn 224: (4, 9) AM_AVATAR_MOVE Direction: NULL
[Avatar 0] Turn 225: (4, 9) AM_AVATAR_MOVE Direction: NULL
[Avatar 3] Turn 228: (4, 9) AM_AVATAR_MOVE Direction: NULL
[Avatar 1] Turn 226: (4, 9) AM_AVATAR_MOVE Direction: NULL
[Avatar 2] Turn 227: (9, 4) AM_AVATAR_MOVE Direction: SOUTH
[Avatar 4] Turn 229: (4, 9) AM_AVATAR_MOVE Direction: NULL
[Avatar 0] Turn 230: (4, 9) AM_AVATAR_MOVE Direction: NULL

[Avatar 2] Turn 232: (9, 4) AM_AVATAR_MOVE Direction: EAST
[Avatar 3] Turn 233: (4, 9) AM_AVATAR_MOVE Direction: NULL[Avatar 1] Turn 231: (4, 9) AM_AVATAR_MOVE Direction: NULL
[Avatar 4] Turn 234: (4, 9) AM_AVATAR_MOVE Direction: NULL
[Avatar 0] Turn 235: (4, 9) AM_AVATAR_MOVE Direction: NULL
[Avatar 3] Turn 238: (4, 9) AM_AVATAR_MOVE Direction: NULL
[Avatar 1] Turn 236: (4, 9) AM_AVATAR_MOVE Direction: NULL
[Avatar 2] Turn 237: (10, 4) AM_AVATAR_MOVE Direction: SOUTH
[Avatar 4] Turn 239: (4, 9) AM_AVATAR_MOVE Direction: NULL
[Avatar 0] Turn 240: (4, 9) AM_AVATAR_MOVE Direction: NULL
[Avatar 1] Turn 241: (4, 9) AM_AVATAR_MOVE Direction: NULL
[Avatar 2] Turn 242: (10, 5) AM_AVATAR_MOVE Direction: WEST
[Avatar 3] Turn 243: (4, 9) AM_AVATAR_MOVE Direction: NULL
[Avatar 4] Turn 244: (4, 9) AM_AVATAR_MOVE Direction: NULL
[Avatar 0] Turn 245: (4, 9) AM_AVATAR_MOVE Direction: NULL
[Avatar 1] Turn 246: (4, 9) AM_AVATAR_MOVE Direction: NULL

[Avatar 3] Turn 248: (4, 9) AM_AVATAR_MOVE Direction: NULL[Avatar 2] Turn 247: (10, 5) AM_AVATAR_MOVE Direction: SOUTH
[Avatar 4] Turn 249: (4, 9) AM_AVATAR_MOVE Direction: NULL
[Avatar 0] Turn 250: (4, 9) AM_AVATAR_MOVE Direction: NULL
[Avatar 1] Turn 251: (4, 9) AM_AVATAR_MOVE Direction: NULL
[Avatar 2] Turn 252: (10, 6) AM_AVATAR_MOVE Direction: WEST
[Avatar 3] Turn 253: (4, 9) AM_AVATAR_MOVE Direction: NULL
[Avatar 4] Turn 254: (4, 9) AM_AVATAR_MOVE Direction: NULL
[Avatar 0] Turn 255: (4, 9) AM_AVATAR_MOVE Direction: NULL
[Avatar 1] Turn 256: (4, 9) AM_AVATAR_MOVE Direction: NULL

[Avatar 2] Turn 257: (10, 6) AM_AVATAR_MOVE Direction: SOUTH[Avatar 3] Turn 258: (4, 9) AM_AVATAR_MOVE Direction: NULL
[Avatar 4] Turn 259: (4, 9) AM_AVATAR_MOVE Direction: NULL
[Avatar 0] Turn 260: (4, 9) AM_AVATAR_MOVE Direction: NULL
[Avatar 2] Turn 262: (10, 7) AM_AVATAR_MOVE Direction: WEST
[Avatar 1] Turn 261: (4, 9) AM_AVATAR_MOVE Direction: NULL
[Avatar 3] Turn 263: (4, 9) AM_AVATAR_MOVE Direction: NULL
[Avatar 4] Turn 264: (4, 9) AM_AVATAR_MOVE Direction: NULL
[Avatar 0] Turn 265: (4, 9) AM_AVATAR_MOVE Direction: NULL
[Avatar 2] Turn 267: (9, 7) AM_AVATAR_MOVE Direction: EAST

[Avatar 3] Turn 268: (4, 9) AM_AVATAR_MOVE Direction: NULL[Avatar 1] Turn 266: (4, 9) AM_AVATAR_MOVE Direction: NULL
[Avatar 4] Turn 269: (4, 9) AM_AVATAR_MOVE Direction: NULL
[Avatar 0] Turn 270: (4, 9) AM_AVATAR_MOVE Direction: NULL

[Avatar 1] Turn 271: (4, 9) AM_AVATAR_MOVE Direction: NULL
[Avatar 2] Turn 272: (10, 7) AM_AVATAR_MOVE Direction: SOUTH[Avatar 3] Turn 273: (4, 9) AM_AVATAR_MOVE Direction: NULL
[Avatar 4] Turn 274: (4, 9) AM_AVATAR_MOVE Direction: NULL
[Avatar 0] Turn 275: (4, 9) AM_AVATAR_MOVE Direction: NULL
[Avatar 3] Turn 278: (4, 9) AM_AVATAR_MOVE Direction: NULL
[Avatar 1] Turn 276: (4, 9) AM_AVATAR_MOVE Direction: NULL
[Avatar 2] Turn 277: (10, 8) AM_AVATAR_MOVE Direction: EAST
[Avatar 4] Turn 279: (4, 9) AM_AVATAR_MOVE Direction: NULL
[Avatar 0] Turn 280: (4, 9) AM_AVATAR_MOVE Direction: NULL
[Avatar 3] Turn 283: (4, 9) AM_AVATAR_MOVE Direction: NULL

[Avatar 1] Turn 281: (4, 9) AM_AVATAR_MOVE Direction: NULL[Avatar 2] Turn 282: (11, 8) AM_AVATAR_MOVE Direction: SOUTH
[Avatar 4] Turn 284: (4, 9) AM_AVATAR_MOVE Direction: NULL
[Avatar 0] Turn 285: (4, 9) AM_AVATAR_MOVE Direction: NULL
[Avatar 3] Turn 288: (4, 9) AM_AVATAR_MOVE Direction: NULL
[Avatar 1] Turn 286: (4, 9) AM_AVATAR_MOVE Direction: NULL
[Avatar 2] Turn 287: (11, 9) AM_AVATAR_MOVE Direction: WEST
[Avatar 4] Turn 289: (4, 9) AM_AVATAR_MOVE Direction: NULL
[Avatar 0] Turn 290: (4, 9) AM_AVATAR_MOVE Direction: NULL
[Avatar 3] Turn 293: (4, 9) AM_AVATAR_MOVE Direction: NULL

[Avatar 2] Turn 292: (10, 9) AM_AVATAR_MOVE Direction: WEST[Avatar 1] Turn 291: (4, 9) AM_AVATAR_MOVE Direction: NULL
[Avatar 4] Turn 294: (4, 9) AM_AVATAR_MOVE Direction: NULL
[Avatar 0] Turn 295: (4, 9) AM_AVATAR_MOVE Direction: NULL
[Avatar 3] Turn 298: (4, 9) AM_AVATAR_MOVE Direction: NULL

[Avatar 2] Turn 297: (9, 9) AM_AVATAR_MOVE Direction: WEST[Avatar 1] Turn 296: (4, 9) AM_AVATAR_MOVE Direction: NULL
[Avatar 4] Turn 299: (4, 9) AM_AVATAR_MOVE Direction: NULL
[Avatar 0] Turn 300: (4, 9) AM_AVATAR_MOVE Direction: NULL

[Avatar 1] Turn 301: (4, 9) AM_AVATAR_MOVE Direction: NULL[Avatar 2] Turn 302: (8, 9) AM_AVATAR_MOVE Direction: EAST
[Avatar 3] Turn 303: (4, 9) AM_AVATAR_MOVE Direction: NULL
[Avatar 4] Turn 304: (4, 9) AM_AVATAR_MOVE Direction: NULL
[Avatar 0] Turn 305: (4, 9) AM_AVATAR_MOVE Direction: NULL

[Avatar 2] Turn 307: (9, 9) AM_AVATAR_MOVE Direction: NORTH[Avatar 1] Turn 306: (4, 9) AM_AVATAR_MOVE Direction: NULL
[Avatar 3] Turn 308: (4, 9) AM_AVATAR_MOVE Direction: NULL
[Avatar 4] Turn 309: (4, 9) AM_AVATAR_MOVE Direction: NULL
[Avatar 0] Turn 310: (4, 9) AM_AVATAR_MOVE Direction: NULL

[Avatar 1] Turn 311: (4, 9) AM_AVATAR_MOVE Direction: NULL[Avatar 3] Turn 313: (4, 9) AM_AVATAR_MOVE Direction: NULL
[Avatar 2] Turn 312: (9, 8) AM_AVATAR_MOVE Direction: WEST
[Avatar 4] Turn 314: (4, 9) AM_AVATAR_MOVE Direction: NULL
[Avatar 0] Turn 315: (4, 9) AM_AVATAR_MOVE Direction: NULL
[Avatar 1] Turn 316: (4, 9) AM_AVATAR_MOVE Direction: NULL
[Avatar 2] Turn 317: (8, 8) AM_AVATAR_MOVE Direction: NORTH
[Avatar 3] Turn 318: (4, 9) AM_AVATAR_MOVE Direction: NULL
[Avatar 4] Turn 319: (4, 9) AM_AVATAR_MOVE Direction: NULL
[Avatar 0] Turn 320: (4, 9) AM_AVATAR_MOVE Direction: NULL

[Avatar 2] Turn 322: (8, 7) AM_AVATAR_MOVE Direction: NORTH[Avatar 1] Turn 321: (4, 9) AM_AVATAR_MOVE Direction: NULL
[Avatar 3] Turn 323: (4, 9) AM_AVATAR_MOVE Direction: NULL
[Avatar 4] Turn 324: (4, 9) AM_AVATAR_MOVE Direction: NULL
[Avatar 1] Turn 326: (4, 9) AM_AVATAR_MOVE Direction: NULL
[Avatar 3] Turn 328: (4, 9) AM_AVATAR_MOVE Direction: NULL

[Avatar 0] Turn 325: (4, 9) AM_AVATAR_MOVE Direction: NULL[Avatar 2] Turn 327: (8, 6) AM_AVATAR_MOVE Direction: EAST
[Avatar 4] Turn 329: (4, 9) AM_AVATAR_MOVE Direction: NULL
[Avatar 0] Turn 330: (4, 9) AM_AVATAR_MOVE Direction: NULL
[Avatar 3] Turn 333: (4, 9) AM_AVATAR_MOVE Direction: NULL
[Avatar 1] Turn 331: (4, 9) AM_AVATAR_MOVE Direction: NULL
[Avatar 2] Turn 332: (9, 6) AM_AVATAR_MOVE Direction: NORTH
[Avatar 4] Turn 334: (4, 9) AM_AVATAR_MOVE Direction: NULL
[Avatar 0] Turn 335: (4, 9) AM_AVATAR_MOVE Direction: NULL
[Avatar 1] Turn 336: (4, 9) AM_AVATAR_MOVE Direction: NULL
[Avatar 2] Turn 337: (9, 5) AM_AVATAR_MOVE Direction: WEST
[Avatar 3] Turn 338: (4, 9) AM_AVATAR_MOVE Direction: NULL
[Avatar 4] Turn 339: (4, 9) AM_AVATAR_MOVE Direction: NULL
[Avatar 0] Turn 340: (4, 9) AM_AVATAR_MOVE Direction: NULL
[Avatar 1] Turn 341: (4, 9) AM_AVATAR_MOVE Direction: NULL
[Avatar 2] Turn 342: (8, 5) AM_AVATAR_MOVE Direction: WEST
[Avatar 3] Turn 343: (4, 9) AM_AVATAR_MOVE Direction: NULL
[Avatar 4] Turn 344: (4, 9) AM_AVATAR_MOVE Direction: NULL
[Avatar 0] Turn 345: (4, 9) AM_AVATAR_MOVE Direction: NULL
[Avatar 1] Turn 346: (4, 9) AM_AVATAR_MOVE Direction: NULL
[Avatar 2] Turn 347: (7, 5) AM_AVATAR_MOVE Direction: SOUTH
[Avatar 3] Turn 348: (4, 9) AM_AVATAR_MOVE Direction: NULL
[Avatar 4] Turn 349: (4, 9) AM_AVATAR_MOVE Direction: NULL
[Avatar 0] Turn 350: (4, 9) AM_AVATAR_MOVE Direction: NULL
[Avatar 1] Turn 351: (4, 9) AM_AVATAR_MOVE Direction: NULL
[Avatar 2] Turn 352: (7, 6) AM_AVATAR_MOVE Direction: SOUTH
[Avatar 3] Turn 353: (4, 9) AM_AVATAR_MOVE Direction: NULL
[Avatar 4] Turn 354: (4, 9) AM_AVATAR_MOVE Direction: NULL
[Avatar 0] Turn 355: (4, 9) AM_AVATAR_MOVE Direction: NULL
[Avatar 1] Turn 356: (4, 9) AM_AVATAR_MOVE Direction: NULL
[Avatar 2] Turn 357: (7, 7) AM_AVATAR_MOVE Direction: WEST
[Avatar 3] Turn 358: (4, 9) AM_AVATAR_MOVE Direction: NULL
[Avatar 4] Turn 359: (4, 9) AM_AVATAR_MOVE Direction: NULL
[Avatar 0] Turn 360: (4, 9) AM_AVATAR_MOVE Direction: NULL

[Avatar 1] Turn 361: (4, 9) AM_AVATAR_MOVE Direction: NULL[Avatar 3] Turn 363: (4, 9) AM_AVATAR_MOVE Direction: NULL
[Avatar 2] Turn 362: (6, 7) AM_AVATAR_MOVE Direction: SOUTH
[Avatar 4] Turn 364: (4, 9) AM_AVATAR_MOVE Direction: NULL
[Avatar 0] Turn 365: (4, 9) AM_AVATAR_MOVE Direction: NULL
[Avatar 1] Turn 366: (4, 9) AM_AVATAR_MOVE Direction: NULL
[Avatar 3] Turn 368: (4, 9) AM_AVATAR_MOVE Direction: NULL
[Avatar 2] Turn 367: (6, 8) AM_AVATAR_MOVE Direction: WEST
[Avatar 4] Turn 369: (4, 9) AM_AVATAR_MOVE Direction: NULL
[Avatar 0] Turn 370: (4, 9) AM_AVATAR_MOVE Direction: NULL
[Avatar 1] Turn 371: (4, 9) AM_AVATAR_MOVE Direction: NULL
[Avatar 2] Turn 372: (5, 8) AM_AVATAR_MOVE Direction: WEST
[Avatar 3] Turn 373: (4, 9) AM_AVATAR_MOVE Direction: NULL
[Avatar 4] Turn 374: (4, 9) AM_AVATAR_MOVE Direction: NULL
[Avatar 0] Turn 375: (4, 9) AM_AVATAR_MOVE Direction: NULL
[Avatar 3] Turn 378: (4, 9) AM_AVATAR_MOVE Direction: NULL
[Avatar 1] Turn 376: (4, 9) AM_AVATAR_MOVE Direction: NULL
[Avatar 2] Turn 377: (4, 8) AM_AVATAR_MOVE Direction: NORTH
[Avatar 4] Turn 379: (4, 9) AM_AVATAR_MOVE Direction: NULL
[Avatar 0] Turn 380: (4, 9) AM_AVATAR_MOVE Direction: NULL

[Avatar 2] Turn 382: (4, 7) AM_AVATAR_MOVE Direction: NORTH[Avatar 1] Turn 381: (4, 9) AM_AVATAR_MOVE Direction: NULL
[Avatar 3] Turn 383: (4, 9) AM_AVATAR_MOVE Direction: NULL
[Avatar 4] Turn 384: (4, 9) AM_AVATAR_MOVE Direction: NULL
[Avatar 0] Turn 385: (4, 9) AM_AVATAR_MOVE Direction: NULL

[Avatar 1] Turn 386: (4, 9) AM_AVATAR_MOVE Direction: NULL[Avatar 3] Turn 388: (4, 9) AM_AVATAR_MOVE Direction: NULL
[Avatar 2] Turn 387: (4, 6) AM_AVATAR_MOVE Direction: WEST
[Avatar 4] Turn 389: (4, 9) AM_AVATAR_MOVE Direction: NULL
[Avatar 0] Turn 390: (4, 9) AM_AVATAR_MOVE Direction: NULL
[Avatar 3] Turn 393: (4, 9) AM_AVATAR_MOVE Direction: NULL

[Avatar 2] Turn 392: (3, 6) AM_AVATAR_MOVE Direction: SOUTH[Avatar 1] Turn 391: (4, 9) AM_AVATAR_MOVE Direction: NULL
[Avatar 4] Turn 394: (4, 9) AM_AVATAR_MOVE Direction: NULL
[Avatar 0] Turn 395: (4, 9) AM_AVATAR_MOVE Direction: NULL

[Avatar 2] Turn 397: (3, 7) AM_AVATAR_MOVE Direction: SOUTH[Avatar 1] Turn 396: (4, 9) AM_AVATAR_MOVE Direction: NULL
[Avatar 3] Turn 398: (4, 9) AM_AVATAR_MOVE Direction: NULL
[Avatar 4] Turn 399: (4, 9) AM_AVATAR_MOVE Direction: NULL
[Avatar 0] Turn 400: (4, 9) AM_AVATAR_MOVE Direction: NULL
[Avatar 2] Turn 402: (3, 8) AM_AVATAR_MOVE Direction: SOUTH
[Avatar 1] Turn 401: (4, 9) AM_AVATAR_MOVE Direction: NULL
[Avatar 3] Turn 403: (4, 9) AM_AVATAR_MOVE Direction: NULL
[Avatar 4] Turn 404: (4, 9) AM_AVATAR_MOVE Direction: NULL
[Avatar 0] Turn 405: (4, 9) AM_AVATAR_MOVE Direction: NULL
[Avatar 2] Turn 407: (3, 9) AM_AVATAR_MOVE Direction: EAST
[Avatar 1] Turn 406: (4, 9) AM_AVATAR_MOVE Direction: NULL
Maze solved in 408 turns
Hash: 1846754696l
