joannezhao, 57146, Wed May 28 20:49:06 EDT 2014


Sent AM_AVATAR_READY signal with AvatarID: 4
Sent AM_AVATAR_READY signal with AvatarID: 5

Sent AM_AVATAR_READY signal with AvatarID: 0Sent AM_AVATAR_READY signal with AvatarID: 1
Sent AM_AVATAR_READY signal with AvatarID: 2
Sent AM_AVATAR_READY signal with AvatarID: 3
[Avatar 0] Turn 0: (4, 9) AM_AVATAR_MOVE Direction: NULL
[Avatar 1] Turn 1: (3, 7) AM_AVATAR_MOVE Direction: SOUTH
[Avatar 2] Turn 2: (9, 1) AM_AVATAR_MOVE Direction: SOUTH
[Avatar 3] Turn 3: (9, 5) AM_AVATAR_MOVE Direction: WEST
[Avatar 4] Turn 4: (9, 7) AM_AVATAR_MOVE Direction: WEST
[Avatar 5] Turn 5: (3, 6) AM_AVATAR_MOVE Direction: SOUTH
[Avatar 0] Turn 6: (4, 9) AM_AVATAR_MOVE Direction: NULL
[Avatar 1] Turn 7: (3, 8) AM_AVATAR_MOVE Direction: WEST
[Avatar 2] Turn 8: (9, 2) AM_AVATAR_MOVE Direction: SOUTH
[Avatar 3] Turn 9: (8, 5) AM_AVATAR_MOVE Direction: WEST
[Avatar 4] Turn 10: (9, 7) AM_AVATAR_MOVE Direction: SOUTH
[Avatar 5] Turn 11: (3, 7) AM_AVATAR_MOVE Direction: SOUTH
[Avatar 0] Turn 12: (4, 9) AM_AVATAR_MOVE Direction: NULL
[Avatar 1] Turn 13: (3, 8) AM_AVATAR_MOVE Direction: SOUTH
[Avatar 2] Turn 14: (9, 3) AM_AVATAR_MOVE Direction: SOUTH
[Avatar 3] Turn 15: (7, 5) AM_AVATAR_MOVE Direction: SOUTH
[Avatar 4] Turn 16: (9, 7) AM_AVATAR_MOVE Direction: NORTH
[Avatar 5] Turn 17: (3, 8) AM_AVATAR_MOVE Direction: SOUTH
[Avatar 0] Turn 18: (4, 9) AM_AVATAR_MOVE Direction: NULL
[Avatar 1] Turn 19: (3, 9) AM_AVATAR_MOVE Direction: WEST
[Avatar 2] Turn 20: (9, 3) AM_AVATAR_MOVE Direction: WEST
[Avatar 3] Turn 21: (7, 6) AM_AVATAR_MOVE Direction: WEST
[Avatar 4] Turn 22: (9, 7) AM_AVATAR_MOVE Direction: EAST
[Avatar 5] Turn 23: (3, 9) AM_AVATAR_MOVE Direction: WEST
[Avatar 0] Turn 24: (4, 9) AM_AVATAR_MOVE Direction: NULL
[Avatar 1] Turn 25: (3, 9) AM_AVATAR_MOVE Direction: SOUTH
[Avatar 2] Turn 26: (9, 3) AM_AVATAR_MOVE Direction: EAST
[Avatar 3] Turn 27: (7, 6) AM_AVATAR_MOVE Direction: SOUTH
[Avatar 4] Turn 28: (10, 7) AM_AVATAR_MOVE Direction: SOUTH
[Avatar 5] Turn 29: (3, 9) AM_AVATAR_MOVE Direction: SOUTH
[Avatar 0] Turn 30: (4, 9) AM_AVATAR_MOVE Direction: NULL
[Avatar 1] Turn 31: (3, 9) AM_AVATAR_MOVE Direction: EAST
[Avatar 2] Turn 32: (9, 3) AM_AVATAR_MOVE Direction: NORTH
[Avatar 3] Turn 33: (7, 7) AM_AVATAR_MOVE Direction: WEST
[Avatar 4] Turn 34: (10, 8) AM_AVATAR_MOVE Direction: WEST
[Avatar 5] Turn 35: (3, 9) AM_AVATAR_MOVE Direction: EAST
[Avatar 0] Turn 36: (4, 9) AM_AVATAR_MOVE Direction: NULL
[Avatar 1] Turn 37: (4, 9) AM_AVATAR_MOVE Direction: NULL
[Avatar 2] Turn 38: (9, 2) AM_AVATAR_MOVE Direction: WEST
[Avatar 3] Turn 39: (6, 7) AM_AVATAR_MOVE Direction: WEST
[Avatar 4] Turn 40: (10, 8) AM_AVATAR_MOVE Direction: SOUTH
[Avatar 5] Turn 41: (4, 9) AM_AVATAR_MOVE Direction: NULL
[Avatar 0] Turn 42: (4, 9) AM_AVATAR_MOVE Direction: NULL

[Avatar 2] Turn 44: (9, 2) AM_AVATAR_MOVE Direction: EAST[Avatar 1] Turn 43: (4, 9) AM_AVATAR_MOVE Direction: NULL
[Avatar 4] Turn 46: (10, 8) AM_AVATAR_MOVE Direction: EAST
[Avatar 3] Turn 45: (6, 7) AM_AVATAR_MOVE Direction: SOUTH
[Avatar 5] Turn 47: (4, 9) AM_AVATAR_MOVE Direction: NULL
[Avatar 0] Turn 48: (4, 9) AM_AVATAR_MOVE Direction: NULL
[Avatar 1] Turn 49: (4, 9) AM_AVATAR_MOVE Direction: NULL
[Avatar 3] Turn 51: (6, 8) AM_AVATAR_MOVE Direction: WEST
[Avatar 4] Turn 52: (11, 8) AM_AVATAR_MOVE Direction: SOUTH
[Avatar 2] Turn 50: (10, 2) AM_AVATAR_MOVE Direction: SOUTH
[Avatar 5] Turn 53: (4, 9) AM_AVATAR_MOVE Direction: NULL
[Avatar 1] Turn 55: (4, 9) AM_AVATAR_MOVE Direction: NULL

[Avatar 0] Turn 54: (4, 9) AM_AVATAR_MOVE Direction: NULL[Avatar 2] Turn 56: (10, 3) AM_AVATAR_MOVE Direction: SOUTH

[Avatar 3] Turn 57: (5, 8) AM_AVATAR_MOVE Direction: WEST[Avatar 4] Turn 58: (11, 9) AM_AVATAR_MOVE Direction: WEST
[Avatar 5] Turn 59: (4, 9) AM_AVATAR_MOVE Direction: NULL
[Avatar 0] Turn 60: (4, 9) AM_AVATAR_MOVE Direction: NULL
[Avatar 4] Turn 64: (10, 9) AM_AVATAR_MOVE Direction: WEST

[Avatar 1] Turn 61: (4, 9) AM_AVATAR_MOVE Direction: NULL[Avatar 2] Turn 62: (10, 3) AM_AVATAR_MOVE Direction: EAST
[Avatar 3] Turn 63: (4, 8) AM_AVATAR_MOVE Direction: SOUTH
[Avatar 5] Turn 65: (4, 9) AM_AVATAR_MOVE Direction: NULL
[Avatar 0] Turn 66: (4, 9) AM_AVATAR_MOVE Direction: NULL

[Avatar 3] Turn 69: (4, 8) AM_AVATAR_MOVE Direction: WEST
[Avatar 2] Turn 68: (11, 3) AM_AVATAR_MOVE Direction: SOUTH[Avatar 1] Turn 67: (4, 9) AM_AVATAR_MOVE Direction: NULL
[Avatar 4] Turn 70: (9, 9) AM_AVATAR_MOVE Direction: WEST
[Avatar 5] Turn 71: (4, 9) AM_AVATAR_MOVE Direction: NULL
[Avatar 0] Turn 72: (4, 9) AM_AVATAR_MOVE Direction: NULL

[Avatar 3] Turn 75: (4, 8) AM_AVATAR_MOVE Direction: NORTH
[Avatar 4] Turn 76: (8, 9) AM_AVATAR_MOVE Direction: WEST[Avatar 1] Turn 73: (4, 9) AM_AVATAR_MOVE Direction: NULL
[Avatar 2] Turn 74: (11, 4) AM_AVATAR_MOVE Direction: WEST
[Avatar 5] Turn 77: (4, 9) AM_AVATAR_MOVE Direction: NULL
[Avatar 0] Turn 78: (4, 9) AM_AVATAR_MOVE Direction: NULL
[Avatar 3] Turn 81: (4, 7) AM_AVATAR_MOVE Direction: EAST
[Avatar 1] Turn 79: (4, 9) AM_AVATAR_MOVE Direction: NULL

[Avatar 2] Turn 80: (11, 4) AM_AVATAR_MOVE Direction: SOUTH[Avatar 4] Turn 82: (8, 9) AM_AVATAR_MOVE Direction: NORTH
[Avatar 5] Turn 83: (4, 9) AM_AVATAR_MOVE Direction: NULL
[Avatar 0] Turn 84: (4, 9) AM_AVATAR_MOVE Direction: NULL
[Avatar 1] Turn 85: (4, 9) AM_AVATAR_MOVE Direction: NULL
[Avatar 2] Turn 86: (11, 5) AM_AVATAR_MOVE Direction: WEST
[Avatar 3] Turn 87: (4, 7) AM_AVATAR_MOVE Direction: WEST
[Avatar 4] Turn 88: (8, 9) AM_AVATAR_MOVE Direction: SOUTH
[Avatar 5] Turn 89: (4, 9) AM_AVATAR_MOVE Direction: NULL
[Avatar 0] Turn 90: (4, 9) AM_AVATAR_MOVE Direction: NULL
[Avatar 2] Turn 92: (11, 5) AM_AVATAR_MOVE Direction: SOUTH

[Avatar 3] Turn 93: (4, 7) AM_AVATAR_MOVE Direction: NORTH[Avatar 1] Turn 91: (4, 9) AM_AVATAR_MOVE Direction: NULL
[Avatar 4] Turn 94: (8, 9) AM_AVATAR_MOVE Direction: EAST
[Avatar 5] Turn 95: (4, 9) AM_AVATAR_MOVE Direction: NULL
[Avatar 0] Turn 96: (4, 9) AM_AVATAR_MOVE Direction: NULL
[Avatar 2] Turn 98: (11, 6) AM_AVATAR_MOVE Direction: WEST
[Avatar 4] Turn 100: (9, 9) AM_AVATAR_MOVE Direction: NORTH
[Avatar 3] Turn 99: (4, 6) AM_AVATAR_MOVE Direction: EAST
[Avatar 1] Turn 97: (4, 9) AM_AVATAR_MOVE Direction: NULL
[Avatar 5] Turn 101: (4, 9) AM_AVATAR_MOVE Direction: NULL
[Avatar 0] Turn 102: (4, 9) AM_AVATAR_MOVE Direction: NULL

[Avatar 3] Turn 105: (4, 6) AM_AVATAR_MOVE Direction: WEST
[Avatar 4] Turn 106: (9, 8) AM_AVATAR_MOVE Direction: WEST
[Avatar 1] Turn 103: (4, 9) AM_AVATAR_MOVE Direction: NULL[Avatar 2] Turn 104: (11, 6) AM_AVATAR_MOVE Direction: SOUTH
[Avatar 5] Turn 107: (4, 9) AM_AVATAR_MOVE Direction: NULL
[Avatar 0] Turn 108: (4, 9) AM_AVATAR_MOVE Direction: NULL
[Avatar 1] Turn 109: (4, 9) AM_AVATAR_MOVE Direction: NULL
[Avatar 2] Turn 110: (11, 7) AM_AVATAR_MOVE Direction: WEST
[Avatar 3] Turn 111: (3, 6) AM_AVATAR_MOVE Direction: SOUTH
[Avatar 4] Turn 112: (8, 8) AM_AVATAR_MOVE Direction: WEST
[Avatar 5] Turn 113: (4, 9) AM_AVATAR_MOVE Direction: NULL
[Avatar 0] Turn 114: (4, 9) AM_AVATAR_MOVE Direction: NULL
[Avatar 1] Turn 115: (4, 9) AM_AVATAR_MOVE Direction: NULL
[Avatar 2] Turn 116: (11, 7) AM_AVATAR_MOVE Direction: SOUTH
[Avatar 3] Turn 117: (3, 7) AM_AVATAR_MOVE Direction: SOUTH
[Avatar 4] Turn 118: (8, 8) AM_AVATAR_MOVE Direction: NORTH
[Avatar 5] Turn 119: (4, 9) AM_AVATAR_MOVE Direction: NULL
[Avatar 0] Turn 120: (4, 9) AM_AVATAR_MOVE Direction: NULL
[Avatar 3] Turn 123: (3, 8) AM_AVATAR_MOVE Direction: SOUTH

[Avatar 2] Turn 122: (11, 7) AM_AVATAR_MOVE Direction: EAST[Avatar 1] Turn 121: (4, 9) AM_AVATAR_MOVE Direction: NULL
[Avatar 4] Turn 124: (8, 7) AM_AVATAR_MOVE Direction: WEST
[Avatar 5] Turn 125: (4, 9) AM_AVATAR_MOVE Direction: NULL
[Avatar 0] Turn 126: (4, 9) AM_AVATAR_MOVE Direction: NULL

[Avatar 2] Turn 128: (11, 7) AM_AVATAR_MOVE Direction: NORTH
[Avatar 3] Turn 129: (3, 9) AM_AVATAR_MOVE Direction: EAST
[Avatar 4] Turn 130: (8, 7) AM_AVATAR_MOVE Direction: NORTH[Avatar 1] Turn 127: (4, 9) AM_AVATAR_MOVE Direction: NULL
[Avatar 5] Turn 131: (4, 9) AM_AVATAR_MOVE Direction: NULL
[Avatar 0] Turn 132: (4, 9) AM_AVATAR_MOVE Direction: NULL
[Avatar 4] Turn 136: (8, 6) AM_AVATAR_MOVE Direction: WEST
[Avatar 3] Turn 135: (4, 9) AM_AVATAR_MOVE Direction: NULL

[Avatar 1] Turn 133: (4, 9) AM_AVATAR_MOVE Direction: NULL[Avatar 2] Turn 134: (11, 6) AM_AVATAR_MOVE Direction: EAST
[Avatar 5] Turn 137: (4, 9) AM_AVATAR_MOVE Direction: NULL
[Avatar 0] Turn 138: (4, 9) AM_AVATAR_MOVE Direction: NULL
[Avatar 2] Turn 140: (11, 6) AM_AVATAR_MOVE Direction: NORTH
[Avatar 4] Turn 142: (8, 6) AM_AVATAR_MOVE Direction: NORTH

[Avatar 3] Turn 141: (4, 9) AM_AVATAR_MOVE Direction: NULL[Avatar 1] Turn 139: (4, 9) AM_AVATAR_MOVE Direction: NULL
[Avatar 5] Turn 143: (4, 9) AM_AVATAR_MOVE Direction: NULL
[Avatar 0] Turn 144: (4, 9) AM_AVATAR_MOVE Direction: NULL
[Avatar 1] Turn 145: (4, 9) AM_AVATAR_MOVE Direction: NULL
[Avatar 2] Turn 146: (11, 5) AM_AVATAR_MOVE Direction: EAST
[Avatar 3] Turn 147: (4, 9) AM_AVATAR_MOVE Direction: NULL
[Avatar 4] Turn 148: (8, 6) AM_AVATAR_MOVE Direction: EAST
[Avatar 5] Turn 149: (4, 9) AM_AVATAR_MOVE Direction: NULL
[Avatar 0] Turn 150: (4, 9) AM_AVATAR_MOVE Direction: NULL
[Avatar 2] Turn 152: (11, 5) AM_AVATAR_MOVE Direction: NORTH
[Avatar 1] Turn 151: (4, 9) AM_AVATAR_MOVE Direction: NULL
[Avatar 4] Turn 154: (9, 6) AM_AVATAR_MOVE Direction: NORTH
[Avatar 3] Turn 153: (4, 9) AM_AVATAR_MOVE Direction: NULL
[Avatar 5] Turn 155: (4, 9) AM_AVATAR_MOVE Direction: NULL
[Avatar 0] Turn 156: (4, 9) AM_AVATAR_MOVE Direction: NULL

[Avatar 3] Turn 159: (4, 9) AM_AVATAR_MOVE Direction: NULL
[Avatar 2] Turn 158: (11, 4) AM_AVATAR_MOVE Direction: EAST[Avatar 1] Turn 157: (4, 9) AM_AVATAR_MOVE Direction: NULL
[Avatar 4] Turn 160: (9, 5) AM_AVATAR_MOVE Direction: WEST
[Avatar 5] Turn 161: (4, 9) AM_AVATAR_MOVE Direction: NULL
[Avatar 0] Turn 162: (4, 9) AM_AVATAR_MOVE Direction: NULL
[Avatar 1] Turn 163: (4, 9) AM_AVATAR_MOVE Direction: NULL
[Avatar 2] Turn 164: (11, 4) AM_AVATAR_MOVE Direction: NORTH

[Avatar 4] Turn 166: (8, 5) AM_AVATAR_MOVE Direction: WEST[Avatar 3] Turn 165: (4, 9) AM_AVATAR_MOVE Direction: NULL
[Avatar 5] Turn 167: (4, 9) AM_AVATAR_MOVE Direction: NULL
[Avatar 0] Turn 168: (4, 9) AM_AVATAR_MOVE Direction: NULL
[Avatar 3] Turn 171: (4, 9) AM_AVATAR_MOVE Direction: NULL

[Avatar 1] Turn 169: (4, 9) AM_AVATAR_MOVE Direction: NULL[Avatar 4] Turn 172: (7, 5) AM_AVATAR_MOVE Direction: SOUTH
[Avatar 2] Turn 170: (11, 3) AM_AVATAR_MOVE Direction: NORTH
[Avatar 5] Turn 173: (4, 9) AM_AVATAR_MOVE Direction: NULL
[Avatar 0] Turn 174: (4, 9) AM_AVATAR_MOVE Direction: NULL
[Avatar 2] Turn 176: (11, 2) AM_AVATAR_MOVE Direction: NORTH

[Avatar 3] Turn 177: (4, 9) AM_AVATAR_MOVE Direction: NULL[Avatar 1] Turn 175: (4, 9) AM_AVATAR_MOVE Direction: NULL
[Avatar 4] Turn 178: (7, 6) AM_AVATAR_MOVE Direction: SOUTH
[Avatar 5] Turn 179: (4, 9) AM_AVATAR_MOVE Direction: NULL
[Avatar 0] Turn 180: (4, 9) AM_AVATAR_MOVE Direction: NULL
[Avatar 1] Turn 181: (4, 9) AM_AVATAR_MOVE Direction: NULL
[Avatar 2] Turn 182: (11, 1) AM_AVATAR_MOVE Direction: WEST
[Avatar 3] Turn 183: (4, 9) AM_AVATAR_MOVE Direction: NULL
[Avatar 4] Turn 184: (7, 7) AM_AVATAR_MOVE Direction: WEST
[Avatar 5] Turn 185: (4, 9) AM_AVATAR_MOVE Direction: NULL
[Avatar 0] Turn 186: (4, 9) AM_AVATAR_MOVE Direction: NULL
[Avatar 4] Turn 190: (6, 7) AM_AVATAR_MOVE Direction: SOUTH

[Avatar 3] Turn 189: (4, 9) AM_AVATAR_MOVE Direction: NULL
[Avatar 2] Turn 188: (10, 1) AM_AVATAR_MOVE Direction: NORTH[Avatar 1] Turn 187: (4, 9) AM_AVATAR_MOVE Direction: NULL
[Avatar 5] Turn 191: (4, 9) AM_AVATAR_MOVE Direction: NULL
[Avatar 0] Turn 192: (4, 9) AM_AVATAR_MOVE Direction: NULL
[Avatar 3] Turn 195: (4, 9) AM_AVATAR_MOVE Direction: NULL
[Avatar 2] Turn 194: (10, 0) AM_AVATAR_MOVE Direction: WEST

[Avatar 1] Turn 193: (4, 9) AM_AVATAR_MOVE Direction: NULL[Avatar 4] Turn 196: (6, 8) AM_AVATAR_MOVE Direction: WEST
[Avatar 5] Turn 197: (4, 9) AM_AVATAR_MOVE Direction: NULL
[Avatar 0] Turn 198: (4, 9) AM_AVATAR_MOVE Direction: NULL

[Avatar 2] Turn 200: (9, 0) AM_AVATAR_MOVE Direction: WEST
[Avatar 3] Turn 201: (4, 9) AM_AVATAR_MOVE Direction: NULL[Avatar 4] Turn 202: (5, 8) AM_AVATAR_MOVE Direction: WEST
[Avatar 1] Turn 199: (4, 9) AM_AVATAR_MOVE Direction: NULL
[Avatar 5] Turn 203: (4, 9) AM_AVATAR_MOVE Direction: NULL
[Avatar 0] Turn 204: (4, 9) AM_AVATAR_MOVE Direction: NULL
[Avatar 4] Turn 208: (4, 8) AM_AVATAR_MOVE Direction: NORTH

[Avatar 1] Turn 205: (4, 9) AM_AVATAR_MOVE Direction: NULL[Avatar 2] Turn 206: (8, 0) AM_AVATAR_MOVE Direction: SOUTH
[Avatar 3] Turn 207: (4, 9) AM_AVATAR_MOVE Direction: NULL
[Avatar 5] Turn 209: (4, 9) AM_AVATAR_MOVE Direction: NULL
[Avatar 1] Turn 211: (4, 9) AM_AVATAR_MOVE Direction: NULL

[Avatar 0] Turn 210: (4, 9) AM_AVATAR_MOVE Direction: NULL[Avatar 4] Turn 214: (4, 7) AM_AVATAR_MOVE Direction: NORTH
[Avatar 3] Turn 213: (4, 9) AM_AVATAR_MOVE Direction: NULL
[Avatar 2] Turn 212: (8, 1) AM_AVATAR_MOVE Direction: SOUTH
[Avatar 5] Turn 215: (4, 9) AM_AVATAR_MOVE Direction: NULL
[Avatar 0] Turn 216: (4, 9) AM_AVATAR_MOVE Direction: NULL

[Avatar 1] Turn 217: (4, 9) AM_AVATAR_MOVE Direction: NULL
[Avatar 4] Turn 220: (4, 6) AM_AVATAR_MOVE Direction: WEST
[Avatar 2] Turn 218: (8, 2) AM_AVATAR_MOVE Direction: SOUTH[Avatar 3] Turn 219: (4, 9) AM_AVATAR_MOVE Direction: NULL
[Avatar 5] Turn 221: (4, 9) AM_AVATAR_MOVE Direction: NULL
[Avatar 0] Turn 222: (4, 9) AM_AVATAR_MOVE Direction: NULL
[Avatar 1] Turn 223: (4, 9) AM_AVATAR_MOVE Direction: NULL
[Avatar 2] Turn 224: (8, 3) AM_AVATAR_MOVE Direction: SOUTH
[Avatar 3] Turn 225: (4, 9) AM_AVATAR_MOVE Direction: NULL
[Avatar 4] Turn 226: (3, 6) AM_AVATAR_MOVE Direction: SOUTH
[Avatar 5] Turn 227: (4, 9) AM_AVATAR_MOVE Direction: NULL
[Avatar 0] Turn 228: (4, 9) AM_AVATAR_MOVE Direction: NULL
[Avatar 1] Turn 229: (4, 9) AM_AVATAR_MOVE Direction: NULL
[Avatar 2] Turn 230: (8, 3) AM_AVATAR_MOVE Direction: WEST
[Avatar 3] Turn 231: (4, 9) AM_AVATAR_MOVE Direction: NULL
[Avatar 4] Turn 232: (3, 7) AM_AVATAR_MOVE Direction: SOUTH
[Avatar 5] Turn 233: (4, 9) AM_AVATAR_MOVE Direction: NULL
[Avatar 0] Turn 234: (4, 9) AM_AVATAR_MOVE Direction: NULL
[Avatar 1] Turn 235: (4, 9) AM_AVATAR_MOVE Direction: NULL
[Avatar 2] Turn 236: (7, 3) AM_AVATAR_MOVE Direction: SOUTH
[Avatar 3] Turn 237: (4, 9) AM_AVATAR_MOVE Direction: NULL
[Avatar 4] Turn 238: (3, 8) AM_AVATAR_MOVE Direction: SOUTH
[Avatar 5] Turn 239: (4, 9) AM_AVATAR_MOVE Direction: NULL
[Avatar 0] Turn 240: (4, 9) AM_AVATAR_MOVE Direction: NULL
[Avatar 2] Turn 242: (7, 4) AM_AVATAR_MOVE Direction: SOUTH
[Avatar 1] Turn 241: (4, 9) AM_AVATAR_MOVE Direction: NULL
[Avatar 3] Turn 243: (4, 9) AM_AVATAR_MOVE Direction: NULL
[Avatar 4] Turn 244: (3, 9) AM_AVATAR_MOVE Direction: EAST
[Avatar 5] Turn 245: (4, 9) AM_AVATAR_MOVE Direction: NULL
[Avatar 0] Turn 246: (4, 9) AM_AVATAR_MOVE Direction: NULL
[Avatar 1] Turn 247: (4, 9) AM_AVATAR_MOVE Direction: NULL
[Avatar 2] Turn 248: (7, 4) AM_AVATAR_MOVE Direction: WEST
[Avatar 4] Turn 250: (4, 9) AM_AVATAR_MOVE Direction: NULL
[Avatar 3] Turn 249: (4, 9) AM_AVATAR_MOVE Direction: NULL
[Avatar 5] Turn 251: (4, 9) AM_AVATAR_MOVE Direction: NULL
[Avatar 0] Turn 252: (4, 9) AM_AVATAR_MOVE Direction: NULL

[Avatar 2] Turn 254: (7, 4) AM_AVATAR_MOVE Direction: EAST
[Avatar 4] Turn 256: (4, 9) AM_AVATAR_MOVE Direction: NULL
[Avatar 1] Turn 253: (4, 9) AM_AVATAR_MOVE Direction: NULL[Avatar 3] Turn 255: (4, 9) AM_AVATAR_MOVE Direction: NULL
[Avatar 5] Turn 257: (4, 9) AM_AVATAR_MOVE Direction: NULL
[Avatar 0] Turn 258: (4, 9) AM_AVATAR_MOVE Direction: NULL

[Avatar 3] Turn 261: (4, 9) AM_AVATAR_MOVE Direction: NULL
[Avatar 1] Turn 259: (4, 9) AM_AVATAR_MOVE Direction: NULL[Avatar 2] Turn 260: (8, 4) AM_AVATAR_MOVE Direction: SOUTH
[Avatar 4] Turn 262: (4, 9) AM_AVATAR_MOVE Direction: NULL
[Avatar 5] Turn 263: (4, 9) AM_AVATAR_MOVE Direction: NULL
[Avatar 0] Turn 264: (4, 9) AM_AVATAR_MOVE Direction: NULL
[Avatar 1] Turn 265: (4, 9) AM_AVATAR_MOVE Direction: NULL

[Avatar 4] Turn 268: (4, 9) AM_AVATAR_MOVE Direction: NULL[Avatar 3] Turn 267: (4, 9) AM_AVATAR_MOVE Direction: NULL
[Avatar 2] Turn 266: (8, 4) AM_AVATAR_MOVE Direction: EAST
[Avatar 5] Turn 269: (4, 9) AM_AVATAR_MOVE Direction: NULL
[Avatar 0] Turn 270: (4, 9) AM_AVATAR_MOVE Direction: NULL
[Avatar 1] Turn 271: (4, 9) AM_AVATAR_MOVE Direction: NULL
[Avatar 2] Turn 272: (9, 4) AM_AVATAR_MOVE Direction: SOUTH
[Avatar 3] Turn 273: (4, 9) AM_AVATAR_MOVE Direction: NULL
[Avatar 4] Turn 274: (4, 9) AM_AVATAR_MOVE Direction: NULL
[Avatar 5] Turn 275: (4, 9) AM_AVATAR_MOVE Direction: NULL
[Avatar 0] Turn 276: (4, 9) AM_AVATAR_MOVE Direction: NULL
[Avatar 1] Turn 277: (4, 9) AM_AVATAR_MOVE Direction: NULL
[Avatar 2] Turn 278: (9, 4) AM_AVATAR_MOVE Direction: EAST
[Avatar 3] Turn 279: (4, 9) AM_AVATAR_MOVE Direction: NULL
[Avatar 4] Turn 280: (4, 9) AM_AVATAR_MOVE Direction: NULL
[Avatar 5] Turn 281: (4, 9) AM_AVATAR_MOVE Direction: NULL
[Avatar 0] Turn 282: (4, 9) AM_AVATAR_MOVE Direction: NULL
[Avatar 2] Turn 284: (10, 4) AM_AVATAR_MOVE Direction: SOUTH
[Avatar 1] Turn 283: (4, 9) AM_AVATAR_MOVE Direction: NULL
[Avatar 3] Turn 285: (4, 9) AM_AVATAR_MOVE Direction: NULL
[Avatar 4] Turn 286: (4, 9) AM_AVATAR_MOVE Direction: NULL
[Avatar 5] Turn 287: (4, 9) AM_AVATAR_MOVE Direction: NULL
[Avatar 0] Turn 288: (4, 9) AM_AVATAR_MOVE Direction: NULL
[Avatar 3] Turn 291: (4, 9) AM_AVATAR_MOVE Direction: NULL

[Avatar 1] Turn 289: (4, 9) AM_AVATAR_MOVE Direction: NULL
[Avatar 4] Turn 292: (4, 9) AM_AVATAR_MOVE Direction: NULL[Avatar 2] Turn 290: (10, 5) AM_AVATAR_MOVE Direction: WEST
[Avatar 5] Turn 293: (4, 9) AM_AVATAR_MOVE Direction: NULL
[Avatar 0] Turn 294: (4, 9) AM_AVATAR_MOVE Direction: NULL

[Avatar 1] Turn 295: (4, 9) AM_AVATAR_MOVE Direction: NULL[Avatar 4] Turn 298: (4, 9) AM_AVATAR_MOVE Direction: NULL

[Avatar 2] Turn 296: (10, 5) AM_AVATAR_MOVE Direction: SOUTH[Avatar 3] Turn 297: (4, 9) AM_AVATAR_MOVE Direction: NULL
[Avatar 5] Turn 299: (4, 9) AM_AVATAR_MOVE Direction: NULL
[Avatar 0] Turn 300: (4, 9) AM_AVATAR_MOVE Direction: NULL
[Avatar 3] Turn 303: (4, 9) AM_AVATAR_MOVE Direction: NULL

[Avatar 4] Turn 304: (4, 9) AM_AVATAR_MOVE Direction: NULL
[Avatar 2] Turn 302: (10, 6) AM_AVATAR_MOVE Direction: WEST[Avatar 1] Turn 301: (4, 9) AM_AVATAR_MOVE Direction: NULL
[Avatar 5] Turn 305: (4, 9) AM_AVATAR_MOVE Direction: NULL
[Avatar 0] Turn 306: (4, 9) AM_AVATAR_MOVE Direction: NULL

[Avatar 2] Turn 308: (10, 6) AM_AVATAR_MOVE Direction: SOUTH[Avatar 3] Turn 309: (4, 9) AM_AVATAR_MOVE Direction: NULL

[Avatar 4] Turn 310: (4, 9) AM_AVATAR_MOVE Direction: NULL[Avatar 1] Turn 307: (4, 9) AM_AVATAR_MOVE Direction: NULL
[Avatar 5] Turn 311: (4, 9) AM_AVATAR_MOVE Direction: NULL
[Avatar 0] Turn 312: (4, 9) AM_AVATAR_MOVE Direction: NULL
[Avatar 4] Turn 316: (4, 9) AM_AVATAR_MOVE Direction: NULL
[Avatar 1] Turn 313: (4, 9) AM_AVATAR_MOVE Direction: NULL

[Avatar 3] Turn 315: (4, 9) AM_AVATAR_MOVE Direction: NULL[Avatar 2] Turn 314: (10, 7) AM_AVATAR_MOVE Direction: WEST
[Avatar 5] Turn 317: (4, 9) AM_AVATAR_MOVE Direction: NULL
[Avatar 2] Turn 320: (9, 7) AM_AVATAR_MOVE Direction: EAST
[Avatar 4] Turn 322: (4, 9) AM_AVATAR_MOVE Direction: NULL

[Avatar 1] Turn 319: (4, 9) AM_AVATAR_MOVE Direction: NULL
[Avatar 0] Turn 318: (4, 9) AM_AVATAR_MOVE Direction: NULL[Avatar 3] Turn 321: (4, 9) AM_AVATAR_MOVE Direction: NULL
[Avatar 5] Turn 323: (4, 9) AM_AVATAR_MOVE Direction: NULL
[Avatar 0] Turn 324: (4, 9) AM_AVATAR_MOVE Direction: NULL

[Avatar 4] Turn 328: (4, 9) AM_AVATAR_MOVE Direction: NULL
[Avatar 1] Turn 325: (4, 9) AM_AVATAR_MOVE Direction: NULL[Avatar 2] Turn 326: (10, 7) AM_AVATAR_MOVE Direction: SOUTH
[Avatar 3] Turn 327: (4, 9) AM_AVATAR_MOVE Direction: NULL
[Avatar 5] Turn 329: (4, 9) AM_AVATAR_MOVE Direction: NULL
[Avatar 0] Turn 330: (4, 9) AM_AVATAR_MOVE Direction: NULL
[Avatar 1] Turn 331: (4, 9) AM_AVATAR_MOVE Direction: NULL
[Avatar 2] Turn 332: (10, 8) AM_AVATAR_MOVE Direction: EAST

[Avatar 4] Turn 334: (4, 9) AM_AVATAR_MOVE Direction: NULL[Avatar 3] Turn 333: (4, 9) AM_AVATAR_MOVE Direction: NULL
[Avatar 5] Turn 335: (4, 9) AM_AVATAR_MOVE Direction: NULL
[Avatar 0] Turn 336: (4, 9) AM_AVATAR_MOVE Direction: NULL
[Avatar 1] Turn 337: (4, 9) AM_AVATAR_MOVE Direction: NULL
[Avatar 2] Turn 338: (11, 8) AM_AVATAR_MOVE Direction: SOUTH
[Avatar 3] Turn 339: (4, 9) AM_AVATAR_MOVE Direction: NULL
[Avatar 4] Turn 340: (4, 9) AM_AVATAR_MOVE Direction: NULL
[Avatar 5] Turn 341: (4, 9) AM_AVATAR_MOVE Direction: NULL
[Avatar 0] Turn 342: (4, 9) AM_AVATAR_MOVE Direction: NULL
[Avatar 1] Turn 343: (4, 9) AM_AVATAR_MOVE Direction: NULL
[Avatar 2] Turn 344: (11, 9) AM_AVATAR_MOVE Direction: WEST
[Avatar 3] Turn 345: (4, 9) AM_AVATAR_MOVE Direction: NULL
[Avatar 4] Turn 346: (4, 9) AM_AVATAR_MOVE Direction: NULL
[Avatar 5] Turn 347: (4, 9) AM_AVATAR_MOVE Direction: NULL
[Avatar 0] Turn 348: (4, 9) AM_AVATAR_MOVE Direction: NULL
[Avatar 2] Turn 350: (10, 9) AM_AVATAR_MOVE Direction: WEST
[Avatar 4] Turn 352: (4, 9) AM_AVATAR_MOVE Direction: NULL

[Avatar 3] Turn 351: (4, 9) AM_AVATAR_MOVE Direction: NULL[Avatar 1] Turn 349: (4, 9) AM_AVATAR_MOVE Direction: NULL
[Avatar 5] Turn 353: (4, 9) AM_AVATAR_MOVE Direction: NULL
[Avatar 0] Turn 354: (4, 9) AM_AVATAR_MOVE Direction: NULL
[Avatar 4] Turn 358: (4, 9) AM_AVATAR_MOVE Direction: NULL


[Avatar 3] Turn 357: (4, 9) AM_AVATAR_MOVE Direction: NULL[Avatar 2] Turn 356: (9, 9) AM_AVATAR_MOVE Direction: WEST[Avatar 1] Turn 355: (4, 9) AM_AVATAR_MOVE Direction: NULL
[Avatar 5] Turn 359: (4, 9) AM_AVATAR_MOVE Direction: NULL
[Avatar 0] Turn 360: (4, 9) AM_AVATAR_MOVE Direction: NULL
[Avatar 2] Turn 362: (8, 9) AM_AVATAR_MOVE Direction: EAST
[Avatar 4] Turn 364: (4, 9) AM_AVATAR_MOVE Direction: NULL
[Avatar 1] Turn 361: (4, 9) AM_AVATAR_MOVE Direction: NULL
[Avatar 3] Turn 363: (4, 9) AM_AVATAR_MOVE Direction: NULL
[Avatar 5] Turn 365: (4, 9) AM_AVATAR_MOVE Direction: NULL
[Avatar 0] Turn 366: (4, 9) AM_AVATAR_MOVE Direction: NULL
[Avatar 1] Turn 367: (4, 9) AM_AVATAR_MOVE Direction: NULL
[Avatar 3] Turn 369: (4, 9) AM_AVATAR_MOVE Direction: NULL
[Avatar 2] Turn 368: (9, 9) AM_AVATAR_MOVE Direction: NORTH
[Avatar 4] Turn 370: (4, 9) AM_AVATAR_MOVE Direction: NULL
[Avatar 5] Turn 371: (4, 9) AM_AVATAR_MOVE Direction: NULL
[Avatar 0] Turn 372: (4, 9) AM_AVATAR_MOVE Direction: NULL
[Avatar 4] Turn 376: (4, 9) AM_AVATAR_MOVE Direction: NULL

[Avatar 3] Turn 375: (4, 9) AM_AVATAR_MOVE Direction: NULL[Avatar 1] Turn 373: (4, 9) AM_AVATAR_MOVE Direction: NULL
[Avatar 2] Turn 374: (9, 8) AM_AVATAR_MOVE Direction: WEST
[Avatar 5] Turn 377: (4, 9) AM_AVATAR_MOVE Direction: NULL
[Avatar 1] Turn 379: (4, 9) AM_AVATAR_MOVE Direction: NULL

[Avatar 4] Turn 382: (4, 9) AM_AVATAR_MOVE Direction: NULL
[Avatar 3] Turn 381: (4, 9) AM_AVATAR_MOVE Direction: NULL
[Avatar 2] Turn 380: (8, 8) AM_AVATAR_MOVE Direction: NORTH[Avatar 0] Turn 378: (4, 9) AM_AVATAR_MOVE Direction: NULL
[Avatar 5] Turn 383: (4, 9) AM_AVATAR_MOVE Direction: NULL
[Avatar 0] Turn 384: (4, 9) AM_AVATAR_MOVE Direction: NULL
[Avatar 2] Turn 386: (8, 7) AM_AVATAR_MOVE Direction: NORTH

[Avatar 4] Turn 388: (4, 9) AM_AVATAR_MOVE Direction: NULL[Avatar 3] Turn 387: (4, 9) AM_AVATAR_MOVE Direction: NULL
[Avatar 1] Turn 385: (4, 9) AM_AVATAR_MOVE Direction: NULL
[Avatar 5] Turn 389: (4, 9) AM_AVATAR_MOVE Direction: NULL
[Avatar 0] Turn 390: (4, 9) AM_AVATAR_MOVE Direction: NULL
[Avatar 3] Turn 393: (4, 9) AM_AVATAR_MOVE Direction: NULL
[Avatar 2] Turn 392: (8, 6) AM_AVATAR_MOVE Direction: EAST
[Avatar 1] Turn 391: (4, 9) AM_AVATAR_MOVE Direction: NULL
[Avatar 4] Turn 394: (4, 9) AM_AVATAR_MOVE Direction: NULL
[Avatar 5] Turn 395: (4, 9) AM_AVATAR_MOVE Direction: NULL
[Avatar 0] Turn 396: (4, 9) AM_AVATAR_MOVE Direction: NULL
[Avatar 3] Turn 399: (4, 9) AM_AVATAR_MOVE Direction: NULL

[Avatar 2] Turn 398: (9, 6) AM_AVATAR_MOVE Direction: NORTH[Avatar 1] Turn 397: (4, 9) AM_AVATAR_MOVE Direction: NULL
[Avatar 4] Turn 400: (4, 9) AM_AVATAR_MOVE Direction: NULL
[Avatar 5] Turn 401: (4, 9) AM_AVATAR_MOVE Direction: NULL
[Avatar 0] Turn 402: (4, 9) AM_AVATAR_MOVE Direction: NULL
[Avatar 1] Turn 403: (4, 9) AM_AVATAR_MOVE Direction: NULL
[Avatar 4] Turn 406: (4, 9) AM_AVATAR_MOVE Direction: NULL
[Avatar 2] Turn 404: (9, 5) AM_AVATAR_MOVE Direction: WEST
[Avatar 3] Turn 405: (4, 9) AM_AVATAR_MOVE Direction: NULL
[Avatar 5] Turn 407: (4, 9) AM_AVATAR_MOVE Direction: NULL
[Avatar 0] Turn 408: (4, 9) AM_AVATAR_MOVE Direction: NULL

[Avatar 2] Turn 410: (8, 5) AM_AVATAR_MOVE Direction: WEST[Avatar 3] Turn 411: (4, 9) AM_AVATAR_MOVE Direction: NULL
[Avatar 4] Turn 412: (4, 9) AM_AVATAR_MOVE Direction: NULL
[Avatar 1] Turn 409: (4, 9) AM_AVATAR_MOVE Direction: NULL
[Avatar 5] Turn 413: (4, 9) AM_AVATAR_MOVE Direction: NULL
[Avatar 0] Turn 414: (4, 9) AM_AVATAR_MOVE Direction: NULL
[Avatar 4] Turn 418: (4, 9) AM_AVATAR_MOVE Direction: NULL
[Avatar 2] Turn 416: (7, 5) AM_AVATAR_MOVE Direction: SOUTH
[Avatar 1] Turn 415: (4, 9) AM_AVATAR_MOVE Direction: NULL
[Avatar 3] Turn 417: (4, 9) AM_AVATAR_MOVE Direction: NULL
[Avatar 5] Turn 419: (4, 9) AM_AVATAR_MOVE Direction: NULL
[Avatar 0] Turn 420: (4, 9) AM_AVATAR_MOVE Direction: NULL


[Avatar 3] Turn 423: (4, 9) AM_AVATAR_MOVE Direction: NULL[Avatar 1] Turn 421: (4, 9) AM_AVATAR_MOVE Direction: NULL[Avatar 2] Turn 422: (7, 6) AM_AVATAR_MOVE Direction: SOUTH
[Avatar 4] Turn 424: (4, 9) AM_AVATAR_MOVE Direction: NULL
[Avatar 5] Turn 425: (4, 9) AM_AVATAR_MOVE Direction: NULL
[Avatar 0] Turn 426: (4, 9) AM_AVATAR_MOVE Direction: NULL

[Avatar 3] Turn 429: (4, 9) AM_AVATAR_MOVE Direction: NULL
[Avatar 2] Turn 428: (7, 7) AM_AVATAR_MOVE Direction: WEST[Avatar 1] Turn 427: (4, 9) AM_AVATAR_MOVE Direction: NULL
[Avatar 4] Turn 430: (4, 9) AM_AVATAR_MOVE Direction: NULL
[Avatar 5] Turn 431: (4, 9) AM_AVATAR_MOVE Direction: NULL
[Avatar 0] Turn 432: (4, 9) AM_AVATAR_MOVE Direction: NULL
[Avatar 1] Turn 433: (4, 9) AM_AVATAR_MOVE Direction: NULL
[Avatar 2] Turn 434: (6, 7) AM_AVATAR_MOVE Direction: SOUTH
[Avatar 3] Turn 435: (4, 9) AM_AVATAR_MOVE Direction: NULL
[Avatar 4] Turn 436: (4, 9) AM_AVATAR_MOVE Direction: NULL
[Avatar 5] Turn 437: (4, 9) AM_AVATAR_MOVE Direction: NULL
[Avatar 0] Turn 438: (4, 9) AM_AVATAR_MOVE Direction: NULL
[Avatar 3] Turn 441: (4, 9) AM_AVATAR_MOVE Direction: NULL
[Avatar 1] Turn 439: (4, 9) AM_AVATAR_MOVE Direction: NULL
[Avatar 2] Turn 440: (6, 8) AM_AVATAR_MOVE Direction: WEST
[Avatar 4] Turn 442: (4, 9) AM_AVATAR_MOVE Direction: NULL
[Avatar 5] Turn 443: (4, 9) AM_AVATAR_MOVE Direction: NULL
[Avatar 0] Turn 444: (4, 9) AM_AVATAR_MOVE Direction: NULL
[Avatar 2] Turn 446: (5, 8) AM_AVATAR_MOVE Direction: WEST
[Avatar 1] Turn 445: (4, 9) AM_AVATAR_MOVE Direction: NULL

[Avatar 3] Turn 447: (4, 9) AM_AVATAR_MOVE Direction: NULL[Avatar 4] Turn 448: (4, 9) AM_AVATAR_MOVE Direction: NULL
[Avatar 5] Turn 449: (4, 9) AM_AVATAR_MOVE Direction: NULL
[Avatar 0] Turn 450: (4, 9) AM_AVATAR_MOVE Direction: NULL
[Avatar 1] Turn 451: (4, 9) AM_AVATAR_MOVE Direction: NULL
[Avatar 2] Turn 452: (4, 8) AM_AVATAR_MOVE Direction: NORTH
[Avatar 3] Turn 453: (4, 9) AM_AVATAR_MOVE Direction: NULL
[Avatar 4] Turn 454: (4, 9) AM_AVATAR_MOVE Direction: NULL
[Avatar 5] Turn 455: (4, 9) AM_AVATAR_MOVE Direction: NULL
[Avatar 0] Turn 456: (4, 9) AM_AVATAR_MOVE Direction: NULL
[Avatar 1] Turn 457: (4, 9) AM_AVATAR_MOVE Direction: NULL
[Avatar 2] Turn 458: (4, 7) AM_AVATAR_MOVE Direction: NORTH
[Avatar 3] Turn 459: (4, 9) AM_AVATAR_MOVE Direction: NULL
[Avatar 4] Turn 460: (4, 9) AM_AVATAR_MOVE Direction: NULL
[Avatar 5] Turn 461: (4, 9) AM_AVATAR_MOVE Direction: NULL
[Avatar 0] Turn 462: (4, 9) AM_AVATAR_MOVE Direction: NULL
[Avatar 3] Turn 465: (4, 9) AM_AVATAR_MOVE Direction: NULL

[Avatar 1] Turn 463: (4, 9) AM_AVATAR_MOVE Direction: NULL[Avatar 2] Turn 464: (4, 6) AM_AVATAR_MOVE Direction: WEST
[Avatar 4] Turn 466: (4, 9) AM_AVATAR_MOVE Direction: NULL
[Avatar 5] Turn 467: (4, 9) AM_AVATAR_MOVE Direction: NULL
[Avatar 0] Turn 468: (4, 9) AM_AVATAR_MOVE Direction: NULL
[Avatar 1] Turn 469: (4, 9) AM_AVATAR_MOVE Direction: NULL
[Avatar 2] Turn 470: (3, 6) AM_AVATAR_MOVE Direction: SOUTH
[Avatar 3] Turn 471: (4, 9) AM_AVATAR_MOVE Direction: NULL
[Avatar 4] Turn 472: (4, 9) AM_AVATAR_MOVE Direction: NULL
[Avatar 5] Turn 473: (4, 9) AM_AVATAR_MOVE Direction: NULL
[Avatar 0] Turn 474: (4, 9) AM_AVATAR_MOVE Direction: NULL
[Avatar 1] Turn 475: (4, 9) AM_AVATAR_MOVE Direction: NULL
[Avatar 2] Turn 476: (3, 7) AM_AVATAR_MOVE Direction: SOUTH
[Avatar 3] Turn 477: (4, 9) AM_AVATAR_MOVE Direction: NULL
[Avatar 4] Turn 478: (4, 9) AM_AVATAR_MOVE Direction: NULL
[Avatar 5] Turn 479: (4, 9) AM_AVATAR_MOVE Direction: NULL
[Avatar 0] Turn 480: (4, 9) AM_AVATAR_MOVE Direction: NULL

[Avatar 2] Turn 482: (3, 8) AM_AVATAR_MOVE Direction: SOUTH
[Avatar 1] Turn 481: (4, 9) AM_AVATAR_MOVE Direction: NULL[Avatar 3] Turn 483: (4, 9) AM_AVATAR_MOVE Direction: NULL
[Avatar 4] Turn 484: (4, 9) AM_AVATAR_MOVE Direction: NULL
[Avatar 5] Turn 485: (4, 9) AM_AVATAR_MOVE Direction: NULL
[Avatar 0] Turn 486: (4, 9) AM_AVATAR_MOVE Direction: NULL

[Avatar 2] Turn 488: (3, 9) AM_AVATAR_MOVE Direction: EAST[Avatar 1] Turn 487: (4, 9) AM_AVATAR_MOVE Direction: NULL
Maze solved in 489 turns
Hash: 3848410044l
