joannezhao, 60504, Wed May 28 20:54:11 EDT 2014


Sent AM_AVATAR_READY signal with AvatarID: 1
Sent AM_AVATAR_READY signal with AvatarID: 0
[Avatar 0] Turn 0: (21, 12) AM_AVATAR_MOVE Direction: NULL
[Avatar 1] Turn 1: (15, 4) AM_AVATAR_MOVE Direction: SOUTH
[Avatar 0] Turn 2: (21, 12) AM_AVATAR_MOVE Direction: NULL
[Avatar 1] Turn 3: (15, 5) AM_AVATAR_MOVE Direction: SOUTH
[Avatar 0] Turn 4: (21, 12) AM_AVATAR_MOVE Direction: NULL
[Avatar 1] Turn 5: (15, 5) AM_AVATAR_MOVE Direction: EAST
[Avatar 0] Turn 6: (21, 12) AM_AVATAR_MOVE Direction: NULL
[Avatar 1] Turn 7: (16, 5) AM_AVATAR_MOVE Direction: SOUTH
[Avatar 0] Turn 8: (21, 12) AM_AVATAR_MOVE Direction: NULL
[Avatar 1] Turn 9: (16, 5) AM_AVATAR_MOVE Direction: EAST
[Avatar 0] Turn 10: (21, 12) AM_AVATAR_MOVE Direction: NULL
[Avatar 1] Turn 11: (17, 5) AM_AVATAR_MOVE Direction: SOUTH
[Avatar 0] Turn 12: (21, 12) AM_AVATAR_MOVE Direction: NULL
[Avatar 1] Turn 13: (17, 6) AM_AVATAR_MOVE Direction: SOUTH
[Avatar 0] Turn 14: (21, 12) AM_AVATAR_MOVE Direction: NULL
[Avatar 1] Turn 15: (17, 6) AM_AVATAR_MOVE Direction: EAST
[Avatar 0] Turn 16: (21, 12) AM_AVATAR_MOVE Direction: NULL
[Avatar 1] Turn 17: (17, 6) AM_AVATAR_MOVE Direction: WEST
[Avatar 0] Turn 18: (21, 12) AM_AVATAR_MOVE Direction: NULL
[Avatar 1] Turn 19: (16, 6) AM_AVATAR_MOVE Direction: SOUTH
[Avatar 0] Turn 20: (21, 12) AM_AVATAR_MOVE Direction: NULL
[Avatar 1] Turn 21: (16, 7) AM_AVATAR_MOVE Direction: WEST
[Avatar 0] Turn 22: (21, 12) AM_AVATAR_MOVE Direction: NULL
[Avatar 1] Turn 23: (16, 7) AM_AVATAR_MOVE Direction: SOUTH
[Avatar 0] Turn 24: (21, 12) AM_AVATAR_MOVE Direction: NULL
[Avatar 1] Turn 25: (16, 8) AM_AVATAR_MOVE Direction: WEST
[Avatar 0] Turn 26: (21, 12) AM_AVATAR_MOVE Direction: NULL
[Avatar 1] Turn 27: (16, 8) AM_AVATAR_MOVE Direction: SOUTH
[Avatar 0] Turn 28: (21, 12) AM_AVATAR_MOVE Direction: NULL
[Avatar 1] Turn 29: (16, 8) AM_AVATAR_MOVE Direction: EAST
[Avatar 0] Turn 30: (21, 12) AM_AVATAR_MOVE Direction: NULL
[Avatar 1] Turn 31: (17, 8) AM_AVATAR_MOVE Direction: SOUTH
[Avatar 0] Turn 32: (21, 12) AM_AVATAR_MOVE Direction: NULL
[Avatar 1] Turn 33: (17, 9) AM_AVATAR_MOVE Direction: WEST
[Avatar 0] Turn 34: (21, 12) AM_AVATAR_MOVE Direction: NULL
[Avatar 1] Turn 35: (16, 9) AM_AVATAR_MOVE Direction: WEST
[Avatar 0] Turn 36: (21, 12) AM_AVATAR_MOVE Direction: NULL
[Avatar 1] Turn 37: (16, 9) AM_AVATAR_MOVE Direction: SOUTH
[Avatar 0] Turn 38: (21, 12) AM_AVATAR_MOVE Direction: NULL
[Avatar 1] Turn 39: (16, 10) AM_AVATAR_MOVE Direction: WEST
[Avatar 0] Turn 40: (21, 12) AM_AVATAR_MOVE Direction: NULL
[Avatar 1] Turn 41: (16, 10) AM_AVATAR_MOVE Direction: SOUTH
[Avatar 0] Turn 42: (21, 12) AM_AVATAR_MOVE Direction: NULL
[Avatar 1] Turn 43: (16, 11) AM_AVATAR_MOVE Direction: WEST
[Avatar 0] Turn 44: (21, 12) AM_AVATAR_MOVE Direction: NULL
[Avatar 1] Turn 45: (16, 11) AM_AVATAR_MOVE Direction: SOUTH
[Avatar 0] Turn 46: (21, 12) AM_AVATAR_MOVE Direction: NULL
[Avatar 1] Turn 47: (16, 11) AM_AVATAR_MOVE Direction: EAST
[Avatar 0] Turn 48: (21, 12) AM_AVATAR_MOVE Direction: NULL
[Avatar 1] Turn 49: (17, 11) AM_AVATAR_MOVE Direction: SOUTH
[Avatar 0] Turn 50: (21, 12) AM_AVATAR_MOVE Direction: NULL
[Avatar 1] Turn 51: (17, 11) AM_AVATAR_MOVE Direction: NORTH
[Avatar 0] Turn 52: (21, 12) AM_AVATAR_MOVE Direction: NULL
[Avatar 1] Turn 53: (17, 11) AM_AVATAR_MOVE Direction: EAST
[Avatar 0] Turn 54: (21, 12) AM_AVATAR_MOVE Direction: NULL
[Avatar 1] Turn 55: (18, 11) AM_AVATAR_MOVE Direction: SOUTH
[Avatar 0] Turn 56: (21, 12) AM_AVATAR_MOVE Direction: NULL
[Avatar 1] Turn 57: (18, 11) AM_AVATAR_MOVE Direction: NORTH
[Avatar 0] Turn 58: (21, 12) AM_AVATAR_MOVE Direction: NULL
[Avatar 1] Turn 59: (18, 11) AM_AVATAR_MOVE Direction: EAST
[Avatar 0] Turn 60: (21, 12) AM_AVATAR_MOVE Direction: NULL
[Avatar 1] Turn 61: (19, 11) AM_AVATAR_MOVE Direction: SOUTH
[Avatar 0] Turn 62: (21, 12) AM_AVATAR_MOVE Direction: NULL
[Avatar 1] Turn 63: (19, 12) AM_AVATAR_MOVE Direction: WEST
[Avatar 0] Turn 64: (21, 12) AM_AVATAR_MOVE Direction: NULL
[Avatar 1] Turn 65: (18, 12) AM_AVATAR_MOVE Direction: WEST
[Avatar 0] Turn 66: (21, 12) AM_AVATAR_MOVE Direction: NULL
[Avatar 1] Turn 67: (17, 12) AM_AVATAR_MOVE Direction: WEST
[Avatar 0] Turn 68: (21, 12) AM_AVATAR_MOVE Direction: NULL
[Avatar 1] Turn 69: (17, 12) AM_AVATAR_MOVE Direction: SOUTH
[Avatar 0] Turn 70: (21, 12) AM_AVATAR_MOVE Direction: NULL
[Avatar 1] Turn 71: (17, 13) AM_AVATAR_MOVE Direction: WEST
[Avatar 0] Turn 72: (21, 12) AM_AVATAR_MOVE Direction: NULL
[Avatar 1] Turn 73: (16, 13) AM_AVATAR_MOVE Direction: WEST
[Avatar 0] Turn 74: (21, 12) AM_AVATAR_MOVE Direction: NULL
[Avatar 1] Turn 75: (16, 13) AM_AVATAR_MOVE Direction: NORTH
[Avatar 0] Turn 76: (21, 12) AM_AVATAR_MOVE Direction: NULL
[Avatar 1] Turn 77: (16, 13) AM_AVATAR_MOVE Direction: SOUTH
[Avatar 0] Turn 78: (21, 12) AM_AVATAR_MOVE Direction: NULL
[Avatar 1] Turn 79: (16, 14) AM_AVATAR_MOVE Direction: WEST
[Avatar 0] Turn 80: (21, 12) AM_AVATAR_MOVE Direction: NULL
[Avatar 1] Turn 81: (16, 14) AM_AVATAR_MOVE Direction: SOUTH
[Avatar 0] Turn 82: (21, 12) AM_AVATAR_MOVE Direction: NULL
[Avatar 1] Turn 83: (16, 14) AM_AVATAR_MOVE Direction: EAST
[Avatar 0] Turn 84: (21, 12) AM_AVATAR_MOVE Direction: NULL
[Avatar 1] Turn 85: (17, 14) AM_AVATAR_MOVE Direction: SOUTH
[Avatar 0] Turn 86: (21, 12) AM_AVATAR_MOVE Direction: NULL
[Avatar 1] Turn 87: (17, 14) AM_AVATAR_MOVE Direction: EAST
[Avatar 0] Turn 88: (21, 12) AM_AVATAR_MOVE Direction: NULL
[Avatar 1] Turn 89: (18, 14) AM_AVATAR_MOVE Direction: NORTH
[Avatar 0] Turn 90: (21, 12) AM_AVATAR_MOVE Direction: NULL
[Avatar 1] Turn 91: (18, 14) AM_AVATAR_MOVE Direction: SOUTH
[Avatar 0] Turn 92: (21, 12) AM_AVATAR_MOVE Direction: NULL
[Avatar 1] Turn 93: (18, 15) AM_AVATAR_MOVE Direction: WEST
[Avatar 0] Turn 94: (21, 12) AM_AVATAR_MOVE Direction: NULL
[Avatar 1] Turn 95: (18, 15) AM_AVATAR_MOVE Direction: SOUTH
[Avatar 0] Turn 96: (21, 12) AM_AVATAR_MOVE Direction: NULL
[Avatar 1] Turn 97: (18, 16) AM_AVATAR_MOVE Direction: EAST
[Avatar 0] Turn 98: (21, 12) AM_AVATAR_MOVE Direction: NULL
[Avatar 1] Turn 99: (19, 16) AM_AVATAR_MOVE Direction: NORTH
[Avatar 0] Turn 100: (21, 12) AM_AVATAR_MOVE Direction: NULL
[Avatar 1] Turn 101: (19, 16) AM_AVATAR_MOVE Direction: EAST
[Avatar 0] Turn 102: (21, 12) AM_AVATAR_MOVE Direction: NULL
[Avatar 1] Turn 103: (19, 16) AM_AVATAR_MOVE Direction: SOUTH
[Avatar 0] Turn 104: (21, 12) AM_AVATAR_MOVE Direction: NULL
[Avatar 1] Turn 105: (19, 17) AM_AVATAR_MOVE Direction: EAST
[Avatar 0] Turn 106: (21, 12) AM_AVATAR_MOVE Direction: NULL
[Avatar 1] Turn 107: (19, 17) AM_AVATAR_MOVE Direction: WEST
[Avatar 0] Turn 108: (21, 12) AM_AVATAR_MOVE Direction: NULL
[Avatar 1] Turn 109: (19, 17) AM_AVATAR_MOVE Direction: SOUTH
[Avatar 0] Turn 110: (21, 12) AM_AVATAR_MOVE Direction: NULL
[Avatar 1] Turn 111: (19, 18) AM_AVATAR_MOVE Direction: EAST
[Avatar 0] Turn 112: (21, 12) AM_AVATAR_MOVE Direction: NULL
[Avatar 1] Turn 113: (19, 18) AM_AVATAR_MOVE Direction: WEST
[Avatar 0] Turn 114: (21, 12) AM_AVATAR_MOVE Direction: NULL
[Avatar 1] Turn 115: (19, 18) AM_AVATAR_MOVE Direction: SOUTH
[Avatar 0] Turn 116: (21, 12) AM_AVATAR_MOVE Direction: NULL
[Avatar 1] Turn 117: (19, 19) AM_AVATAR_MOVE Direction: EAST
[Avatar 0] Turn 118: (21, 12) AM_AVATAR_MOVE Direction: NULL
[Avatar 1] Turn 119: (19, 19) AM_AVATAR_MOVE Direction: WEST
[Avatar 0] Turn 120: (21, 12) AM_AVATAR_MOVE Direction: NULL
[Avatar 1] Turn 121: (18, 19) AM_AVATAR_MOVE Direction: NORTH
[Avatar 0] Turn 122: (21, 12) AM_AVATAR_MOVE Direction: NULL
[Avatar 1] Turn 123: (18, 19) AM_AVATAR_MOVE Direction: WEST
[Avatar 0] Turn 124: (21, 12) AM_AVATAR_MOVE Direction: NULL
[Avatar 1] Turn 125: (17, 19) AM_AVATAR_MOVE Direction: NORTH
[Avatar 0] Turn 126: (21, 12) AM_AVATAR_MOVE Direction: NULL
[Avatar 1] Turn 127: (17, 19) AM_AVATAR_MOVE Direction: WEST
[Avatar 0] Turn 128: (21, 12) AM_AVATAR_MOVE Direction: NULL
[Avatar 1] Turn 129: (16, 19) AM_AVATAR_MOVE Direction: NORTH
[Avatar 0] Turn 130: (21, 12) AM_AVATAR_MOVE Direction: NULL
[Avatar 1] Turn 131: (16, 18) AM_AVATAR_MOVE Direction: NORTH
[Avatar 0] Turn 132: (21, 12) AM_AVATAR_MOVE Direction: NULL
[Avatar 1] Turn 133: (16, 17) AM_AVATAR_MOVE Direction: WEST
[Avatar 0] Turn 134: (21, 12) AM_AVATAR_MOVE Direction: NULL
[Avatar 1] Turn 135: (16, 17) AM_AVATAR_MOVE Direction: NORTH
[Avatar 0] Turn 136: (21, 12) AM_AVATAR_MOVE Direction: NULL
[Avatar 1] Turn 137: (16, 16) AM_AVATAR_MOVE Direction: WEST
[Avatar 0] Turn 138: (21, 12) AM_AVATAR_MOVE Direction: NULL
[Avatar 1] Turn 139: (16, 16) AM_AVATAR_MOVE Direction: NORTH
[Avatar 0] Turn 140: (21, 12) AM_AVATAR_MOVE Direction: NULL
[Avatar 1] Turn 141: (16, 15) AM_AVATAR_MOVE Direction: WEST
[Avatar 0] Turn 142: (21, 12) AM_AVATAR_MOVE Direction: NULL
[Avatar 1] Turn 143: (15, 15) AM_AVATAR_MOVE Direction: WEST
[Avatar 0] Turn 144: (21, 12) AM_AVATAR_MOVE Direction: NULL
[Avatar 1] Turn 145: (15, 15) AM_AVATAR_MOVE Direction: NORTH
[Avatar 0] Turn 146: (21, 12) AM_AVATAR_MOVE Direction: NULL
[Avatar 1] Turn 147: (15, 14) AM_AVATAR_MOVE Direction: WEST
[Avatar 0] Turn 148: (21, 12) AM_AVATAR_MOVE Direction: NULL
[Avatar 1] Turn 149: (14, 14) AM_AVATAR_MOVE Direction: WEST
[Avatar 0] Turn 150: (21, 12) AM_AVATAR_MOVE Direction: NULL
[Avatar 1] Turn 151: (14, 14) AM_AVATAR_MOVE Direction: NORTH
[Avatar 0] Turn 152: (21, 12) AM_AVATAR_MOVE Direction: NULL
[Avatar 1] Turn 153: (14, 13) AM_AVATAR_MOVE Direction: WEST
[Avatar 0] Turn 154: (21, 12) AM_AVATAR_MOVE Direction: NULL
[Avatar 1] Turn 155: (14, 13) AM_AVATAR_MOVE Direction: NORTH
[Avatar 0] Turn 156: (21, 12) AM_AVATAR_MOVE Direction: NULL
[Avatar 1] Turn 157: (14, 12) AM_AVATAR_MOVE Direction: WEST
[Avatar 0] Turn 158: (21, 12) AM_AVATAR_MOVE Direction: NULL
[Avatar 1] Turn 159: (14, 12) AM_AVATAR_MOVE Direction: NORTH
[Avatar 0] Turn 160: (21, 12) AM_AVATAR_MOVE Direction: NULL
[Avatar 1] Turn 161: (14, 12) AM_AVATAR_MOVE Direction: EAST
[Avatar 0] Turn 162: (21, 12) AM_AVATAR_MOVE Direction: NULL
[Avatar 1] Turn 163: (15, 12) AM_AVATAR_MOVE Direction: NORTH
[Avatar 0] Turn 164: (21, 12) AM_AVATAR_MOVE Direction: NULL
[Avatar 1] Turn 165: (15, 11) AM_AVATAR_MOVE Direction: WEST
[Avatar 0] Turn 166: (21, 12) AM_AVATAR_MOVE Direction: NULL
[Avatar 1] Turn 167: (14, 11) AM_AVATAR_MOVE Direction: WEST
[Avatar 0] Turn 168: (21, 12) AM_AVATAR_MOVE Direction: NULL
[Avatar 1] Turn 169: (13, 11) AM_AVATAR_MOVE Direction: WEST
[Avatar 0] Turn 170: (21, 12) AM_AVATAR_MOVE Direction: NULL
[Avatar 1] Turn 171: (12, 11) AM_AVATAR_MOVE Direction: WEST
[Avatar 0] Turn 172: (21, 12) AM_AVATAR_MOVE Direction: NULL
[Avatar 1] Turn 173: (12, 11) AM_AVATAR_MOVE Direction: SOUTH
[Avatar 0] Turn 174: (21, 12) AM_AVATAR_MOVE Direction: NULL
[Avatar 1] Turn 175: (12, 12) AM_AVATAR_MOVE Direction: WEST
[Avatar 0] Turn 176: (21, 12) AM_AVATAR_MOVE Direction: NULL
[Avatar 1] Turn 177: (11, 12) AM_AVATAR_MOVE Direction: WEST
[Avatar 0] Turn 178: (21, 12) AM_AVATAR_MOVE Direction: NULL
[Avatar 1] Turn 179: (11, 12) AM_AVATAR_MOVE Direction: NORTH
[Avatar 0] Turn 180: (21, 12) AM_AVATAR_MOVE Direction: NULL
[Avatar 1] Turn 181: (11, 11) AM_AVATAR_MOVE Direction: WEST
[Avatar 0] Turn 182: (21, 12) AM_AVATAR_MOVE Direction: NULL
[Avatar 1] Turn 183: (11, 11) AM_AVATAR_MOVE Direction: NORTH
[Avatar 0] Turn 184: (21, 12) AM_AVATAR_MOVE Direction: NULL
[Avatar 1] Turn 185: (11, 10) AM_AVATAR_MOVE Direction: WEST
[Avatar 0] Turn 186: (21, 12) AM_AVATAR_MOVE Direction: NULL
[Avatar 1] Turn 187: (10, 10) AM_AVATAR_MOVE Direction: WEST
[Avatar 0] Turn 188: (21, 12) AM_AVATAR_MOVE Direction: NULL
[Avatar 1] Turn 189: (10, 10) AM_AVATAR_MOVE Direction: SOUTH
[Avatar 0] Turn 190: (21, 12) AM_AVATAR_MOVE Direction: NULL
[Avatar 1] Turn 191: (10, 11) AM_AVATAR_MOVE Direction: WEST
[Avatar 0] Turn 192: (21, 12) AM_AVATAR_MOVE Direction: NULL
[Avatar 1] Turn 193: (10, 11) AM_AVATAR_MOVE Direction: SOUTH
[Avatar 0] Turn 194: (21, 12) AM_AVATAR_MOVE Direction: NULL
[Avatar 1] Turn 195: (10, 12) AM_AVATAR_MOVE Direction: WEST
[Avatar 0] Turn 196: (21, 12) AM_AVATAR_MOVE Direction: NULL
[Avatar 1] Turn 197: (10, 12) AM_AVATAR_MOVE Direction: SOUTH
[Avatar 0] Turn 198: (21, 12) AM_AVATAR_MOVE Direction: NULL
[Avatar 1] Turn 199: (10, 12) AM_AVATAR_MOVE Direction: NORTH
[Avatar 0] Turn 200: (21, 12) AM_AVATAR_MOVE Direction: NULL
[Avatar 1] Turn 201: (10, 11) AM_AVATAR_MOVE Direction: NORTH
[Avatar 0] Turn 202: (21, 12) AM_AVATAR_MOVE Direction: NULL
[Avatar 1] Turn 203: (10, 10) AM_AVATAR_MOVE Direction: NORTH
[Avatar 0] Turn 204: (21, 12) AM_AVATAR_MOVE Direction: NULL
[Avatar 1] Turn 205: (10, 10) AM_AVATAR_MOVE Direction: EAST
[Avatar 0] Turn 206: (21, 12) AM_AVATAR_MOVE Direction: NULL
[Avatar 1] Turn 207: (11, 10) AM_AVATAR_MOVE Direction: NORTH
[Avatar 0] Turn 208: (21, 12) AM_AVATAR_MOVE Direction: NULL
[Avatar 1] Turn 209: (11, 10) AM_AVATAR_MOVE Direction: EAST
[Avatar 0] Turn 210: (21, 12) AM_AVATAR_MOVE Direction: NULL
[Avatar 1] Turn 211: (11, 10) AM_AVATAR_MOVE Direction: SOUTH
[Avatar 0] Turn 212: (21, 12) AM_AVATAR_MOVE Direction: NULL
[Avatar 1] Turn 213: (11, 11) AM_AVATAR_MOVE Direction: SOUTH
[Avatar 0] Turn 214: (21, 12) AM_AVATAR_MOVE Direction: NULL
[Avatar 1] Turn 215: (11, 12) AM_AVATAR_MOVE Direction: SOUTH
[Avatar 0] Turn 216: (21, 12) AM_AVATAR_MOVE Direction: NULL
[Avatar 1] Turn 217: (11, 12) AM_AVATAR_MOVE Direction: EAST
[Avatar 0] Turn 218: (21, 12) AM_AVATAR_MOVE Direction: NULL
[Avatar 1] Turn 219: (12, 12) AM_AVATAR_MOVE Direction: SOUTH
[Avatar 0] Turn 220: (21, 12) AM_AVATAR_MOVE Direction: NULL
[Avatar 1] Turn 221: (12, 12) AM_AVATAR_MOVE Direction: EAST
[Avatar 0] Turn 222: (21, 12) AM_AVATAR_MOVE Direction: NULL
[Avatar 1] Turn 223: (13, 12) AM_AVATAR_MOVE Direction: SOUTH
[Avatar 0] Turn 224: (21, 12) AM_AVATAR_MOVE Direction: NULL
[Avatar 1] Turn 225: (13, 12) AM_AVATAR_MOVE Direction: WEST
[Avatar 0] Turn 226: (21, 12) AM_AVATAR_MOVE Direction: NULL
[Avatar 1] Turn 227: (12, 12) AM_AVATAR_MOVE Direction: NORTH
[Avatar 0] Turn 228: (21, 12) AM_AVATAR_MOVE Direction: NULL
[Avatar 1] Turn 229: (12, 11) AM_AVATAR_MOVE Direction: NORTH
[Avatar 0] Turn 230: (21, 12) AM_AVATAR_MOVE Direction: NULL
[Avatar 1] Turn 231: (12, 11) AM_AVATAR_MOVE Direction: EAST
[Avatar 0] Turn 232: (21, 12) AM_AVATAR_MOVE Direction: NULL
[Avatar 1] Turn 233: (13, 11) AM_AVATAR_MOVE Direction: NORTH
[Avatar 0] Turn 234: (21, 12) AM_AVATAR_MOVE Direction: NULL
[Avatar 1] Turn 235: (13, 11) AM_AVATAR_MOVE Direction: SOUTH
[Avatar 0] Turn 236: (21, 12) AM_AVATAR_MOVE Direction: NULL
[Avatar 1] Turn 237: (13, 11) AM_AVATAR_MOVE Direction: EAST
[Avatar 0] Turn 238: (21, 12) AM_AVATAR_MOVE Direction: NULL
[Avatar 1] Turn 239: (14, 11) AM_AVATAR_MOVE Direction: NORTH
[Avatar 0] Turn 240: (21, 12) AM_AVATAR_MOVE Direction: NULL
[Avatar 1] Turn 241: (14, 11) AM_AVATAR_MOVE Direction: EAST
[Avatar 0] Turn 242: (21, 12) AM_AVATAR_MOVE Direction: NULL
[Avatar 1] Turn 243: (15, 11) AM_AVATAR_MOVE Direction: NORTH
[Avatar 0] Turn 244: (21, 12) AM_AVATAR_MOVE Direction: NULL
[Avatar 1] Turn 245: (15, 10) AM_AVATAR_MOVE Direction: WEST
[Avatar 0] Turn 246: (21, 12) AM_AVATAR_MOVE Direction: NULL
[Avatar 1] Turn 247: (15, 10) AM_AVATAR_MOVE Direction: NORTH
[Avatar 0] Turn 248: (21, 12) AM_AVATAR_MOVE Direction: NULL
[Avatar 1] Turn 249: (15, 9) AM_AVATAR_MOVE Direction: WEST
[Avatar 0] Turn 250: (21, 12) AM_AVATAR_MOVE Direction: NULL
[Avatar 1] Turn 251: (15, 9) AM_AVATAR_MOVE Direction: NORTH
[Avatar 0] Turn 252: (21, 12) AM_AVATAR_MOVE Direction: NULL
[Avatar 1] Turn 253: (15, 8) AM_AVATAR_MOVE Direction: WEST
[Avatar 0] Turn 254: (21, 12) AM_AVATAR_MOVE Direction: NULL
[Avatar 1] Turn 255: (15, 8) AM_AVATAR_MOVE Direction: NORTH
[Avatar 0] Turn 256: (21, 12) AM_AVATAR_MOVE Direction: NULL
[Avatar 1] Turn 257: (15, 8) AM_AVATAR_MOVE Direction: SOUTH
[Avatar 0] Turn 258: (21, 12) AM_AVATAR_MOVE Direction: NULL
[Avatar 1] Turn 259: (15, 9) AM_AVATAR_MOVE Direction: SOUTH
[Avatar 0] Turn 260: (21, 12) AM_AVATAR_MOVE Direction: NULL
[Avatar 1] Turn 261: (15, 10) AM_AVATAR_MOVE Direction: SOUTH
[Avatar 0] Turn 262: (21, 12) AM_AVATAR_MOVE Direction: NULL
[Avatar 1] Turn 263: (15, 11) AM_AVATAR_MOVE Direction: SOUTH
[Avatar 0] Turn 264: (21, 12) AM_AVATAR_MOVE Direction: NULL
[Avatar 1] Turn 265: (15, 12) AM_AVATAR_MOVE Direction: SOUTH
[Avatar 0] Turn 266: (21, 12) AM_AVATAR_MOVE Direction: NULL
[Avatar 1] Turn 267: (15, 13) AM_AVATAR_MOVE Direction: WEST
[Avatar 0] Turn 268: (21, 12) AM_AVATAR_MOVE Direction: NULL
[Avatar 1] Turn 269: (15, 13) AM_AVATAR_MOVE Direction: NORTH
[Avatar 0] Turn 270: (21, 12) AM_AVATAR_MOVE Direction: NULL
[Avatar 1] Turn 271: (15, 12) AM_AVATAR_MOVE Direction: EAST
[Avatar 0] Turn 272: (21, 12) AM_AVATAR_MOVE Direction: NULL
[Avatar 1] Turn 273: (16, 12) AM_AVATAR_MOVE Direction: WEST
[Avatar 0] Turn 274: (21, 12) AM_AVATAR_MOVE Direction: NULL
[Avatar 1] Turn 275: (15, 12) AM_AVATAR_MOVE Direction: WEST
[Avatar 0] Turn 276: (21, 12) AM_AVATAR_MOVE Direction: NULL
[Avatar 1] Turn 277: (14, 12) AM_AVATAR_MOVE Direction: SOUTH
[Avatar 0] Turn 278: (21, 12) AM_AVATAR_MOVE Direction: NULL
[Avatar 1] Turn 279: (14, 13) AM_AVATAR_MOVE Direction: SOUTH
[Avatar 0] Turn 280: (21, 12) AM_AVATAR_MOVE Direction: NULL
[Avatar 1] Turn 281: (14, 14) AM_AVATAR_MOVE Direction: SOUTH
[Avatar 0] Turn 282: (21, 12) AM_AVATAR_MOVE Direction: NULL
[Avatar 1] Turn 283: (14, 14) AM_AVATAR_MOVE Direction: EAST
[Avatar 0] Turn 284: (21, 12) AM_AVATAR_MOVE Direction: NULL
[Avatar 1] Turn 285: (15, 14) AM_AVATAR_MOVE Direction: NORTH
[Avatar 0] Turn 286: (21, 12) AM_AVATAR_MOVE Direction: NULL
[Avatar 1] Turn 287: (15, 14) AM_AVATAR_MOVE Direction: SOUTH
[Avatar 0] Turn 288: (21, 12) AM_AVATAR_MOVE Direction: NULL
[Avatar 1] Turn 289: (15, 15) AM_AVATAR_MOVE Direction: SOUTH
[Avatar 0] Turn 290: (21, 12) AM_AVATAR_MOVE Direction: NULL
[Avatar 1] Turn 291: (15, 15) AM_AVATAR_MOVE Direction: EAST
[Avatar 0] Turn 292: (21, 12) AM_AVATAR_MOVE Direction: NULL
[Avatar 1] Turn 293: (16, 15) AM_AVATAR_MOVE Direction: EAST
[Avatar 0] Turn 294: (21, 12) AM_AVATAR_MOVE Direction: NULL
[Avatar 1] Turn 295: (17, 15) AM_AVATAR_MOVE Direction: SOUTH
[Avatar 0] Turn 296: (21, 12) AM_AVATAR_MOVE Direction: NULL
[Avatar 1] Turn 297: (17, 16) AM_AVATAR_MOVE Direction: SOUTH
[Avatar 0] Turn 298: (21, 12) AM_AVATAR_MOVE Direction: NULL
[Avatar 1] Turn 299: (17, 17) AM_AVATAR_MOVE Direction: EAST
[Avatar 0] Turn 300: (21, 12) AM_AVATAR_MOVE Direction: NULL
[Avatar 1] Turn 301: (18, 17) AM_AVATAR_MOVE Direction: SOUTH
[Avatar 0] Turn 302: (21, 12) AM_AVATAR_MOVE Direction: NULL
[Avatar 1] Turn 303: (18, 18) AM_AVATAR_MOVE Direction: WEST
[Avatar 0] Turn 304: (21, 12) AM_AVATAR_MOVE Direction: NULL
[Avatar 1] Turn 305: (17, 18) AM_AVATAR_MOVE Direction: WEST
[Avatar 0] Turn 306: (21, 12) AM_AVATAR_MOVE Direction: NULL
[Avatar 1] Turn 307: (17, 18) AM_AVATAR_MOVE Direction: NORTH
[Avatar 0] Turn 308: (21, 12) AM_AVATAR_MOVE Direction: NULL
[Avatar 1] Turn 309: (17, 18) AM_AVATAR_MOVE Direction: EAST
[Avatar 0] Turn 310: (21, 12) AM_AVATAR_MOVE Direction: NULL
[Avatar 1] Turn 311: (18, 18) AM_AVATAR_MOVE Direction: NORTH
[Avatar 0] Turn 312: (21, 12) AM_AVATAR_MOVE Direction: NULL
[Avatar 1] Turn 313: (18, 17) AM_AVATAR_MOVE Direction: WEST
[Avatar 0] Turn 314: (21, 12) AM_AVATAR_MOVE Direction: NULL
[Avatar 1] Turn 315: (17, 17) AM_AVATAR_MOVE Direction: WEST
[Avatar 0] Turn 316: (21, 12) AM_AVATAR_MOVE Direction: NULL
[Avatar 1] Turn 317: (17, 17) AM_AVATAR_MOVE Direction: NORTH
[Avatar 0] Turn 318: (21, 12) AM_AVATAR_MOVE Direction: NULL
[Avatar 1] Turn 319: (17, 16) AM_AVATAR_MOVE Direction: WEST
[Avatar 0] Turn 320: (21, 12) AM_AVATAR_MOVE Direction: NULL
[Avatar 1] Turn 321: (17, 16) AM_AVATAR_MOVE Direction: NORTH
[Avatar 0] Turn 322: (21, 12) AM_AVATAR_MOVE Direction: NULL
[Avatar 1] Turn 323: (17, 15) AM_AVATAR_MOVE Direction: WEST
[Avatar 0] Turn 324: (21, 12) AM_AVATAR_MOVE Direction: NULL
[Avatar 1] Turn 325: (16, 15) AM_AVATAR_MOVE Direction: SOUTH
[Avatar 0] Turn 326: (21, 12) AM_AVATAR_MOVE Direction: NULL
[Avatar 1] Turn 327: (16, 16) AM_AVATAR_MOVE Direction: SOUTH
[Avatar 0] Turn 328: (21, 12) AM_AVATAR_MOVE Direction: NULL
[Avatar 1] Turn 329: (16, 17) AM_AVATAR_MOVE Direction: SOUTH
[Avatar 0] Turn 330: (21, 12) AM_AVATAR_MOVE Direction: NULL
[Avatar 1] Turn 331: (16, 18) AM_AVATAR_MOVE Direction: WEST
[Avatar 0] Turn 332: (21, 12) AM_AVATAR_MOVE Direction: NULL
[Avatar 1] Turn 333: (16, 18) AM_AVATAR_MOVE Direction: SOUTH
[Avatar 0] Turn 334: (21, 12) AM_AVATAR_MOVE Direction: NULL
[Avatar 1] Turn 335: (16, 19) AM_AVATAR_MOVE Direction: WEST
[Avatar 0] Turn 336: (21, 12) AM_AVATAR_MOVE Direction: NULL
[Avatar 1] Turn 337: (16, 19) AM_AVATAR_MOVE Direction: SOUTH
[Avatar 0] Turn 338: (21, 12) AM_AVATAR_MOVE Direction: NULL
[Avatar 1] Turn 339: (16, 19) AM_AVATAR_MOVE Direction: EAST
[Avatar 0] Turn 340: (21, 12) AM_AVATAR_MOVE Direction: NULL
[Avatar 1] Turn 341: (17, 19) AM_AVATAR_MOVE Direction: SOUTH
[Avatar 0] Turn 342: (21, 12) AM_AVATAR_MOVE Direction: NULL
[Avatar 1] Turn 343: (17, 19) AM_AVATAR_MOVE Direction: EAST
[Avatar 0] Turn 344: (21, 12) AM_AVATAR_MOVE Direction: NULL
[Avatar 1] Turn 345: (18, 19) AM_AVATAR_MOVE Direction: SOUTH
[Avatar 0] Turn 346: (21, 12) AM_AVATAR_MOVE Direction: NULL
[Avatar 1] Turn 347: (18, 20) AM_AVATAR_MOVE Direction: EAST
[Avatar 0] Turn 348: (21, 12) AM_AVATAR_MOVE Direction: NULL
[Avatar 1] Turn 349: (19, 20) AM_AVATAR_MOVE Direction: EAST
[Avatar 0] Turn 350: (21, 12) AM_AVATAR_MOVE Direction: NULL
[Avatar 1] Turn 351: (20, 20) AM_AVATAR_MOVE Direction: NORTH
[Avatar 0] Turn 352: (21, 12) AM_AVATAR_MOVE Direction: NULL
[Avatar 1] Turn 353: (20, 20) AM_AVATAR_MOVE Direction: EAST
[Avatar 0] Turn 354: (21, 12) AM_AVATAR_MOVE Direction: NULL
[Avatar 1] Turn 355: (20, 20) AM_AVATAR_MOVE Direction: SOUTH
[Avatar 0] Turn 356: (21, 12) AM_AVATAR_MOVE Direction: NULL
[Avatar 1] Turn 357: (20, 21) AM_AVATAR_MOVE Direction: EAST
[Avatar 0] Turn 358: (21, 12) AM_AVATAR_MOVE Direction: NULL
[Avatar 1] Turn 359: (20, 21) AM_AVATAR_MOVE Direction: WEST
[Avatar 0] Turn 360: (21, 12) AM_AVATAR_MOVE Direction: NULL
[Avatar 1] Turn 361: (20, 21) AM_AVATAR_MOVE Direction: SOUTH
[Avatar 0] Turn 362: (21, 12) AM_AVATAR_MOVE Direction: NULL
[Avatar 1] Turn 363: (20, 22) AM_AVATAR_MOVE Direction: EAST
[Avatar 0] Turn 364: (21, 12) AM_AVATAR_MOVE Direction: NULL
[Avatar 1] Turn 365: (21, 22) AM_AVATAR_MOVE Direction: NORTH
[Avatar 0] Turn 366: (21, 12) AM_AVATAR_MOVE Direction: NULL
[Avatar 1] Turn 367: (21, 21) AM_AVATAR_MOVE Direction: NORTH
[Avatar 0] Turn 368: (21, 12) AM_AVATAR_MOVE Direction: NULL
[Avatar 1] Turn 369: (21, 20) AM_AVATAR_MOVE Direction: NORTH
[Avatar 0] Turn 370: (21, 12) AM_AVATAR_MOVE Direction: NULL
[Avatar 1] Turn 371: (21, 20) AM_AVATAR_MOVE Direction: EAST
[Avatar 0] Turn 372: (21, 12) AM_AVATAR_MOVE Direction: NULL
[Avatar 1] Turn 373: (22, 20) AM_AVATAR_MOVE Direction: NORTH
[Avatar 0] Turn 374: (21, 12) AM_AVATAR_MOVE Direction: NULL
[Avatar 1] Turn 375: (22, 20) AM_AVATAR_MOVE Direction: EAST
[Avatar 0] Turn 376: (21, 12) AM_AVATAR_MOVE Direction: NULL
[Avatar 1] Turn 377: (23, 20) AM_AVATAR_MOVE Direction: NORTH
[Avatar 0] Turn 378: (21, 12) AM_AVATAR_MOVE Direction: NULL
[Avatar 1] Turn 379: (23, 19) AM_AVATAR_MOVE Direction: NORTH
[Avatar 0] Turn 380: (21, 12) AM_AVATAR_MOVE Direction: NULL
[Avatar 1] Turn 381: (23, 18) AM_AVATAR_MOVE Direction: NORTH
[Avatar 0] Turn 382: (21, 12) AM_AVATAR_MOVE Direction: NULL
[Avatar 1] Turn 383: (23, 17) AM_AVATAR_MOVE Direction: NORTH
[Avatar 0] Turn 384: (21, 12) AM_AVATAR_MOVE Direction: NULL
[Avatar 1] Turn 385: (23, 16) AM_AVATAR_MOVE Direction: NORTH
[Avatar 0] Turn 386: (21, 12) AM_AVATAR_MOVE Direction: NULL
[Avatar 1] Turn 387: (23, 15) AM_AVATAR_MOVE Direction: NORTH
[Avatar 0] Turn 388: (21, 12) AM_AVATAR_MOVE Direction: NULL
[Avatar 1] Turn 389: (23, 15) AM_AVATAR_MOVE Direction: WEST
[Avatar 0] Turn 390: (21, 12) AM_AVATAR_MOVE Direction: NULL
[Avatar 1] Turn 391: (23, 15) AM_AVATAR_MOVE Direction: EAST
[Avatar 0] Turn 392: (21, 12) AM_AVATAR_MOVE Direction: NULL
[Avatar 1] Turn 393: (24, 15) AM_AVATAR_MOVE Direction: NORTH
[Avatar 0] Turn 394: (21, 12) AM_AVATAR_MOVE Direction: NULL
[Avatar 1] Turn 395: (24, 14) AM_AVATAR_MOVE Direction: WEST
[Avatar 0] Turn 396: (21, 12) AM_AVATAR_MOVE Direction: NULL
[Avatar 1] Turn 397: (23, 14) AM_AVATAR_MOVE Direction: WEST
[Avatar 0] Turn 398: (21, 12) AM_AVATAR_MOVE Direction: NULL
[Avatar 1] Turn 399: (22, 14) AM_AVATAR_MOVE Direction: NORTH
[Avatar 0] Turn 400: (21, 12) AM_AVATAR_MOVE Direction: NULL
[Avatar 1] Turn 401: (22, 14) AM_AVATAR_MOVE Direction: WEST
[Avatar 0] Turn 402: (21, 12) AM_AVATAR_MOVE Direction: NULL
[Avatar 1] Turn 403: (22, 14) AM_AVATAR_MOVE Direction: SOUTH
[Avatar 0] Turn 404: (21, 12) AM_AVATAR_MOVE Direction: NULL
[Avatar 1] Turn 405: (22, 15) AM_AVATAR_MOVE Direction: WEST
[Avatar 0] Turn 406: (21, 12) AM_AVATAR_MOVE Direction: NULL
[Avatar 1] Turn 407: (22, 15) AM_AVATAR_MOVE Direction: SOUTH
[Avatar 0] Turn 408: (21, 12) AM_AVATAR_MOVE Direction: NULL
[Avatar 1] Turn 409: (22, 16) AM_AVATAR_MOVE Direction: WEST
[Avatar 0] Turn 410: (21, 12) AM_AVATAR_MOVE Direction: NULL
[Avatar 1] Turn 411: (22, 16) AM_AVATAR_MOVE Direction: SOUTH
[Avatar 0] Turn 412: (21, 12) AM_AVATAR_MOVE Direction: NULL
[Avatar 1] Turn 413: (22, 17) AM_AVATAR_MOVE Direction: WEST
[Avatar 0] Turn 414: (21, 12) AM_AVATAR_MOVE Direction: NULL
[Avatar 1] Turn 415: (22, 17) AM_AVATAR_MOVE Direction: SOUTH
[Avatar 0] Turn 416: (21, 12) AM_AVATAR_MOVE Direction: NULL
[Avatar 1] Turn 417: (22, 18) AM_AVATAR_MOVE Direction: WEST
[Avatar 0] Turn 418: (21, 12) AM_AVATAR_MOVE Direction: NULL
[Avatar 1] Turn 419: (21, 18) AM_AVATAR_MOVE Direction: NORTH
[Avatar 0] Turn 420: (21, 12) AM_AVATAR_MOVE Direction: NULL
[Avatar 1] Turn 421: (21, 17) AM_AVATAR_MOVE Direction: NORTH
[Avatar 0] Turn 422: (21, 12) AM_AVATAR_MOVE Direction: NULL
[Avatar 1] Turn 423: (21, 16) AM_AVATAR_MOVE Direction: NORTH
[Avatar 0] Turn 424: (21, 12) AM_AVATAR_MOVE Direction: NULL
[Avatar 1] Turn 425: (21, 16) AM_AVATAR_MOVE Direction: WEST
[Avatar 0] Turn 426: (21, 12) AM_AVATAR_MOVE Direction: NULL
[Avatar 1] Turn 427: (20, 16) AM_AVATAR_MOVE Direction: NORTH
[Avatar 0] Turn 428: (21, 12) AM_AVATAR_MOVE Direction: NULL
[Avatar 1] Turn 429: (20, 15) AM_AVATAR_MOVE Direction: NORTH
[Avatar 0] Turn 430: (21, 12) AM_AVATAR_MOVE Direction: NULL
[Avatar 1] Turn 431: (20, 14) AM_AVATAR_MOVE Direction: NORTH
[Avatar 0] Turn 432: (21, 12) AM_AVATAR_MOVE Direction: NULL
[Avatar 1] Turn 433: (20, 13) AM_AVATAR_MOVE Direction: WEST
[Avatar 0] Turn 434: (21, 12) AM_AVATAR_MOVE Direction: NULL
[Avatar 1] Turn 435: (19, 13) AM_AVATAR_MOVE Direction: WEST
[Avatar 0] Turn 436: (21, 12) AM_AVATAR_MOVE Direction: NULL
[Avatar 1] Turn 437: (18, 13) AM_AVATAR_MOVE Direction: WEST
[Avatar 0] Turn 438: (21, 12) AM_AVATAR_MOVE Direction: NULL
[Avatar 1] Turn 439: (18, 13) AM_AVATAR_MOVE Direction: NORTH
[Avatar 0] Turn 440: (21, 12) AM_AVATAR_MOVE Direction: NULL
[Avatar 1] Turn 441: (18, 13) AM_AVATAR_MOVE Direction: EAST
[Avatar 0] Turn 442: (21, 12) AM_AVATAR_MOVE Direction: NULL
[Avatar 1] Turn 443: (19, 13) AM_AVATAR_MOVE Direction: SOUTH
[Avatar 0] Turn 444: (21, 12) AM_AVATAR_MOVE Direction: NULL
[Avatar 1] Turn 445: (19, 14) AM_AVATAR_MOVE Direction: SOUTH
[Avatar 0] Turn 446: (21, 12) AM_AVATAR_MOVE Direction: NULL
[Avatar 1] Turn 447: (19, 15) AM_AVATAR_MOVE Direction: WEST
[Avatar 0] Turn 448: (21, 12) AM_AVATAR_MOVE Direction: NULL
[Avatar 1] Turn 449: (19, 15) AM_AVATAR_MOVE Direction: NORTH
[Avatar 0] Turn 450: (21, 12) AM_AVATAR_MOVE Direction: NULL
[Avatar 1] Turn 451: (19, 14) AM_AVATAR_MOVE Direction: WEST
[Avatar 0] Turn 452: (21, 12) AM_AVATAR_MOVE Direction: NULL
[Avatar 1] Turn 453: (19, 14) AM_AVATAR_MOVE Direction: NORTH
[Avatar 0] Turn 454: (21, 12) AM_AVATAR_MOVE Direction: NULL
[Avatar 1] Turn 455: (19, 13) AM_AVATAR_MOVE Direction: NORTH
[Avatar 0] Turn 456: (21, 12) AM_AVATAR_MOVE Direction: NULL
[Avatar 1] Turn 457: (19, 13) AM_AVATAR_MOVE Direction: EAST
[Avatar 0] Turn 458: (21, 12) AM_AVATAR_MOVE Direction: NULL
[Avatar 1] Turn 459: (20, 13) AM_AVATAR_MOVE Direction: NORTH
[Avatar 0] Turn 460: (21, 12) AM_AVATAR_MOVE Direction: NULL
[Avatar 1] Turn 461: (20, 13) AM_AVATAR_MOVE Direction: EAST
[Avatar 0] Turn 462: (21, 12) AM_AVATAR_MOVE Direction: NULL
[Avatar 1] Turn 463: (21, 13) AM_AVATAR_MOVE Direction: NORTH
Maze solved in 464 turns
Hash: 2385194447l
